<?xml version="1.0" encoding="UTF-8"?>
<testsuite xmlns:xsi="http://www.w3.org/2001/XMLSchema-instance" xsi:noNamespaceSchemaLocation="https://maven.apache.org/surefire/maven-surefire-plugin/xsd/surefire-test-report-3.0.xsd" version="3.0" name="TestSuite" time="2.384" tests="300" errors="0" skipped="200" failures="100">
  <properties>
    <property name="gopherProxySet" value="false"/>
    <property name="awt.toolkit" value="sun.lwawt.macosx.LWCToolkit"/>
    <property name="file.encoding.pkg" value="sun.io"/>
    <property name="java.specification.version" value="1.8"/>
    <property name="sun.cpu.isalist" value=""/>
    <property name="sun.jnu.encoding" value="UTF-8"/>
    <property name="java.class.path" value="/Users/lisandrosilva/Com.Diverza.project1/target/test-classes:/Users/lisandrosilva/Com.Diverza.project1/target/classes:/Users/lisandrosilva/.m2/repository/junit/junit/4.13/junit-4.13.jar:/Users/lisandrosilva/.m2/repository/org/hamcrest/hamcrest-core/1.3/hamcrest-core-1.3.jar:/Users/lisandrosilva/.m2/repository/com/apple/AppleJavaExtensions/1.4/AppleJavaExtensions-1.4.jar:/Users/lisandrosilva/.m2/repository/org/seleniumhq/selenium/selenium-java/3.141.59/selenium-java-3.141.59.jar:/Users/lisandrosilva/.m2/repository/org/seleniumhq/selenium/selenium-api/3.141.59/selenium-api-3.141.59.jar:/Users/lisandrosilva/.m2/repository/org/seleniumhq/selenium/selenium-chrome-driver/3.141.59/selenium-chrome-driver-3.141.59.jar:/Users/lisandrosilva/.m2/repository/org/seleniumhq/selenium/selenium-edge-driver/3.141.59/selenium-edge-driver-3.141.59.jar:/Users/lisandrosilva/.m2/repository/org/seleniumhq/selenium/selenium-firefox-driver/3.141.59/selenium-firefox-driver-3.141.59.jar:/Users/lisandrosilva/.m2/repository/org/seleniumhq/selenium/selenium-ie-driver/3.141.59/selenium-ie-driver-3.141.59.jar:/Users/lisandrosilva/.m2/repository/org/seleniumhq/selenium/selenium-opera-driver/3.141.59/selenium-opera-driver-3.141.59.jar:/Users/lisandrosilva/.m2/repository/org/seleniumhq/selenium/selenium-remote-driver/3.141.59/selenium-remote-driver-3.141.59.jar:/Users/lisandrosilva/.m2/repository/org/seleniumhq/selenium/selenium-safari-driver/3.141.59/selenium-safari-driver-3.141.59.jar:/Users/lisandrosilva/.m2/repository/org/seleniumhq/selenium/selenium-support/3.141.59/selenium-support-3.141.59.jar:/Users/lisandrosilva/.m2/repository/net/bytebuddy/byte-buddy/1.8.15/byte-buddy-1.8.15.jar:/Users/lisandrosilva/.m2/repository/org/apache/commons/commons-exec/1.3/commons-exec-1.3.jar:/Users/lisandrosilva/.m2/repository/com/google/guava/guava/25.0-jre/guava-25.0-jre.jar:/Users/lisandrosilva/.m2/repository/com/google/code/findbugs/jsr305/1.3.9/jsr305-1.3.9.jar:/Users/lisandrosilva/.m2/repository/org/checkerframework/checker-compat-qual/2.0.0/checker-compat-qual-2.0.0.jar:/Users/lisandrosilva/.m2/repository/com/google/errorprone/error_prone_annotations/2.1.3/error_prone_annotations-2.1.3.jar:/Users/lisandrosilva/.m2/repository/com/google/j2objc/j2objc-annotations/1.1/j2objc-annotations-1.1.jar:/Users/lisandrosilva/.m2/repository/org/codehaus/mojo/animal-sniffer-annotations/1.14/animal-sniffer-annotations-1.14.jar:/Users/lisandrosilva/.m2/repository/com/squareup/okhttp3/okhttp/3.11.0/okhttp-3.11.0.jar:/Users/lisandrosilva/.m2/repository/com/squareup/okio/okio/1.14.0/okio-1.14.0.jar:/Users/lisandrosilva/.m2/repository/com/aventstack/extentreports/4.1.6/extentreports-4.1.6.jar:/Users/lisandrosilva/.m2/repository/org/freemarker/freemarker/2.3.29/freemarker-2.3.29.jar:/Users/lisandrosilva/.m2/repository/org/apache/httpcomponents/httpmime/4.5.2/httpmime-4.5.2.jar:/Users/lisandrosilva/.m2/repository/com/google/code/gson/gson/2.8.6/gson-2.8.6.jar:/Users/lisandrosilva/.m2/repository/org/mongodb/mongodb-driver/3.12.0/mongodb-driver-3.12.0.jar:/Users/lisandrosilva/.m2/repository/org/mongodb/mongodb-driver-core/3.12.0/mongodb-driver-core-3.12.0.jar:/Users/lisandrosilva/.m2/repository/org/mongodb/bson/3.12.0/bson-3.12.0.jar:/Users/lisandrosilva/.m2/repository/org/apache/maven/plugins/maven-surefire-plugin/3.0.0-M5/maven-surefire-plugin-3.0.0-M5.jar:/Users/lisandrosilva/.m2/repository/org/apache/maven/surefire/maven-surefire-common/3.0.0-M5/maven-surefire-common-3.0.0-M5.jar:/Users/lisandrosilva/.m2/repository/org/apache/maven/surefire/surefire-api/3.0.0-M5/surefire-api-3.0.0-M5.jar:/Users/lisandrosilva/.m2/repository/org/apache/maven/surefire/surefire-logger-api/3.0.0-M5/surefire-logger-api-3.0.0-M5.jar:/Users/lisandrosilva/.m2/repository/org/apache/maven/surefire/surefire-extensions-api/3.0.0-M5/surefire-extensions-api-3.0.0-M5.jar:/Users/lisandrosilva/.m2/repository/org/apache/maven/surefire/surefire-booter/3.0.0-M5/surefire-booter-3.0.0-M5.jar:/Users/lisandrosilva/.m2/repository/org/apache/maven/surefire/surefire-extensions-spi/3.0.0-M5/surefire-extensions-spi-3.0.0-M5.jar:/Users/lisandrosilva/.m2/repository/org/apache/maven/maven-toolchain/3.0-alpha-2/maven-toolchain-3.0-alpha-2.jar:/Users/lisandrosilva/.m2/repository/org/apache/maven/shared/maven-artifact-transfer/0.11.0/maven-artifact-transfer-0.11.0.jar:/Users/lisandrosilva/.m2/repository/org/apache/maven/shared/maven-common-artifact-filters/3.0.1/maven-common-artifact-filters-3.0.1.jar:/Users/lisandrosilva/.m2/repository/org/apache/maven/surefire/surefire-shared-utils/3.0.0-M4/surefire-shared-utils-3.0.0-M4.jar:/Users/lisandrosilva/.m2/repository/org/testng/testng/6.14.3/testng-6.14.3.jar:/Users/lisandrosilva/.m2/repository/com/beust/jcommander/1.72/jcommander-1.72.jar:/Users/lisandrosilva/.m2/repository/org/apache-extras/beanshell/bsh/2.0b6/bsh-2.0b6.jar:/Users/lisandrosilva/.m2/repository/org/apache/logging/log4j/log4j-api/2.13.3/log4j-api-2.13.3.jar:/Users/lisandrosilva/.m2/repository/info/cukes/cucumber-testng/1.2.5/cucumber-testng-1.2.5.jar:/Users/lisandrosilva/.m2/repository/info/cukes/cucumber-core/1.2.5/cucumber-core-1.2.5.jar:/Users/lisandrosilva/.m2/repository/info/cukes/cucumber-html/0.2.3/cucumber-html-0.2.3.jar:/Users/lisandrosilva/.m2/repository/info/cukes/cucumber-junit/1.2.5/cucumber-junit-1.2.5.jar:/Users/lisandrosilva/.m2/repository/info/cukes/cucumber-java/1.2.5/cucumber-java-1.2.5.jar:/Users/lisandrosilva/.m2/repository/info/cukes/cucumber-picocontainer/1.2.5/cucumber-picocontainer-1.2.5.jar:/Users/lisandrosilva/.m2/repository/info/cukes/cucumber-jvm-deps/1.0.5/cucumber-jvm-deps-1.0.5.jar:/Users/lisandrosilva/.m2/repository/info/cukes/gherkin/2.12.2/gherkin-2.12.2.jar:/Users/lisandrosilva/.m2/repository/org/picocontainer/picocontainer/2.15/picocontainer-2.15.jar:/Users/lisandrosilva/.m2/repository/org/apache/logging/log4j/log4j-core/2.13.3/log4j-core-2.13.3.jar:/Users/lisandrosilva/.m2/repository/org/apache/httpcomponents/httpclient/4.3.2/httpclient-4.3.2.jar:/Users/lisandrosilva/.m2/repository/org/apache/httpcomponents/httpcore/4.3.1/httpcore-4.3.1.jar:/Users/lisandrosilva/.m2/repository/commons-logging/commons-logging/1.1.3/commons-logging-1.1.3.jar:/Users/lisandrosilva/.m2/repository/commons-codec/commons-codec/1.6/commons-codec-1.6.jar:/Users/lisandrosilva/.m2/repository/org/apache/maven/plugins/maven-compiler-plugin/3.8.1/maven-compiler-plugin-3.8.1.jar:/Users/lisandrosilva/.m2/repository/org/apache/maven/maven-plugin-api/3.0/maven-plugin-api-3.0.jar:/Users/lisandrosilva/.m2/repository/org/apache/maven/maven-model/3.0/maven-model-3.0.jar:/Users/lisandrosilva/.m2/repository/org/sonatype/sisu/sisu-inject-plexus/1.4.2/sisu-inject-plexus-1.4.2.jar:/Users/lisandrosilva/.m2/repository/org/sonatype/sisu/sisu-inject-bean/1.4.2/sisu-inject-bean-1.4.2.jar:/Users/lisandrosilva/.m2/repository/org/sonatype/sisu/sisu-guice/2.1.7/sisu-guice-2.1.7-noaop.jar:/Users/lisandrosilva/.m2/repository/org/apache/maven/maven-artifact/3.0/maven-artifact-3.0.jar:/Users/lisandrosilva/.m2/repository/org/codehaus/plexus/plexus-utils/2.0.4/plexus-utils-2.0.4.jar:/Users/lisandrosilva/.m2/repository/org/apache/maven/maven-core/3.0/maven-core-3.0.jar:/Users/lisandrosilva/.m2/repository/org/apache/maven/maven-settings/3.0/maven-settings-3.0.jar:/Users/lisandrosilva/.m2/repository/org/apache/maven/maven-settings-builder/3.0/maven-settings-builder-3.0.jar:/Users/lisandrosilva/.m2/repository/org/apache/maven/maven-repository-metadata/3.0/maven-repository-metadata-3.0.jar:/Users/lisandrosilva/.m2/repository/org/apache/maven/maven-model-builder/3.0/maven-model-builder-3.0.jar:/Users/lisandrosilva/.m2/repository/org/apache/maven/maven-aether-provider/3.0/maven-aether-provider-3.0.jar:/Users/lisandrosilva/.m2/repository/org/sonatype/aether/aether-impl/1.7/aether-impl-1.7.jar:/Users/lisandrosilva/.m2/repository/org/sonatype/aether/aether-spi/1.7/aether-spi-1.7.jar:/Users/lisandrosilva/.m2/repository/org/sonatype/aether/aether-api/1.7/aether-api-1.7.jar:/Users/lisandrosilva/.m2/repository/org/sonatype/aether/aether-util/1.7/aether-util-1.7.jar:/Users/lisandrosilva/.m2/repository/org/codehaus/plexus/plexus-interpolation/1.14/plexus-interpolation-1.14.jar:/Users/lisandrosilva/.m2/repository/org/codehaus/plexus/plexus-classworlds/2.2.3/plexus-classworlds-2.2.3.jar:/Users/lisandrosilva/.m2/repository/org/codehaus/plexus/plexus-component-annotations/1.5.5/plexus-component-annotations-1.5.5.jar:/Users/lisandrosilva/.m2/repository/org/sonatype/plexus/plexus-sec-dispatcher/1.3/plexus-sec-dispatcher-1.3.jar:/Users/lisandrosilva/.m2/repository/org/sonatype/plexus/plexus-cipher/1.4/plexus-cipher-1.4.jar:/Users/lisandrosilva/.m2/repository/org/apache/maven/shared/maven-shared-utils/3.2.1/maven-shared-utils-3.2.1.jar:/Users/lisandrosilva/.m2/repository/commons-io/commons-io/2.5/commons-io-2.5.jar:/Users/lisandrosilva/.m2/repository/org/apache/maven/shared/maven-shared-incremental/1.1/maven-shared-incremental-1.1.jar:/Users/lisandrosilva/.m2/repository/org/codehaus/plexus/plexus-java/0.9.10/plexus-java-0.9.10.jar:/Users/lisandrosilva/.m2/repository/org/ow2/asm/asm/6.2/asm-6.2.jar:/Users/lisandrosilva/.m2/repository/com/thoughtworks/qdox/qdox/2.0-M8/qdox-2.0-M8.jar:/Users/lisandrosilva/.m2/repository/org/codehaus/plexus/plexus-compiler-api/2.8.4/plexus-compiler-api-2.8.4.jar:/Users/lisandrosilva/.m2/repository/org/codehaus/plexus/plexus-compiler-manager/2.8.4/plexus-compiler-manager-2.8.4.jar:/Users/lisandrosilva/.m2/repository/org/codehaus/plexus/plexus-compiler-javac/2.8.4/plexus-compiler-javac-2.8.4.jar:"/>
    <property name="java.vm.vendor" value="Oracle Corporation"/>
    <property name="sun.arch.data.model" value="64"/>
    <property name="java.vendor.url" value="http://java.oracle.com/"/>
    <property name="user.timezone" value="America/Monterrey"/>
    <property name="java.vm.specification.version" value="1.8"/>
    <property name="os.name" value="Mac OS X"/>
    <property name="user.country" value="US"/>
    <property name="sun.java.launcher" value="SUN_STANDARD"/>
    <property name="sun.boot.library.path" value="/Library/Java/JavaVirtualMachines/jdk1.8.0_251.jdk/Contents/Home/jre/lib"/>
    <property name="sun.java.command" value="/Users/lisandrosilva/Com.Diverza.project1/target/surefire/surefirebooter4587427260969649233.jar /Users/lisandrosilva/Com.Diverza.project1/target/surefire 2020-09-22T14-14-03_072-jvmRun1 surefire7487011412239508085tmp surefire_08354440038906857491tmp"/>
    <property name="http.nonProxyHosts" value="local|*.local|169.254/16|*.169.254/16"/>
    <property name="surefire.test.class.path" value="/Users/lisandrosilva/Com.Diverza.project1/target/test-classes:/Users/lisandrosilva/Com.Diverza.project1/target/classes:/Users/lisandrosilva/.m2/repository/junit/junit/4.13/junit-4.13.jar:/Users/lisandrosilva/.m2/repository/org/hamcrest/hamcrest-core/1.3/hamcrest-core-1.3.jar:/Users/lisandrosilva/.m2/repository/com/apple/AppleJavaExtensions/1.4/AppleJavaExtensions-1.4.jar:/Users/lisandrosilva/.m2/repository/org/seleniumhq/selenium/selenium-java/3.141.59/selenium-java-3.141.59.jar:/Users/lisandrosilva/.m2/repository/org/seleniumhq/selenium/selenium-api/3.141.59/selenium-api-3.141.59.jar:/Users/lisandrosilva/.m2/repository/org/seleniumhq/selenium/selenium-chrome-driver/3.141.59/selenium-chrome-driver-3.141.59.jar:/Users/lisandrosilva/.m2/repository/org/seleniumhq/selenium/selenium-edge-driver/3.141.59/selenium-edge-driver-3.141.59.jar:/Users/lisandrosilva/.m2/repository/org/seleniumhq/selenium/selenium-firefox-driver/3.141.59/selenium-firefox-driver-3.141.59.jar:/Users/lisandrosilva/.m2/repository/org/seleniumhq/selenium/selenium-ie-driver/3.141.59/selenium-ie-driver-3.141.59.jar:/Users/lisandrosilva/.m2/repository/org/seleniumhq/selenium/selenium-opera-driver/3.141.59/selenium-opera-driver-3.141.59.jar:/Users/lisandrosilva/.m2/repository/org/seleniumhq/selenium/selenium-remote-driver/3.141.59/selenium-remote-driver-3.141.59.jar:/Users/lisandrosilva/.m2/repository/org/seleniumhq/selenium/selenium-safari-driver/3.141.59/selenium-safari-driver-3.141.59.jar:/Users/lisandrosilva/.m2/repository/org/seleniumhq/selenium/selenium-support/3.141.59/selenium-support-3.141.59.jar:/Users/lisandrosilva/.m2/repository/net/bytebuddy/byte-buddy/1.8.15/byte-buddy-1.8.15.jar:/Users/lisandrosilva/.m2/repository/org/apache/commons/commons-exec/1.3/commons-exec-1.3.jar:/Users/lisandrosilva/.m2/repository/com/google/guava/guava/25.0-jre/guava-25.0-jre.jar:/Users/lisandrosilva/.m2/repository/com/google/code/findbugs/jsr305/1.3.9/jsr305-1.3.9.jar:/Users/lisandrosilva/.m2/repository/org/checkerframework/checker-compat-qual/2.0.0/checker-compat-qual-2.0.0.jar:/Users/lisandrosilva/.m2/repository/com/google/errorprone/error_prone_annotations/2.1.3/error_prone_annotations-2.1.3.jar:/Users/lisandrosilva/.m2/repository/com/google/j2objc/j2objc-annotations/1.1/j2objc-annotations-1.1.jar:/Users/lisandrosilva/.m2/repository/org/codehaus/mojo/animal-sniffer-annotations/1.14/animal-sniffer-annotations-1.14.jar:/Users/lisandrosilva/.m2/repository/com/squareup/okhttp3/okhttp/3.11.0/okhttp-3.11.0.jar:/Users/lisandrosilva/.m2/repository/com/squareup/okio/okio/1.14.0/okio-1.14.0.jar:/Users/lisandrosilva/.m2/repository/com/aventstack/extentreports/4.1.6/extentreports-4.1.6.jar:/Users/lisandrosilva/.m2/repository/org/freemarker/freemarker/2.3.29/freemarker-2.3.29.jar:/Users/lisandrosilva/.m2/repository/org/apache/httpcomponents/httpmime/4.5.2/httpmime-4.5.2.jar:/Users/lisandrosilva/.m2/repository/com/google/code/gson/gson/2.8.6/gson-2.8.6.jar:/Users/lisandrosilva/.m2/repository/org/mongodb/mongodb-driver/3.12.0/mongodb-driver-3.12.0.jar:/Users/lisandrosilva/.m2/repository/org/mongodb/mongodb-driver-core/3.12.0/mongodb-driver-core-3.12.0.jar:/Users/lisandrosilva/.m2/repository/org/mongodb/bson/3.12.0/bson-3.12.0.jar:/Users/lisandrosilva/.m2/repository/org/apache/maven/plugins/maven-surefire-plugin/3.0.0-M5/maven-surefire-plugin-3.0.0-M5.jar:/Users/lisandrosilva/.m2/repository/org/apache/maven/surefire/maven-surefire-common/3.0.0-M5/maven-surefire-common-3.0.0-M5.jar:/Users/lisandrosilva/.m2/repository/org/apache/maven/surefire/surefire-api/3.0.0-M5/surefire-api-3.0.0-M5.jar:/Users/lisandrosilva/.m2/repository/org/apache/maven/surefire/surefire-logger-api/3.0.0-M5/surefire-logger-api-3.0.0-M5.jar:/Users/lisandrosilva/.m2/repository/org/apache/maven/surefire/surefire-extensions-api/3.0.0-M5/surefire-extensions-api-3.0.0-M5.jar:/Users/lisandrosilva/.m2/repository/org/apache/maven/surefire/surefire-booter/3.0.0-M5/surefire-booter-3.0.0-M5.jar:/Users/lisandrosilva/.m2/repository/org/apache/maven/surefire/surefire-extensions-spi/3.0.0-M5/surefire-extensions-spi-3.0.0-M5.jar:/Users/lisandrosilva/.m2/repository/org/apache/maven/maven-toolchain/3.0-alpha-2/maven-toolchain-3.0-alpha-2.jar:/Users/lisandrosilva/.m2/repository/org/apache/maven/shared/maven-artifact-transfer/0.11.0/maven-artifact-transfer-0.11.0.jar:/Users/lisandrosilva/.m2/repository/org/apache/maven/shared/maven-common-artifact-filters/3.0.1/maven-common-artifact-filters-3.0.1.jar:/Users/lisandrosilva/.m2/repository/org/apache/maven/surefire/surefire-shared-utils/3.0.0-M4/surefire-shared-utils-3.0.0-M4.jar:/Users/lisandrosilva/.m2/repository/org/testng/testng/6.14.3/testng-6.14.3.jar:/Users/lisandrosilva/.m2/repository/com/beust/jcommander/1.72/jcommander-1.72.jar:/Users/lisandrosilva/.m2/repository/org/apache-extras/beanshell/bsh/2.0b6/bsh-2.0b6.jar:/Users/lisandrosilva/.m2/repository/org/apache/logging/log4j/log4j-api/2.13.3/log4j-api-2.13.3.jar:/Users/lisandrosilva/.m2/repository/info/cukes/cucumber-testng/1.2.5/cucumber-testng-1.2.5.jar:/Users/lisandrosilva/.m2/repository/info/cukes/cucumber-core/1.2.5/cucumber-core-1.2.5.jar:/Users/lisandrosilva/.m2/repository/info/cukes/cucumber-html/0.2.3/cucumber-html-0.2.3.jar:/Users/lisandrosilva/.m2/repository/info/cukes/cucumber-junit/1.2.5/cucumber-junit-1.2.5.jar:/Users/lisandrosilva/.m2/repository/info/cukes/cucumber-java/1.2.5/cucumber-java-1.2.5.jar:/Users/lisandrosilva/.m2/repository/info/cukes/cucumber-picocontainer/1.2.5/cucumber-picocontainer-1.2.5.jar:/Users/lisandrosilva/.m2/repository/info/cukes/cucumber-jvm-deps/1.0.5/cucumber-jvm-deps-1.0.5.jar:/Users/lisandrosilva/.m2/repository/info/cukes/gherkin/2.12.2/gherkin-2.12.2.jar:/Users/lisandrosilva/.m2/repository/org/picocontainer/picocontainer/2.15/picocontainer-2.15.jar:/Users/lisandrosilva/.m2/repository/org/apache/logging/log4j/log4j-core/2.13.3/log4j-core-2.13.3.jar:/Users/lisandrosilva/.m2/repository/org/apache/httpcomponents/httpclient/4.3.2/httpclient-4.3.2.jar:/Users/lisandrosilva/.m2/repository/org/apache/httpcomponents/httpcore/4.3.1/httpcore-4.3.1.jar:/Users/lisandrosilva/.m2/repository/commons-logging/commons-logging/1.1.3/commons-logging-1.1.3.jar:/Users/lisandrosilva/.m2/repository/commons-codec/commons-codec/1.6/commons-codec-1.6.jar:/Users/lisandrosilva/.m2/repository/org/apache/maven/plugins/maven-compiler-plugin/3.8.1/maven-compiler-plugin-3.8.1.jar:/Users/lisandrosilva/.m2/repository/org/apache/maven/maven-plugin-api/3.0/maven-plugin-api-3.0.jar:/Users/lisandrosilva/.m2/repository/org/apache/maven/maven-model/3.0/maven-model-3.0.jar:/Users/lisandrosilva/.m2/repository/org/sonatype/sisu/sisu-inject-plexus/1.4.2/sisu-inject-plexus-1.4.2.jar:/Users/lisandrosilva/.m2/repository/org/sonatype/sisu/sisu-inject-bean/1.4.2/sisu-inject-bean-1.4.2.jar:/Users/lisandrosilva/.m2/repository/org/sonatype/sisu/sisu-guice/2.1.7/sisu-guice-2.1.7-noaop.jar:/Users/lisandrosilva/.m2/repository/org/apache/maven/maven-artifact/3.0/maven-artifact-3.0.jar:/Users/lisandrosilva/.m2/repository/org/codehaus/plexus/plexus-utils/2.0.4/plexus-utils-2.0.4.jar:/Users/lisandrosilva/.m2/repository/org/apache/maven/maven-core/3.0/maven-core-3.0.jar:/Users/lisandrosilva/.m2/repository/org/apache/maven/maven-settings/3.0/maven-settings-3.0.jar:/Users/lisandrosilva/.m2/repository/org/apache/maven/maven-settings-builder/3.0/maven-settings-builder-3.0.jar:/Users/lisandrosilva/.m2/repository/org/apache/maven/maven-repository-metadata/3.0/maven-repository-metadata-3.0.jar:/Users/lisandrosilva/.m2/repository/org/apache/maven/maven-model-builder/3.0/maven-model-builder-3.0.jar:/Users/lisandrosilva/.m2/repository/org/apache/maven/maven-aether-provider/3.0/maven-aether-provider-3.0.jar:/Users/lisandrosilva/.m2/repository/org/sonatype/aether/aether-impl/1.7/aether-impl-1.7.jar:/Users/lisandrosilva/.m2/repository/org/sonatype/aether/aether-spi/1.7/aether-spi-1.7.jar:/Users/lisandrosilva/.m2/repository/org/sonatype/aether/aether-api/1.7/aether-api-1.7.jar:/Users/lisandrosilva/.m2/repository/org/sonatype/aether/aether-util/1.7/aether-util-1.7.jar:/Users/lisandrosilva/.m2/repository/org/codehaus/plexus/plexus-interpolation/1.14/plexus-interpolation-1.14.jar:/Users/lisandrosilva/.m2/repository/org/codehaus/plexus/plexus-classworlds/2.2.3/plexus-classworlds-2.2.3.jar:/Users/lisandrosilva/.m2/repository/org/codehaus/plexus/plexus-component-annotations/1.5.5/plexus-component-annotations-1.5.5.jar:/Users/lisandrosilva/.m2/repository/org/sonatype/plexus/plexus-sec-dispatcher/1.3/plexus-sec-dispatcher-1.3.jar:/Users/lisandrosilva/.m2/repository/org/sonatype/plexus/plexus-cipher/1.4/plexus-cipher-1.4.jar:/Users/lisandrosilva/.m2/repository/org/apache/maven/shared/maven-shared-utils/3.2.1/maven-shared-utils-3.2.1.jar:/Users/lisandrosilva/.m2/repository/commons-io/commons-io/2.5/commons-io-2.5.jar:/Users/lisandrosilva/.m2/repository/org/apache/maven/shared/maven-shared-incremental/1.1/maven-shared-incremental-1.1.jar:/Users/lisandrosilva/.m2/repository/org/codehaus/plexus/plexus-java/0.9.10/plexus-java-0.9.10.jar:/Users/lisandrosilva/.m2/repository/org/ow2/asm/asm/6.2/asm-6.2.jar:/Users/lisandrosilva/.m2/repository/com/thoughtworks/qdox/qdox/2.0-M8/qdox-2.0-M8.jar:/Users/lisandrosilva/.m2/repository/org/codehaus/plexus/plexus-compiler-api/2.8.4/plexus-compiler-api-2.8.4.jar:/Users/lisandrosilva/.m2/repository/org/codehaus/plexus/plexus-compiler-manager/2.8.4/plexus-compiler-manager-2.8.4.jar:/Users/lisandrosilva/.m2/repository/org/codehaus/plexus/plexus-compiler-javac/2.8.4/plexus-compiler-javac-2.8.4.jar:"/>
    <property name="sun.cpu.endian" value="little"/>
    <property name="user.home" value="/Users/lisandrosilva"/>
    <property name="user.language" value="en"/>
    <property name="java.specification.vendor" value="Oracle Corporation"/>
    <property name="java.home" value="/Library/Java/JavaVirtualMachines/jdk1.8.0_251.jdk/Contents/Home/jre"/>
    <property name="basedir" value="/Users/lisandrosilva/Com.Diverza.project1"/>
    <property name="file.separator" value="/"/>
    <property name="line.separator" value="&#10;"/>
    <property name="java.vm.specification.vendor" value="Oracle Corporation"/>
    <property name="java.specification.name" value="Java Platform API Specification"/>
    <property name="java.awt.graphicsenv" value="sun.awt.CGraphicsEnvironment"/>
    <property name="surefire.real.class.path" value="/Users/lisandrosilva/Com.Diverza.project1/target/surefire/surefirebooter4587427260969649233.jar"/>
    <property name="sun.boot.class.path" value="/Library/Java/JavaVirtualMachines/jdk1.8.0_251.jdk/Contents/Home/jre/lib/resources.jar:/Library/Java/JavaVirtualMachines/jdk1.8.0_251.jdk/Contents/Home/jre/lib/rt.jar:/Library/Java/JavaVirtualMachines/jdk1.8.0_251.jdk/Contents/Home/jre/lib/sunrsasign.jar:/Library/Java/JavaVirtualMachines/jdk1.8.0_251.jdk/Contents/Home/jre/lib/jsse.jar:/Library/Java/JavaVirtualMachines/jdk1.8.0_251.jdk/Contents/Home/jre/lib/jce.jar:/Library/Java/JavaVirtualMachines/jdk1.8.0_251.jdk/Contents/Home/jre/lib/charsets.jar:/Library/Java/JavaVirtualMachines/jdk1.8.0_251.jdk/Contents/Home/jre/lib/jfr.jar:/Library/Java/JavaVirtualMachines/jdk1.8.0_251.jdk/Contents/Home/jre/classes"/>
    <property name="sun.management.compiler" value="HotSpot 64-Bit Tiered Compilers"/>
    <property name="ftp.nonProxyHosts" value="local|*.local|169.254/16|*.169.254/16"/>
    <property name="java.runtime.version" value="1.8.0_251-b08"/>
    <property name="user.name" value="lisandrosilva"/>
    <property name="path.separator" value=":"/>
    <property name="os.version" value="10.15.6"/>
    <property name="java.endorsed.dirs" value="/Library/Java/JavaVirtualMachines/jdk1.8.0_251.jdk/Contents/Home/jre/lib/endorsed"/>
    <property name="java.runtime.name" value="Java(TM) SE Runtime Environment"/>
    <property name="file.encoding" value="UTF-8"/>
    <property name="java.vm.name" value="Java HotSpot(TM) 64-Bit Server VM"/>
    <property name="localRepository" value="/Users/lisandrosilva/.m2/repository"/>
    <property name="java.vendor.url.bug" value="http://bugreport.sun.com/bugreport/"/>
    <property name="java.io.tmpdir" value="/var/folders/zd/xs0gg_pd7494tl1x6ptzthxh0000gq/T/"/>
    <property name="java.version" value="1.8.0_251"/>
    <property name="user.dir" value="/Users/lisandrosilva/Com.Diverza.project1"/>
    <property name="os.arch" value="x86_64"/>
    <property name="java.vm.specification.name" value="Java Virtual Machine Specification"/>
    <property name="java.awt.printerjob" value="sun.lwawt.macosx.CPrinterJob"/>
    <property name="sun.os.patch.level" value="unknown"/>
    <property name="java.library.path" value="/Users/lisandrosilva/Library/Java/Extensions:/Library/Java/Extensions:/Network/Library/Java/Extensions:/System/Library/Java/Extensions:/usr/lib/java:."/>
    <property name="java.vm.info" value="mixed mode"/>
    <property name="java.vendor" value="Oracle Corporation"/>
    <property name="java.vm.version" value="25.251-b08"/>
    <property name="java.ext.dirs" value="/Users/lisandrosilva/Library/Java/Extensions:/Library/Java/JavaVirtualMachines/jdk1.8.0_251.jdk/Contents/Home/jre/lib/ext:/Library/Java/Extensions:/Network/Library/Java/Extensions:/System/Library/Java/Extensions:/usr/lib/java"/>
    <property name="sun.io.unicode.encoding" value="UnicodeBig"/>
    <property name="java.class.version" value="52.0"/>
    <property name="socksNonProxyHosts" value="local|*.local|169.254/16|*.169.254/16"/>
  </properties>
  <testcase name="initiaLiseBrowser" classname="com.mkyong.busonfiscal.HomePageBusonTest" time="0.905">
    <failure type="java.lang.NullPointerException"><![CDATA[java.lang.NullPointerException
	at com.mkyong.busonfiscal.HomePageBusonTest.initiaLiseBrowser(HomePageBusonTest.java:35)
]]></failure>
    <system-out><![CDATA[null
]]></system-out>
  </testcase>
  <testcase name="serviciosBuzon" classname="com.mkyong.busonfiscal.HomePageBusonTest" time="0">
    <skipped/>
  </testcase>
  <testcase name="closeBrowser" classname="com.mkyong.busonfiscal.HomePageBusonTest" time="0">
    <skipped/>
  </testcase>
  <testcase name="initiaLiseBrowser" classname="com.mkyong.busonfiscal.ClientProductoTest" time="0.957">
    <failure type="java.lang.NullPointerException"><![CDATA[java.lang.NullPointerException
	at com.mkyong.busonfiscal.ClientProductoTest.initiaLiseBrowser(ClientProductoTest.java:26)
]]></failure>
    <system-out><![CDATA[null
]]></system-out>
  </testcase>
  <testcase name="asignaturaClienteProducto" classname="com.mkyong.busonfiscal.ClientProductoTest" time="0">
    <skipped/>
  </testcase>
  <testcase name="closeBrowser" classname="com.mkyong.busonfiscal.ClientProductoTest" time="0">
    <skipped/>
  </testcase>
  <testcase name="initiaLiseBrowser" classname="com.mkyong.busonfiscal.ReportesEmitidosTest3" time="0.965">
    <failure type="java.lang.NullPointerException"><![CDATA[java.lang.NullPointerException
	at com.mkyong.busonfiscal.ReportesEmitidosTest3.initiaLiseBrowser(ReportesEmitidosTest3.java:27)
]]></failure>
    <system-out><![CDATA[null
]]></system-out>
  </testcase>
  <testcase name="reportesEmitidos3" classname="com.mkyong.busonfiscal.ReportesEmitidosTest3" time="0">
    <skipped/>
  </testcase>
  <testcase name="closeBrowser" classname="com.mkyong.busonfiscal.ReportesEmitidosTest3" time="0">
    <skipped/>
  </testcase>
  <testcase name="initiaLiseBrowser" classname="com.mkyong.busonfiscal.ReportesEmitidosCancelacionTest3" time="0.971">
    <failure type="java.lang.NullPointerException"><![CDATA[java.lang.NullPointerException
	at com.mkyong.busonfiscal.ReportesEmitidosCancelacionTest3.initiaLiseBrowser(ReportesEmitidosCancelacionTest3.java:29)
]]></failure>
    <system-out><![CDATA[null
]]></system-out>
  </testcase>
  <testcase name="reportesEmitidosCancelacion2" classname="com.mkyong.busonfiscal.ReportesEmitidosCancelacionTest3" time="0">
    <skipped/>
  </testcase>
  <testcase name="closeBrowser" classname="com.mkyong.busonfiscal.ReportesEmitidosCancelacionTest3" time="0">
    <skipped/>
  </testcase>
  <testcase name="initiaLiseBrowser" classname="com.mkyong.busonfiscal.ReportesEmitidosCancelacionTest4" time="0.979">
    <failure type="java.lang.NullPointerException"><![CDATA[java.lang.NullPointerException
	at com.mkyong.busonfiscal.ReportesEmitidosCancelacionTest4.initiaLiseBrowser(ReportesEmitidosCancelacionTest4.java:28)
]]></failure>
    <system-out><![CDATA[null
]]></system-out>
  </testcase>
  <testcase name="reportesEmitidosCancelacion" classname="com.mkyong.busonfiscal.ReportesEmitidosCancelacionTest4" time="0">
    <skipped/>
  </testcase>
  <testcase name="closeBrowser" classname="com.mkyong.busonfiscal.ReportesEmitidosCancelacionTest4" time="0">
    <skipped/>
  </testcase>
  <testcase name="initiaLiseBrowser" classname="com.mkyong.busonfiscal.PasswordTest" time="0.985">
    <failure type="java.lang.NullPointerException"><![CDATA[java.lang.NullPointerException
	at com.mkyong.busonfiscal.PasswordTest.initiaLiseBrowser(PasswordTest.java:24)
]]></failure>
    <system-out><![CDATA[null
]]></system-out>
  </testcase>
  <testcase name="testPassword" classname="com.mkyong.busonfiscal.PasswordTest" time="0">
    <skipped/>
  </testcase>
  <testcase name="closeBrowser" classname="com.mkyong.busonfiscal.PasswordTest" time="0">
    <skipped/>
  </testcase>
  <testcase name="initiaLiseBrowser" classname="com.mkyong.busonfiscal.EmailTest" time="0.991">
    <failure type="java.lang.NullPointerException"><![CDATA[java.lang.NullPointerException
	at com.mkyong.busonfiscal.EmailTest.initiaLiseBrowser(EmailTest.java:25)
]]></failure>
    <system-out><![CDATA[null
]]></system-out>
  </testcase>
  <testcase name="correoSimples" classname="com.mkyong.busonfiscal.EmailTest" time="0">
    <skipped/>
  </testcase>
  <testcase name="closeBrowser" classname="com.mkyong.busonfiscal.EmailTest" time="0">
    <skipped/>
  </testcase>
  <testcase name="initiaLiseBrowser" classname="com.mkyong.busonfiscal.EmailAndPasswordTest" time="0.999">
    <failure type="java.lang.NullPointerException"><![CDATA[java.lang.NullPointerException
	at com.mkyong.busonfiscal.EmailAndPasswordTest.initiaLiseBrowser(EmailAndPasswordTest.java:26)
]]></failure>
    <system-out><![CDATA[null
]]></system-out>
  </testcase>
  <testcase name="correoContrasena" classname="com.mkyong.busonfiscal.EmailAndPasswordTest" time="0">
    <skipped/>
  </testcase>
  <testcase name="closeBrowser" classname="com.mkyong.busonfiscal.EmailAndPasswordTest" time="0">
    <skipped/>
  </testcase>
  <testcase name="initiaLiseBrowser" classname="com.mkyong.busonfiscal.EmailPasswordCorrectTest" time="1.006">
    <failure type="java.lang.NullPointerException"><![CDATA[java.lang.NullPointerException
	at com.mkyong.busonfiscal.EmailPasswordCorrectTest.initiaLiseBrowser(EmailPasswordCorrectTest.java:24)
]]></failure>
    <system-out><![CDATA[null
]]></system-out>
  </testcase>
  <testcase name="correoContrasenaCorreta" classname="com.mkyong.busonfiscal.EmailPasswordCorrectTest" time="0">
    <skipped/>
  </testcase>
  <testcase name="closeBrowser" classname="com.mkyong.busonfiscal.EmailPasswordCorrectTest" time="0">
    <skipped/>
  </testcase>
  <testcase name="initiaLiseBrowser" classname="com.mkyong.busonfiscal.ReportesEmitidosDuplicarComprobanteTest3" time="1.015">
    <failure type="java.lang.NullPointerException"><![CDATA[java.lang.NullPointerException
	at com.mkyong.busonfiscal.ReportesEmitidosDuplicarComprobanteTest3.initiaLiseBrowser(ReportesEmitidosDuplicarComprobanteTest3.java:27)
]]></failure>
    <system-out><![CDATA[null
]]></system-out>
  </testcase>
  <testcase name="duplicadoFacturaBasica" classname="com.mkyong.busonfiscal.ReportesEmitidosDuplicarComprobanteTest3" time="0">
    <skipped/>
  </testcase>
  <testcase name="closeBrowser" classname="com.mkyong.busonfiscal.ReportesEmitidosDuplicarComprobanteTest3" time="0">
    <skipped/>
  </testcase>
  <testcase name="initiaLiseBrowser" classname="com.mkyong.busonfiscal.ReportesEmitidosDuplicarComplLeyendasFiscalesTest2" time="1.023">
    <failure type="java.lang.NullPointerException"><![CDATA[java.lang.NullPointerException
	at com.mkyong.busonfiscal.ReportesEmitidosDuplicarComplLeyendasFiscalesTest2.initiaLiseBrowser(ReportesEmitidosDuplicarComplLeyendasFiscalesTest2.java:27)
]]></failure>
    <system-out><![CDATA[null
]]></system-out>
  </testcase>
  <testcase name="duplicadoLeyendasFiscalesNotificado" classname="com.mkyong.busonfiscal.ReportesEmitidosDuplicarComplLeyendasFiscalesTest2" time="0">
    <skipped/>
  </testcase>
  <testcase name="closeBrowser" classname="com.mkyong.busonfiscal.ReportesEmitidosDuplicarComplLeyendasFiscalesTest2" time="0">
    <skipped/>
  </testcase>
  <testcase name="initiaLiseBrowser" classname="com.mkyong.busonfiscal.BusquedaReportesTest5" time="1.03">
    <failure type="java.lang.NullPointerException"><![CDATA[java.lang.NullPointerException
	at com.mkyong.busonfiscal.BusquedaReportesTest5.initiaLiseBrowser(BusquedaReportesTest5.java:28)
]]></failure>
    <system-out><![CDATA[null
]]></system-out>
  </testcase>
  <testcase name="busquedaDeReportes5" classname="com.mkyong.busonfiscal.BusquedaReportesTest5" time="0">
    <skipped/>
  </testcase>
  <testcase name="closeBrowser" classname="com.mkyong.busonfiscal.BusquedaReportesTest5" time="0">
    <skipped/>
  </testcase>
  <testcase name="initiaLiseBrowser" classname="com.mkyong.busonfiscal.BusquedaReportesTest4" time="1.036">
    <failure type="java.lang.NullPointerException"><![CDATA[java.lang.NullPointerException
	at com.mkyong.busonfiscal.BusquedaReportesTest4.initiaLiseBrowser(BusquedaReportesTest4.java:28)
]]></failure>
    <system-out><![CDATA[null
]]></system-out>
  </testcase>
  <testcase name="busquedaDeReportes4" classname="com.mkyong.busonfiscal.BusquedaReportesTest4" time="0">
    <skipped/>
  </testcase>
  <testcase name="closeBrowser" classname="com.mkyong.busonfiscal.BusquedaReportesTest4" time="0">
    <skipped/>
  </testcase>
  <testcase name="initiaLiseBrowser" classname="com.mkyong.busonfiscal.BusquedaReportesTest3" time="1.048">
    <failure type="java.lang.NullPointerException"><![CDATA[java.lang.NullPointerException
	at com.mkyong.busonfiscal.BusquedaReportesTest3.initiaLiseBrowser(BusquedaReportesTest3.java:31)
]]></failure>
    <system-out><![CDATA[null
]]></system-out>
  </testcase>
  <testcase name="busquedaDeReportes3" classname="com.mkyong.busonfiscal.BusquedaReportesTest3" time="0">
    <skipped/>
  </testcase>
  <testcase name="closeBrowser" classname="com.mkyong.busonfiscal.BusquedaReportesTest3" time="0">
    <skipped/>
  </testcase>
  <testcase name="initiaLiseBrowser" classname="com.mkyong.busonfiscal.BusquedaReportesTest2" time="1.054">
    <failure type="java.lang.NullPointerException"><![CDATA[java.lang.NullPointerException
	at com.mkyong.busonfiscal.BusquedaReportesTest2.initiaLiseBrowser(BusquedaReportesTest2.java:28)
]]></failure>
    <system-out><![CDATA[null
]]></system-out>
  </testcase>
  <testcase name="buquedaDeReportes2" classname="com.mkyong.busonfiscal.BusquedaReportesTest2" time="0">
    <skipped/>
  </testcase>
  <testcase name="closeBrowser" classname="com.mkyong.busonfiscal.BusquedaReportesTest2" time="0">
    <skipped/>
  </testcase>
  <testcase name="initiaLiseBrowser" classname="com.mkyong.busonfiscal.BusquedaReportesTest6" time="1.066">
    <failure type="java.lang.NullPointerException"><![CDATA[java.lang.NullPointerException
	at com.mkyong.busonfiscal.BusquedaReportesTest6.initiaLiseBrowser(BusquedaReportesTest6.java:31)
]]></failure>
    <system-out><![CDATA[null
]]></system-out>
  </testcase>
  <testcase name="busquedaDeReportes6" classname="com.mkyong.busonfiscal.BusquedaReportesTest6" time="0">
    <skipped/>
  </testcase>
  <testcase name="closeBrowser" classname="com.mkyong.busonfiscal.BusquedaReportesTest6" time="0">
    <skipped/>
  </testcase>
  <testcase name="initiaLiseBrowser" classname="com.mkyong.busonfiscal.BusquedaReportesTest7" time="1.071">
    <failure type="java.lang.NullPointerException"><![CDATA[java.lang.NullPointerException
	at com.mkyong.busonfiscal.BusquedaReportesTest7.initiaLiseBrowser(BusquedaReportesTest7.java:31)
]]></failure>
    <system-out><![CDATA[null
]]></system-out>
  </testcase>
  <testcase name="busquedaDeReportes7" classname="com.mkyong.busonfiscal.BusquedaReportesTest7" time="0">
    <skipped/>
  </testcase>
  <testcase name="closeBrowser" classname="com.mkyong.busonfiscal.BusquedaReportesTest7" time="0">
    <skipped/>
  </testcase>
  <testcase name="initiaLiseBrowser" classname="com.mkyong.busonfiscal.BusquedaReportesTest8" time="1.078">
    <failure type="java.lang.NullPointerException"><![CDATA[java.lang.NullPointerException
	at com.mkyong.busonfiscal.BusquedaReportesTest8.initiaLiseBrowser(BusquedaReportesTest8.java:28)
]]></failure>
    <system-out><![CDATA[null
]]></system-out>
  </testcase>
  <testcase name="busquedaDeReportes8" classname="com.mkyong.busonfiscal.BusquedaReportesTest8" time="0">
    <skipped/>
  </testcase>
  <testcase name="closeBrowser" classname="com.mkyong.busonfiscal.BusquedaReportesTest8" time="0">
    <skipped/>
  </testcase>
  <testcase name="initiaLiseBrowser" classname="com.mkyong.busonfiscal.BusquedaReportesTest9" time="1.085">
    <failure type="java.lang.NullPointerException"><![CDATA[java.lang.NullPointerException
	at com.mkyong.busonfiscal.BusquedaReportesTest9.initiaLiseBrowser(BusquedaReportesTest9.java:28)
]]></failure>
    <system-out><![CDATA[null
]]></system-out>
  </testcase>
  <testcase name="busquedaDeReportes9" classname="com.mkyong.busonfiscal.BusquedaReportesTest9" time="0">
    <skipped/>
  </testcase>
  <testcase name="closeBrowser" classname="com.mkyong.busonfiscal.BusquedaReportesTest9" time="0">
    <skipped/>
  </testcase>
  <testcase name="initiaLiseBrowser" classname="com.mkyong.busonfiscal.BusquedaReportesTest10" time="1.091">
    <failure type="java.lang.NullPointerException"><![CDATA[java.lang.NullPointerException
	at com.mkyong.busonfiscal.BusquedaReportesTest10.initiaLiseBrowser(BusquedaReportesTest10.java:28)
]]></failure>
    <system-out><![CDATA[null
]]></system-out>
  </testcase>
  <testcase name="busquedaDeReportes10" classname="com.mkyong.busonfiscal.BusquedaReportesTest10" time="0">
    <skipped/>
  </testcase>
  <testcase name="closeBrowser" classname="com.mkyong.busonfiscal.BusquedaReportesTest10" time="0">
    <skipped/>
  </testcase>
  <testcase name="initiaLiseBrowser" classname="com.mkyong.busonfiscal.BusquedaReportesTest11" time="1.096">
    <failure type="java.lang.NullPointerException"><![CDATA[java.lang.NullPointerException
	at com.mkyong.busonfiscal.BusquedaReportesTest11.initiaLiseBrowser(BusquedaReportesTest11.java:30)
]]></failure>
    <system-out><![CDATA[null
]]></system-out>
  </testcase>
  <testcase name="busquedaDereportes11" classname="com.mkyong.busonfiscal.BusquedaReportesTest11" time="0">
    <skipped/>
  </testcase>
  <testcase name="closeBrowser" classname="com.mkyong.busonfiscal.BusquedaReportesTest11" time="0">
    <skipped/>
  </testcase>
  <testcase name="initiaLiseBrowser" classname="com.mkyong.busonfiscal.BusquedaReportesTest12" time="1.103">
    <failure type="java.lang.NullPointerException"><![CDATA[java.lang.NullPointerException
	at com.mkyong.busonfiscal.BusquedaReportesTest12.initiaLiseBrowser(BusquedaReportesTest12.java:28)
]]></failure>
    <system-out><![CDATA[null
]]></system-out>
  </testcase>
  <testcase name="busquedaDereportes12" classname="com.mkyong.busonfiscal.BusquedaReportesTest12" time="0">
    <skipped/>
  </testcase>
  <testcase name="closeBrowser" classname="com.mkyong.busonfiscal.BusquedaReportesTest12" time="0">
    <skipped/>
  </testcase>
  <testcase name="initiaLiseBrowser" classname="com.mkyong.busonfiscal.BusquedaReportesTest14" time="1.125">
    <failure type="java.lang.NullPointerException"><![CDATA[java.lang.NullPointerException
	at com.mkyong.busonfiscal.BusquedaReportesTest14.initiaLiseBrowser(BusquedaReportesTest14.java:28)
]]></failure>
    <system-out><![CDATA[null
]]></system-out>
  </testcase>
  <testcase name="busquedaDeReportes14" classname="com.mkyong.busonfiscal.BusquedaReportesTest14" time="0">
    <skipped/>
  </testcase>
  <testcase name="closeBrowser" classname="com.mkyong.busonfiscal.BusquedaReportesTest14" time="0">
    <skipped/>
  </testcase>
  <testcase name="initiaLiseBrowser" classname="com.mkyong.busonfiscal.BusquedaReportesTest15" time="1.132">
    <failure type="java.lang.NullPointerException"><![CDATA[java.lang.NullPointerException
	at com.mkyong.busonfiscal.BusquedaReportesTest15.initiaLiseBrowser(BusquedaReportesTest15.java:31)
]]></failure>
    <system-out><![CDATA[null
]]></system-out>
  </testcase>
  <testcase name="busquedaDeReportes15" classname="com.mkyong.busonfiscal.BusquedaReportesTest15" time="0">
    <skipped/>
  </testcase>
  <testcase name="closeBrowser" classname="com.mkyong.busonfiscal.BusquedaReportesTest15" time="0">
    <skipped/>
  </testcase>
  <testcase name="initiaLiseBrowser" classname="com.mkyong.busonfiscal.ReportesEmitidosTest5" time="1.137">
    <failure type="java.lang.NullPointerException"><![CDATA[java.lang.NullPointerException
	at com.mkyong.busonfiscal.ReportesEmitidosTest5.initiaLiseBrowser(ReportesEmitidosTest5.java:27)
]]></failure>
    <system-out><![CDATA[null
]]></system-out>
  </testcase>
  <testcase name="reportesemitidos5" classname="com.mkyong.busonfiscal.ReportesEmitidosTest5" time="0">
    <skipped/>
  </testcase>
  <testcase name="closeBrowser" classname="com.mkyong.busonfiscal.ReportesEmitidosTest5" time="0">
    <skipped/>
  </testcase>
  <testcase name="initiaLiseBrowser" classname="com.mkyong.busonfiscal.ReportesEmitidosTest4" time="1.14">
    <failure type="java.lang.NullPointerException"><![CDATA[java.lang.NullPointerException
	at com.mkyong.busonfiscal.ReportesEmitidosTest4.initiaLiseBrowser(ReportesEmitidosTest4.java:32)
]]></failure>
    <system-out><![CDATA[null
]]></system-out>
  </testcase>
  <testcase name="reportesEmitidos4" classname="com.mkyong.busonfiscal.ReportesEmitidosTest4" time="0">
    <skipped/>
  </testcase>
  <testcase name="closeBrowser" classname="com.mkyong.busonfiscal.ReportesEmitidosTest4" time="0">
    <skipped/>
  </testcase>
  <testcase name="initiaLiseBrowser" classname="com.mkyong.busonfiscal.FacturaBasicaTest" time="1.146">
    <failure type="java.lang.NullPointerException"><![CDATA[java.lang.NullPointerException
	at com.mkyong.busonfiscal.FacturaBasicaTest.initiaLiseBrowser(FacturaBasicaTest.java:31)
]]></failure>
    <system-out><![CDATA[null
]]></system-out>
  </testcase>
  <testcase name="facturaBasica" classname="com.mkyong.busonfiscal.FacturaBasicaTest" time="0">
    <skipped/>
  </testcase>
  <testcase name="closeBrowser" classname="com.mkyong.busonfiscal.FacturaBasicaTest" time="0">
    <skipped/>
  </testcase>
  <testcase name="initiaLiseBrowser" classname="com.mkyong.busonfiscal.FacturaCartaPorteTest" time="1.15">
    <failure type="java.lang.NullPointerException"><![CDATA[java.lang.NullPointerException
	at com.mkyong.busonfiscal.FacturaCartaPorteTest.initiaLiseBrowser(FacturaCartaPorteTest.java:34)
]]></failure>
    <system-out><![CDATA[null
]]></system-out>
  </testcase>
  <testcase name="facturaCartaPorte" classname="com.mkyong.busonfiscal.FacturaCartaPorteTest" time="0">
    <skipped/>
  </testcase>
  <testcase name="closeBrowser" classname="com.mkyong.busonfiscal.FacturaCartaPorteTest" time="0">
    <skipped/>
  </testcase>
  <testcase name="initiaLiseBrowser" classname="com.mkyong.busonfiscal.FacturaPagoTest" time="1.156">
    <failure type="java.lang.NullPointerException"><![CDATA[java.lang.NullPointerException
	at com.mkyong.busonfiscal.FacturaPagoTest.initiaLiseBrowser(FacturaPagoTest.java:31)
]]></failure>
    <system-out><![CDATA[null
]]></system-out>
  </testcase>
  <testcase name="facturaPago" classname="com.mkyong.busonfiscal.FacturaPagoTest" time="0">
    <skipped/>
  </testcase>
  <testcase name="closeBrowser" classname="com.mkyong.busonfiscal.FacturaPagoTest" time="0">
    <skipped/>
  </testcase>
  <testcase name="initiaLiseBrowser" classname="com.mkyong.busonfiscal.NotaDeCreditoTest" time="1.163">
    <failure type="java.lang.NullPointerException"><![CDATA[java.lang.NullPointerException
	at com.mkyong.busonfiscal.NotaDeCreditoTest.initiaLiseBrowser(NotaDeCreditoTest.java:33)
]]></failure>
    <system-out><![CDATA[null
]]></system-out>
  </testcase>
  <testcase name="notaDeCredito" classname="com.mkyong.busonfiscal.NotaDeCreditoTest" time="0">
    <skipped/>
  </testcase>
  <testcase name="closeBrowser" classname="com.mkyong.busonfiscal.NotaDeCreditoTest" time="0">
    <skipped/>
  </testcase>
  <testcase name="initiaLiseBrowser" classname="com.mkyong.busonfiscal.FacturaDetallistaTest" time="1.175">
    <failure type="java.lang.NullPointerException"><![CDATA[java.lang.NullPointerException
	at com.mkyong.busonfiscal.FacturaDetallistaTest.initiaLiseBrowser(FacturaDetallistaTest.java:31)
]]></failure>
    <system-out><![CDATA[null
]]></system-out>
  </testcase>
  <testcase name="facturaDetallista" classname="com.mkyong.busonfiscal.FacturaDetallistaTest" time="0">
    <skipped/>
  </testcase>
  <testcase name="closeBrowser" classname="com.mkyong.busonfiscal.FacturaDetallistaTest" time="0">
    <skipped/>
  </testcase>
  <testcase name="initiaLiseBrowser" classname="com.mkyong.busonfiscal.ImpuestosLocalesTest" time="1.182">
    <failure type="java.lang.NullPointerException"><![CDATA[java.lang.NullPointerException
	at com.mkyong.busonfiscal.ImpuestosLocalesTest.initiaLiseBrowser(ImpuestosLocalesTest.java:35)
]]></failure>
    <system-out><![CDATA[null
]]></system-out>
  </testcase>
  <testcase name="basePageNavigation" classname="com.mkyong.busonfiscal.ImpuestosLocalesTest" time="0">
    <skipped/>
  </testcase>
  <testcase name="closeBrowser" classname="com.mkyong.busonfiscal.ImpuestosLocalesTest" time="0">
    <skipped/>
  </testcase>
  <testcase name="initiaLiseBrowser" classname="com.mkyong.busonfiscal.INETest" time="1.186">
    <failure type="java.lang.NullPointerException"><![CDATA[java.lang.NullPointerException
	at com.mkyong.busonfiscal.INETest.initiaLiseBrowser(INETest.java:33)
]]></failure>
    <system-out><![CDATA[null
]]></system-out>
  </testcase>
  <testcase name="basePageNavigation" classname="com.mkyong.busonfiscal.INETest" time="0">
    <skipped/>
  </testcase>
  <testcase name="closeBrowser" classname="com.mkyong.busonfiscal.INETest" time="0">
    <skipped/>
  </testcase>
  <testcase name="initiaLiseBrowser" classname="com.mkyong.busonfiscal.InstituicionesEducativasTest" time="1.189">
    <failure type="java.lang.NullPointerException"><![CDATA[java.lang.NullPointerException
	at com.mkyong.busonfiscal.InstituicionesEducativasTest.initiaLiseBrowser(InstituicionesEducativasTest.java:32)
]]></failure>
    <system-out><![CDATA[null
]]></system-out>
  </testcase>
  <testcase name="instituiciones1" classname="com.mkyong.busonfiscal.InstituicionesEducativasTest" time="0">
    <skipped/>
  </testcase>
  <testcase name="closeBrowser" classname="com.mkyong.busonfiscal.InstituicionesEducativasTest" time="0">
    <skipped/>
  </testcase>
  <testcase name="initiaLiseBrowser" classname="com.mkyong.busonfiscal.LeyendasFiscalesTest" time="1.193">
    <failure type="java.lang.NullPointerException"><![CDATA[java.lang.NullPointerException
	at com.mkyong.busonfiscal.LeyendasFiscalesTest.initiaLiseBrowser(LeyendasFiscalesTest.java:31)
]]></failure>
    <system-out><![CDATA[null
]]></system-out>
  </testcase>
  <testcase name="leyendas1" classname="com.mkyong.busonfiscal.LeyendasFiscalesTest" time="0">
    <skipped/>
  </testcase>
  <testcase name="closeBrowser" classname="com.mkyong.busonfiscal.LeyendasFiscalesTest" time="0">
    <skipped/>
  </testcase>
  <testcase name="initiaLiseBrowser" classname="com.mkyong.busonfiscal.ServiciosParcealesDeContruccionTest" time="1.198">
    <failure type="java.lang.NullPointerException"><![CDATA[java.lang.NullPointerException
	at com.mkyong.busonfiscal.ServiciosParcealesDeContruccionTest.initiaLiseBrowser(ServiciosParcealesDeContruccionTest.java:31)
]]></failure>
    <system-out><![CDATA[null
]]></system-out>
  </testcase>
  <testcase name="serviciosParcealesDeConstrucion" classname="com.mkyong.busonfiscal.ServiciosParcealesDeContruccionTest" time="0">
    <skipped/>
  </testcase>
  <testcase name="closeBrowser" classname="com.mkyong.busonfiscal.ServiciosParcealesDeContruccionTest" time="0">
    <skipped/>
  </testcase>
  <testcase name="initiaLiseBrowser" classname="com.mkyong.busonfiscal.TuristaPasajeroExtranjeroTest" time="1.206">
    <failure type="java.lang.NullPointerException"><![CDATA[java.lang.NullPointerException
	at com.mkyong.busonfiscal.TuristaPasajeroExtranjeroTest.initiaLiseBrowser(TuristaPasajeroExtranjeroTest.java:31)
]]></failure>
    <system-out><![CDATA[null
]]></system-out>
  </testcase>
  <testcase name="turistaPassajeroExtranjero" classname="com.mkyong.busonfiscal.TuristaPasajeroExtranjeroTest" time="0">
    <skipped/>
  </testcase>
  <testcase name="closeBrowser" classname="com.mkyong.busonfiscal.TuristaPasajeroExtranjeroTest" time="0">
    <skipped/>
  </testcase>
  <testcase name="initiaLiseBrowser" classname="com.mkyong.busonfiscal.VehiculosUsadosTest" time="1.211">
    <failure type="java.lang.NullPointerException"><![CDATA[java.lang.NullPointerException
	at com.mkyong.busonfiscal.VehiculosUsadosTest.initiaLiseBrowser(VehiculosUsadosTest.java:31)
]]></failure>
    <system-out><![CDATA[null
]]></system-out>
  </testcase>
  <testcase name="vehiculosUsados" classname="com.mkyong.busonfiscal.VehiculosUsadosTest" time="0">
    <skipped/>
  </testcase>
  <testcase name="closeBrowser" classname="com.mkyong.busonfiscal.VehiculosUsadosTest" time="0">
    <skipped/>
  </testcase>
  <testcase name="initiaLiseBrowser" classname="com.mkyong.busonfiscal.VentaDeVehiculosTest" time="1.216">
    <failure type="java.lang.NullPointerException"><![CDATA[java.lang.NullPointerException
	at com.mkyong.busonfiscal.VentaDeVehiculosTest.initiaLiseBrowser(VentaDeVehiculosTest.java:31)
]]></failure>
    <system-out><![CDATA[null
]]></system-out>
  </testcase>
  <testcase name="ventaDeVehiculos" classname="com.mkyong.busonfiscal.VentaDeVehiculosTest" time="0">
    <skipped/>
  </testcase>
  <testcase name="closeBrowser" classname="com.mkyong.busonfiscal.VentaDeVehiculosTest" time="0">
    <skipped/>
  </testcase>
  <testcase name="initiaLiseBrowser" classname="com.mkyong.busonfiscal.DonativosTest" time="1.221">
    <failure type="java.lang.NullPointerException"><![CDATA[java.lang.NullPointerException
	at com.mkyong.busonfiscal.DonativosTest.initiaLiseBrowser(DonativosTest.java:31)
]]></failure>
    <system-out><![CDATA[null
]]></system-out>
  </testcase>
  <testcase name="donativosSimples" classname="com.mkyong.busonfiscal.DonativosTest" time="0">
    <skipped/>
  </testcase>
  <testcase name="closeBrowser" classname="com.mkyong.busonfiscal.DonativosTest" time="0">
    <skipped/>
  </testcase>
  <testcase name="initiaLiseBrowser" classname="com.mkyong.busonfiscal.NotariosPublicosTest" time="1.239">
    <failure type="java.lang.NullPointerException"><![CDATA[java.lang.NullPointerException
	at com.mkyong.busonfiscal.NotariosPublicosTest.initiaLiseBrowser(NotariosPublicosTest.java:34)
]]></failure>
    <system-out><![CDATA[null
]]></system-out>
  </testcase>
  <testcase name="notariosPublicos1" classname="com.mkyong.busonfiscal.NotariosPublicosTest" time="0">
    <skipped/>
  </testcase>
  <testcase name="closeBrowser" classname="com.mkyong.busonfiscal.NotariosPublicosTest" time="0">
    <skipped/>
  </testcase>
  <testcase name="initiaLiseBrowser" classname="com.mkyong.busonfiscal.ObrasDeArteYAtenguedadTest" time="1.247">
    <failure type="java.lang.NullPointerException"><![CDATA[java.lang.NullPointerException
	at com.mkyong.busonfiscal.ObrasDeArteYAtenguedadTest.initiaLiseBrowser(ObrasDeArteYAtenguedadTest.java:34)
]]></failure>
    <system-out><![CDATA[null
]]></system-out>
  </testcase>
  <testcase name="obrasArtesAnteguedad1" classname="com.mkyong.busonfiscal.ObrasDeArteYAtenguedadTest" time="0">
    <skipped/>
  </testcase>
  <testcase name="closeBrowser" classname="com.mkyong.busonfiscal.ObrasDeArteYAtenguedadTest" time="0">
    <skipped/>
  </testcase>
  <testcase name="initiaLiseBrowser" classname="com.mkyong.busonfiscal.PagoEnEspeciesTest" time="1.258">
    <failure type="java.lang.NullPointerException"><![CDATA[java.lang.NullPointerException
	at com.mkyong.busonfiscal.PagoEnEspeciesTest.initiaLiseBrowser(PagoEnEspeciesTest.java:31)
]]></failure>
    <system-out><![CDATA[null
]]></system-out>
  </testcase>
  <testcase name="pagoEnEspecies1" classname="com.mkyong.busonfiscal.PagoEnEspeciesTest" time="0">
    <skipped/>
  </testcase>
  <testcase name="closeBrowser" classname="com.mkyong.busonfiscal.PagoEnEspeciesTest" time="0">
    <skipped/>
  </testcase>
  <testcase name="initiaLiseBrowser" classname="com.mkyong.busonfiscal.PersonasFisicasIntegranteDeCoordinacionTest" time="1.27">
    <failure type="java.lang.NullPointerException"><![CDATA[java.lang.NullPointerException
	at com.mkyong.busonfiscal.PersonasFisicasIntegranteDeCoordinacionTest.initiaLiseBrowser(PersonasFisicasIntegranteDeCoordinacionTest.java:32)
]]></failure>
    <system-out><![CDATA[null
]]></system-out>
  </testcase>
  <testcase name="personasFisicas1" classname="com.mkyong.busonfiscal.PersonasFisicasIntegranteDeCoordinacionTest" time="0">
    <skipped/>
  </testcase>
  <testcase name="closeBrowser" classname="com.mkyong.busonfiscal.PersonasFisicasIntegranteDeCoordinacionTest" time="0">
    <skipped/>
  </testcase>
  <testcase name="initiaLiseBrowser" classname="com.mkyong.busonfiscal.FacturaAdendaMultiAssistenciaTest" time="1.279">
    <failure type="java.lang.NullPointerException"><![CDATA[java.lang.NullPointerException
	at com.mkyong.busonfiscal.FacturaAdendaMultiAssistenciaTest.initiaLiseBrowser(FacturaAdendaMultiAssistenciaTest.java:33)
]]></failure>
    <system-out><![CDATA[null
]]></system-out>
  </testcase>
  <testcase name="facturaAdendaMultiAssistencia" classname="com.mkyong.busonfiscal.FacturaAdendaMultiAssistenciaTest" time="0">
    <skipped/>
  </testcase>
  <testcase name="closeBrowser" classname="com.mkyong.busonfiscal.FacturaAdendaMultiAssistenciaTest" time="0">
    <skipped/>
  </testcase>
  <testcase name="initiaLiseBrowser" classname="com.mkyong.busonfiscal.detail.FacturaBasicaDetailTest" time="1.284">
    <failure type="java.lang.NullPointerException"><![CDATA[java.lang.NullPointerException
	at com.mkyong.busonfiscal.detail.FacturaBasicaDetailTest.initiaLiseBrowser(FacturaBasicaDetailTest.java:33)
]]></failure>
    <system-out><![CDATA[null
]]></system-out>
  </testcase>
  <testcase name="facturaBasicaDetail" classname="com.mkyong.busonfiscal.detail.FacturaBasicaDetailTest" time="0">
    <skipped/>
  </testcase>
  <testcase name="closeBrowser" classname="com.mkyong.busonfiscal.detail.FacturaBasicaDetailTest" time="0">
    <skipped/>
  </testcase>
  <testcase name="initiaLiseBrowser" classname="com.mkyong.busonfiscal.detail.FacturaBasicaDetailTest2" time="1.29">
    <failure type="java.lang.NullPointerException"><![CDATA[java.lang.NullPointerException
	at com.mkyong.busonfiscal.detail.FacturaBasicaDetailTest2.initiaLiseBrowser(FacturaBasicaDetailTest2.java:32)
]]></failure>
    <system-out><![CDATA[null
]]></system-out>
  </testcase>
  <testcase name="facturaBasicaDetail2" classname="com.mkyong.busonfiscal.detail.FacturaBasicaDetailTest2" time="0">
    <skipped/>
  </testcase>
  <testcase name="closeBrowser" classname="com.mkyong.busonfiscal.detail.FacturaBasicaDetailTest2" time="0">
    <skipped/>
  </testcase>
  <testcase name="initiaLiseBrowser" classname="com.mkyong.busonfiscal.detail.FacturaCartaPorteDetailTest" time="1.297">
    <failure type="java.lang.NullPointerException"><![CDATA[java.lang.NullPointerException
	at com.mkyong.busonfiscal.detail.FacturaCartaPorteDetailTest.initiaLiseBrowser(FacturaCartaPorteDetailTest.java:35)
]]></failure>
    <system-out><![CDATA[null
]]></system-out>
  </testcase>
  <testcase name="facturaCartaPorteDetail" classname="com.mkyong.busonfiscal.detail.FacturaCartaPorteDetailTest" time="0">
    <skipped/>
  </testcase>
  <testcase name="closeBrowser" classname="com.mkyong.busonfiscal.detail.FacturaCartaPorteDetailTest" time="0">
    <skipped/>
  </testcase>
  <testcase name="initiaLiseBrowser" classname="com.mkyong.busonfiscal.detail.FacturaCartaPorteDetailTest2" time="1.309">
    <failure type="java.lang.NullPointerException"><![CDATA[java.lang.NullPointerException
	at com.mkyong.busonfiscal.detail.FacturaCartaPorteDetailTest2.initiaLiseBrowser(FacturaCartaPorteDetailTest2.java:35)
]]></failure>
    <system-out><![CDATA[null
]]></system-out>
  </testcase>
  <testcase name="facturaCartaPorteDetail2" classname="com.mkyong.busonfiscal.detail.FacturaCartaPorteDetailTest2" time="0">
    <skipped/>
  </testcase>
  <testcase name="closeBrowser" classname="com.mkyong.busonfiscal.detail.FacturaCartaPorteDetailTest2" time="0">
    <skipped/>
  </testcase>
  <testcase name="initiaLiseBrowser" classname="com.mkyong.busonfiscal.detail.FacturaPagoDetailTest2" time="1.321">
    <failure type="java.lang.NullPointerException"><![CDATA[java.lang.NullPointerException
	at com.mkyong.busonfiscal.detail.FacturaPagoDetailTest2.initiaLiseBrowser(FacturaPagoDetailTest2.java:34)
]]></failure>
    <system-out><![CDATA[null
]]></system-out>
  </testcase>
  <testcase name="facturaDetallistaDetail2" classname="com.mkyong.busonfiscal.detail.FacturaPagoDetailTest2" time="0">
    <skipped/>
  </testcase>
  <testcase name="closeBrowser" classname="com.mkyong.busonfiscal.detail.FacturaPagoDetailTest2" time="0">
    <skipped/>
  </testcase>
  <testcase name="initiaLiseBrowser" classname="com.mkyong.nomina.NominaFiscalDescargaTest" time="1.328">
    <failure type="java.lang.NullPointerException"><![CDATA[java.lang.NullPointerException
	at com.mkyong.nomina.NominaFiscalDescargaTest.initiaLiseBrowser(NominaFiscalDescargaTest.java:35)
]]></failure>
    <system-out><![CDATA[null
]]></system-out>
  </testcase>
  <testcase name="nominaFiscalDescarga" classname="com.mkyong.nomina.NominaFiscalDescargaTest" time="0">
    <skipped/>
  </testcase>
  <testcase name="closeBrowser" classname="com.mkyong.nomina.NominaFiscalDescargaTest" time="0">
    <skipped/>
  </testcase>
  <testcase name="initiaLiseBrowser" classname="com.mkyong.nomina.NominaFiscalTest" time="1.333">
    <failure type="java.lang.NullPointerException"><![CDATA[java.lang.NullPointerException
	at com.mkyong.nomina.NominaFiscalTest.initiaLiseBrowser(NominaFiscalTest.java:35)
]]></failure>
    <system-out><![CDATA[null
]]></system-out>
  </testcase>
  <testcase name="nominaFiscal" classname="com.mkyong.nomina.NominaFiscalTest" time="0">
    <skipped/>
  </testcase>
  <testcase name="closeBrowser" classname="com.mkyong.nomina.NominaFiscalTest" time="0">
    <skipped/>
  </testcase>
  <testcase name="initiaLiseBrowser" classname="com.mkyong.busongratis.FacturaBasicaGratisTest2" time="1.34">
    <failure type="java.lang.NullPointerException"><![CDATA[java.lang.NullPointerException
	at com.mkyong.busongratis.FacturaBasicaGratisTest2.initiaLiseBrowser(FacturaBasicaGratisTest2.java:31)
]]></failure>
    <system-out><![CDATA[null
]]></system-out>
  </testcase>
  <testcase name="facturaBasicaGratis2" classname="com.mkyong.busongratis.FacturaBasicaGratisTest2" time="0">
    <skipped/>
  </testcase>
  <testcase name="closeBrowser" classname="com.mkyong.busongratis.FacturaBasicaGratisTest2" time="0">
    <skipped/>
  </testcase>
  <testcase name="initiaLiseBrowser" classname="com.mkyong.busongratis.FacturaCartaPorteGratisTest2" time="1.345">
    <failure type="java.lang.NullPointerException"><![CDATA[java.lang.NullPointerException
	at com.mkyong.busongratis.FacturaCartaPorteGratisTest2.initiaLiseBrowser(FacturaCartaPorteGratisTest2.java:34)
]]></failure>
    <system-out><![CDATA[null
]]></system-out>
  </testcase>
  <testcase name="cartaPorteGratisSimpl2" classname="com.mkyong.busongratis.FacturaCartaPorteGratisTest2" time="0">
    <skipped/>
  </testcase>
  <testcase name="closeBrowser" classname="com.mkyong.busongratis.FacturaCartaPorteGratisTest2" time="0">
    <skipped/>
  </testcase>
  <testcase name="initiaLiseBrowser" classname="com.mkyong.busongratis.FacturaPagoGratisTest2" time="1.35">
    <failure type="java.lang.NullPointerException"><![CDATA[java.lang.NullPointerException
	at com.mkyong.busongratis.FacturaPagoGratisTest2.initiaLiseBrowser(FacturaPagoGratisTest2.java:31)
]]></failure>
    <system-out><![CDATA[null
]]></system-out>
  </testcase>
  <testcase name="pagoGratis2" classname="com.mkyong.busongratis.FacturaPagoGratisTest2" time="0">
    <skipped/>
  </testcase>
  <testcase name="closeBrowser" classname="com.mkyong.busongratis.FacturaPagoGratisTest2" time="0">
    <skipped/>
  </testcase>
  <testcase name="initiaLiseBrowser" classname="com.mkyong.impression.fiscal.ImpresionIETFiscalTest3" time="1.355">
    <failure type="java.lang.NullPointerException"><![CDATA[java.lang.NullPointerException
	at com.mkyong.impression.fiscal.ImpresionIETFiscalTest3.initiaLiseBrowser(ImpresionIETFiscalTest3.java:36)
]]></failure>
    <system-out><![CDATA[null
]]></system-out>
  </testcase>
  <testcase name="impressionFiscal3" classname="com.mkyong.impression.fiscal.ImpresionIETFiscalTest3" time="0">
    <skipped/>
  </testcase>
  <testcase name="closeBrowser" classname="com.mkyong.impression.fiscal.ImpresionIETFiscalTest3" time="0">
    <skipped/>
  </testcase>
  <testcase name="initiaLiseBrowser" classname="com.mkyong.impression.fiscal.ImpresionIETFiscalTest4" time="1.365">
    <failure type="java.lang.NullPointerException"><![CDATA[java.lang.NullPointerException
	at com.mkyong.impression.fiscal.ImpresionIETFiscalTest4.initiaLiseBrowser(ImpresionIETFiscalTest4.java:36)
]]></failure>
    <system-out><![CDATA[null
]]></system-out>
  </testcase>
  <testcase name="impressionFiscal4" classname="com.mkyong.impression.fiscal.ImpresionIETFiscalTest4" time="0">
    <skipped/>
  </testcase>
  <testcase name="closeBrowser" classname="com.mkyong.impression.fiscal.ImpresionIETFiscalTest4" time="0">
    <skipped/>
  </testcase>
  <testcase name="initiaLiseBrowser" classname="com.mkyong.impression.fiscal.ImpresionIETFiscalTest5" time="1.368">
    <failure type="java.lang.NullPointerException"><![CDATA[java.lang.NullPointerException
	at com.mkyong.impression.fiscal.ImpresionIETFiscalTest5.initiaLiseBrowser(ImpresionIETFiscalTest5.java:36)
]]></failure>
    <system-out><![CDATA[null
]]></system-out>
  </testcase>
  <testcase name="impressionFiscal5" classname="com.mkyong.impression.fiscal.ImpresionIETFiscalTest5" time="0">
    <skipped/>
  </testcase>
  <testcase name="closeBrowser" classname="com.mkyong.impression.fiscal.ImpresionIETFiscalTest5" time="0">
    <skipped/>
  </testcase>
  <testcase name="initiaLiseBrowser" classname="com.mkyong.buson.jes.FacturaBasicaJesTest" time="1.378">
    <failure type="java.lang.NullPointerException"><![CDATA[java.lang.NullPointerException
	at com.mkyong.buson.jes.FacturaBasicaJesTest.initiaLiseBrowser(FacturaBasicaJesTest.java:31)
]]></failure>
    <system-out><![CDATA[null
]]></system-out>
  </testcase>
  <testcase name="facturaBasicaJesTest" classname="com.mkyong.buson.jes.FacturaBasicaJesTest" time="0">
    <skipped/>
  </testcase>
  <testcase name="closeBrowser" classname="com.mkyong.buson.jes.FacturaBasicaJesTest" time="0">
    <skipped/>
  </testcase>
  <testcase name="initiaLiseBrowser" classname="com.mkyong.buson.jes.FacturaCartaPorteJesTest" time="1.387">
    <failure type="java.lang.NullPointerException"><![CDATA[java.lang.NullPointerException
	at com.mkyong.buson.jes.FacturaCartaPorteJesTest.initiaLiseBrowser(FacturaCartaPorteJesTest.java:34)
]]></failure>
    <system-out><![CDATA[null
]]></system-out>
  </testcase>
  <testcase name="facturaCartaPorte" classname="com.mkyong.buson.jes.FacturaCartaPorteJesTest" time="0">
    <skipped/>
  </testcase>
  <testcase name="closeBrowser" classname="com.mkyong.buson.jes.FacturaCartaPorteJesTest" time="0">
    <skipped/>
  </testcase>
  <testcase name="initiaLiseBrowser" classname="com.mkyong.buson.jes.FacturaDetallistaJesTest" time="1.396">
    <failure type="java.lang.NullPointerException"><![CDATA[java.lang.NullPointerException
	at com.mkyong.buson.jes.FacturaDetallistaJesTest.initiaLiseBrowser(FacturaDetallistaJesTest.java:31)
]]></failure>
    <system-out><![CDATA[null
]]></system-out>
  </testcase>
  <testcase name="facturaDetallista" classname="com.mkyong.buson.jes.FacturaDetallistaJesTest" time="0">
    <skipped/>
  </testcase>
  <testcase name="closeBrowser" classname="com.mkyong.buson.jes.FacturaDetallistaJesTest" time="0">
    <skipped/>
  </testcase>
  <testcase name="initiaLiseBrowser" classname="com.mkyong.buson.jes.FacturaPagoJesTest" time="1.402">
    <failure type="java.lang.NullPointerException"><![CDATA[java.lang.NullPointerException
	at com.mkyong.buson.jes.FacturaPagoJesTest.initiaLiseBrowser(FacturaPagoJesTest.java:31)
]]></failure>
    <system-out><![CDATA[null
]]></system-out>
  </testcase>
  <testcase name="facturaPagoJes" classname="com.mkyong.buson.jes.FacturaPagoJesTest" time="0">
    <skipped/>
  </testcase>
  <testcase name="closeBrowser" classname="com.mkyong.buson.jes.FacturaPagoJesTest" time="0">
    <skipped/>
  </testcase>
  <testcase name="initiaLiseBrowser" classname="com.mkyong.buson.jes.ImpuestosLocalesJesTest" time="1.412">
    <failure type="java.lang.NullPointerException"><![CDATA[java.lang.NullPointerException
	at com.mkyong.buson.jes.ImpuestosLocalesJesTest.initiaLiseBrowser(ImpuestosLocalesJesTest.java:35)
]]></failure>
    <system-out><![CDATA[null
]]></system-out>
  </testcase>
  <testcase name="impuestosLocalesJesBuzon" classname="com.mkyong.buson.jes.ImpuestosLocalesJesTest" time="0">
    <skipped/>
  </testcase>
  <testcase name="closeBrowser" classname="com.mkyong.buson.jes.ImpuestosLocalesJesTest" time="0">
    <skipped/>
  </testcase>
  <testcase name="initiaLiseBrowser" classname="com.mkyong.buson.jes.INEJesTest" time="1.42">
    <failure type="java.lang.NullPointerException"><![CDATA[java.lang.NullPointerException
	at com.mkyong.buson.jes.INEJesTest.initiaLiseBrowser(INEJesTest.java:33)
]]></failure>
    <system-out><![CDATA[null
]]></system-out>
  </testcase>
  <testcase name="ineJes" classname="com.mkyong.buson.jes.INEJesTest" time="0">
    <skipped/>
  </testcase>
  <testcase name="closeBrowser" classname="com.mkyong.buson.jes.INEJesTest" time="0">
    <skipped/>
  </testcase>
  <testcase name="initiaLiseBrowser" classname="com.mkyong.buson.jes.InstituicionesEducativasJesTest" time="1.434">
    <failure type="java.lang.NullPointerException"><![CDATA[java.lang.NullPointerException
	at com.mkyong.buson.jes.InstituicionesEducativasJesTest.initiaLiseBrowser(InstituicionesEducativasJesTest.java:32)
]]></failure>
    <system-out><![CDATA[null
]]></system-out>
  </testcase>
  <testcase name="instituicionesEducativasJes" classname="com.mkyong.buson.jes.InstituicionesEducativasJesTest" time="0">
    <skipped/>
  </testcase>
  <testcase name="closeBrowser" classname="com.mkyong.buson.jes.InstituicionesEducativasJesTest" time="0">
    <skipped/>
  </testcase>
  <testcase name="initiaLiseBrowser" classname="com.mkyong.buson.jes.NotaDeCreditoJesTest" time="1.441">
    <failure type="java.lang.NullPointerException"><![CDATA[java.lang.NullPointerException
	at com.mkyong.buson.jes.NotaDeCreditoJesTest.initiaLiseBrowser(NotaDeCreditoJesTest.java:32)
]]></failure>
    <system-out><![CDATA[null
]]></system-out>
  </testcase>
  <testcase name="notaDeCreditoJes" classname="com.mkyong.buson.jes.NotaDeCreditoJesTest" time="0">
    <skipped/>
  </testcase>
  <testcase name="closeBrowser" classname="com.mkyong.buson.jes.NotaDeCreditoJesTest" time="0">
    <skipped/>
  </testcase>
  <testcase name="initiaLiseBrowser" classname="com.mkyong.buson.jes.PagoEnEspeciesJesTest" time="1.445">
    <failure type="java.lang.NullPointerException"><![CDATA[java.lang.NullPointerException
	at com.mkyong.buson.jes.PagoEnEspeciesJesTest.initiaLiseBrowser(PagoEnEspeciesJesTest.java:31)
]]></failure>
    <system-out><![CDATA[null
]]></system-out>
  </testcase>
  <testcase name="pagoEnEspeciesJes" classname="com.mkyong.buson.jes.PagoEnEspeciesJesTest" time="0">
    <skipped/>
  </testcase>
  <testcase name="closeBrowser" classname="com.mkyong.buson.jes.PagoEnEspeciesJesTest" time="0">
    <skipped/>
  </testcase>
  <testcase name="initiaLiseBrowser" classname="com.mkyong.buson.jes.VehiculosUsadosJesTest" time="1.45">
    <failure type="java.lang.NullPointerException"><![CDATA[java.lang.NullPointerException
	at com.mkyong.buson.jes.VehiculosUsadosJesTest.initiaLiseBrowser(VehiculosUsadosJesTest.java:31)
]]></failure>
    <system-out><![CDATA[null
]]></system-out>
  </testcase>
  <testcase name="vehiculosUsadosJes" classname="com.mkyong.buson.jes.VehiculosUsadosJesTest" time="0">
    <skipped/>
  </testcase>
  <testcase name="closeBrowser" classname="com.mkyong.buson.jes.VehiculosUsadosJesTest" time="0">
    <skipped/>
  </testcase>
  <testcase name="initiaLiseBrowser" classname="com.mkyong.buson.jes.ObrasDeArteYAtenguedadJesTest" time="1.455">
    <failure type="java.lang.NullPointerException"><![CDATA[java.lang.NullPointerException
	at com.mkyong.buson.jes.ObrasDeArteYAtenguedadJesTest.initiaLiseBrowser(ObrasDeArteYAtenguedadJesTest.java:34)
]]></failure>
    <system-out><![CDATA[null
]]></system-out>
  </testcase>
  <testcase name="obrasArtesAnteguedadJes" classname="com.mkyong.buson.jes.ObrasDeArteYAtenguedadJesTest" time="0">
    <skipped/>
  </testcase>
  <testcase name="closeBrowser" classname="com.mkyong.buson.jes.ObrasDeArteYAtenguedadJesTest" time="0">
    <skipped/>
  </testcase>
  <testcase name="initiaLiseBrowser" classname="com.mkyong.buson.jes.detail.FacturaBasicaJesDetailTest" time="1.459">
    <failure type="java.lang.NullPointerException"><![CDATA[java.lang.NullPointerException
	at com.mkyong.buson.jes.detail.FacturaBasicaJesDetailTest.initiaLiseBrowser(FacturaBasicaJesDetailTest.java:33)
]]></failure>
    <system-out><![CDATA[null
]]></system-out>
  </testcase>
  <testcase name="initiaLiseBrowser" classname="com.mkyong.buson.jes.detail.FacturaBasicaJesDetailTest" time="1.556">
    <failure type="java.lang.NullPointerException"><![CDATA[java.lang.NullPointerException
	at com.mkyong.buson.jes.detail.FacturaBasicaJesDetailTest.initiaLiseBrowser(FacturaBasicaJesDetailTest.java:33)
]]></failure>
    <system-out><![CDATA[null
]]></system-out>
  </testcase>
  <testcase name="facturaBasicaDetailJes" classname="com.mkyong.buson.jes.detail.FacturaBasicaJesDetailTest" time="0">
    <skipped/>
  </testcase>
  <testcase name="facturaBasicaDetailJes" classname="com.mkyong.buson.jes.detail.FacturaBasicaJesDetailTest" time="0">
    <skipped/>
  </testcase>
  <testcase name="closeBrowser" classname="com.mkyong.buson.jes.detail.FacturaBasicaJesDetailTest" time="0">
    <skipped/>
  </testcase>
  <testcase name="closeBrowser" classname="com.mkyong.buson.jes.detail.FacturaBasicaJesDetailTest" time="0">
    <skipped/>
  </testcase>
  <testcase name="initiaLiseBrowser" classname="com.mkyong.conector.jes.FacturaBasicaJesTest" time="1.468">
    <failure type="java.lang.NullPointerException"><![CDATA[java.lang.NullPointerException
	at com.mkyong.conector.jes.FacturaBasicaJesTest.initiaLiseBrowser(FacturaBasicaJesTest.java:31)
]]></failure>
    <system-out><![CDATA[null
]]></system-out>
  </testcase>
  <testcase name="basePageNavigation" classname="com.mkyong.conector.jes.FacturaBasicaJesTest" time="0">
    <skipped/>
  </testcase>
  <testcase name="closeBrowser" classname="com.mkyong.conector.jes.FacturaBasicaJesTest" time="0">
    <skipped/>
  </testcase>
  <testcase name="initiaLiseBrowser" classname="com.mkyong.conector.jes.FacturaCartaPorteJesTest" time="1.473">
    <failure type="java.lang.NullPointerException"><![CDATA[java.lang.NullPointerException
	at com.mkyong.conector.jes.FacturaCartaPorteJesTest.initiaLiseBrowser(FacturaCartaPorteJesTest.java:34)
]]></failure>
    <system-out><![CDATA[null
]]></system-out>
  </testcase>
  <testcase name="basePageNavigation" classname="com.mkyong.conector.jes.FacturaCartaPorteJesTest" time="0">
    <skipped/>
  </testcase>
  <testcase name="closeBrowser" classname="com.mkyong.conector.jes.FacturaCartaPorteJesTest" time="0">
    <skipped/>
  </testcase>
  <testcase name="initiaLiseBrowser" classname="com.mkyong.conector.jes.FacturaDetallistaJesTest" time="1.479">
    <failure type="java.lang.NullPointerException"><![CDATA[java.lang.NullPointerException
	at com.mkyong.conector.jes.FacturaDetallistaJesTest.initiaLiseBrowser(FacturaDetallistaJesTest.java:31)
]]></failure>
    <system-out><![CDATA[null
]]></system-out>
  </testcase>
  <testcase name="basePageNavigation" classname="com.mkyong.conector.jes.FacturaDetallistaJesTest" time="0">
    <skipped/>
  </testcase>
  <testcase name="closeBrowser" classname="com.mkyong.conector.jes.FacturaDetallistaJesTest" time="0">
    <skipped/>
  </testcase>
  <testcase name="initiaLiseBrowser" classname="com.mkyong.conector.jes.TuristaPasajeroExtranjeroJesTest" time="1.483">
    <failure type="java.lang.NullPointerException"><![CDATA[java.lang.NullPointerException
	at com.mkyong.conector.jes.TuristaPasajeroExtranjeroJesTest.initiaLiseBrowser(TuristaPasajeroExtranjeroJesTest.java:30)
]]></failure>
    <system-out><![CDATA[null
]]></system-out>
  </testcase>
  <testcase name="basePageNavigation" classname="com.mkyong.conector.jes.TuristaPasajeroExtranjeroJesTest" time="0">
    <skipped/>
  </testcase>
  <testcase name="closeBrowser" classname="com.mkyong.conector.jes.TuristaPasajeroExtranjeroJesTest" time="0">
    <skipped/>
  </testcase>
  <testcase name="initiaLiseBrowser" classname="com.mkyong.conector.jes.PagoEnEspeciesJesTest" time="1.488">
    <failure type="java.lang.NullPointerException"><![CDATA[java.lang.NullPointerException
	at com.mkyong.conector.jes.PagoEnEspeciesJesTest.initiaLiseBrowser(PagoEnEspeciesJesTest.java:31)
]]></failure>
    <system-out><![CDATA[null
]]></system-out>
  </testcase>
  <testcase name="basePageNavigation" classname="com.mkyong.conector.jes.PagoEnEspeciesJesTest" time="0">
    <skipped/>
  </testcase>
  <testcase name="closeBrowser" classname="com.mkyong.conector.jes.PagoEnEspeciesJesTest" time="0">
    <skipped/>
  </testcase>
  <testcase name="initiaLiseBrowser" classname="com.mkyong.conciliacion.conector.ConciliacionTest10" time="1.492">
    <failure type="java.lang.NullPointerException"><![CDATA[java.lang.NullPointerException
	at com.mkyong.conciliacion.conector.ConciliacionTest10.initiaLiseBrowser(ConciliacionTest10.java:37)
]]></failure>
    <system-out><![CDATA[null
]]></system-out>
  </testcase>
  <testcase name="conciliacionFiscal1" classname="com.mkyong.conciliacion.conector.ConciliacionTest10" time="0">
    <skipped/>
  </testcase>
  <testcase name="closeBrowser" classname="com.mkyong.conciliacion.conector.ConciliacionTest10" time="0">
    <skipped/>
  </testcase>
  <testcase name="initiaLiseBrowser" classname="com.mkyong.conciliacion.conector.ConciliacionTest11" time="1.5">
    <failure type="java.lang.NullPointerException"><![CDATA[java.lang.NullPointerException
	at com.mkyong.conciliacion.conector.ConciliacionTest11.initiaLiseBrowser(ConciliacionTest11.java:38)
]]></failure>
    <system-out><![CDATA[null
]]></system-out>
  </testcase>
  <testcase name="conciliacionFiscal1" classname="com.mkyong.conciliacion.conector.ConciliacionTest11" time="0">
    <skipped/>
  </testcase>
  <testcase name="closeBrowser" classname="com.mkyong.conciliacion.conector.ConciliacionTest11" time="0">
    <skipped/>
  </testcase>
  <testcase name="initiaLiseBrowser" classname="com.mkyong.conciliacion.conector.ConciliacionTest13" time="1.506">
    <failure type="java.lang.NullPointerException"><![CDATA[java.lang.NullPointerException
	at com.mkyong.conciliacion.conector.ConciliacionTest13.initiaLiseBrowser(ConciliacionTest13.java:36)
]]></failure>
    <system-out><![CDATA[null
]]></system-out>
  </testcase>
  <testcase name="conciliacionFiscal1" classname="com.mkyong.conciliacion.conector.ConciliacionTest13" time="0">
    <skipped/>
  </testcase>
  <testcase name="closeBrowser" classname="com.mkyong.conciliacion.conector.ConciliacionTest13" time="0">
    <skipped/>
  </testcase>
  <testcase name="initiaLiseBrowser" classname="com.mkyong.conciliacion.conector.ConciliacionTest3" time="1.51">
    <failure type="java.lang.NullPointerException"><![CDATA[java.lang.NullPointerException
	at com.mkyong.conciliacion.conector.ConciliacionTest3.initiaLiseBrowser(ConciliacionTest3.java:36)
]]></failure>
    <system-out><![CDATA[null
]]></system-out>
  </testcase>
  <testcase name="conciliacionFiscal3" classname="com.mkyong.conciliacion.conector.ConciliacionTest3" time="0">
    <skipped/>
  </testcase>
  <testcase name="closeBrowser" classname="com.mkyong.conciliacion.conector.ConciliacionTest3" time="0">
    <skipped/>
  </testcase>
  <testcase name="initiaLiseBrowser" classname="com.mkyong.conciliacion.conector.ConciliacionTest4" time="1.513">
    <failure type="java.lang.NullPointerException"><![CDATA[java.lang.NullPointerException
	at com.mkyong.conciliacion.conector.ConciliacionTest4.initiaLiseBrowser(ConciliacionTest4.java:36)
]]></failure>
    <system-out><![CDATA[null
]]></system-out>
  </testcase>
  <testcase name="conciliacionFiscal1" classname="com.mkyong.conciliacion.conector.ConciliacionTest4" time="0">
    <skipped/>
  </testcase>
  <testcase name="closeBrowser" classname="com.mkyong.conciliacion.conector.ConciliacionTest4" time="0">
    <skipped/>
  </testcase>
  <testcase name="initiaLiseBrowser" classname="com.mkyong.conciliacion.conector.ConciliacionTest5" time="1.515">
    <failure type="java.lang.NullPointerException"><![CDATA[java.lang.NullPointerException
	at com.mkyong.conciliacion.conector.ConciliacionTest5.initiaLiseBrowser(ConciliacionTest5.java:36)
]]></failure>
    <system-out><![CDATA[null
]]></system-out>
  </testcase>
  <testcase name="conciliacionFiscal1" classname="com.mkyong.conciliacion.conector.ConciliacionTest5" time="0">
    <skipped/>
  </testcase>
  <testcase name="closeBrowser" classname="com.mkyong.conciliacion.conector.ConciliacionTest5" time="0">
    <skipped/>
  </testcase>
  <testcase name="initiaLiseBrowser" classname="com.mkyong.conciliacion.conector.ConciliacionTest62" time="1.519">
    <failure type="java.lang.NullPointerException"><![CDATA[java.lang.NullPointerException
	at com.mkyong.conciliacion.conector.ConciliacionTest62.initiaLiseBrowser(ConciliacionTest62.java:36)
]]></failure>
    <system-out><![CDATA[null
]]></system-out>
  </testcase>
  <testcase name="conciliacionFiscal1" classname="com.mkyong.conciliacion.conector.ConciliacionTest62" time="0">
    <skipped/>
  </testcase>
  <testcase name="closeBrowser" classname="com.mkyong.conciliacion.conector.ConciliacionTest62" time="0">
    <skipped/>
  </testcase>
  <testcase name="initiaLiseBrowser" classname="com.mkyong.conciliacion.conector.ConciliacionTest32" time="1.523">
    <failure type="java.lang.NullPointerException"><![CDATA[java.lang.NullPointerException
	at com.mkyong.conciliacion.conector.ConciliacionTest32.initiaLiseBrowser(ConciliacionTest32.java:38)
]]></failure>
    <system-out><![CDATA[null
]]></system-out>
  </testcase>
  <testcase name="conciliacionFiscal1" classname="com.mkyong.conciliacion.conector.ConciliacionTest32" time="0">
    <skipped/>
  </testcase>
  <testcase name="closeBrowser" classname="com.mkyong.conciliacion.conector.ConciliacionTest32" time="0">
    <skipped/>
  </testcase>
  <testcase name="initiaLiseBrowser" classname="com.mkyong.conciliacion.conector.ConciliacionTest33" time="1.526">
    <failure type="java.lang.NullPointerException"><![CDATA[java.lang.NullPointerException
	at com.mkyong.conciliacion.conector.ConciliacionTest33.initiaLiseBrowser(ConciliacionTest33.java:36)
]]></failure>
    <system-out><![CDATA[null
]]></system-out>
  </testcase>
  <testcase name="conciliacionFiscal1" classname="com.mkyong.conciliacion.conector.ConciliacionTest33" time="0">
    <skipped/>
  </testcase>
  <testcase name="closeBrowser" classname="com.mkyong.conciliacion.conector.ConciliacionTest33" time="0">
    <skipped/>
  </testcase>
  <testcase name="initiaLiseBrowser" classname="com.mkyong.conciliacion.conector.ConciliacionTest34" time="1.529">
    <failure type="java.lang.NullPointerException"><![CDATA[java.lang.NullPointerException
	at com.mkyong.conciliacion.conector.ConciliacionTest34.initiaLiseBrowser(ConciliacionTest34.java:38)
]]></failure>
    <system-out><![CDATA[null
]]></system-out>
  </testcase>
  <testcase name="conciliacionFiscal1" classname="com.mkyong.conciliacion.conector.ConciliacionTest34" time="0">
    <skipped/>
  </testcase>
  <testcase name="closeBrowser" classname="com.mkyong.conciliacion.conector.ConciliacionTest34" time="0">
    <skipped/>
  </testcase>
  <testcase name="initiaLiseBrowser" classname="com.mkyong.conciliacion.conector.ConciliacionTest63" time="1.533">
    <failure type="java.lang.NullPointerException"><![CDATA[java.lang.NullPointerException
	at com.mkyong.conciliacion.conector.ConciliacionTest63.initiaLiseBrowser(ConciliacionTest63.java:36)
]]></failure>
    <system-out><![CDATA[null
]]></system-out>
  </testcase>
  <testcase name="conciliacionFiscal1" classname="com.mkyong.conciliacion.conector.ConciliacionTest63" time="0">
    <skipped/>
  </testcase>
  <testcase name="closeBrowser" classname="com.mkyong.conciliacion.conector.ConciliacionTest63" time="0">
    <skipped/>
  </testcase>
  <testcase name="initiaLiseBrowser" classname="com.mkyong.conciliacion.conector.ConciliacionTest64" time="1.54">
    <failure type="java.lang.NullPointerException"><![CDATA[java.lang.NullPointerException
	at com.mkyong.conciliacion.conector.ConciliacionTest64.initiaLiseBrowser(ConciliacionTest64.java:36)
]]></failure>
    <system-out><![CDATA[null
]]></system-out>
  </testcase>
  <testcase name="conciliacionFiscal1" classname="com.mkyong.conciliacion.conector.ConciliacionTest64" time="0">
    <skipped/>
  </testcase>
  <testcase name="closeBrowser" classname="com.mkyong.conciliacion.conector.ConciliacionTest64" time="0">
    <skipped/>
  </testcase>
  <testcase name="initiaLiseBrowser" classname="com.mkyong.conciliacion.conector.ConciliacionTest65" time="1.544">
    <failure type="java.lang.NullPointerException"><![CDATA[java.lang.NullPointerException
	at com.mkyong.conciliacion.conector.ConciliacionTest65.initiaLiseBrowser(ConciliacionTest65.java:36)
]]></failure>
    <system-out><![CDATA[null
]]></system-out>
  </testcase>
  <testcase name="conciliacionFiscal1" classname="com.mkyong.conciliacion.conector.ConciliacionTest65" time="0">
    <skipped/>
  </testcase>
  <testcase name="closeBrowser" classname="com.mkyong.conciliacion.conector.ConciliacionTest65" time="0">
    <skipped/>
  </testcase>
  <testcase name="initiaLiseBrowser" classname="com.mkyong.buson.jes.detail.DonativosJesDetailTest" time="1.55">
    <failure type="java.lang.NullPointerException"><![CDATA[java.lang.NullPointerException
	at com.mkyong.buson.jes.detail.DonativosJesDetailTest.initiaLiseBrowser(DonativosJesDetailTest.java:35)
]]></failure>
    <system-out><![CDATA[null
]]></system-out>
  </testcase>
  <testcase name="donativosDetailJes" classname="com.mkyong.buson.jes.detail.DonativosJesDetailTest" time="0">
    <skipped/>
  </testcase>
  <testcase name="closeBrowser" classname="com.mkyong.buson.jes.detail.DonativosJesDetailTest" time="0">
    <skipped/>
  </testcase>
  <testcase name="initiaLiseBrowser" classname="com.mkyong.buson.jes.detail.FacturaAdendaMultiAssistenciaJesDetailTest" time="1.553">
    <failure type="java.lang.NullPointerException"><![CDATA[java.lang.NullPointerException
	at com.mkyong.buson.jes.detail.FacturaAdendaMultiAssistenciaJesDetailTest.initiaLiseBrowser(FacturaAdendaMultiAssistenciaJesDetailTest.java:34)
]]></failure>
    <system-out><![CDATA[null
]]></system-out>
  </testcase>
  <testcase name="facturaAdendaMultAssistDetailJes" classname="com.mkyong.buson.jes.detail.FacturaAdendaMultiAssistenciaJesDetailTest" time="0">
    <skipped/>
  </testcase>
  <testcase name="closeBrowser" classname="com.mkyong.buson.jes.detail.FacturaAdendaMultiAssistenciaJesDetailTest" time="0">
    <skipped/>
  </testcase>
  <testcase name="initiaLiseBrowser" classname="com.mkyong.buson.jes.detail.FacturaCartaPorteJesDetailTest" time="1.559">
    <failure type="java.lang.NullPointerException"><![CDATA[java.lang.NullPointerException
	at com.mkyong.buson.jes.detail.FacturaCartaPorteJesDetailTest.initiaLiseBrowser(FacturaCartaPorteJesDetailTest.java:36)
]]></failure>
    <system-out><![CDATA[null
]]></system-out>
  </testcase>
  <testcase name="facturaCartaPorteDetailJes" classname="com.mkyong.buson.jes.detail.FacturaCartaPorteJesDetailTest" time="0">
    <skipped/>
  </testcase>
  <testcase name="closeBrowser" classname="com.mkyong.buson.jes.detail.FacturaCartaPorteJesDetailTest" time="0">
    <skipped/>
  </testcase>
  <testcase name="initiaLiseBrowser" classname="com.mkyong.buson.jes.detail.FacturaPagoJesDetailTest" time="1.562">
    <failure type="java.lang.NullPointerException"><![CDATA[java.lang.NullPointerException
	at com.mkyong.buson.jes.detail.FacturaPagoJesDetailTest.initiaLiseBrowser(FacturaPagoJesDetailTest.java:34)
]]></failure>
    <system-out><![CDATA[null
]]></system-out>
  </testcase>
  <testcase name="facturaPagoDetailJes" classname="com.mkyong.buson.jes.detail.FacturaPagoJesDetailTest" time="0">
    <skipped/>
  </testcase>
  <testcase name="closeBrowser" classname="com.mkyong.buson.jes.detail.FacturaPagoJesDetailTest" time="0">
    <skipped/>
  </testcase>
  <testcase name="initiaLiseBrowser" classname="com.mkyong.buson.jes.detail.ImpuestosLocalesJesDetailTest" time="1.567">
    <failure type="java.lang.NullPointerException"><![CDATA[java.lang.NullPointerException
	at com.mkyong.buson.jes.detail.ImpuestosLocalesJesDetailTest.initiaLiseBrowser(ImpuestosLocalesJesDetailTest.java:37)
]]></failure>
    <system-out><![CDATA[null
]]></system-out>
  </testcase>
  <testcase name="impuestosLocalesDetailJes" classname="com.mkyong.buson.jes.detail.ImpuestosLocalesJesDetailTest" time="0">
    <skipped/>
  </testcase>
  <testcase name="closeBrowser" classname="com.mkyong.buson.jes.detail.ImpuestosLocalesJesDetailTest" time="0">
    <skipped/>
  </testcase>
  <testcase name="initiaLiseBrowser" classname="com.mkyong.buson.jes.detail.INEJesDetailTest" time="1.57">
    <failure type="java.lang.NullPointerException"><![CDATA[java.lang.NullPointerException
	at com.mkyong.buson.jes.detail.INEJesDetailTest.initiaLiseBrowser(INEJesDetailTest.java:34)
]]></failure>
    <system-out><![CDATA[null
]]></system-out>
  </testcase>
  <testcase name="ineDetailJes" classname="com.mkyong.buson.jes.detail.INEJesDetailTest" time="0">
    <skipped/>
  </testcase>
  <testcase name="closeBrowser" classname="com.mkyong.buson.jes.detail.INEJesDetailTest" time="0">
    <skipped/>
  </testcase>
  <testcase name="initiaLiseBrowser" classname="com.mkyong.buson.jes.detail.InstituicionesEducativasJesDetailTest" time="1.574">
    <failure type="java.lang.NullPointerException"><![CDATA[java.lang.NullPointerException
	at com.mkyong.buson.jes.detail.InstituicionesEducativasJesDetailTest.initiaLiseBrowser(InstituicionesEducativasJesDetailTest.java:34)
]]></failure>
    <system-out><![CDATA[null
]]></system-out>
  </testcase>
  <testcase name="instituicionesEducativasDetailJes" classname="com.mkyong.buson.jes.detail.InstituicionesEducativasJesDetailTest" time="0">
    <skipped/>
  </testcase>
  <testcase name="closeBrowser" classname="com.mkyong.buson.jes.detail.InstituicionesEducativasJesDetailTest" time="0">
    <skipped/>
  </testcase>
  <testcase name="initiaLiseBrowser" classname="com.mkyong.buson.jes.detail.LeyendasFiscalesJesDetailTest" time="1.578">
    <failure type="java.lang.NullPointerException"><![CDATA[java.lang.NullPointerException
	at com.mkyong.buson.jes.detail.LeyendasFiscalesJesDetailTest.initiaLiseBrowser(LeyendasFiscalesJesDetailTest.java:35)
]]></failure>
    <system-out><![CDATA[null
]]></system-out>
  </testcase>
  <testcase name="leyendasFiscalesDetailJes" classname="com.mkyong.buson.jes.detail.LeyendasFiscalesJesDetailTest" time="0">
    <skipped/>
  </testcase>
  <testcase name="closeBrowser" classname="com.mkyong.buson.jes.detail.LeyendasFiscalesJesDetailTest" time="0">
    <skipped/>
  </testcase>
  <testcase name="initiaLiseBrowser" classname="com.mkyong.buson.jes.detail.NotaDeCreditoJesDetailTest" time="1.582">
    <failure type="java.lang.NullPointerException"><![CDATA[java.lang.NullPointerException
	at com.mkyong.buson.jes.detail.NotaDeCreditoJesDetailTest.initiaLiseBrowser(NotaDeCreditoJesDetailTest.java:35)
]]></failure>
    <system-out><![CDATA[null
]]></system-out>
  </testcase>
  <testcase name="notaDeCreditoDetailJes" classname="com.mkyong.buson.jes.detail.NotaDeCreditoJesDetailTest" time="0">
    <skipped/>
  </testcase>
  <testcase name="closeBrowser" classname="com.mkyong.buson.jes.detail.NotaDeCreditoJesDetailTest" time="0">
    <skipped/>
  </testcase>
  <testcase name="initiaLiseBrowser" classname="com.mkyong.buson.jes.detail.NotariosPublicosJesDetailTest" time="1.586">
    <failure type="java.lang.NullPointerException"><![CDATA[java.lang.NullPointerException
	at com.mkyong.buson.jes.detail.NotariosPublicosJesDetailTest.initiaLiseBrowser(NotariosPublicosJesDetailTest.java:35)
]]></failure>
    <system-out><![CDATA[null
]]></system-out>
  </testcase>
  <testcase name="notariosPublicosDetailJes" classname="com.mkyong.buson.jes.detail.NotariosPublicosJesDetailTest" time="0">
    <skipped/>
  </testcase>
  <testcase name="closeBrowser" classname="com.mkyong.buson.jes.detail.NotariosPublicosJesDetailTest" time="0">
    <skipped/>
  </testcase>
  <testcase name="initiaLiseBrowser" classname="com.mkyong.buson.jes.detail.VehiculosUsadosJesDetailTest" time="1.59">
    <failure type="java.lang.NullPointerException"><![CDATA[java.lang.NullPointerException
	at com.mkyong.buson.jes.detail.VehiculosUsadosJesDetailTest.initiaLiseBrowser(VehiculosUsadosJesDetailTest.java:35)
]]></failure>
    <system-out><![CDATA[null
]]></system-out>
  </testcase>
  <testcase name="vehiculosUsadosDetailJes" classname="com.mkyong.buson.jes.detail.VehiculosUsadosJesDetailTest" time="0">
    <skipped/>
  </testcase>
  <testcase name="closeBrowser" classname="com.mkyong.buson.jes.detail.VehiculosUsadosJesDetailTest" time="0">
    <skipped/>
  </testcase>
</testsuite>