<?xml version="1.0" encoding="UTF-8" ?>
<testsuite tests="1026" failures="1" name="TestSuite" time="1,514.654" errors="0" skipped="1025">
  <properties>
    <property name="java.runtime.name" value="Java(TM) SE Runtime Environment"/>
    <property name="sun.boot.library.path" value="/Library/Java/JavaVirtualMachines/jdk1.8.0_251.jdk/Contents/Home/jre/lib"/>
    <property name="java.vm.version" value="25.251-b08"/>
    <property name="browser" value="headless"/>
    <property name="gopherProxySet" value="false"/>
    <property name="java.vm.vendor" value="Oracle Corporation"/>
    <property name="maven.multiModuleProjectDirectory" value="/Users/lisandrosilva/Com.Diverza.project1"/>
    <property name="java.vendor.url" value="http://java.oracle.com/"/>
    <property name="path.separator" value=":"/>
    <property name="guice.disable.misplaced.annotation.check" value="true"/>
    <property name="java.vm.name" value="Java HotSpot(TM) 64-Bit Server VM"/>
    <property name="file.encoding.pkg" value="sun.io"/>
    <property name="user.country" value="US"/>
    <property name="sun.java.launcher" value="SUN_STANDARD"/>
    <property name="sun.os.patch.level" value="unknown"/>
    <property name="java.vm.specification.name" value="Java Virtual Machine Specification"/>
    <property name="user.dir" value="/Users/lisandrosilva/Com.Diverza.project1"/>
    <property name="java.runtime.version" value="1.8.0_251-b08"/>
    <property name="java.awt.graphicsenv" value="sun.awt.CGraphicsEnvironment"/>
    <property name="java.endorsed.dirs" value="/Library/Java/JavaVirtualMachines/jdk1.8.0_251.jdk/Contents/Home/jre/lib/endorsed"/>
    <property name="os.arch" value="x86_64"/>
    <property name="java.io.tmpdir" value="/var/folders/zd/xs0gg_pd7494tl1x6ptzthxh0000gq/T/"/>
    <property name="line.separator" value="
"/>
    <property name="java.vm.specification.vendor" value="Oracle Corporation"/>
    <property name="os.name" value="Mac OS X"/>
    <property name="classworlds.conf" value="/usr/local/Cellar/maven/3.6.3/libexec/bin/m2.conf"/>
    <property name="sun.jnu.encoding" value="UTF-8"/>
    <property name="java.library.path" value="/Users/lisandrosilva/Library/Java/Extensions:/Library/Java/Extensions:/Network/Library/Java/Extensions:/System/Library/Java/Extensions:/usr/lib/java:."/>
    <property name="maven.conf" value="/usr/local/Cellar/maven/3.6.3/libexec/conf"/>
    <property name="java.specification.name" value="Java Platform API Specification"/>
    <property name="java.class.version" value="52.0"/>
    <property name="sun.management.compiler" value="HotSpot 64-Bit Tiered Compilers"/>
    <property name="os.version" value="10.15.6"/>
    <property name="library.jansi.path" value="/usr/local/Cellar/maven/3.6.3/libexec/lib/jansi-native"/>
    <property name="http.nonProxyHosts" value="local|*.local|169.254/16|*.169.254/16"/>
    <property name="user.home" value="/Users/lisandrosilva"/>
    <property name="user.timezone" value="America/Monterrey"/>
    <property name="java.awt.printerjob" value="sun.lwawt.macosx.CPrinterJob"/>
    <property name="java.specification.version" value="1.8"/>
    <property name="file.encoding" value="UTF-8"/>
    <property name="user.name" value="lisandrosilva"/>
    <property name="java.class.path" value="/usr/local/Cellar/maven/3.6.3/libexec/boot/plexus-classworlds-2.6.0.jar"/>
    <property name="java.vm.specification.version" value="1.8"/>
    <property name="sun.arch.data.model" value="64"/>
    <property name="java.home" value="/Library/Java/JavaVirtualMachines/jdk1.8.0_251.jdk/Contents/Home/jre"/>
    <property name="sun.java.command" value="org.codehaus.plexus.classworlds.launcher.Launcher test -Dbrowser=headless"/>
    <property name="java.specification.vendor" value="Oracle Corporation"/>
    <property name="user.language" value="en"/>
    <property name="awt.toolkit" value="sun.lwawt.macosx.LWCToolkit"/>
    <property name="java.vm.info" value="mixed mode"/>
    <property name="java.version" value="1.8.0_251"/>
    <property name="java.ext.dirs" value="/Users/lisandrosilva/Library/Java/Extensions:/Library/Java/JavaVirtualMachines/jdk1.8.0_251.jdk/Contents/Home/jre/lib/ext:/Library/Java/Extensions:/Network/Library/Java/Extensions:/System/Library/Java/Extensions:/usr/lib/java"/>
    <property name="sun.boot.class.path" value="/Library/Java/JavaVirtualMachines/jdk1.8.0_251.jdk/Contents/Home/jre/lib/resources.jar:/Library/Java/JavaVirtualMachines/jdk1.8.0_251.jdk/Contents/Home/jre/lib/rt.jar:/Library/Java/JavaVirtualMachines/jdk1.8.0_251.jdk/Contents/Home/jre/lib/sunrsasign.jar:/Library/Java/JavaVirtualMachines/jdk1.8.0_251.jdk/Contents/Home/jre/lib/jsse.jar:/Library/Java/JavaVirtualMachines/jdk1.8.0_251.jdk/Contents/Home/jre/lib/jce.jar:/Library/Java/JavaVirtualMachines/jdk1.8.0_251.jdk/Contents/Home/jre/lib/charsets.jar:/Library/Java/JavaVirtualMachines/jdk1.8.0_251.jdk/Contents/Home/jre/lib/jfr.jar:/Library/Java/JavaVirtualMachines/jdk1.8.0_251.jdk/Contents/Home/jre/classes"/>
    <property name="java.vendor" value="Oracle Corporation"/>
    <property name="maven.home" value="/usr/local/Cellar/maven/3.6.3/libexec"/>
    <property name="file.separator" value="/"/>
    <property name="java.vendor.url.bug" value="http://bugreport.sun.com/bugreport/"/>
    <property name="sun.cpu.endian" value="little"/>
    <property name="sun.io.unicode.encoding" value="UnicodeBig"/>
    <property name="socksNonProxyHosts" value="local|*.local|169.254/16|*.169.254/16"/>
    <property name="ftp.nonProxyHosts" value="local|*.local|169.254/16|*.169.254/16"/>
    <property name="sun.cpu.isalist" value=""/>
  </properties>
  <testcase classname="com.mkyong.boveda.BovedaTest" name="initiaLiseBrowser" time="0.884">
    <failure type="java.lang.NullPointerException">java.lang.NullPointerException
	at resources.base.initializeDriver(base.java:78)
	at com.mkyong.boveda.BovedaTest.initiaLiseBrowser(BovedaTest.java:36)
</failure>
    <system-out>Configuring TestNG with: org.apache.maven.surefire.testng.conf.TestNG652Configurator@26f67b76
headless
</system-out>
  </testcase>
  <testcase classname="com.mkyong.boveda.BovedaTest" name="initiaLiseBrowser" time="0.888">
    <skipped/>
  </testcase>
  <testcase classname="com.mkyong.boveda.BovedaTest" name="initiaLiseBrowser" time="0.889">
    <skipped/>
  </testcase>
  <testcase classname="com.mkyong.boveda.BovedaTest" name="initiaLiseBrowser" time="0.889">
    <skipped/>
  </testcase>
  <testcase classname="com.mkyong.boveda.BovedaTest" name="initiaLiseBrowser" time="0.89">
    <skipped/>
  </testcase>
  <testcase classname="com.mkyong.boveda.BovedaTest" name="initiaLiseBrowser" time="0.89">
    <skipped/>
  </testcase>
  <testcase classname="com.mkyong.boveda.BovedaTest" name="initiaLiseBrowser" time="0.891">
    <skipped/>
  </testcase>
  <testcase classname="com.mkyong.boveda.BovedaTest" name="initiaLiseBrowser" time="0.892">
    <skipped/>
  </testcase>
  <testcase classname="com.mkyong.boveda.BovedaTest" name="initiaLiseBrowser" time="0.893">
    <skipped/>
  </testcase>
  <testcase classname="com.mkyong.boveda.BovedaTest" name="initiaLiseBrowser" time="0.894">
    <skipped/>
  </testcase>
  <testcase classname="com.mkyong.boveda.BovedaTest" name="initiaLiseBrowser" time="0.894">
    <skipped/>
  </testcase>
  <testcase classname="com.mkyong.boveda.BovedaTest" name="initiaLiseBrowser" time="0.895">
    <skipped/>
  </testcase>
  <testcase classname="com.mkyong.boveda.BovedaTest" name="initiaLiseBrowser" time="0.896">
    <skipped/>
  </testcase>
  <testcase classname="com.mkyong.boveda.BovedaTest" name="initiaLiseBrowser" time="0.897">
    <skipped/>
  </testcase>
  <testcase classname="com.mkyong.boveda.BovedaTest" name="initiaLiseBrowser" time="0.898">
    <skipped/>
  </testcase>
  <testcase classname="com.mkyong.boveda.BovedaTest" name="initiaLiseBrowser" time="0.899">
    <skipped/>
  </testcase>
  <testcase classname="com.mkyong.boveda.BovedaTest" name="initiaLiseBrowser" time="0.899">
    <skipped/>
  </testcase>
  <testcase classname="com.mkyong.boveda.BovedaTest" name="initiaLiseBrowser" time="0.9">
    <skipped/>
  </testcase>
  <testcase classname="com.mkyong.boveda.BovedaTest" name="initiaLiseBrowser" time="0.901">
    <skipped/>
  </testcase>
  <testcase classname="com.mkyong.boveda.BovedaTest" name="initiaLiseBrowser" time="0.902">
    <skipped/>
  </testcase>
  <testcase classname="com.mkyong.boveda.BovedaTest" name="initiaLiseBrowser" time="0.905">
    <skipped/>
  </testcase>
  <testcase classname="com.mkyong.boveda.BovedaTest" name="initiaLiseBrowser" time="0.905">
    <skipped/>
  </testcase>
  <testcase classname="com.mkyong.boveda.BovedaTest" name="initiaLiseBrowser" time="0.906">
    <skipped/>
  </testcase>
  <testcase classname="com.mkyong.boveda.BovedaTest" name="initiaLiseBrowser" time="0.907">
    <skipped/>
  </testcase>
  <testcase classname="com.mkyong.boveda.BovedaTest" name="initiaLiseBrowser" time="0.907">
    <skipped/>
  </testcase>
  <testcase classname="com.mkyong.boveda.BovedaTest" name="initiaLiseBrowser" time="0.908">
    <skipped/>
  </testcase>
  <testcase classname="com.mkyong.boveda.BovedaTest" name="initiaLiseBrowser" time="0.909">
    <skipped/>
  </testcase>
  <testcase classname="com.mkyong.boveda.BovedaTest" name="initiaLiseBrowser" time="0.909">
    <skipped/>
  </testcase>
  <testcase classname="com.mkyong.boveda.BovedaTest" name="initiaLiseBrowser" time="0.91">
    <skipped/>
  </testcase>
  <testcase classname="com.mkyong.boveda.BovedaTest" name="initiaLiseBrowser" time="0.911">
    <skipped/>
  </testcase>
  <testcase classname="com.mkyong.boveda.BovedaTest" name="initiaLiseBrowser" time="0.911">
    <skipped/>
  </testcase>
  <testcase classname="com.mkyong.boveda.BovedaTest" name="initiaLiseBrowser" time="0.912">
    <skipped/>
  </testcase>
  <testcase classname="com.mkyong.boveda.BovedaTest" name="initiaLiseBrowser" time="0.913">
    <skipped/>
  </testcase>
  <testcase classname="com.mkyong.boveda.BovedaTest" name="initiaLiseBrowser" time="0.914">
    <skipped/>
  </testcase>
  <testcase classname="com.mkyong.boveda.BovedaTest" name="initiaLiseBrowser" time="0.915">
    <skipped/>
  </testcase>
  <testcase classname="com.mkyong.boveda.BovedaTest" name="initiaLiseBrowser" time="0.916">
    <skipped/>
  </testcase>
  <testcase classname="com.mkyong.boveda.BovedaTest" name="initiaLiseBrowser" time="0.918">
    <skipped/>
  </testcase>
  <testcase classname="com.mkyong.boveda.BovedaTest" name="initiaLiseBrowser" time="0.919">
    <skipped/>
  </testcase>
  <testcase classname="com.mkyong.boveda.BovedaTest" name="initiaLiseBrowser" time="0.92">
    <skipped/>
  </testcase>
  <testcase classname="com.mkyong.boveda.BovedaTest" name="initiaLiseBrowser" time="0.922">
    <skipped/>
  </testcase>
  <testcase classname="com.mkyong.boveda.BovedaTest" name="initiaLiseBrowser" time="0.923">
    <skipped/>
  </testcase>
  <testcase classname="com.mkyong.boveda.BovedaTest" name="initiaLiseBrowser" time="0.924">
    <skipped/>
  </testcase>
  <testcase classname="com.mkyong.boveda.BovedaTest" name="initiaLiseBrowser" time="0.925">
    <skipped/>
  </testcase>
  <testcase classname="com.mkyong.boveda.BovedaTest" name="initiaLiseBrowser" time="0.925">
    <skipped/>
  </testcase>
  <testcase classname="com.mkyong.boveda.BovedaTest" name="initiaLiseBrowser" time="0.926">
    <skipped/>
  </testcase>
  <testcase classname="com.mkyong.boveda.BovedaTest" name="initiaLiseBrowser" time="0.927">
    <skipped/>
  </testcase>
  <testcase classname="com.mkyong.boveda.BovedaTest" name="initiaLiseBrowser" time="0.928">
    <skipped/>
  </testcase>
  <testcase classname="com.mkyong.boveda.BovedaTest" name="initiaLiseBrowser" time="0.929">
    <skipped/>
  </testcase>
  <testcase classname="com.mkyong.boveda.BovedaTest" name="initiaLiseBrowser" time="0.929">
    <skipped/>
  </testcase>
  <testcase classname="com.mkyong.boveda.BovedaTest" name="initiaLiseBrowser" time="0.93">
    <skipped/>
  </testcase>
  <testcase classname="com.mkyong.boveda.BovedaTest" name="initiaLiseBrowser" time="0.93">
    <skipped/>
  </testcase>
  <testcase classname="com.mkyong.boveda.BovedaTest" name="initiaLiseBrowser" time="0.931">
    <skipped/>
  </testcase>
  <testcase classname="com.mkyong.boveda.BovedaTest" name="initiaLiseBrowser" time="0.932">
    <skipped/>
  </testcase>
  <testcase classname="com.mkyong.boveda.BovedaTest" name="initiaLiseBrowser" time="0.932">
    <skipped/>
  </testcase>
  <testcase classname="com.mkyong.boveda.BovedaTest" name="initiaLiseBrowser" time="0.933">
    <skipped/>
  </testcase>
  <testcase classname="com.mkyong.boveda.BovedaTest" name="initiaLiseBrowser" time="0.933">
    <skipped/>
  </testcase>
  <testcase classname="com.mkyong.boveda.BovedaTest" name="initiaLiseBrowser" time="0.934">
    <skipped/>
  </testcase>
  <testcase classname="com.mkyong.boveda.BovedaTest" name="initiaLiseBrowser" time="0.935">
    <skipped/>
  </testcase>
  <testcase classname="com.mkyong.boveda.BovedaTest" name="initiaLiseBrowser" time="0.935">
    <skipped/>
  </testcase>
  <testcase classname="com.mkyong.boveda.BovedaTest" name="initiaLiseBrowser" time="0.936">
    <skipped/>
  </testcase>
  <testcase classname="com.mkyong.boveda.BovedaTest" name="initiaLiseBrowser" time="0.936">
    <skipped/>
  </testcase>
  <testcase classname="com.mkyong.boveda.BovedaTest" name="initiaLiseBrowser" time="0.937">
    <skipped/>
  </testcase>
  <testcase classname="com.mkyong.boveda.BovedaTest" name="initiaLiseBrowser" time="0.938">
    <skipped/>
  </testcase>
  <testcase classname="com.mkyong.boveda.BovedaTest" name="initiaLiseBrowser" time="0.94">
    <skipped/>
  </testcase>
  <testcase classname="com.mkyong.boveda.BovedaTest" name="initiaLiseBrowser" time="0.941">
    <skipped/>
  </testcase>
  <testcase classname="com.mkyong.boveda.BovedaTest" name="initiaLiseBrowser" time="0.942">
    <skipped/>
  </testcase>
  <testcase classname="com.mkyong.boveda.BovedaTest" name="initiaLiseBrowser" time="0.943">
    <skipped/>
  </testcase>
  <testcase classname="com.mkyong.boveda.BovedaTest" name="initiaLiseBrowser" time="0.944">
    <skipped/>
  </testcase>
  <testcase classname="com.mkyong.boveda.BovedaTest" name="initiaLiseBrowser" time="0.945">
    <skipped/>
  </testcase>
  <testcase classname="com.mkyong.boveda.BovedaTest" name="initiaLiseBrowser" time="0.946">
    <skipped/>
  </testcase>
  <testcase classname="com.mkyong.boveda.BovedaTest" name="initiaLiseBrowser" time="0.947">
    <skipped/>
  </testcase>
  <testcase classname="com.mkyong.boveda.BovedaTest" name="initiaLiseBrowser" time="0.947">
    <skipped/>
  </testcase>
  <testcase classname="com.mkyong.boveda.BovedaTest" name="initiaLiseBrowser" time="0.948">
    <skipped/>
  </testcase>
  <testcase classname="com.mkyong.boveda.BovedaTest" name="initiaLiseBrowser" time="0.949">
    <skipped/>
  </testcase>
  <testcase classname="com.mkyong.boveda.BovedaTest" name="initiaLiseBrowser" time="0.949">
    <skipped/>
  </testcase>
  <testcase classname="com.mkyong.boveda.BovedaTest" name="initiaLiseBrowser" time="0.95">
    <skipped/>
  </testcase>
  <testcase classname="com.mkyong.boveda.BovedaTest" name="initiaLiseBrowser" time="0.951">
    <skipped/>
  </testcase>
  <testcase classname="com.mkyong.boveda.BovedaTest" name="initiaLiseBrowser" time="0.951">
    <skipped/>
  </testcase>
  <testcase classname="com.mkyong.boveda.BovedaTest" name="initiaLiseBrowser" time="0.952">
    <skipped/>
  </testcase>
  <testcase classname="com.mkyong.boveda.BovedaTest" name="initiaLiseBrowser" time="0.952">
    <skipped/>
  </testcase>
  <testcase classname="com.mkyong.boveda.BovedaTest" name="initiaLiseBrowser" time="0.953">
    <skipped/>
  </testcase>
  <testcase classname="com.mkyong.boveda.BovedaTest" name="initiaLiseBrowser" time="0.954">
    <skipped/>
  </testcase>
  <testcase classname="com.mkyong.boveda.BovedaTest" name="initiaLiseBrowser" time="0.955">
    <skipped/>
  </testcase>
  <testcase classname="com.mkyong.boveda.BovedaTest" name="initiaLiseBrowser" time="0.955">
    <skipped/>
  </testcase>
  <testcase classname="com.mkyong.boveda.BovedaTest" name="initiaLiseBrowser" time="0.956">
    <skipped/>
  </testcase>
  <testcase classname="com.mkyong.boveda.BovedaTest" name="initiaLiseBrowser" time="0.957">
    <skipped/>
  </testcase>
  <testcase classname="com.mkyong.boveda.BovedaTest" name="initiaLiseBrowser" time="0.957">
    <skipped/>
  </testcase>
  <testcase classname="com.mkyong.boveda.BovedaTest" name="initiaLiseBrowser" time="0.958">
    <skipped/>
  </testcase>
  <testcase classname="com.mkyong.boveda.BovedaTest" name="initiaLiseBrowser" time="0.958">
    <skipped/>
  </testcase>
  <testcase classname="com.mkyong.boveda.BovedaTest" name="initiaLiseBrowser" time="0.959">
    <skipped/>
  </testcase>
  <testcase classname="com.mkyong.boveda.BovedaTest" name="initiaLiseBrowser" time="0.959">
    <skipped/>
  </testcase>
  <testcase classname="com.mkyong.boveda.BovedaTest" name="initiaLiseBrowser" time="0.96">
    <skipped/>
  </testcase>
  <testcase classname="com.mkyong.boveda.BovedaTest" name="initiaLiseBrowser" time="0.961">
    <skipped/>
  </testcase>
  <testcase classname="com.mkyong.boveda.BovedaTest" name="initiaLiseBrowser" time="0.961">
    <skipped/>
  </testcase>
  <testcase classname="com.mkyong.boveda.BovedaTest" name="initiaLiseBrowser" time="0.962">
    <skipped/>
  </testcase>
  <testcase classname="com.mkyong.boveda.BovedaTest" name="initiaLiseBrowser" time="0.962">
    <skipped/>
  </testcase>
  <testcase classname="com.mkyong.boveda.BovedaTest" name="initiaLiseBrowser" time="0.963">
    <skipped/>
  </testcase>
  <testcase classname="com.mkyong.boveda.BovedaTest" name="initiaLiseBrowser" time="0.964">
    <skipped/>
  </testcase>
  <testcase classname="com.mkyong.boveda.BovedaTest" name="initiaLiseBrowser" time="0.964">
    <skipped/>
  </testcase>
  <testcase classname="com.mkyong.boveda.BovedaTest" name="initiaLiseBrowser" time="0.965">
    <skipped/>
  </testcase>
  <testcase classname="com.mkyong.boveda.BovedaTest" name="initiaLiseBrowser" time="0.965">
    <skipped/>
  </testcase>
  <testcase classname="com.mkyong.boveda.BovedaTest" name="initiaLiseBrowser" time="0.966">
    <skipped/>
  </testcase>
  <testcase classname="com.mkyong.boveda.BovedaTest" name="initiaLiseBrowser" time="0.967">
    <skipped/>
  </testcase>
  <testcase classname="com.mkyong.boveda.BovedaTest" name="initiaLiseBrowser" time="0.967">
    <skipped/>
  </testcase>
  <testcase classname="com.mkyong.boveda.BovedaTest" name="initiaLiseBrowser" time="0.968">
    <skipped/>
  </testcase>
  <testcase classname="com.mkyong.boveda.BovedaTest" name="initiaLiseBrowser" time="0.969">
    <skipped/>
  </testcase>
  <testcase classname="com.mkyong.boveda.BovedaTest" name="initiaLiseBrowser" time="0.97">
    <skipped/>
  </testcase>
  <testcase classname="com.mkyong.boveda.BovedaTest" name="initiaLiseBrowser" time="0.97">
    <skipped/>
  </testcase>
  <testcase classname="com.mkyong.boveda.BovedaTest" name="initiaLiseBrowser" time="0.97">
    <skipped/>
  </testcase>
  <testcase classname="com.mkyong.boveda.BovedaTest" name="initiaLiseBrowser" time="0.971">
    <skipped/>
  </testcase>
  <testcase classname="com.mkyong.boveda.BovedaTest" name="initiaLiseBrowser" time="0.971">
    <skipped/>
  </testcase>
  <testcase classname="com.mkyong.boveda.BovedaTest" name="initiaLiseBrowser" time="0.972">
    <skipped/>
  </testcase>
  <testcase classname="com.mkyong.boveda.BovedaTest" name="initiaLiseBrowser" time="0.972">
    <skipped/>
  </testcase>
  <testcase classname="com.mkyong.boveda.BovedaTest" name="initiaLiseBrowser" time="0.972">
    <skipped/>
  </testcase>
  <testcase classname="com.mkyong.boveda.BovedaTest" name="initiaLiseBrowser" time="0.973">
    <skipped/>
  </testcase>
  <testcase classname="com.mkyong.boveda.BovedaTest" name="initiaLiseBrowser" time="0.973">
    <skipped/>
  </testcase>
  <testcase classname="com.mkyong.boveda.BovedaTest" name="initiaLiseBrowser" time="0.974">
    <skipped/>
  </testcase>
  <testcase classname="com.mkyong.boveda.BovedaTest" name="initiaLiseBrowser" time="0.974">
    <skipped/>
  </testcase>
  <testcase classname="com.mkyong.boveda.BovedaTest" name="initiaLiseBrowser" time="0.974">
    <skipped/>
  </testcase>
  <testcase classname="com.mkyong.boveda.BovedaTest" name="initiaLiseBrowser" time="0.975">
    <skipped/>
  </testcase>
  <testcase classname="com.mkyong.boveda.BovedaTest" name="initiaLiseBrowser" time="0.975">
    <skipped/>
  </testcase>
  <testcase classname="com.mkyong.boveda.BovedaTest" name="initiaLiseBrowser" time="0.976">
    <skipped/>
  </testcase>
  <testcase classname="com.mkyong.boveda.BovedaTest" name="initiaLiseBrowser" time="0.976">
    <skipped/>
  </testcase>
  <testcase classname="com.mkyong.boveda.BovedaTest" name="initiaLiseBrowser" time="0.977">
    <skipped/>
  </testcase>
  <testcase classname="com.mkyong.boveda.BovedaTest" name="initiaLiseBrowser" time="0.977">
    <skipped/>
  </testcase>
  <testcase classname="com.mkyong.boveda.BovedaTest" name="initiaLiseBrowser" time="0.978">
    <skipped/>
  </testcase>
  <testcase classname="com.mkyong.boveda.BovedaTest" name="initiaLiseBrowser" time="0.978">
    <skipped/>
  </testcase>
  <testcase classname="com.mkyong.boveda.BovedaTest" name="initiaLiseBrowser" time="0.98">
    <skipped/>
  </testcase>
  <testcase classname="com.mkyong.boveda.BovedaTest" name="initiaLiseBrowser" time="0.981">
    <skipped/>
  </testcase>
  <testcase classname="com.mkyong.boveda.BovedaTest" name="initiaLiseBrowser" time="0.982">
    <skipped/>
  </testcase>
  <testcase classname="com.mkyong.boveda.BovedaTest" name="initiaLiseBrowser" time="0.983">
    <skipped/>
  </testcase>
  <testcase classname="com.mkyong.boveda.BovedaTest" name="initiaLiseBrowser" time="0.983">
    <skipped/>
  </testcase>
  <testcase classname="com.mkyong.boveda.BovedaTest" name="initiaLiseBrowser" time="0.984">
    <skipped/>
  </testcase>
  <testcase classname="com.mkyong.boveda.BovedaTest" name="initiaLiseBrowser" time="0.984">
    <skipped/>
  </testcase>
  <testcase classname="com.mkyong.boveda.BovedaTest" name="initiaLiseBrowser" time="0.985">
    <skipped/>
  </testcase>
  <testcase classname="com.mkyong.boveda.BovedaTest" name="initiaLiseBrowser" time="0.986">
    <skipped/>
  </testcase>
  <testcase classname="com.mkyong.boveda.BovedaTest" name="initiaLiseBrowser" time="0.987">
    <skipped/>
  </testcase>
  <testcase classname="com.mkyong.boveda.BovedaTest" name="initiaLiseBrowser" time="0.987">
    <skipped/>
  </testcase>
  <testcase classname="com.mkyong.boveda.BovedaTest" name="initiaLiseBrowser" time="0.988">
    <skipped/>
  </testcase>
  <testcase classname="com.mkyong.boveda.BovedaTest" name="initiaLiseBrowser" time="0.988">
    <skipped/>
  </testcase>
  <testcase classname="com.mkyong.boveda.BovedaTest" name="initiaLiseBrowser" time="0.989">
    <skipped/>
  </testcase>
  <testcase classname="com.mkyong.boveda.BovedaTest" name="initiaLiseBrowser" time="0.99">
    <skipped/>
  </testcase>
  <testcase classname="com.mkyong.boveda.BovedaTest" name="initiaLiseBrowser" time="0.99">
    <skipped/>
  </testcase>
  <testcase classname="com.mkyong.boveda.BovedaTest" name="initiaLiseBrowser" time="0.991">
    <skipped/>
  </testcase>
  <testcase classname="com.mkyong.boveda.BovedaTest" name="initiaLiseBrowser" time="0.994">
    <skipped/>
  </testcase>
  <testcase classname="com.mkyong.boveda.BovedaTest" name="initiaLiseBrowser" time="0.994">
    <skipped/>
  </testcase>
  <testcase classname="com.mkyong.boveda.BovedaTest" name="initiaLiseBrowser" time="0.995">
    <skipped/>
  </testcase>
  <testcase classname="com.mkyong.boveda.BovedaTest" name="initiaLiseBrowser" time="0.996">
    <skipped/>
  </testcase>
  <testcase classname="com.mkyong.boveda.BovedaTest" name="initiaLiseBrowser" time="0.997">
    <skipped/>
  </testcase>
  <testcase classname="com.mkyong.boveda.BovedaTest" name="initiaLiseBrowser" time="0.997">
    <skipped/>
  </testcase>
  <testcase classname="com.mkyong.boveda.BovedaTest" name="initiaLiseBrowser" time="0.997">
    <skipped/>
  </testcase>
  <testcase classname="com.mkyong.boveda.BovedaTest" name="initiaLiseBrowser" time="0.998">
    <skipped/>
  </testcase>
  <testcase classname="com.mkyong.boveda.BovedaTest" name="initiaLiseBrowser" time="0.998">
    <skipped/>
  </testcase>
  <testcase classname="com.mkyong.boveda.BovedaTest" name="initiaLiseBrowser" time="0.999">
    <skipped/>
  </testcase>
  <testcase classname="com.mkyong.boveda.BovedaTest" name="initiaLiseBrowser" time="0.999">
    <skipped/>
  </testcase>
  <testcase classname="com.mkyong.boveda.BovedaTest" name="initiaLiseBrowser" time="0.999">
    <skipped/>
  </testcase>
  <testcase classname="com.mkyong.boveda.BovedaTest" name="initiaLiseBrowser" time="1">
    <skipped/>
  </testcase>
  <testcase classname="com.mkyong.boveda.BovedaTest" name="initiaLiseBrowser" time="1.001">
    <skipped/>
  </testcase>
  <testcase classname="com.mkyong.boveda.BovedaTest" name="initiaLiseBrowser" time="1.002">
    <skipped/>
  </testcase>
  <testcase classname="com.mkyong.boveda.BovedaTest" name="initiaLiseBrowser" time="1.002">
    <skipped/>
  </testcase>
  <testcase classname="com.mkyong.boveda.BovedaTest" name="initiaLiseBrowser" time="1.002">
    <skipped/>
  </testcase>
  <testcase classname="com.mkyong.boveda.BovedaTest" name="initiaLiseBrowser" time="1.003">
    <skipped/>
  </testcase>
  <testcase classname="com.mkyong.boveda.BovedaTest" name="initiaLiseBrowser" time="1.003">
    <skipped/>
  </testcase>
  <testcase classname="com.mkyong.boveda.BovedaTest" name="initiaLiseBrowser" time="1.004">
    <skipped/>
  </testcase>
  <testcase classname="com.mkyong.boveda.BovedaTest" name="initiaLiseBrowser" time="1.004">
    <skipped/>
  </testcase>
  <testcase classname="com.mkyong.boveda.BovedaTest" name="initiaLiseBrowser" time="1.005">
    <skipped/>
  </testcase>
  <testcase classname="com.mkyong.boveda.BovedaTest" name="initiaLiseBrowser" time="1.005">
    <skipped/>
  </testcase>
  <testcase classname="com.mkyong.boveda.BovedaTest" name="initiaLiseBrowser" time="1.006">
    <skipped/>
  </testcase>
  <testcase classname="com.mkyong.boveda.BovedaTest" name="initiaLiseBrowser" time="1.006">
    <skipped/>
  </testcase>
  <testcase classname="com.mkyong.boveda.BovedaTest" name="initiaLiseBrowser" time="1.007">
    <skipped/>
  </testcase>
  <testcase classname="com.mkyong.boveda.BovedaTest" name="initiaLiseBrowser" time="1.007">
    <skipped/>
  </testcase>
  <testcase classname="com.mkyong.boveda.BovedaTest" name="initiaLiseBrowser" time="1.008">
    <skipped/>
  </testcase>
  <testcase classname="com.mkyong.boveda.BovedaTest" name="initiaLiseBrowser" time="1.008">
    <skipped/>
  </testcase>
  <testcase classname="com.mkyong.boveda.BovedaTest" name="initiaLiseBrowser" time="1.009">
    <skipped/>
  </testcase>
  <testcase classname="com.mkyong.boveda.BovedaTest" name="initiaLiseBrowser" time="1.009">
    <skipped/>
  </testcase>
  <testcase classname="com.mkyong.boveda.BovedaTest" name="initiaLiseBrowser" time="1.01">
    <skipped/>
  </testcase>
  <testcase classname="com.mkyong.boveda.BovedaTest" name="initiaLiseBrowser" time="1.01">
    <skipped/>
  </testcase>
  <testcase classname="com.mkyong.boveda.BovedaTest" name="initiaLiseBrowser" time="1.011">
    <skipped/>
  </testcase>
  <testcase classname="com.mkyong.boveda.BovedaTest" name="initiaLiseBrowser" time="1.011">
    <skipped/>
  </testcase>
  <testcase classname="com.mkyong.boveda.BovedaTest" name="initiaLiseBrowser" time="1.012">
    <skipped/>
  </testcase>
  <testcase classname="com.mkyong.boveda.BovedaTest" name="initiaLiseBrowser" time="1.012">
    <skipped/>
  </testcase>
  <testcase classname="com.mkyong.boveda.BovedaTest" name="initiaLiseBrowser" time="1.013">
    <skipped/>
  </testcase>
  <testcase classname="com.mkyong.boveda.BovedaTest" name="initiaLiseBrowser" time="1.013">
    <skipped/>
  </testcase>
  <testcase classname="com.mkyong.boveda.BovedaTest" name="initiaLiseBrowser" time="1.014">
    <skipped/>
  </testcase>
  <testcase classname="com.mkyong.boveda.BovedaTest" name="initiaLiseBrowser" time="1.014">
    <skipped/>
  </testcase>
  <testcase classname="com.mkyong.boveda.BovedaTest" name="initiaLiseBrowser" time="1.014">
    <skipped/>
  </testcase>
  <testcase classname="com.mkyong.boveda.BovedaTest" name="initiaLiseBrowser" time="1.015">
    <skipped/>
  </testcase>
  <testcase classname="com.mkyong.boveda.BovedaTest" name="EmiteFactura" time="1.015">
    <skipped/>
  </testcase>
  <testcase classname="com.mkyong.boveda.BovedaTest" name="EmiteFactura" time="1.016">
    <skipped/>
  </testcase>
  <testcase classname="com.mkyong.boveda.BovedaTest" name="initiaLiseBrowser" time="1.016">
    <skipped/>
  </testcase>
  <testcase classname="com.mkyong.boveda.BovedaTest" name="initiaLiseBrowser" time="1.017">
    <skipped/>
  </testcase>
  <testcase classname="com.mkyong.boveda.BovedaTest" name="initiaLiseBrowser" time="1.018">
    <skipped/>
  </testcase>
  <testcase classname="com.mkyong.boveda.BovedaTest" name="initiaLiseBrowser" time="1.019">
    <skipped/>
  </testcase>
  <testcase classname="com.mkyong.boveda.BovedaTest" name="initiaLiseBrowser" time="1.021">
    <skipped/>
  </testcase>
  <testcase classname="com.mkyong.boveda.BovedaTest" name="EmiteFactura" time="1.021">
    <skipped/>
  </testcase>
  <testcase classname="com.mkyong.boveda.BovedaTest" name="initiaLiseBrowser" time="1.022">
    <skipped/>
  </testcase>
  <testcase classname="com.mkyong.boveda.BovedaTest" name="initiaLiseBrowser" time="1.022">
    <skipped/>
  </testcase>
  <testcase classname="com.mkyong.boveda.BovedaTest" name="initiaLiseBrowser" time="1.023">
    <skipped/>
  </testcase>
  <testcase classname="com.mkyong.boveda.BovedaTest" name="initiaLiseBrowser" time="1.024">
    <skipped/>
  </testcase>
  <testcase classname="com.mkyong.boveda.BovedaTest" name="initiaLiseBrowser" time="1.024">
    <skipped/>
  </testcase>
  <testcase classname="com.mkyong.boveda.BovedaTest" name="initiaLiseBrowser" time="1.025">
    <skipped/>
  </testcase>
  <testcase classname="com.mkyong.boveda.BovedaTest" name="initiaLiseBrowser" time="1.025">
    <skipped/>
  </testcase>
  <testcase classname="com.mkyong.boveda.BovedaTest" name="initiaLiseBrowser" time="1.026">
    <skipped/>
  </testcase>
  <testcase classname="com.mkyong.boveda.BovedaTest" name="initiaLiseBrowser" time="1.027">
    <skipped/>
  </testcase>
  <testcase classname="com.mkyong.boveda.BovedaTest" name="initiaLiseBrowser" time="1.028">
    <skipped/>
  </testcase>
  <testcase classname="com.mkyong.boveda.BovedaTest" name="initiaLiseBrowser" time="1.028">
    <skipped/>
  </testcase>
  <testcase classname="com.mkyong.boveda.BovedaTest" name="initiaLiseBrowser" time="1.028">
    <skipped/>
  </testcase>
  <testcase classname="com.mkyong.boveda.BovedaTest" name="initiaLiseBrowser" time="1.029">
    <skipped/>
  </testcase>
  <testcase classname="com.mkyong.boveda.BovedaTest" name="initiaLiseBrowser" time="1.029">
    <skipped/>
  </testcase>
  <testcase classname="com.mkyong.boveda.BovedaTest" name="initiaLiseBrowser" time="1.03">
    <skipped/>
  </testcase>
  <testcase classname="com.mkyong.boveda.BovedaTest" name="initiaLiseBrowser" time="1.03">
    <skipped/>
  </testcase>
  <testcase classname="com.mkyong.boveda.BovedaTest" name="initiaLiseBrowser" time="1.031">
    <skipped/>
  </testcase>
  <testcase classname="com.mkyong.boveda.BovedaTest" name="initiaLiseBrowser" time="1.031">
    <skipped/>
  </testcase>
  <testcase classname="com.mkyong.boveda.BovedaTest" name="initiaLiseBrowser" time="1.032">
    <skipped/>
  </testcase>
  <testcase classname="com.mkyong.boveda.BovedaTest" name="initiaLiseBrowser" time="1.032">
    <skipped/>
  </testcase>
  <testcase classname="com.mkyong.boveda.BovedaTest" name="initiaLiseBrowser" time="1.032">
    <skipped/>
  </testcase>
  <testcase classname="com.mkyong.boveda.BovedaTest" name="initiaLiseBrowser" time="1.033">
    <skipped/>
  </testcase>
  <testcase classname="com.mkyong.boveda.BovedaTest" name="initiaLiseBrowser" time="1.033">
    <skipped/>
  </testcase>
  <testcase classname="com.mkyong.boveda.BovedaTest" name="initiaLiseBrowser" time="1.034">
    <skipped/>
  </testcase>
  <testcase classname="com.mkyong.boveda.BovedaTest" name="initiaLiseBrowser" time="1.034">
    <skipped/>
  </testcase>
  <testcase classname="com.mkyong.boveda.BovedaTest" name="initiaLiseBrowser" time="1.035">
    <skipped/>
  </testcase>
  <testcase classname="com.mkyong.boveda.BovedaTest" name="initiaLiseBrowser" time="1.035">
    <skipped/>
  </testcase>
  <testcase classname="com.mkyong.boveda.BovedaTest" name="initiaLiseBrowser" time="1.036">
    <skipped/>
  </testcase>
  <testcase classname="com.mkyong.boveda.BovedaTest" name="initiaLiseBrowser" time="1.036">
    <skipped/>
  </testcase>
  <testcase classname="com.mkyong.boveda.BovedaTest" name="initiaLiseBrowser" time="1.037">
    <skipped/>
  </testcase>
  <testcase classname="com.mkyong.boveda.BovedaTest" name="initiaLiseBrowser" time="1.038">
    <skipped/>
  </testcase>
  <testcase classname="com.mkyong.boveda.BovedaTest" name="initiaLiseBrowser" time="1.039">
    <skipped/>
  </testcase>
  <testcase classname="com.mkyong.boveda.BovedaTest" name="initiaLiseBrowser" time="1.039">
    <skipped/>
  </testcase>
  <testcase classname="com.mkyong.boveda.BovedaTest" name="initiaLiseBrowser" time="1.04">
    <skipped/>
  </testcase>
  <testcase classname="com.mkyong.boveda.BovedaTest" name="initiaLiseBrowser" time="1.041">
    <skipped/>
  </testcase>
  <testcase classname="com.mkyong.boveda.BovedaTest" name="initiaLiseBrowser" time="1.041">
    <skipped/>
  </testcase>
  <testcase classname="com.mkyong.boveda.BovedaTest" name="initiaLiseBrowser" time="1.042">
    <skipped/>
  </testcase>
  <testcase classname="com.mkyong.boveda.BovedaTest" name="initiaLiseBrowser" time="1.042">
    <skipped/>
  </testcase>
  <testcase classname="com.mkyong.boveda.BovedaTest" name="initiaLiseBrowser" time="1.043">
    <skipped/>
  </testcase>
  <testcase classname="com.mkyong.boveda.BovedaTest" name="initiaLiseBrowser" time="1.043">
    <skipped/>
  </testcase>
  <testcase classname="com.mkyong.boveda.BovedaTest" name="initiaLiseBrowser" time="1.044">
    <skipped/>
  </testcase>
  <testcase classname="com.mkyong.boveda.BovedaTest" name="initiaLiseBrowser" time="1.044">
    <skipped/>
  </testcase>
  <testcase classname="com.mkyong.boveda.BovedaTest" name="EmiteFactura" time="1.045">
    <skipped/>
  </testcase>
  <testcase classname="com.mkyong.boveda.BovedaTest" name="initiaLiseBrowser" time="1.046">
    <skipped/>
  </testcase>
  <testcase classname="com.mkyong.boveda.BovedaTest" name="initiaLiseBrowser" time="1.046">
    <skipped/>
  </testcase>
  <testcase classname="com.mkyong.boveda.BovedaTest" name="initiaLiseBrowser" time="1.047">
    <skipped/>
  </testcase>
  <testcase classname="com.mkyong.boveda.BovedaTest" name="initiaLiseBrowser" time="1.047">
    <skipped/>
  </testcase>
  <testcase classname="com.mkyong.boveda.BovedaTest" name="initiaLiseBrowser" time="1.048">
    <skipped/>
  </testcase>
  <testcase classname="com.mkyong.boveda.BovedaTest" name="initiaLiseBrowser" time="1.049">
    <skipped/>
  </testcase>
  <testcase classname="com.mkyong.boveda.BovedaTest" name="initiaLiseBrowser" time="1.049">
    <skipped/>
  </testcase>
  <testcase classname="com.mkyong.boveda.BovedaTest" name="initiaLiseBrowser" time="1.05">
    <skipped/>
  </testcase>
  <testcase classname="com.mkyong.boveda.BovedaTest" name="initiaLiseBrowser" time="1.05">
    <skipped/>
  </testcase>
  <testcase classname="com.mkyong.boveda.BovedaTest" name="initiaLiseBrowser" time="1.05">
    <skipped/>
  </testcase>
  <testcase classname="com.mkyong.boveda.BovedaTest" name="initiaLiseBrowser" time="1.051">
    <skipped/>
  </testcase>
  <testcase classname="com.mkyong.boveda.BovedaTest" name="initiaLiseBrowser" time="1.051">
    <skipped/>
  </testcase>
  <testcase classname="com.mkyong.boveda.BovedaTest" name="initiaLiseBrowser" time="1.052">
    <skipped/>
  </testcase>
  <testcase classname="com.mkyong.boveda.BovedaTest" name="initiaLiseBrowser" time="1.052">
    <skipped/>
  </testcase>
  <testcase classname="com.mkyong.boveda.BovedaTest" name="initiaLiseBrowser" time="1.053">
    <skipped/>
  </testcase>
  <testcase classname="com.mkyong.boveda.BovedaTest" name="initiaLiseBrowser" time="1.053">
    <skipped/>
  </testcase>
  <testcase classname="com.mkyong.boveda.BovedaTest" name="initiaLiseBrowser" time="1.054">
    <skipped/>
  </testcase>
  <testcase classname="com.mkyong.boveda.BovedaTest" name="initiaLiseBrowser" time="1.054">
    <skipped/>
  </testcase>
  <testcase classname="com.mkyong.boveda.BovedaTest" name="initiaLiseBrowser" time="1.054">
    <skipped/>
  </testcase>
  <testcase classname="com.mkyong.boveda.BovedaTest" name="initiaLiseBrowser" time="1.055">
    <skipped/>
  </testcase>
  <testcase classname="com.mkyong.boveda.BovedaTest" name="initiaLiseBrowser" time="1.055">
    <skipped/>
  </testcase>
  <testcase classname="com.mkyong.boveda.BovedaTest" name="initiaLiseBrowser" time="1.056">
    <skipped/>
  </testcase>
  <testcase classname="com.mkyong.boveda.BovedaTest" name="initiaLiseBrowser" time="1.056">
    <skipped/>
  </testcase>
  <testcase classname="com.mkyong.boveda.BovedaTest" name="initiaLiseBrowser" time="1.057">
    <skipped/>
  </testcase>
  <testcase classname="com.mkyong.boveda.BovedaTest" name="initiaLiseBrowser" time="1.057">
    <skipped/>
  </testcase>
  <testcase classname="com.mkyong.boveda.BovedaTest" name="initiaLiseBrowser" time="1.058">
    <skipped/>
  </testcase>
  <testcase classname="com.mkyong.boveda.BovedaTest" name="initiaLiseBrowser" time="1.058">
    <skipped/>
  </testcase>
  <testcase classname="com.mkyong.boveda.BovedaTest" name="initiaLiseBrowser" time="1.058">
    <skipped/>
  </testcase>
  <testcase classname="com.mkyong.boveda.BovedaTest" name="initiaLiseBrowser" time="1.059">
    <skipped/>
  </testcase>
  <testcase classname="com.mkyong.boveda.BovedaTest" name="initiaLiseBrowser" time="1.059">
    <skipped/>
  </testcase>
  <testcase classname="com.mkyong.boveda.BovedaTest" name="initiaLiseBrowser" time="1.06">
    <skipped/>
  </testcase>
  <testcase classname="com.mkyong.boveda.BovedaTest" name="initiaLiseBrowser" time="1.06">
    <skipped/>
  </testcase>
  <testcase classname="com.mkyong.boveda.BovedaTest" name="initiaLiseBrowser" time="1.061">
    <skipped/>
  </testcase>
  <testcase classname="com.mkyong.boveda.BovedaTest" name="initiaLiseBrowser" time="1.061">
    <skipped/>
  </testcase>
  <testcase classname="com.mkyong.boveda.BovedaTest" name="initiaLiseBrowser" time="1.061">
    <skipped/>
  </testcase>
  <testcase classname="com.mkyong.boveda.BovedaTest" name="initiaLiseBrowser" time="1.062">
    <skipped/>
  </testcase>
  <testcase classname="com.mkyong.boveda.BovedaTest" name="initiaLiseBrowser" time="1.062">
    <skipped/>
  </testcase>
  <testcase classname="com.mkyong.boveda.BovedaTest" name="initiaLiseBrowser" time="1.062">
    <skipped/>
  </testcase>
  <testcase classname="com.mkyong.boveda.BovedaTest" name="initiaLiseBrowser" time="1.063">
    <skipped/>
  </testcase>
  <testcase classname="com.mkyong.boveda.BovedaTest" name="initiaLiseBrowser" time="1.063">
    <skipped/>
  </testcase>
  <testcase classname="com.mkyong.boveda.BovedaTest" name="initiaLiseBrowser" time="1.063">
    <skipped/>
  </testcase>
  <testcase classname="com.mkyong.boveda.BovedaTest" name="initiaLiseBrowser" time="1.064">
    <skipped/>
  </testcase>
  <testcase classname="com.mkyong.boveda.BovedaTest" name="initiaLiseBrowser" time="1.064">
    <skipped/>
  </testcase>
  <testcase classname="com.mkyong.boveda.BovedaTest" name="initiaLiseBrowser" time="1.065">
    <skipped/>
  </testcase>
  <testcase classname="com.mkyong.boveda.BovedaTest" name="EmiteFactura" time="1.065">
    <skipped/>
  </testcase>
  <testcase classname="com.mkyong.boveda.BovedaTest" name="initiaLiseBrowser" time="1.066">
    <skipped/>
  </testcase>
  <testcase classname="com.mkyong.boveda.BovedaTest" name="initiaLiseBrowser" time="1.066">
    <skipped/>
  </testcase>
  <testcase classname="com.mkyong.boveda.BovedaTest" name="initiaLiseBrowser" time="1.067">
    <skipped/>
  </testcase>
  <testcase classname="com.mkyong.boveda.BovedaTest" name="initiaLiseBrowser" time="1.067">
    <skipped/>
  </testcase>
  <testcase classname="com.mkyong.boveda.BovedaTest" name="initiaLiseBrowser" time="1.068">
    <skipped/>
  </testcase>
  <testcase classname="com.mkyong.boveda.BovedaTest" name="initiaLiseBrowser" time="1.068">
    <skipped/>
  </testcase>
  <testcase classname="com.mkyong.boveda.BovedaTest" name="initiaLiseBrowser" time="1.07">
    <skipped/>
  </testcase>
  <testcase classname="com.mkyong.boveda.BovedaTest" name="initiaLiseBrowser" time="1.071">
    <skipped/>
  </testcase>
  <testcase classname="com.mkyong.boveda.BovedaTest" name="initiaLiseBrowser" time="1.072">
    <skipped/>
  </testcase>
  <testcase classname="com.mkyong.boveda.BovedaTest" name="initiaLiseBrowser" time="1.073">
    <skipped/>
  </testcase>
  <testcase classname="com.mkyong.boveda.BovedaTest" name="initiaLiseBrowser" time="1.074">
    <skipped/>
  </testcase>
  <testcase classname="com.mkyong.boveda.BovedaTest" name="initiaLiseBrowser" time="1.074">
    <skipped/>
  </testcase>
  <testcase classname="com.mkyong.boveda.BovedaTest" name="initiaLiseBrowser" time="1.075">
    <skipped/>
  </testcase>
  <testcase classname="com.mkyong.boveda.BovedaTest" name="initiaLiseBrowser" time="1.075">
    <skipped/>
  </testcase>
  <testcase classname="com.mkyong.boveda.BovedaTest" name="initiaLiseBrowser" time="1.076">
    <skipped/>
  </testcase>
  <testcase classname="com.mkyong.boveda.BovedaTest" name="initiaLiseBrowser" time="1.076">
    <skipped/>
  </testcase>
  <testcase classname="com.mkyong.boveda.BovedaTest" name="initiaLiseBrowser" time="1.077">
    <skipped/>
  </testcase>
  <testcase classname="com.mkyong.boveda.BovedaTest" name="initiaLiseBrowser" time="1.077">
    <skipped/>
  </testcase>
  <testcase classname="com.mkyong.boveda.BovedaTest" name="initiaLiseBrowser" time="1.078">
    <skipped/>
  </testcase>
  <testcase classname="com.mkyong.boveda.BovedaTest" name="initiaLiseBrowser" time="1.078">
    <skipped/>
  </testcase>
  <testcase classname="com.mkyong.boveda.BovedaTest" name="initiaLiseBrowser" time="1.079">
    <skipped/>
  </testcase>
  <testcase classname="com.mkyong.boveda.BovedaTest" name="initiaLiseBrowser" time="1.079">
    <skipped/>
  </testcase>
  <testcase classname="com.mkyong.boveda.BovedaTest" name="initiaLiseBrowser" time="1.08">
    <skipped/>
  </testcase>
  <testcase classname="com.mkyong.boveda.BovedaTest" name="initiaLiseBrowser" time="1.08">
    <skipped/>
  </testcase>
  <testcase classname="com.mkyong.boveda.BovedaTest" name="initiaLiseBrowser" time="1.081">
    <skipped/>
  </testcase>
  <testcase classname="com.mkyong.boveda.BovedaTest" name="initiaLiseBrowser" time="1.081">
    <skipped/>
  </testcase>
  <testcase classname="com.mkyong.boveda.BovedaTest" name="initiaLiseBrowser" time="1.082">
    <skipped/>
  </testcase>
  <testcase classname="com.mkyong.boveda.BovedaTest" name="initiaLiseBrowser" time="1.082">
    <skipped/>
  </testcase>
  <testcase classname="com.mkyong.boveda.BovedaTest" name="initiaLiseBrowser" time="1.083">
    <skipped/>
  </testcase>
  <testcase classname="com.mkyong.boveda.BovedaTest" name="initiaLiseBrowser" time="1.083">
    <skipped/>
  </testcase>
  <testcase classname="com.mkyong.boveda.BovedaTest" name="initiaLiseBrowser" time="1.084">
    <skipped/>
  </testcase>
  <testcase classname="com.mkyong.boveda.BovedaTest" name="EmiteFactura" time="1.084">
    <skipped/>
  </testcase>
  <testcase classname="com.mkyong.boveda.BovedaTest" name="initiaLiseBrowser" time="1.085">
    <skipped/>
  </testcase>
  <testcase classname="com.mkyong.boveda.BovedaTest" name="initiaLiseBrowser" time="1.085">
    <skipped/>
  </testcase>
  <testcase classname="com.mkyong.boveda.BovedaTest" name="initiaLiseBrowser" time="1.09">
    <skipped/>
  </testcase>
  <testcase classname="com.mkyong.boveda.BovedaTest" name="initiaLiseBrowser" time="1.091">
    <skipped/>
  </testcase>
  <testcase classname="com.mkyong.boveda.BovedaTest" name="initiaLiseBrowser" time="1.091">
    <skipped/>
  </testcase>
  <testcase classname="com.mkyong.boveda.BovedaTest" name="initiaLiseBrowser" time="1.092">
    <skipped/>
  </testcase>
  <testcase classname="com.mkyong.boveda.BovedaTest" name="initiaLiseBrowser" time="1.092">
    <skipped/>
  </testcase>
  <testcase classname="com.mkyong.boveda.BovedaTest" name="initiaLiseBrowser" time="1.093">
    <skipped/>
  </testcase>
  <testcase classname="com.mkyong.boveda.BovedaTest" name="initiaLiseBrowser" time="1.093">
    <skipped/>
  </testcase>
  <testcase classname="com.mkyong.boveda.BovedaTest" name="initiaLiseBrowser" time="1.094">
    <skipped/>
  </testcase>
  <testcase classname="com.mkyong.boveda.BovedaTest" name="initiaLiseBrowser" time="1.094">
    <skipped/>
  </testcase>
  <testcase classname="com.mkyong.boveda.BovedaTest" name="initiaLiseBrowser" time="1.095">
    <skipped/>
  </testcase>
  <testcase classname="com.mkyong.boveda.BovedaTest" name="initiaLiseBrowser" time="1.095">
    <skipped/>
  </testcase>
  <testcase classname="com.mkyong.boveda.BovedaTest" name="initiaLiseBrowser" time="1.096">
    <skipped/>
  </testcase>
  <testcase classname="com.mkyong.boveda.BovedaTest" name="initiaLiseBrowser" time="1.097">
    <skipped/>
  </testcase>
  <testcase classname="com.mkyong.boveda.BovedaTest" name="initiaLiseBrowser" time="1.097">
    <skipped/>
  </testcase>
  <testcase classname="com.mkyong.boveda.BovedaTest" name="initiaLiseBrowser" time="1.098">
    <skipped/>
  </testcase>
  <testcase classname="com.mkyong.boveda.BovedaTest" name="initiaLiseBrowser" time="1.098">
    <skipped/>
  </testcase>
  <testcase classname="com.mkyong.boveda.BovedaTest" name="initiaLiseBrowser" time="1.099">
    <skipped/>
  </testcase>
  <testcase classname="com.mkyong.boveda.BovedaTest" name="initiaLiseBrowser" time="1.099">
    <skipped/>
  </testcase>
  <testcase classname="com.mkyong.boveda.BovedaTest" name="initiaLiseBrowser" time="1.1">
    <skipped/>
  </testcase>
  <testcase classname="com.mkyong.boveda.BovedaTest" name="initiaLiseBrowser" time="1.1">
    <skipped/>
  </testcase>
  <testcase classname="com.mkyong.boveda.BovedaTest" name="initiaLiseBrowser" time="1.101">
    <skipped/>
  </testcase>
  <testcase classname="com.mkyong.boveda.BovedaTest" name="initiaLiseBrowser" time="1.101">
    <skipped/>
  </testcase>
  <testcase classname="com.mkyong.boveda.BovedaTest" name="initiaLiseBrowser" time="1.102">
    <skipped/>
  </testcase>
  <testcase classname="com.mkyong.boveda.BovedaTest" name="initiaLiseBrowser" time="1.102">
    <skipped/>
  </testcase>
  <testcase classname="com.mkyong.boveda.BovedaTest" name="initiaLiseBrowser" time="1.103">
    <skipped/>
  </testcase>
  <testcase classname="com.mkyong.boveda.BovedaTest" name="initiaLiseBrowser" time="1.103">
    <skipped/>
  </testcase>
  <testcase classname="com.mkyong.boveda.BovedaTest" name="initiaLiseBrowser" time="1.104">
    <skipped/>
  </testcase>
  <testcase classname="com.mkyong.boveda.BovedaTest" name="initiaLiseBrowser" time="1.104">
    <skipped/>
  </testcase>
  <testcase classname="com.mkyong.boveda.BovedaTest" name="initiaLiseBrowser" time="1.105">
    <skipped/>
  </testcase>
  <testcase classname="CucumberOptions.TestRunner" name="feature" time="1.522">
    <skipped/>
  </testcase>
  <testcase classname="com.mkyong.buson.jes.ServiciosParcealesDeContruccionJesTest" name="serviciosParcealesDeConstrJes" time="1.541">
    <skipped/>
    <system-out>
0 Scenarios
0 Steps
0m0.000s

</system-out>
  </testcase>
  <testcase classname="com.mkyong.conciliacion.conector.ConciliacionTest" name="conciliacionFiscal1" time="1.544">
    <skipped/>
  </testcase>
  <testcase classname="com.mkyong.buson.jes.FacturaBasicaJesTest" name="facturaBasicaJesTest" time="1.545">
    <skipped/>
  </testcase>
  <testcase classname="com.mkyong.conciliacion.ConciliacionTest" name="conciliacionFiscal1" time="1.546">
    <skipped/>
  </testcase>
  <testcase classname="com.mkyong.buson.jes.TestInstituicionesEducativasJes" name="basePageNavigation" time="1.547">
    <skipped/>
  </testcase>
  <testcase classname="com.mkyong.busonfiscal.ReportesEmitidosDuplicarComplComercioExteriorTransladoTest" name="duplicadoComercioExteriorTranslado" time="1.548">
    <skipped/>
  </testcase>
  <testcase classname="com.mkyong.buson.jes.TestPersonasFisicasIntegranteDeCoordinacionJes" name="basePageNavigation" time="1.549">
    <skipped/>
  </testcase>
  <testcase classname="com.mkyong.busonfiscal.TestClientProducto" name="basePageNavigation" time="1.55">
    <skipped/>
  </testcase>
  <testcase classname="com.mkyong.buson.jes.TestPagoEnEspeciesJes" name="basePageNavigation" time="1.551">
    <skipped/>
  </testcase>
  <testcase classname="com.mkyong.buson.jes.FacturaDetallistaJesTest" name="facturaDetallista" time="1.553">
    <skipped/>
  </testcase>
  <testcase classname="com.mkyong.busonfiscal.TestBusquedaReportes2" name="basePageNavigation" time="1.553">
    <skipped/>
  </testcase>
  <testcase classname="com.mkyong.busonfiscal.TestNotaDeCreditoBorrador" name="basePageNavigation" time="1.555">
    <skipped/>
  </testcase>
  <testcase classname="com.mkyong.buson.jes.VehiculosUsadosJesTest" name="vehiculosUsadosJes" time="1.556">
    <skipped/>
  </testcase>
  <testcase classname="com.mkyong.busonfiscal.ReportesEmitidosDuplicarComprobanteComplementoDePagosTest" name="duplicadoComplementoPagos" time="1.557">
    <skipped/>
  </testcase>
  <testcase classname="com.mkyong.buson.jes.TestDonativosJes" name="basePageNavigation" time="1.558">
    <skipped/>
  </testcase>
  <testcase classname="com.mkyong.busonfiscal.EmailAndPasswordTest" name="correoContrasena" time="1.559">
    <skipped/>
  </testcase>
  <testcase classname="com.mkyong.buson.jes.TestFacturaPagoJes" name="basePageNavigation" time="1.56">
    <skipped/>
  </testcase>
  <testcase classname="com.mkyong.buson.jes.TestNotariosPublicosJes" name="basePageNavigation" time="1.562">
    <skipped/>
  </testcase>
  <testcase classname="com.mkyong.busonfiscal.VentaDeVehiculosTest" name="ventaDeVehiculos" time="1.563">
    <skipped/>
  </testcase>
  <testcase classname="com.mkyong.buson.jes.InstituicionesEducativasJesTest" name="instituicionesEducativasJes" time="1.565">
    <skipped/>
  </testcase>
  <testcase classname="com.mkyong.busonfiscal.TestBusquedaReportes16" name="basePageNavigation" time="1.565">
    <skipped/>
  </testcase>
  <testcase classname="com.mkyong.buson.jes.INEJesTest" name="ineJes" time="1.567">
    <skipped/>
  </testcase>
  <testcase classname="com.mkyong.busonfiscal.TestFacturaBasicaCodig" name="basePageNavigation" time="1.567">
    <skipped/>
  </testcase>
  <testcase classname="com.mkyong.buson.jes.ImpuestosLocalesJesTest" name="impuestosLocalesJesBuzon" time="1.569">
    <skipped/>
  </testcase>
  <testcase classname="com.mkyong.busonfiscal.TestBusquedaReportes14" name="basePageNavigation" time="1.569">
    <skipped/>
  </testcase>
  <testcase classname="com.mkyong.busonfiscal.ReportesEmitidosCancelacionTest" name="reportesEmitidosCancelacion" time="1.571">
    <skipped/>
  </testcase>
  <testcase classname="com.mkyong.buson.jes.TestVentaDeVehiculosJes" name="basePageNavigation" time="1.572">
    <skipped/>
  </testcase>
  <testcase classname="com.mkyong.buson.jes.FacturaPagoJesTest" name="facturaPagoJes" time="1.573">
    <skipped/>
  </testcase>
  <testcase classname="com.mkyong.busonfiscal.ReportesEmitidosDuplicarComprobanteTest" name="duplicadoFacturaBasica" time="1.573">
    <skipped/>
  </testcase>
  <testcase classname="com.mkyong.busonfiscal.EmailTest" name="correoSimples" time="1.574">
    <skipped/>
  </testcase>
  <testcase classname="com.mkyong.buson.jes.TestINEJes" name="basePageNavigation" time="1.575">
    <skipped/>
  </testcase>
  <testcase classname="com.mkyong.buson.jes.LeyendasFiscalesJesTest" name="leyendasFiscalesJes" time="1.576">
    <skipped/>
  </testcase>
  <testcase classname="com.mkyong.busonfiscal.TestNotariosPublicos" name="basePageNavigation" time="1.576">
    <skipped/>
  </testcase>
  <testcase classname="com.mkyong.busonfiscal.TestDonativos" name="basePageNavigation" time="1.578">
    <skipped/>
  </testcase>
  <testcase classname="com.mkyong.buson.jes.TuristaPasajeroExtranjeroJesTest" name="turistasPasajerosExtranjerosJes" time="1.578">
    <skipped/>
  </testcase>
  <testcase classname="com.mkyong.buson.jes.NotaDeCreditoJesTest" name="notaDeCreditoJes" time="1.579">
    <skipped/>
  </testcase>
  <testcase classname="com.mkyong.busonfiscal.TestTuristaPasajeroExtranjero" name="basePageNavigation" time="1.58">
    <skipped/>
  </testcase>
  <testcase classname="com.mkyong.busonfiscal.HomePageBusonTest" name="serviciosBuzon" time="1.581">
    <skipped/>
  </testcase>
  <testcase classname="com.mkyong.buson.jes.TestFacturaBasicaJes" name="basePageNavigation" time="1.582">
    <skipped/>
  </testcase>
  <testcase classname="com.mkyong.buson.jes.ComercioExteriorJesTest" name="comercioExteriorJes" time="1.583">
    <skipped/>
  </testcase>
  <testcase classname="com.mkyong.busonfiscal.NotariosPublicosTest" name="notariosPublicos1" time="1.583">
    <skipped/>
  </testcase>
  <testcase classname="com.mkyong.busonfiscal.ReportesEmitidosDuplicarComplTuristaPasajeroExtrTest" name="duplicadoTuristaPasageroExtranjero" time="1.584">
    <skipped/>
  </testcase>
  <testcase classname="com.mkyong.buson.jes.detail.TestFacturaCartaPorteJesDetail" name="basePageNavigation" time="1.585">
    <skipped/>
  </testcase>
  <testcase classname="com.mkyong.buson.jes.detail.INEJesDetailTest" name="ineDetailJes" time="1.586">
    <skipped/>
  </testcase>
  <testcase classname="com.mkyong.busonfiscal.TestBusquedaReportes10" name="basePageNavigation" time="1.587">
    <skipped/>
  </testcase>
  <testcase classname="com.mkyong.buson.jes.detail.CartaPorteComercioExteriorJesDetailTest" name="cartaPorteComercioExtJesDetail" time="1.588">
    <skipped/>
  </testcase>
  <testcase classname="com.mkyong.busonfiscal.TestBusquedaReportes4" name="basePageNavigation" time="1.588">
    <skipped/>
  </testcase>
  <testcase classname="com.mkyong.busonfiscal.TestBusquedaReportes6" name="basePageNavigation" time="1.589">
    <skipped/>
  </testcase>
  <testcase classname="com.mkyong.buson.jes.detail.TestFacturaDetallistaJesDetail" name="basePageNavigation" time="1.589">
    <skipped/>
  </testcase>
  <testcase classname="com.mkyong.buson.jes.detail.ObrasDeArteYAtenguedadJesDetailTest" name="obrasArtesAnteguedad" time="1.591">
    <skipped/>
  </testcase>
  <testcase classname="com.mkyong.busonfiscal.TestReportesEmitidosDuplicarComplInstituicionesEducativas" name="basePageNavigation" time="1.591">
    <skipped/>
  </testcase>
  <testcase classname="com.mkyong.busonfiscal.ReportesEmitidosDuplicarComplPersonasFisicasTest" name="duplicadoPersonasFisicas" time="1.592">
    <skipped/>
  </testcase>
  <testcase classname="com.mkyong.buson.jes.detail.TestVehiculosUsadosJesDetail" name="basePageNavigation" time="1.592">
    <skipped/>
  </testcase>
  <testcase classname="com.mkyong.busonfiscal.TestBusquedaReportes12" name="basePageNavigation" time="1.593">
    <skipped/>
  </testcase>
  <testcase classname="com.mkyong.buson.jes.detail.TestPersonasFisicasIntegranteDeCoordinacionJesDetail" name="basePageNavigation" time="1.594">
    <skipped/>
  </testcase>
  <testcase classname="com.mkyong.busonfiscal.TestReportesEmitidosDuplicarComprobanteCartaPorte" name="basePageNavigation" time="1.595">
    <skipped/>
  </testcase>
  <testcase classname="com.mkyong.buson.jes.detail.TestVentaDeVehiculosJesDetail" name="basePageNavigation" time="1.595">
    <skipped/>
  </testcase>
  <testcase classname="com.mkyong.buson.jes.detail.TestPagoEnEspeciesJesDetail" name="basePageNavigation" time="1.596">
    <skipped/>
  </testcase>
  <testcase classname="com.mkyong.busonfiscal.TuristaPasajeroExtranjeroTest" name="turistaPassajeroExtranjero" time="1.597">
    <skipped/>
  </testcase>
  <testcase classname="com.mkyong.buson.jes.detail.TestInstituicionesEducativasJesDetail" name="basePageNavigation" time="1.598">
    <skipped/>
  </testcase>
  <testcase classname="com.mkyong.busonfiscal.TestPassword" name="basePageNavigation" time="1.598">
    <skipped/>
  </testcase>
  <testcase classname="com.mkyong.busonfiscal.EmailPasswordCorrectTest" name="correoContrasenaCorreta" time="1.599">
    <skipped/>
  </testcase>
  <testcase classname="com.mkyong.buson.jes.detail.VehiculosUsadosJesDetailTest" name="vehiculosUsadosDetailJes" time="1.6">
    <skipped/>
  </testcase>
  <testcase classname="com.mkyong.buson.jes.detail.FacturaBasicaJesDetailTest" name="facturaBasicaDetailJes" time="1.6">
    <skipped/>
  </testcase>
  <testcase classname="com.mkyong.busonfiscal.TestPagoEnEspecies" name="basePageNavigation" time="1.601">
    <skipped/>
  </testcase>
  <testcase classname="com.mkyong.busonfiscal.TestBusquedaReportes15" name="basePageNavigation" time="1.602">
    <skipped/>
  </testcase>
  <testcase classname="com.mkyong.buson.jes.detail.TestFacturaPagoJesDetail" name="basePageNavigation" time="1.602">
    <skipped/>
  </testcase>
  <testcase classname="com.mkyong.buson.jes.detail.TestCartaPorteComercioExteriorJesDetail" name="basePageNavigation" time="1.603">
    <skipped/>
  </testcase>
  <testcase classname="com.mkyong.busonfiscal.TestVentaDeVehiculos" name="basePageNavigation" time="1.604">
    <skipped/>
  </testcase>
  <testcase classname="com.mkyong.busonfiscal.TestReportesEmitidosDuplicarComplPaEnEspecies" name="basePageNavigation" time="1.605">
    <skipped/>
  </testcase>
  <testcase classname="com.mkyong.buson.jes.detail.TestTuristaPasajeroExtranjeroJesDetail" name="basePageNavigation" time="1.605">
    <skipped/>
  </testcase>
  <testcase classname="com.mkyong.busonfiscal.ReportesEmitidosDuplicarComprobanteVentaDeVehiculoTest" name="duplicadoVentaDeVehiculos" time="1.606">
    <skipped/>
  </testcase>
  <testcase classname="com.mkyong.buson.jes.detail.TestINEJesDetail" name="basePageNavigation" time="1.606">
    <skipped/>
  </testcase>
  <testcase classname="com.mkyong.busonfiscal.FacturaSimpleComprobanteBorradorTest" name="facturaSimplesBorrador" time="1.607">
    <skipped/>
  </testcase>
  <testcase classname="com.mkyong.buson.jes.detail.TestImpuestosLocalesJesDetail" name="basePageNavigation" time="1.607">
    <skipped/>
  </testcase>
  <testcase classname="com.mkyong.busonfiscal.BusquedaReportesTest" name="busquedaDeReportes" time="1.608">
    <skipped/>
  </testcase>
  <testcase classname="com.mkyong.buson.jes.detail.TestObrasDeArteYAtenguedadJesDetail" name="basePageNavigation" time="1.608">
    <skipped/>
  </testcase>
  <testcase classname="com.mkyong.buson.jes.detail.TestComercioExteriorJesDetail" name="basePageNavigation" time="1.609">
    <skipped/>
  </testcase>
  <testcase classname="com.mkyong.busonfiscal.TestReportesEmitidosDuplicarComprobante" name="basePageNavigation" time="1.61">
    <skipped/>
  </testcase>
  <testcase classname="com.mkyong.busonfiscal.TestFacturaCartaPorte" name="basePageNavigation" time="1.61">
    <skipped/>
  </testcase>
  <testcase classname="com.mkyong.buson.jes.detail.VentaDeVehiculosJesDetailTest" name="ventaDeVehiculosDetailJes" time="1.611">
    <skipped/>
  </testcase>
  <testcase classname="com.mkyong.buson.jes.detail.ServiciosParcealesDeContruccionJesDetailTest" name="serviciosParcealesDeContrDetailJes" time="1.612">
    <skipped/>
  </testcase>
  <testcase classname="com.mkyong.busonfiscal.TestBusquedaReportes17" name="basePageNavigation" time="1.612">
    <skipped/>
  </testcase>
  <testcase classname="com.mkyong.buson.jes.detail.InstituicionesEducativasJesDetailTest" name="instituicionesEducativasDetailJes" time="1.613">
    <skipped/>
  </testcase>
  <testcase classname="com.mkyong.busonfiscal.TestBusquedaReportes3" name="basePageNavigation" time="1.613">
    <skipped/>
  </testcase>
  <testcase classname="com.mkyong.buson.jes.detail.TestLeyendasFiscalesJesDetail" name="basePageNavigation" time="1.614">
    <skipped/>
  </testcase>
  <testcase classname="com.mkyong.busonfiscal.TestReportesEmitidosDuplicarComprobanteImpuestosLocales" name="basePageNavigation" time="1.615">
    <skipped/>
  </testcase>
  <testcase classname="com.mkyong.buson.jes.detail.ImpuestosLocalesJesDetailTest" name="impuestosLocalesDetailJes" time="1.616">
    <skipped/>
  </testcase>
  <testcase classname="com.mkyong.busonfiscal.TestReportesEmitidosDuplicarComplTuristaPasajeroExtr" name="basePageNavigation" time="1.616">
    <skipped/>
  </testcase>
  <testcase classname="com.mkyong.buson.jes.detail.ComercioExteriorJesDetailTest" name="comercioExteriorDetailJes" time="1.617">
    <skipped/>
  </testcase>
  <testcase classname="com.mkyong.busonfiscal.TestBusquedaReportes13" name="basePageNavigation" time="1.617">
    <skipped/>
  </testcase>
  <testcase classname="com.mkyong.busonfiscal.FacturaBasicaCodigTest" name="facturaBasicaCodig" time="1.618">
    <skipped/>
  </testcase>
  <testcase classname="com.mkyong.buson.jes.detail.PersonasFisicasIntegranteDeCoordinacionJesDetailTest" name="personasFisicasIntegrDeCoorDetailJes" time="1.618">
    <skipped/>
  </testcase>
  <testcase classname="com.mkyong.busonfiscal.ReportesEmitidosDuplicarComprobanteCartaPorteTest" name="duplicadoCartaPorte" time="1.619">
    <skipped/>
  </testcase>
  <testcase classname="com.mkyong.buson.jes.detail.TestFacturaBasicaJesDetail" name="basePageNavigation" time="1.621">
    <skipped/>
  </testcase>
  <testcase classname="com.mkyong.busonfiscal.ReportesEmitidosDuplicarComplLeyendasFiscalesTest" name="duplicadoLeyendasFiscales" time="1.622">
    <skipped/>
  </testcase>
  <testcase classname="com.mkyong.buson.jes.detail.TestDonativosJesDetail" name="basePageNavigation" time="1.623">
    <skipped/>
  </testcase>
  <testcase classname="com.mkyong.buson.jes.detail.LeyendasFiscalesJesDetailTest" name="leyendasFiscalesDetailJes" time="1.624">
    <skipped/>
  </testcase>
  <testcase classname="com.mkyong.busonfiscal.ReportesEmitidosDuplicarComprobanteImpuestosLocalesTest" name="duplicadoImpuestosLocales" time="1.624">
    <skipped/>
  </testcase>
  <testcase classname="com.mkyong.buson.jes.detail.FacturaPagoJesDetailTest" name="facturaPagoDetailJes" time="1.625">
    <skipped/>
  </testcase>
  <testcase classname="com.mkyong.busonfiscal.TestBusquedaReportes7" name="basePageNavigation" time="1.625">
    <skipped/>
  </testcase>
  <testcase classname="com.mkyong.busonfiscal.PersonasFisicasIntegranteDeCoordinacionTest" name="personasFisicas1" time="1.626">
    <skipped/>
  </testcase>
  <testcase classname="com.mkyong.buson.jes.detail.TestFacturaAdendaMultiAssistenciaJesDetail" name="basePageNavigation" time="1.626">
    <skipped/>
  </testcase>
  <testcase classname="com.mkyong.buson.jes.detail.DonativosJesDetailTest" name="donativosDetailJes" time="1.627">
    <skipped/>
  </testcase>
  <testcase classname="com.mkyong.busonfiscal.TestReportesEmitidosDuplicarDonatarios" name="basePageNavigation" time="1.628">
    <skipped/>
  </testcase>
  <testcase classname="com.mkyong.buson.jes.detail.PagoEnEspeciesJesDetailTest" name="pagosEnEspeciesDetailJes" time="1.629">
    <skipped/>
  </testcase>
  <testcase classname="com.mkyong.busonfiscal.ReportesEmitidosDuplicarComprobanteDetallistaTest" name="duplicadoFacturaDetallista" time="1.629">
    <skipped/>
  </testcase>
  <testcase classname="com.mkyong.busonfiscal.TestReportesEmitidosDuplicarComplNotariosPublicos" name="basePageNavigation" time="1.63">
    <skipped/>
  </testcase>
  <testcase classname="com.mkyong.buson.jes.detail.TestServiciosParcealesDeContruccionJesDetail" name="basePageNavigation" time="1.63">
    <skipped/>
  </testcase>
  <testcase classname="com.mkyong.busonfiscal.FacturaAdendaMultiAssistenciaTest" name="facturaAdendaMultiAssistencia" time="1.631">
    <skipped/>
  </testcase>
  <testcase classname="com.mkyong.buson.jes.detail.FacturaDetallistaJesDetailTest" name="facturaDetallistaDetailJes" time="1.631">
    <skipped/>
  </testcase>
  <testcase classname="com.mkyong.buson.jes.detail.FacturaCartaPorteJesDetailTest" name="facturaCartaPorteDetailJes" time="1.632">
    <skipped/>
  </testcase>
  <testcase classname="com.mkyong.busonfiscal.ReportesEmitidosDuplicarComplServiciosParcealesDeConstruccionTest" name="duplicadserviosParcealesDeConstrucion" time="1.632">
    <skipped/>
  </testcase>
  <testcase classname="com.mkyong.busonfiscal.TestBusquedaReportes5" name="basePageNavigation" time="1.633">
    <skipped/>
  </testcase>
  <testcase classname="com.mkyong.buson.jes.detail.TestNotaDeCreditoJesDetail" name="basePageNavigation" time="1.634">
    <skipped/>
  </testcase>
  <testcase classname="com.mkyong.busonfiscal.TestBusquedaReportes11" name="basePageNavigation" time="1.634">
    <skipped/>
  </testcase>
  <testcase classname="com.mkyong.buson.jes.detail.TestNotariosPublicosJesDetail" name="basePageNavigation" time="1.635">
    <skipped/>
  </testcase>
  <testcase classname="com.mkyong.busonfiscal.ComercioExteriorTest" name="comercioExterior" time="1.636">
    <skipped/>
  </testcase>
  <testcase classname="com.mkyong.buson.jes.detail.TuristaPasajeroExtranjeroJesDetailTest" name="turistaPassajeroExtranjeroDetailJes" time="1.636">
    <skipped/>
  </testcase>
  <testcase classname="com.mkyong.buson.jes.detail.FacturaAdendaMultiAssistenciaJesDetailTest" name="facturaAdendaMultAssistDetailJes" time="1.637">
    <skipped/>
  </testcase>
  <testcase classname="com.mkyong.busonfiscal.LeyendasFiscalesTest" name="leyendas1" time="1.637">
    <skipped/>
  </testcase>
  <testcase classname="com.mkyong.busonfiscal.DonativosTest" name="donativosSimples" time="1.638">
    <skipped/>
  </testcase>
  <testcase classname="com.mkyong.buson.jes.detail.NotaDeCreditoJesDetailTest" name="notaDeCreditoDetailJes" time="1.638">
    <skipped/>
  </testcase>
  <testcase classname="com.mkyong.buson.jes.detail.NotariosPublicosJesDetailTest" name="notariosPublicosDetailJes" time="1.639">
    <skipped/>
  </testcase>
  <testcase classname="com.mkyong.busonfiscal.TestEmailPasswordCorrect" name="basePageNavigation" time="1.639">
    <skipped/>
  </testcase>
  <testcase classname="com.mkyong.buson.jes.ObrasDeArteYAtenguedadJesTest" name="obrasArtesAnteguedadJes" time="1.641">
    <skipped/>
  </testcase>
  <testcase classname="com.mkyong.busonfiscal.TestBusquedaReportes9" name="basePageNavigation" time="1.641">
    <skipped/>
  </testcase>
  <testcase classname="com.mkyong.busonfiscal.TestBusquedaReportes20" name="basePageNavigation" time="1.642">
    <skipped/>
  </testcase>
  <testcase classname="com.mkyong.buson.jes.TestLeyendasFiscalesJes" name="basePageNavigation" time="1.642">
    <skipped/>
  </testcase>
  <testcase classname="com.mkyong.buson.jes.PagoEnEspeciesJesTest" name="pagoEnEspeciesJes" time="1.643">
    <skipped/>
  </testcase>
  <testcase classname="com.mkyong.busonfiscal.TestReportesEmitidos2" name="basePageNavigation" time="1.643">
    <skipped/>
  </testcase>
  <testcase classname="com.mkyong.buson.jes.DonativosJesTest" name="donativosJes" time="1.644">
    <skipped/>
  </testcase>
  <testcase classname="com.mkyong.busonfiscal.PasswordTest" name="testPassword" time="1.644">
    <skipped/>
  </testcase>
  <testcase classname="com.mkyong.busonfiscal.ServiciosParcealesDeContruccionTest" name="serviciosParcealesDeConstrucion" time="1.644">
    <skipped/>
  </testcase>
  <testcase classname="com.mkyong.buson.jes.VentaDeVehiculosJesTest" name="ventaDeVehiculosJes" time="1.644">
    <skipped/>
  </testcase>
  <testcase classname="com.mkyong.busonfiscal.detail.DonativosDetailTest" name="donativosDetail" time="1.645">
    <skipped/>
  </testcase>
  <testcase classname="com.mkyong.buson.jes.TestImpuestosLocalesJes" name="basePageNavigation" time="1.645">
    <skipped/>
  </testcase>
  <testcase classname="com.mkyong.busonfiscal.detail.INEDetailTest" name="facturaINEDetail1" time="1.646">
    <skipped/>
  </testcase>
  <testcase classname="com.mkyong.buson.jes.PersonasFisicasIntegranteDeCoordinacionJesTest" name="personasFisicasIntegrJes" time="1.646">
    <skipped/>
  </testcase>
  <testcase classname="com.mkyong.buson.jes.TestFacturaCartaPorteJes" name="basePageNavigation" time="1.646">
    <skipped/>
  </testcase>
  <testcase classname="com.mkyong.busonfiscal.detail.TestNotariosPublicosDetail" name="basePageNavigation" time="1.647">
    <skipped/>
  </testcase>
  <testcase classname="com.mkyong.busonfiscal.detail.TestPersonasFisicasIntegranteDeCoordinacionDetail" name="basePageNavigation" time="1.647">
    <skipped/>
  </testcase>
  <testcase classname="com.mkyong.buson.jes.TestVehiculosUsadosJes" name="basePageNavigation" time="1.647">
    <skipped/>
  </testcase>
  <testcase classname="com.mkyong.buson.jes.FacturaCartaPorteJesTest" name="facturaCartaPorte" time="1.648">
    <skipped/>
  </testcase>
  <testcase classname="com.mkyong.busonfiscal.detail.InstituicionesEducativasDetailTest" name="instituicionesEducativasDetail" time="1.648">
    <skipped/>
  </testcase>
  <testcase classname="com.mkyong.busonfiscal.detail.TestFacturaBasicaDetail" name="basePageNavigation" time="1.649">
    <skipped/>
  </testcase>
  <testcase classname="com.mkyong.buson.jes.TestFacturaDetallistaJes" name="basePageNavigation" time="1.649">
    <skipped/>
  </testcase>
  <testcase classname="com.mkyong.busonfiscal.detail.TestNotariosPublicosDetailIEPS" name="basePageNavigation" time="1.649">
    <skipped/>
  </testcase>
  <testcase classname="com.mkyong.buson.jes.TestObrasDeArteYAtenguedadJes" name="basePageNavigation" time="1.649">
    <skipped/>
  </testcase>
  <testcase classname="com.mkyong.busonfiscal.detail.FacturaBasicaDetailTest" name="facturaBasicaDetail" time="1.65">
    <skipped/>
  </testcase>
  <testcase classname="com.mkyong.buson.jes.TestComercioExteriorJes" name="basePageNavigation" time="1.65">
    <skipped/>
  </testcase>
  <testcase classname="com.mkyong.buson.jes.TestNotaDeCreditoJes" name="basePageNavigation" time="1.65">
    <skipped/>
  </testcase>
  <testcase classname="com.mkyong.busonfiscal.detail.VehiculosUsadosDetailTest" name="vehiculosUsadosDetail" time="1.651">
    <skipped/>
  </testcase>
  <testcase classname="com.mkyong.busonfiscal.detail.TestObrasDeArteYAtenguedadDetail" name="basePageNavigation" time="1.651">
    <skipped/>
  </testcase>
  <testcase classname="com.mkyong.buson.jes.TestServiciosParcealesDeContruccionJes" name="basePageNavigation" time="1.652">
    <skipped/>
  </testcase>
  <testcase classname="com.mkyong.buson.jes.NotariosPublicosJesTest" name="notariosPublicosJes" time="1.652">
    <skipped/>
  </testcase>
  <testcase classname="com.mkyong.busonfiscal.detail.TestFacturaCartaPorteDetail" name="basePageNavigation" time="1.652">
    <skipped/>
  </testcase>
  <testcase classname="com.mkyong.buson.jes.TestTuristaPasajeroExtranjeroJes" name="basePageNavigation" time="1.653">
    <skipped/>
  </testcase>
  <testcase classname="com.mkyong.busonfiscal.detail.TestVehiculosUsadosDetail" name="basePageNavigation" time="1.653">
    <skipped/>
  </testcase>
  <testcase classname="com.mkyong.busonfiscal.detail.TestDonativosDetail" name="basePageNavigation" time="1.653">
    <skipped/>
  </testcase>
  <testcase classname="com.mkyong.busonfiscal.detail.TestImpuestosLocalesDetailIEPS" name="basePageNavigation" time="1.654">
    <skipped/>
  </testcase>
  <testcase classname="com.mkyong.busonfiscal.detail.FacturaCartaPorteDetailTest" name="facturaCartaPorteDetail" time="1.654">
    <skipped/>
  </testcase>
  <testcase classname="com.mkyong.busonfiscal.detail.TestFacturaPagoDetail" name="basePageNavigation" time="1.655">
    <skipped/>
  </testcase>
  <testcase classname="com.mkyong.busonfiscal.detail.TestComercioExteriorDetail" name="basePageNavigation" time="1.655">
    <skipped/>
  </testcase>
  <testcase classname="com.mkyong.busonfiscal.detail.TestInstituicionesEducativasDetail" name="basePageNavigation" time="1.656">
    <skipped/>
  </testcase>
  <testcase classname="com.mkyong.busonfiscal.detail.PagoEnEspeciesDetailTest" name="pagoEnEspecieDetail1" time="1.656">
    <skipped/>
  </testcase>
  <testcase classname="com.mkyong.busonfiscal.detail.TestNotaDeCreditoDetail" name="basePageNavigation" time="1.657">
    <skipped/>
  </testcase>
  <testcase classname="com.mkyong.busonfiscal.detail.TestServiciosParcealesDeContrucciondDetail" name="basePageNavigation" time="1.657">
    <skipped/>
  </testcase>
  <testcase classname="com.mkyong.busonfiscal.detail.FacturaAdendaMultiAssistenciaDetailTest" name="facturaAdendamultiAssistenciaDetail" time="1.658">
    <skipped/>
  </testcase>
  <testcase classname="com.mkyong.busonfiscal.detail.ComercioExteriorDetailTest" name="comercioExteriorDetail" time="1.659">
    <skipped/>
  </testcase>
  <testcase classname="com.mkyong.busonfiscal.detail.CartaPorteComercioExteriorDetailTest" name="cartaPorteComercioExteriorDetail" time="1.659">
    <skipped/>
  </testcase>
  <testcase classname="com.mkyong.busonfiscal.detail.VentaDeVehiculosDetailTest" name="ventaDeVehiculosDetail" time="1.66">
    <skipped/>
  </testcase>
  <testcase classname="com.mkyong.busonfiscal.detail.TestLeyendasFiscalesDetail" name="basePageNavigation" time="1.66">
    <skipped/>
  </testcase>
  <testcase classname="com.mkyong.busonfiscal.detail.TestTuristaPasajeroExtranjeroDetail" name="basePageNavigation" time="1.661">
    <skipped/>
  </testcase>
  <testcase classname="com.mkyong.busonfiscal.detail.NotariosPublicosDetailTest" name="notariosPublicosDetail" time="1.661">
    <skipped/>
  </testcase>
  <testcase classname="com.mkyong.busonfiscal.detail.TuristaPasajeroExtranjeroDetailTest" name="turistasPasajerosExtrajerosDetail" time="1.662">
    <skipped/>
  </testcase>
  <testcase classname="com.mkyong.busonfiscal.detail.ServiciosParcealesDeContrucciondDetailTest" name="serviciosParcealesDeConstr" time="1.663">
    <skipped/>
  </testcase>
  <testcase classname="com.mkyong.busonfiscal.detail.LeyendasFiscalesDetailTest" name="leyendasFiscalesDetail" time="1.663">
    <skipped/>
  </testcase>
  <testcase classname="com.mkyong.busonfiscal.detail.TestVehiculosUsadosDetail2" name="basePageNavigation" time="1.664">
    <skipped/>
  </testcase>
  <testcase classname="com.mkyong.busonfiscal.detail.TestINEDetail" name="basePageNavigation" time="1.665">
    <skipped/>
  </testcase>
  <testcase classname="com.mkyong.busonfiscal.detail.TestImpuestosLocalesDetail" name="basePageNavigation" time="1.665">
    <skipped/>
  </testcase>
  <testcase classname="com.mkyong.busonfiscal.detail.FacturaDetallistaDetallistaTest" name="facturaDetallistadetail1" time="1.666">
    <skipped/>
  </testcase>
  <testcase classname="com.mkyong.busonfiscal.detail.TestVentaDeVehiculosDetail" name="basePageNavigation" time="1.666">
    <skipped/>
  </testcase>
  <testcase classname="com.mkyong.busonfiscal.detail.ImpuestosLocalesDetailTest" name="facturaImpuestosLocalesDetail1" time="1.667">
    <skipped/>
  </testcase>
  <testcase classname="com.mkyong.busonfiscal.detail.TestPagoEnEspeciesDetail" name="basePageNavigation" time="1.667">
    <skipped/>
  </testcase>
  <testcase classname="com.mkyong.busonfiscal.detail.ObrasDeArteYAtenguedadDetailTest" name="obrasArteAnteguedadDetail1" time="1.668">
    <skipped/>
  </testcase>
  <testcase classname="com.mkyong.busonfiscal.detail.PersonasFisicasIntegranteDeCoordinacionDetailTest" name="personasFisicasIntegrantesDeContr" time="1.668">
    <skipped/>
  </testcase>
  <testcase classname="com.mkyong.busonfiscal.detail.TestFacturaDetallistaDetallista" name="basePageNavigation" time="1.669">
    <skipped/>
  </testcase>
  <testcase classname="com.mkyong.busonfiscal.detail.TestFacturaAdendaMultiAssistenciaDetail" name="basePageNavigation" time="1.669">
    <skipped/>
  </testcase>
  <testcase classname="com.mkyong.busonfiscal.detail.NotariosPublicosDetailIEPSTest" name="notaDeCreditoDetailII" time="1.67">
    <skipped/>
  </testcase>
  <testcase classname="com.mkyong.busonfiscal.detail.FacturaPagoDetailTest" name="facturaPagoDetail" time="1.67">
    <skipped/>
  </testcase>
  <testcase classname="com.mkyong.busonfiscal.detail.TestCartaPorteComercioExteriorDetail" name="basePageNavigation" time="1.671">
    <skipped/>
  </testcase>
  <testcase classname="com.mkyong.busonfiscal.detail.ImpuestosLocalesDetailIEPSTest" name="facturaImpuestosLocalesII" time="1.672">
    <skipped/>
  </testcase>
  <testcase classname="com.mkyong.busonfiscal.detail.NotaDeCreditoDetailTest" name="notaDeCreditoDetail1" time="1.672">
    <skipped/>
  </testcase>
  <testcase classname="com.mkyong.busonfiscal.VehiculosUsadosTest" name="vehiculosUsados" time="1.673">
    <skipped/>
  </testcase>
  <testcase classname="com.mkyong.busonfiscal.TestBusquedaReportes22" name="basePageNavigation" time="1.674">
    <skipped/>
  </testcase>
  <testcase classname="com.mkyong.busonfiscal.TestReportesEmitidosDuplicarComprobanteINE" name="basePageNavigation" time="1.674">
    <skipped/>
  </testcase>
  <testcase classname="com.mkyong.busonfiscal.TestNotaDeCredito" name="basePageNavigation" time="1.675">
    <skipped/>
  </testcase>
  <testcase classname="com.mkyong.busonfiscal.ReportesEmitidosDuplicarComplComercioExteriorTest" name="reportesEmitidosDupliComercioExt" time="1.675">
    <skipped/>
  </testcase>
  <testcase classname="com.mkyong.busonfiscal.TestReportesEmitidosDuplicarComplPersonasFisicas" name="basePageNavigation" time="1.675">
    <skipped/>
  </testcase>
  <testcase classname="com.mkyong.busonfiscal.TestVehiculosUsados" name="basePageNavigation" time="1.676">
    <skipped/>
  </testcase>
  <testcase classname="com.mkyong.busonfiscal.TestReportesEmitidosDuplicarComprobanteNotaDeCredito" name="basePageNavigation" time="1.676">
    <skipped/>
  </testcase>
  <testcase classname="com.mkyong.busonfiscal.TestFacturaAdendaMultiAssistencia" name="basePageNavigation" time="1.676">
    <skipped/>
  </testcase>
  <testcase classname="com.mkyong.busonfiscal.TestLeyendasFiscales" name="basePageNavigation" time="1.677">
    <skipped/>
  </testcase>
  <testcase classname="com.mkyong.busonfiscal.TestComercioExterior" name="basePageNavigation" time="1.677">
    <skipped/>
  </testcase>
  <testcase classname="com.mkyong.busonfiscal.TestReportesEmitidosDuplicarComprobanteDetallista" name="basePageNavigation" time="1.677">
    <skipped/>
  </testcase>
  <testcase classname="com.mkyong.busonfiscal.TestObrasDeArteYAtenguedad" name="basePageNavigation" time="1.678">
    <skipped/>
  </testcase>
  <testcase classname="com.mkyong.busonfiscal.TestEmailPasswordCorrect2" name="basePageNavigation" time="1.678">
    <skipped/>
  </testcase>
  <testcase classname="com.mkyong.busonfiscal.PagoEnEspeciesTest" name="pagoEnEspecies1" time="1.679">
    <skipped/>
  </testcase>
  <testcase classname="com.mkyong.busonfiscal.TestReportesEmitidos4" name="basePageNavigation" time="1.679">
    <skipped/>
  </testcase>
  <testcase classname="com.mkyong.busonfiscal.TestImpuestosLocales" name="basePageNavigation" time="1.679">
    <skipped/>
  </testcase>
  <testcase classname="com.mkyong.busonfiscal.ReportesEmitidosDuplicarDonatariosTest" name="duplicadoDonatarios" time="1.679">
    <skipped/>
  </testcase>
  <testcase classname="com.mkyong.busonfiscal.FacturaBasicaTest" name="facturaBasica" time="1.68">
    <skipped/>
  </testcase>
  <testcase classname="com.mkyong.busonfiscal.TestBusquedaReportes" name="basePageNavigation" time="1.68">
    <skipped/>
  </testcase>
  <testcase classname="com.mkyong.busonfiscal.INETest" name="basePageNavigation" time="1.68">
    <skipped/>
  </testcase>
  <testcase classname="com.mkyong.busonfiscal.FacturaCartaPorteTest" name="facturaCartaPorte" time="1.681">
    <skipped/>
  </testcase>
  <testcase classname="com.mkyong.busonfiscal.ImpuestosLocalesTest" name="basePageNavigation" time="1.681">
    <skipped/>
  </testcase>
  <testcase classname="com.mkyong.busonfiscal.TestFacturaPago" name="basePageNavigation" time="1.681">
    <skipped/>
  </testcase>
  <testcase classname="com.mkyong.busonfiscal.TestINE" name="basePageNavigation" time="1.682">
    <skipped/>
  </testcase>
  <testcase classname="com.mkyong.busonfiscal.TestBusquedaReportes19" name="basePageNavigation" time="1.682">
    <skipped/>
  </testcase>
  <testcase classname="com.mkyong.busonfiscal.FacturaDetallistaTest" name="facturaDetallista" time="1.682">
    <skipped/>
  </testcase>
  <testcase classname="com.mkyong.busonfiscal.TestBusquedaReportes24" name="basePageNavigation" time="1.683">
    <skipped/>
  </testcase>
  <testcase classname="com.mkyong.busonfiscal.TestFacturaAdendaMultiAssistenciaBorrador" name="basePageNavigation" time="1.683">
    <skipped/>
  </testcase>
  <testcase classname="com.mkyong.busonfiscal.ReportesEmitidosDuplicarComplPaEnEspeciesTest" name="duplicadoPagoEnEspecies" time="1.683">
    <skipped/>
  </testcase>
  <testcase classname="com.mkyong.busonfiscal.TestEmail" name="basePageNavigation" time="1.684">
    <skipped/>
  </testcase>
  <testcase classname="com.mkyong.busonfiscal.InstituicionesEducativasTest" name="instituiciones1" time="1.684">
    <skipped/>
  </testcase>
  <testcase classname="com.mkyong.busonfiscal.ReportesEmitidosDuplicarComplNotariosPublicosTest" name="duplicadoNotarioPublico" time="1.684">
    <skipped/>
  </testcase>
  <testcase classname="com.mkyong.busonfiscal.TestReportesEmitidosDuplicarComprobanteVentaDeVehiculo" name="basePageNavigation" time="1.684">
    <skipped/>
  </testcase>
  <testcase classname="com.mkyong.busonfiscal.TestInstituicionesEducativas" name="basePageNavigation" time="1.685">
    <skipped/>
  </testcase>
  <testcase classname="com.mkyong.busonfiscal.TestReportesEmitidos1" name="basePageNavigation" time="1.685">
    <skipped/>
  </testcase>
  <testcase classname="com.mkyong.busonfiscal.TestReportesEmitidosDuplicarComplComercioExterior" name="basePageNavigation" time="1.686">
    <skipped/>
  </testcase>
  <testcase classname="com.mkyong.busonfiscal.TestReportesEmitidosDuplicarComplLeyendasFiscales" name="basePageNavigation" time="1.686">
    <skipped/>
  </testcase>
  <testcase classname="com.mkyong.busonfiscal.TestFacturaDetallista" name="basePageNavigation" time="1.686">
    <skipped/>
  </testcase>
  <testcase classname="com.mkyong.busonfiscal.ClientProductoTest" name="asignaturaClienteProducto" time="1.686">
    <skipped/>
  </testcase>
  <testcase classname="com.mkyong.busonfiscal.TestBusquedaReportes23" name="basePageNavigation" time="1.687">
    <skipped/>
  </testcase>
  <testcase classname="com.mkyong.busonfiscal.TestBusquedaReportes8" name="basePageNavigation" time="1.687">
    <skipped/>
  </testcase>
  <testcase classname="com.mkyong.busonfiscal.TestBusquedaReportes21" name="basePageNavigation" time="1.687">
    <skipped/>
  </testcase>
  <testcase classname="com.mkyong.busonfiscal.ReportesEmitidosDuplicarComplInstituicionesEducativasTest" name="duplicadoInstituicionesEducativas" time="1.688">
    <skipped/>
  </testcase>
  <testcase classname="com.mkyong.busonfiscal.TestFacturaSimpleComprobanteBorrador" name="basePageNavigation" time="1.688">
    <skipped/>
  </testcase>
  <testcase classname="com.mkyong.busonfiscal.FacturaPagoTest" name="facturaPago" time="1.688">
    <skipped/>
  </testcase>
  <testcase classname="com.mkyong.busonfiscal.TestPersonasFisicasIntegranteDeCoordinacion" name="basePageNavigation" time="1.688">
    <skipped/>
  </testcase>
  <testcase classname="com.mkyong.busonfiscal.TestReportesEmitidos3" name="basePageNavigation" time="1.689">
    <skipped/>
  </testcase>
  <testcase classname="com.mkyong.busonfiscal.FacturaAdendaMultiAssistenciaBorradorTest" name="adendaMultiassitenciaBorrador" time="1.689">
    <skipped/>
  </testcase>
  <testcase classname="com.mkyong.busonfiscal.TestReportesEmitidosCancelacion" name="basePageNavigation" time="1.69">
    <skipped/>
  </testcase>
  <testcase classname="com.mkyong.busonfiscal.TestEmailAndPassword" name="basePageNavigation" time="1.69">
    <skipped/>
  </testcase>
  <testcase classname="com.mkyong.busonfiscal.TestReportesEmitidosDuplicarComprobanteComplementoDePagos" name="basePageNavigation" time="1.69">
    <skipped/>
  </testcase>
  <testcase classname="com.mkyong.busonfiscal.TestReportesEmitidosDuplicarComplServiciosParcealesDeConstruccion" name="basePageNavigation" time="1.691">
    <skipped/>
  </testcase>
  <testcase classname="com.mkyong.busonfiscal.TestServiciosParcealesDeContruccion" name="basePageNavigation" time="1.691">
    <skipped/>
  </testcase>
  <testcase classname="com.mkyong.busonfiscal.TestReportesEmitidosDuplicarComplComercioExteriorTranslado" name="basePageNavigation" time="1.692">
    <skipped/>
  </testcase>
  <testcase classname="com.mkyong.busonfiscal.TestBusquedaReportes25" name="basePageNavigation" time="1.692">
    <skipped/>
  </testcase>
  <testcase classname="com.mkyong.busonfiscal.TestBusquedaReportes18" name="basePageNavigation" time="1.693">
    <skipped/>
  </testcase>
  <testcase classname="com.mkyong.busonfiscal.TestFacturaBasica" name="basePageNavigation" time="1.693">
    <skipped/>
  </testcase>
  <testcase classname="com.mkyong.busonfiscal.ReportesEmitidosDuplicarComprobanteNotaDeCreditoTest" name="duplicadoComprNotaDeCredito" time="1.693">
    <skipped/>
  </testcase>
  <testcase classname="com.mkyong.busonfiscal.ReportesEmitidosDuplicarComprobanteINETest" name="duplicadoComprINE" time="1.694">
    <skipped/>
  </testcase>
  <testcase classname="com.mkyong.busonfiscal.ObrasDeArteYAtenguedadTest" name="obrasArtesAnteguedad1" time="1.695">
    <skipped/>
  </testcase>
  <testcase classname="com.mkyong.busonfiscal.NotaDeCreditoBorradorTest" name="notaDeCredito" time="1.696">
    <skipped/>
  </testcase>
  <testcase classname="com.mkyong.busonfiscal.TestReportesEmitidos5" name="basePageNavigation" time="1.696">
    <skipped/>
  </testcase>
  <testcase classname="com.mkyong.busonfiscal.NotaDeCreditoTest" name="notaDeCredito" time="1.697">
    <skipped/>
  </testcase>
  <testcase classname="com.mkyong.boveda.BovedaTest" name="bovedaFiscal1" time="1.697">
    <skipped/>
  </testcase>
  <testcase classname="com.mkyong.busongratis.TestBusquedaReportesgratis1" name="basePageNavigation" time="1.698">
    <skipped/>
  </testcase>
  <testcase classname="com.mkyong.busongratis.TestFacturaPagoGratisDetail" name="basePageNavigation" time="1.699">
    <skipped/>
  </testcase>
  <testcase classname="com.mkyong.busongratis.FacturaPagoGratisTest" name="pagoGratisSimples" time="1.699">
    <skipped/>
  </testcase>
  <testcase classname="com.mkyong.busongratis.NotaDeCreditoGratisTest" name="notaDeCreditoGratisSimples" time="1.699">
    <skipped/>
  </testcase>
  <testcase classname="com.mkyong.busongratis.TestFacturaPagoGratisDetail2" name="basePageNavigation" time="1.699">
    <skipped/>
  </testcase>
  <testcase classname="com.mkyong.busongratis.TestFacturaBasicaGratis2" name="basePageNavigation" time="1.7">
    <skipped/>
  </testcase>
  <testcase classname="com.mkyong.busongratis.TestBusquedaReportesgratis3" name="basePageNavigation" time="1.7">
    <skipped/>
  </testcase>
  <testcase classname="com.mkyong.busongratis.TestReportesEmitidosgratuito2" name="basePageNavigation" time="1.701">
    <skipped/>
  </testcase>
  <testcase classname="com.mkyong.busongratis.TestNotaDeCreditoGratis" name="basePageNavigation" time="1.701">
    <skipped/>
  </testcase>
  <testcase classname="com.mkyong.busongratis.TestFacturaPagoGratis2" name="basePageNavigation" time="1.701">
    <skipped/>
  </testcase>
  <testcase classname="com.mkyong.busongratis.TestNotaDeCreditoGratisDetail" name="basePageNavigation" time="1.702">
    <skipped/>
  </testcase>
  <testcase classname="com.mkyong.busongratis.TestFacturaPagoGratis" name="basePageNavigation" time="1.702">
    <skipped/>
  </testcase>
  <testcase classname="com.mkyong.busongratis.TestBusquedaReportesgratis2" name="basePageNavigation" time="1.702">
    <skipped/>
  </testcase>
  <testcase classname="com.mkyong.busongratis.FacturaBasicaGratisDetailTest" name="facturaBasicaGratisDetail" time="1.703">
    <skipped/>
  </testcase>
  <testcase classname="com.mkyong.busongratis.TestFacturaCartaPorteGratis2" name="basePageNavigation" time="1.703">
    <skipped/>
  </testcase>
  <testcase classname="com.mkyong.busongratis.TestFacturaCartaPorteGratis" name="basePageNavigation" time="1.703">
    <skipped/>
  </testcase>
  <testcase classname="com.mkyong.busongratis.TestFacturaBasicaGratisDetail2" name="basePageNavigation" time="1.704">
    <skipped/>
  </testcase>
  <testcase classname="com.mkyong.busongratis.TestFacturaBasicaGratisDetail" name="basePageNavigation" time="1.704">
    <skipped/>
  </testcase>
  <testcase classname="com.mkyong.busongratis.TestFacturaBasicaGratis" name="basePageNavigation" time="1.705">
    <skipped/>
  </testcase>
  <testcase classname="com.mkyong.busongratis.TestReportesEmitidosgratuito1" name="basePageNavigation" time="1.705">
    <skipped/>
  </testcase>
  <testcase classname="com.mkyong.busongratis.TestBusquedaReportesgratis4" name="basePageNavigation" time="1.705">
    <skipped/>
  </testcase>
  <testcase classname="com.mkyong.busongratis.TestReportesEmitidosgratuito3" name="basePageNavigation" time="1.706">
    <skipped/>
  </testcase>
  <testcase classname="com.mkyong.busongratis.FacturaCartaPorteGratisComImpuestoTest" name="cartaPorteGratisimpuesto1" time="1.706">
    <skipped/>
  </testcase>
  <testcase classname="com.mkyong.busongratis.TestNotaDeCreditoGratisDetail2" name="basePageNavigation" time="1.706">
    <skipped/>
  </testcase>
  <testcase classname="com.mkyong.busongratis.TestNotaDeCreditoGratis2" name="basePageNavigation" time="1.707">
    <skipped/>
  </testcase>
  <testcase classname="com.mkyong.busongratis.TestBusquedaReportesgratuito2" name="basePageNavigation" time="1.707">
    <skipped/>
  </testcase>
  <testcase classname="com.mkyong.busongratis.FacturaPagoGratisDetailTest" name="pagoGratisDetail" time="1.707">
    <skipped/>
  </testcase>
  <testcase classname="com.mkyong.busongratis.NotaDeCreditoGratisDetailTest" name="notaDeCreditoDetailGratis" time="1.708">
    <skipped/>
  </testcase>
  <testcase classname="com.mkyong.busongratis.TestFacturaCartaPorteGratisComImpuesto2" name="basePageNavigation" time="1.708">
    <skipped/>
  </testcase>
  <testcase classname="com.mkyong.busongratis.FacturaCartaPorteGratisTest" name="cartaPorteGratisSimples" time="1.708">
    <skipped/>
  </testcase>
  <testcase classname="com.mkyong.busongratis.TestBusquedaReportesgratuito4" name="basePageNavigation" time="1.709">
    <skipped/>
  </testcase>
  <testcase classname="com.mkyong.busongratis.TestFacturaCartaPorteGratisComImpuesto" name="basePageNavigation" time="1.709">
    <skipped/>
  </testcase>
  <testcase classname="com.mkyong.busongratis.TestBusquedaReportesgratuito3" name="basePageNavigation" time="1.709">
    <skipped/>
  </testcase>
  <testcase classname="com.mkyong.busongratis.FacturaBasicaGratisTest" name="facturaBasicaGratis" time="1.71">
    <skipped/>
  </testcase>
  <testcase classname="com.mkyong.busongratis.TestBusquedaReportesgratuito1" name="basePageNavigation" time="1.71">
    <skipped/>
  </testcase>
  <testcase classname="com.mkyong.busongratis.TestBusquedaReportesgratuito5" name="basePageNavigation" time="1.711">
    <skipped/>
  </testcase>
  <testcase classname="com.mkyong.nomina.NominaFiscalDescargaTest" name="nominaFiscalDescarga" time="1.711">
    <skipped/>
  </testcase>
  <testcase classname="com.mkyong.nomina.NominaFiscalTest" name="nominaFiscal" time="1.711">
    <skipped/>
  </testcase>
  <testcase classname="com.mkyong.conector.jes.ServiciosParcealesDeContruccionJesTest" name="basePageNavigation" time="1.712">
    <skipped/>
  </testcase>
  <testcase classname="com.mkyong.conector.jes.FacturaBasicaJesTest" name="basePageNavigation" time="1.712">
    <skipped/>
  </testcase>
  <testcase classname="com.mkyong.conector.jes.FacturaDetallistaJesTest" name="basePageNavigation" time="1.713">
    <skipped/>
  </testcase>
  <testcase classname="com.mkyong.conector.jes.InstituicionesEducativasJesTest" name="basePageNavigation" time="1.713">
    <skipped/>
  </testcase>
  <testcase classname="com.mkyong.conector.jes.INEJesTest" name="basePageNavigation" time="1.713">
    <skipped/>
  </testcase>
  <testcase classname="com.mkyong.conector.jes.ImpuestosLocalesJesTest" name="basePageNavigation" time="1.714">
    <skipped/>
  </testcase>
  <testcase classname="com.mkyong.conector.jes.TestVentaDeVehiculosJes" name="basePageNavigation" time="1.714">
    <skipped/>
  </testcase>
  <testcase classname="com.mkyong.conector.jes.FacturaPagoJesTest" name="basePageNavigation" time="1.715">
    <skipped/>
  </testcase>
  <testcase classname="com.mkyong.conector.jes.LeyendasFiscalesJesTest" name="basePageNavigation" time="1.715">
    <skipped/>
  </testcase>
  <testcase classname="com.mkyong.conector.jes.TuristaPasajeroExtranjeroJesTest" name="basePageNavigation" time="1.715">
    <skipped/>
  </testcase>
  <testcase classname="com.mkyong.conector.jes.NotaDeCreditoJesTest" name="basePageNavigation" time="1.716">
    <skipped/>
  </testcase>
  <testcase classname="com.mkyong.conector.jes.ComercioExteriorJesTest" name="basePageNavigation" time="1.716">
    <skipped/>
  </testcase>
  <testcase classname="com.mkyong.conector.jes.detail.INEJesDetailTest" name="basePageNavigation" time="1.716">
    <skipped/>
  </testcase>
  <testcase classname="com.mkyong.conector.jes.detail.CartaPorteComercioExteriorJesDetailTest" name="basePageNavigation" time="1.717">
    <skipped/>
  </testcase>
  <testcase classname="com.mkyong.conector.jes.detail.ObrasDeArteYAtenguedadJesDetailTest" name="basePageNavigation" time="1.717">
    <skipped/>
  </testcase>
  <testcase classname="com.mkyong.conector.jes.detail.TestVehiculosUsadosJesDetail" name="basePageNavigation" time="1.717">
    <skipped/>
  </testcase>
  <testcase classname="com.mkyong.conector.jes.detail.TestVentaDeVehiculosJesDetail" name="basePageNavigation" time="1.718">
    <skipped/>
  </testcase>
  <testcase classname="com.mkyong.conector.jes.detail.FacturaBasicaJesDetailTest" name="basePageNavigation" time="1.718">
    <skipped/>
  </testcase>
  <testcase classname="com.mkyong.conector.jes.detail.ServiciosParcealesDeContruccionJesDetailTest" name="basePageNavigation" time="1.718">
    <skipped/>
  </testcase>
  <testcase classname="com.mkyong.conector.jes.detail.InstituicionesEducativasJesDetailTest" name="basePageNavigation" time="1.719">
    <skipped/>
  </testcase>
  <testcase classname="com.mkyong.conector.jes.detail.ImpuestosLocalesJesDetailTest" name="basePageNavigation" time="1.719">
    <skipped/>
  </testcase>
  <testcase classname="com.mkyong.conector.jes.detail.ComercioExteriorJesDetailTest" name="basePageNavigation" time="1.719">
    <skipped/>
  </testcase>
  <testcase classname="com.mkyong.conector.jes.detail.PersonasFisicasIntegranteDeCoordinacionJesDetailTest" name="basePageNavigation" time="1.72">
    <skipped/>
  </testcase>
  <testcase classname="com.mkyong.conector.jes.detail.LeyendasFiscalesJesDetailTest" name="basePageNavigation" time="1.72">
    <skipped/>
  </testcase>
  <testcase classname="com.mkyong.conector.jes.detail.FacturaPagoJesDetailTest" name="basePageNavigation" time="1.721">
    <skipped/>
  </testcase>
  <testcase classname="com.mkyong.conector.jes.detail.DonativosJesDetailTest" name="basePageNavigation" time="1.721">
    <skipped/>
  </testcase>
  <testcase classname="com.mkyong.conector.jes.detail.PagoEnEspeciesJesDetailTest" name="basePageNavigation" time="1.721">
    <skipped/>
  </testcase>
  <testcase classname="com.mkyong.conector.jes.detail.FacturaDetallistaJesDetailTest" name="basePageNavigation" time="1.722">
    <skipped/>
  </testcase>
  <testcase classname="com.mkyong.conector.jes.detail.FacturaCartaPorteJesDetailTest" name="basePageNavigation" time="1.722">
    <skipped/>
  </testcase>
  <testcase classname="com.mkyong.conector.jes.detail.TuristaPasajeroExtranjeroJesDetailTest" name="basePageNavigation" time="1.723">
    <skipped/>
  </testcase>
  <testcase classname="com.mkyong.conector.jes.detail.FacturaAdendaMultiAssistenciaJesDetailTest" name="basePageNavigation" time="1.723">
    <skipped/>
  </testcase>
  <testcase classname="com.mkyong.conector.jes.detail.NotaDeCreditoJesDetailTest" name="basePageNavigation" time="1.723">
    <skipped/>
  </testcase>
  <testcase classname="com.mkyong.conector.jes.detail.NotariosPublicosJesDetailTest" name="basePageNavigation" time="1.723">
    <skipped/>
  </testcase>
  <testcase classname="com.mkyong.conector.jes.ObrasDeArteYAtenguedadJesTest" name="basePageNavigation" time="1.724">
    <skipped/>
  </testcase>
  <testcase classname="com.mkyong.conector.jes.PagoEnEspeciesJesTest" name="basePageNavigation" time="1.724">
    <skipped/>
  </testcase>
  <testcase classname="com.mkyong.conector.jes.DonativosJesTest" name="basePageNavigation" time="1.724">
    <skipped/>
  </testcase>
  <testcase classname="com.mkyong.conector.jes.PersonasFisicasIntegranteDeCoordinacionJesTest" name="basePageNavigation" time="1.725">
    <skipped/>
  </testcase>
  <testcase classname="com.mkyong.conector.jes.TestVehiculosUsadosJes" name="basePageNavigation" time="1.725">
    <skipped/>
  </testcase>
  <testcase classname="com.mkyong.conector.jes.FacturaCartaPorteJesTest" name="basePageNavigation" time="1.725">
    <skipped/>
  </testcase>
  <testcase classname="com.mkyong.conector.jes.NotariosPublicosJesTest" name="basePageNavigation" time="1.726">
    <skipped/>
  </testcase>
  <testcase classname="com.mkyong.hashing.AppTest" name="testApp" time="1.726">
    <skipped/>
  </testcase>
  <testcase classname="com.mkyong.hashing.TestSucursal" name="AltaSucursal" time="1.727">
    <skipped/>
  </testcase>
  <testcase classname="com.mkyong.hashing.TestComprobantesEmitidos" name="AltaSucursal" time="1.727">
    <skipped/>
  </testcase>
  <testcase classname="com.mkyong.hashing.TestFolio" name="AltaSucursal" time="1.728">
    <skipped/>
  </testcase>
  <testcase classname="com.mkyong.hashing.TestFolio" name="closeBrowser" time="1.728">
    <skipped/>
  </testcase>
  <testcase classname="com.mkyong.hashing.TestProducto" name="AltaSucursal" time="1.729">
    <skipped/>
  </testcase>
  <testcase classname="com.mkyong.hashing.TestCertificados" name="Detalle" time="1.729">
    <skipped/>
  </testcase>
  <testcase classname="com.mkyong.hashing.TestClient" name="AltaSucursal" time="1.73">
    <skipped/>
  </testcase>
  <testcase classname="com.mkyong.impression.fiscal.ImpresionNominaFiscalTest" name="impressionNomina" time="1.73">
    <skipped/>
  </testcase>
  <testcase classname="com.mkyong.impression.fiscal.ImpresionPagoFiscalTest" name="impressionPagoFiscal" time="1.73">
    <skipped/>
  </testcase>
  <testcase classname="com.mkyong.impression.fiscal.ImpresionIETFiscalTest" name="impressionFiscal1" time="1.73">
    <skipped/>
  </testcase>
  <testcase classname="com.mkyong.sauce.labs.TestEmailPasswordSauceLab" name="basePageNavigation" time="1.731">
    <skipped/>
  </testcase>
  <testcase classname="com.mkyong.boveda.BovedaTest" name="closeBrowser" time="1.733">
    <skipped/>
  </testcase>
  <testcase classname="com.mkyong.boveda.BovedaTest" name="closeBrowser" time="1.734">
    <skipped/>
  </testcase>
  <testcase classname="com.mkyong.boveda.BovedaTest" name="closeBrowser" time="1.734">
    <skipped/>
  </testcase>
  <testcase classname="com.mkyong.boveda.BovedaTest" name="closeBrowser" time="1.734">
    <skipped/>
  </testcase>
  <testcase classname="com.mkyong.boveda.BovedaTest" name="closeBrowser" time="1.735">
    <skipped/>
  </testcase>
  <testcase classname="com.mkyong.boveda.BovedaTest" name="closeBrowser" time="1.735">
    <skipped/>
  </testcase>
  <testcase classname="com.mkyong.boveda.BovedaTest" name="closeBrowser" time="1.735">
    <skipped/>
  </testcase>
  <testcase classname="com.mkyong.boveda.BovedaTest" name="closeBrowser" time="1.735">
    <skipped/>
  </testcase>
  <testcase classname="com.mkyong.boveda.BovedaTest" name="closeBrowser" time="1.736">
    <skipped/>
  </testcase>
  <testcase classname="com.mkyong.boveda.BovedaTest" name="closeBrowser" time="1.736">
    <skipped/>
  </testcase>
  <testcase classname="com.mkyong.boveda.BovedaTest" name="closeBrowser" time="1.736">
    <skipped/>
  </testcase>
  <testcase classname="com.mkyong.boveda.BovedaTest" name="closeBrowser" time="1.737">
    <skipped/>
  </testcase>
  <testcase classname="com.mkyong.boveda.BovedaTest" name="closeBrowser" time="1.737">
    <skipped/>
  </testcase>
  <testcase classname="com.mkyong.boveda.BovedaTest" name="closeBrowser" time="1.737">
    <skipped/>
  </testcase>
  <testcase classname="com.mkyong.boveda.BovedaTest" name="closeBrowser" time="1.737">
    <skipped/>
  </testcase>
  <testcase classname="com.mkyong.boveda.BovedaTest" name="closeBrowser" time="1.738">
    <skipped/>
  </testcase>
  <testcase classname="com.mkyong.boveda.BovedaTest" name="closeBrowser" time="1.738">
    <skipped/>
  </testcase>
  <testcase classname="com.mkyong.boveda.BovedaTest" name="closeBrowser" time="1.738">
    <skipped/>
  </testcase>
  <testcase classname="com.mkyong.boveda.BovedaTest" name="closeBrowser" time="1.738">
    <skipped/>
  </testcase>
  <testcase classname="com.mkyong.boveda.BovedaTest" name="closeBrowser" time="1.739">
    <skipped/>
  </testcase>
  <testcase classname="com.mkyong.boveda.BovedaTest" name="closeBrowser" time="1.739">
    <skipped/>
  </testcase>
  <testcase classname="com.mkyong.boveda.BovedaTest" name="closeBrowser" time="1.739">
    <skipped/>
  </testcase>
  <testcase classname="com.mkyong.boveda.BovedaTest" name="closeBrowser" time="1.74">
    <skipped/>
  </testcase>
  <testcase classname="com.mkyong.boveda.BovedaTest" name="closeBrowser" time="1.74">
    <skipped/>
  </testcase>
  <testcase classname="com.mkyong.boveda.BovedaTest" name="closeBrowser" time="1.74">
    <skipped/>
  </testcase>
  <testcase classname="com.mkyong.boveda.BovedaTest" name="closeBrowser" time="1.74">
    <skipped/>
  </testcase>
  <testcase classname="com.mkyong.boveda.BovedaTest" name="closeBrowser" time="1.741">
    <skipped/>
  </testcase>
  <testcase classname="com.mkyong.boveda.BovedaTest" name="closeBrowser" time="1.741">
    <skipped/>
  </testcase>
  <testcase classname="com.mkyong.boveda.BovedaTest" name="closeBrowser" time="1.741">
    <skipped/>
  </testcase>
  <testcase classname="com.mkyong.boveda.BovedaTest" name="closeBrowser" time="1.742">
    <skipped/>
  </testcase>
  <testcase classname="com.mkyong.boveda.BovedaTest" name="closeBrowser" time="1.742">
    <skipped/>
  </testcase>
  <testcase classname="com.mkyong.boveda.BovedaTest" name="closeBrowser" time="1.742">
    <skipped/>
  </testcase>
  <testcase classname="com.mkyong.boveda.BovedaTest" name="closeBrowser" time="1.742">
    <skipped/>
  </testcase>
  <testcase classname="com.mkyong.boveda.BovedaTest" name="closeBrowser" time="1.743">
    <skipped/>
  </testcase>
  <testcase classname="com.mkyong.boveda.BovedaTest" name="closeBrowser" time="1.743">
    <skipped/>
  </testcase>
  <testcase classname="com.mkyong.boveda.BovedaTest" name="closeBrowser" time="1.743">
    <skipped/>
  </testcase>
  <testcase classname="com.mkyong.boveda.BovedaTest" name="closeBrowser" time="1.744">
    <skipped/>
  </testcase>
  <testcase classname="com.mkyong.boveda.BovedaTest" name="closeBrowser" time="1.744">
    <skipped/>
  </testcase>
  <testcase classname="com.mkyong.boveda.BovedaTest" name="closeBrowser" time="1.745">
    <skipped/>
  </testcase>
  <testcase classname="com.mkyong.boveda.BovedaTest" name="closeBrowser" time="1.745">
    <skipped/>
  </testcase>
  <testcase classname="com.mkyong.boveda.BovedaTest" name="closeBrowser" time="1.745">
    <skipped/>
  </testcase>
  <testcase classname="com.mkyong.boveda.BovedaTest" name="closeBrowser" time="1.746">
    <skipped/>
  </testcase>
  <testcase classname="com.mkyong.boveda.BovedaTest" name="closeBrowser" time="1.746">
    <skipped/>
  </testcase>
  <testcase classname="com.mkyong.boveda.BovedaTest" name="closeBrowser" time="1.746">
    <skipped/>
  </testcase>
  <testcase classname="com.mkyong.boveda.BovedaTest" name="closeBrowser" time="1.747">
    <skipped/>
  </testcase>
  <testcase classname="com.mkyong.boveda.BovedaTest" name="closeBrowser" time="1.747">
    <skipped/>
  </testcase>
  <testcase classname="com.mkyong.boveda.BovedaTest" name="closeBrowser" time="1.747">
    <skipped/>
  </testcase>
  <testcase classname="com.mkyong.boveda.BovedaTest" name="closeBrowser" time="1.748">
    <skipped/>
  </testcase>
  <testcase classname="com.mkyong.boveda.BovedaTest" name="closeBrowser" time="1.748">
    <skipped/>
  </testcase>
  <testcase classname="com.mkyong.boveda.BovedaTest" name="closeBrowser" time="1.748">
    <skipped/>
  </testcase>
  <testcase classname="com.mkyong.boveda.BovedaTest" name="closeBrowser" time="1.749">
    <skipped/>
  </testcase>
  <testcase classname="com.mkyong.boveda.BovedaTest" name="closeBrowser" time="1.749">
    <skipped/>
  </testcase>
  <testcase classname="com.mkyong.boveda.BovedaTest" name="closeBrowser" time="1.75">
    <skipped/>
  </testcase>
  <testcase classname="com.mkyong.boveda.BovedaTest" name="closeBrowser" time="1.75">
    <skipped/>
  </testcase>
  <testcase classname="com.mkyong.boveda.BovedaTest" name="closeBrowser" time="1.75">
    <skipped/>
  </testcase>
  <testcase classname="com.mkyong.boveda.BovedaTest" name="closeBrowser" time="1.751">
    <skipped/>
  </testcase>
  <testcase classname="com.mkyong.boveda.BovedaTest" name="closeBrowser" time="1.751">
    <skipped/>
  </testcase>
  <testcase classname="com.mkyong.boveda.BovedaTest" name="closeBrowser" time="1.751">
    <skipped/>
  </testcase>
  <testcase classname="com.mkyong.boveda.BovedaTest" name="closeBrowser" time="1.752">
    <skipped/>
  </testcase>
  <testcase classname="com.mkyong.boveda.BovedaTest" name="closeBrowser" time="1.752">
    <skipped/>
  </testcase>
  <testcase classname="com.mkyong.boveda.BovedaTest" name="closeBrowser" time="1.752">
    <skipped/>
  </testcase>
  <testcase classname="com.mkyong.boveda.BovedaTest" name="closeBrowser" time="1.752">
    <skipped/>
  </testcase>
  <testcase classname="com.mkyong.boveda.BovedaTest" name="closeBrowser" time="1.753">
    <skipped/>
  </testcase>
  <testcase classname="com.mkyong.boveda.BovedaTest" name="closeBrowser" time="1.753">
    <skipped/>
  </testcase>
  <testcase classname="com.mkyong.boveda.BovedaTest" name="closeBrowser" time="1.753">
    <skipped/>
  </testcase>
  <testcase classname="com.mkyong.boveda.BovedaTest" name="closeBrowser" time="1.754">
    <skipped/>
  </testcase>
  <testcase classname="com.mkyong.boveda.BovedaTest" name="closeBrowser" time="1.754">
    <skipped/>
  </testcase>
  <testcase classname="com.mkyong.boveda.BovedaTest" name="closeBrowser" time="1.754">
    <skipped/>
  </testcase>
  <testcase classname="com.mkyong.boveda.BovedaTest" name="closeBrowser" time="1.755">
    <skipped/>
  </testcase>
  <testcase classname="com.mkyong.boveda.BovedaTest" name="closeBrowser" time="1.755">
    <skipped/>
  </testcase>
  <testcase classname="com.mkyong.boveda.BovedaTest" name="closeBrowser" time="1.755">
    <skipped/>
  </testcase>
  <testcase classname="com.mkyong.boveda.BovedaTest" name="closeBrowser" time="1.755">
    <skipped/>
  </testcase>
  <testcase classname="com.mkyong.boveda.BovedaTest" name="closeBrowser" time="1.756">
    <skipped/>
  </testcase>
  <testcase classname="com.mkyong.boveda.BovedaTest" name="closeBrowser" time="1.756">
    <skipped/>
  </testcase>
  <testcase classname="com.mkyong.boveda.BovedaTest" name="closeBrowser" time="1.756">
    <skipped/>
  </testcase>
  <testcase classname="com.mkyong.boveda.BovedaTest" name="closeBrowser" time="1.757">
    <skipped/>
  </testcase>
  <testcase classname="com.mkyong.boveda.BovedaTest" name="closeBrowser" time="1.757">
    <skipped/>
  </testcase>
  <testcase classname="com.mkyong.boveda.BovedaTest" name="closeBrowser" time="1.757">
    <skipped/>
  </testcase>
  <testcase classname="com.mkyong.boveda.BovedaTest" name="closeBrowser" time="1.757">
    <skipped/>
  </testcase>
  <testcase classname="com.mkyong.boveda.BovedaTest" name="closeBrowser" time="1.758">
    <skipped/>
  </testcase>
  <testcase classname="com.mkyong.boveda.BovedaTest" name="closeBrowser" time="1.758">
    <skipped/>
  </testcase>
  <testcase classname="com.mkyong.boveda.BovedaTest" name="closeBrowser" time="1.758">
    <skipped/>
  </testcase>
  <testcase classname="com.mkyong.boveda.BovedaTest" name="closeBrowser" time="1.759">
    <skipped/>
  </testcase>
  <testcase classname="com.mkyong.boveda.BovedaTest" name="closeBrowser" time="1.759">
    <skipped/>
  </testcase>
  <testcase classname="com.mkyong.boveda.BovedaTest" name="closeBrowser" time="1.759">
    <skipped/>
  </testcase>
  <testcase classname="com.mkyong.boveda.BovedaTest" name="closeBrowser" time="1.76">
    <skipped/>
  </testcase>
  <testcase classname="com.mkyong.boveda.BovedaTest" name="closeBrowser" time="1.76">
    <skipped/>
  </testcase>
  <testcase classname="com.mkyong.boveda.BovedaTest" name="closeBrowser" time="1.76">
    <skipped/>
  </testcase>
  <testcase classname="com.mkyong.boveda.BovedaTest" name="closeBrowser" time="1.76">
    <skipped/>
  </testcase>
  <testcase classname="com.mkyong.boveda.BovedaTest" name="closeBrowser" time="1.761">
    <skipped/>
  </testcase>
  <testcase classname="com.mkyong.boveda.BovedaTest" name="closeBrowser" time="1.761">
    <skipped/>
  </testcase>
  <testcase classname="com.mkyong.boveda.BovedaTest" name="closeBrowser" time="1.761">
    <skipped/>
  </testcase>
  <testcase classname="com.mkyong.boveda.BovedaTest" name="closeBrowser" time="1.762">
    <skipped/>
  </testcase>
  <testcase classname="com.mkyong.boveda.BovedaTest" name="closeBrowser" time="1.762">
    <skipped/>
  </testcase>
  <testcase classname="com.mkyong.boveda.BovedaTest" name="closeBrowser" time="1.762">
    <skipped/>
  </testcase>
  <testcase classname="com.mkyong.boveda.BovedaTest" name="closeBrowser" time="1.762">
    <skipped/>
  </testcase>
  <testcase classname="com.mkyong.boveda.BovedaTest" name="closeBrowser" time="1.763">
    <skipped/>
  </testcase>
  <testcase classname="com.mkyong.boveda.BovedaTest" name="closeBrowser" time="1.763">
    <skipped/>
  </testcase>
  <testcase classname="com.mkyong.boveda.BovedaTest" name="closeBrowser" time="1.763">
    <skipped/>
  </testcase>
  <testcase classname="com.mkyong.boveda.BovedaTest" name="closeBrowser" time="1.763">
    <skipped/>
  </testcase>
  <testcase classname="com.mkyong.boveda.BovedaTest" name="closeBrowser" time="1.764">
    <skipped/>
  </testcase>
  <testcase classname="com.mkyong.boveda.BovedaTest" name="closeBrowser" time="1.764">
    <skipped/>
  </testcase>
  <testcase classname="com.mkyong.boveda.BovedaTest" name="closeBrowser" time="1.764">
    <skipped/>
  </testcase>
  <testcase classname="com.mkyong.boveda.BovedaTest" name="closeBrowser" time="1.764">
    <skipped/>
  </testcase>
  <testcase classname="com.mkyong.boveda.BovedaTest" name="closeBrowser" time="1.765">
    <skipped/>
  </testcase>
  <testcase classname="com.mkyong.boveda.BovedaTest" name="closeBrowser" time="1.765">
    <skipped/>
  </testcase>
  <testcase classname="com.mkyong.boveda.BovedaTest" name="closeBrowser" time="1.765">
    <skipped/>
  </testcase>
  <testcase classname="com.mkyong.boveda.BovedaTest" name="closeBrowser" time="1.765">
    <skipped/>
  </testcase>
  <testcase classname="com.mkyong.boveda.BovedaTest" name="closeBrowser" time="1.766">
    <skipped/>
  </testcase>
  <testcase classname="com.mkyong.boveda.BovedaTest" name="closeBrowser" time="1.766">
    <skipped/>
  </testcase>
  <testcase classname="com.mkyong.boveda.BovedaTest" name="closeBrowser" time="1.766">
    <skipped/>
  </testcase>
  <testcase classname="com.mkyong.boveda.BovedaTest" name="closeBrowser" time="1.767">
    <skipped/>
  </testcase>
  <testcase classname="com.mkyong.boveda.BovedaTest" name="closeBrowser" time="1.767">
    <skipped/>
  </testcase>
  <testcase classname="com.mkyong.boveda.BovedaTest" name="closeBrowser" time="1.767">
    <skipped/>
  </testcase>
  <testcase classname="com.mkyong.boveda.BovedaTest" name="closeBrowser" time="1.768">
    <skipped/>
  </testcase>
  <testcase classname="com.mkyong.boveda.BovedaTest" name="closeBrowser" time="1.768">
    <skipped/>
  </testcase>
  <testcase classname="com.mkyong.boveda.BovedaTest" name="closeBrowser" time="1.768">
    <skipped/>
  </testcase>
  <testcase classname="com.mkyong.boveda.BovedaTest" name="closeBrowser" time="1.769">
    <skipped/>
  </testcase>
  <testcase classname="com.mkyong.boveda.BovedaTest" name="closeBrowser" time="1.769">
    <skipped/>
  </testcase>
  <testcase classname="com.mkyong.boveda.BovedaTest" name="closeBrowser" time="1.769">
    <skipped/>
  </testcase>
  <testcase classname="com.mkyong.boveda.BovedaTest" name="closeBrowser" time="1.77">
    <skipped/>
  </testcase>
  <testcase classname="com.mkyong.boveda.BovedaTest" name="closeBrowser" time="1.77">
    <skipped/>
  </testcase>
  <testcase classname="com.mkyong.boveda.BovedaTest" name="closeBrowser" time="1.77">
    <skipped/>
  </testcase>
  <testcase classname="com.mkyong.boveda.BovedaTest" name="closeBrowser" time="1.771">
    <skipped/>
  </testcase>
  <testcase classname="com.mkyong.boveda.BovedaTest" name="closeBrowser" time="1.771">
    <skipped/>
  </testcase>
  <testcase classname="com.mkyong.boveda.BovedaTest" name="closeBrowser" time="1.772">
    <skipped/>
  </testcase>
  <testcase classname="com.mkyong.boveda.BovedaTest" name="closeBrowser" time="1.772">
    <skipped/>
  </testcase>
  <testcase classname="com.mkyong.boveda.BovedaTest" name="closeBrowser" time="1.773">
    <skipped/>
  </testcase>
  <testcase classname="com.mkyong.boveda.BovedaTest" name="closeBrowser" time="1.773">
    <skipped/>
  </testcase>
  <testcase classname="com.mkyong.boveda.BovedaTest" name="closeBrowser" time="1.773">
    <skipped/>
  </testcase>
  <testcase classname="com.mkyong.boveda.BovedaTest" name="closeBrowser" time="1.774">
    <skipped/>
  </testcase>
  <testcase classname="com.mkyong.boveda.BovedaTest" name="closeBrowser" time="1.774">
    <skipped/>
  </testcase>
  <testcase classname="com.mkyong.boveda.BovedaTest" name="closeBrowser" time="1.775">
    <skipped/>
  </testcase>
  <testcase classname="com.mkyong.boveda.BovedaTest" name="closeBrowser" time="1.775">
    <skipped/>
  </testcase>
  <testcase classname="com.mkyong.boveda.BovedaTest" name="closeBrowser" time="1.775">
    <skipped/>
  </testcase>
  <testcase classname="com.mkyong.boveda.BovedaTest" name="closeBrowser" time="1.776">
    <skipped/>
  </testcase>
  <testcase classname="com.mkyong.boveda.BovedaTest" name="closeBrowser" time="1.776">
    <skipped/>
  </testcase>
  <testcase classname="com.mkyong.boveda.BovedaTest" name="closeBrowser" time="1.776">
    <skipped/>
  </testcase>
  <testcase classname="com.mkyong.boveda.BovedaTest" name="closeBrowser" time="1.776">
    <skipped/>
  </testcase>
  <testcase classname="com.mkyong.boveda.BovedaTest" name="closeBrowser" time="1.777">
    <skipped/>
  </testcase>
  <testcase classname="com.mkyong.boveda.BovedaTest" name="closeBrowser" time="1.777">
    <skipped/>
  </testcase>
  <testcase classname="com.mkyong.boveda.BovedaTest" name="closeBrowser" time="1.778">
    <skipped/>
  </testcase>
  <testcase classname="com.mkyong.boveda.BovedaTest" name="closeBrowser" time="1.778">
    <skipped/>
  </testcase>
  <testcase classname="com.mkyong.boveda.BovedaTest" name="closeBrowser" time="1.778">
    <skipped/>
  </testcase>
  <testcase classname="com.mkyong.boveda.BovedaTest" name="closeBrowser" time="1.779">
    <skipped/>
  </testcase>
  <testcase classname="com.mkyong.boveda.BovedaTest" name="closeBrowser" time="1.779">
    <skipped/>
  </testcase>
  <testcase classname="com.mkyong.boveda.BovedaTest" name="closeBrowser" time="1.779">
    <skipped/>
  </testcase>
  <testcase classname="com.mkyong.boveda.BovedaTest" name="closeBrowser" time="1.78">
    <skipped/>
  </testcase>
  <testcase classname="com.mkyong.boveda.BovedaTest" name="closeBrowser" time="1.78">
    <skipped/>
  </testcase>
  <testcase classname="com.mkyong.boveda.BovedaTest" name="closeBrowser" time="1.78">
    <skipped/>
  </testcase>
  <testcase classname="com.mkyong.boveda.BovedaTest" name="closeBrowser" time="1.781">
    <skipped/>
  </testcase>
  <testcase classname="com.mkyong.boveda.BovedaTest" name="closeBrowser" time="1.781">
    <skipped/>
  </testcase>
  <testcase classname="com.mkyong.boveda.BovedaTest" name="closeBrowser" time="1.781">
    <skipped/>
  </testcase>
  <testcase classname="com.mkyong.boveda.BovedaTest" name="closeBrowser" time="1.781">
    <skipped/>
  </testcase>
  <testcase classname="com.mkyong.boveda.BovedaTest" name="closeBrowser" time="1.782">
    <skipped/>
  </testcase>
  <testcase classname="com.mkyong.boveda.BovedaTest" name="closeBrowser" time="1.782">
    <skipped/>
  </testcase>
  <testcase classname="com.mkyong.boveda.BovedaTest" name="closeBrowser" time="1.782">
    <skipped/>
  </testcase>
  <testcase classname="com.mkyong.boveda.BovedaTest" name="closeBrowser" time="1.783">
    <skipped/>
  </testcase>
  <testcase classname="com.mkyong.boveda.BovedaTest" name="closeBrowser" time="1.783">
    <skipped/>
  </testcase>
  <testcase classname="com.mkyong.boveda.BovedaTest" name="closeBrowser" time="1.783">
    <skipped/>
  </testcase>
  <testcase classname="com.mkyong.boveda.BovedaTest" name="closeBrowser" time="1.784">
    <skipped/>
  </testcase>
  <testcase classname="com.mkyong.boveda.BovedaTest" name="closeBrowser" time="1.784">
    <skipped/>
  </testcase>
  <testcase classname="com.mkyong.boveda.BovedaTest" name="closeBrowser" time="1.784">
    <skipped/>
  </testcase>
  <testcase classname="com.mkyong.boveda.BovedaTest" name="closeBrowser" time="1.785">
    <skipped/>
  </testcase>
  <testcase classname="com.mkyong.boveda.BovedaTest" name="closeBrowser" time="1.785">
    <skipped/>
  </testcase>
  <testcase classname="com.mkyong.boveda.BovedaTest" name="closeBrowser" time="1.785">
    <skipped/>
  </testcase>
  <testcase classname="com.mkyong.boveda.BovedaTest" name="closeBrowser" time="1.785">
    <skipped/>
  </testcase>
  <testcase classname="com.mkyong.boveda.BovedaTest" name="closeBrowser" time="1.786">
    <skipped/>
  </testcase>
  <testcase classname="com.mkyong.boveda.BovedaTest" name="closeBrowser" time="1.786">
    <skipped/>
  </testcase>
  <testcase classname="com.mkyong.boveda.BovedaTest" name="closeBrowser" time="1.786">
    <skipped/>
  </testcase>
  <testcase classname="com.mkyong.boveda.BovedaTest" name="closeBrowser" time="1.787">
    <skipped/>
  </testcase>
  <testcase classname="com.mkyong.boveda.BovedaTest" name="closeBrowser" time="1.787">
    <skipped/>
  </testcase>
  <testcase classname="com.mkyong.boveda.BovedaTest" name="closeBrowser" time="1.787">
    <skipped/>
  </testcase>
  <testcase classname="com.mkyong.boveda.BovedaTest" name="closeBrowser" time="1.788">
    <skipped/>
  </testcase>
  <testcase classname="com.mkyong.boveda.BovedaTest" name="closeBrowser" time="1.788">
    <skipped/>
  </testcase>
  <testcase classname="com.mkyong.boveda.BovedaTest" name="closeBrowser" time="1.788">
    <skipped/>
  </testcase>
  <testcase classname="com.mkyong.boveda.BovedaTest" name="closeBrowser" time="1.788">
    <skipped/>
  </testcase>
  <testcase classname="com.mkyong.boveda.BovedaTest" name="closeBrowser" time="1.789">
    <skipped/>
  </testcase>
  <testcase classname="com.mkyong.boveda.BovedaTest" name="closeBrowser" time="1.789">
    <skipped/>
  </testcase>
  <testcase classname="com.mkyong.boveda.BovedaTest" name="closeBrowser" time="1.789">
    <skipped/>
  </testcase>
  <testcase classname="com.mkyong.boveda.BovedaTest" name="closeBrowser" time="1.789">
    <skipped/>
  </testcase>
  <testcase classname="com.mkyong.boveda.BovedaTest" name="closeBrowser" time="1.79">
    <skipped/>
  </testcase>
  <testcase classname="com.mkyong.boveda.BovedaTest" name="closeBrowser" time="1.79">
    <skipped/>
  </testcase>
  <testcase classname="com.mkyong.boveda.BovedaTest" name="closeBrowser" time="1.79">
    <skipped/>
  </testcase>
  <testcase classname="com.mkyong.boveda.BovedaTest" name="closeBrowser" time="1.791">
    <skipped/>
  </testcase>
  <testcase classname="com.mkyong.boveda.BovedaTest" name="closeBrowser" time="1.791">
    <skipped/>
  </testcase>
  <testcase classname="com.mkyong.boveda.BovedaTest" name="closeBrowser" time="1.791">
    <skipped/>
  </testcase>
  <testcase classname="com.mkyong.boveda.BovedaTest" name="closeBrowser" time="1.791">
    <skipped/>
  </testcase>
  <testcase classname="com.mkyong.boveda.BovedaTest" name="closeBrowser" time="1.792">
    <skipped/>
  </testcase>
  <testcase classname="com.mkyong.boveda.BovedaTest" name="closeBrowser" time="1.792">
    <skipped/>
  </testcase>
  <testcase classname="com.mkyong.boveda.BovedaTest" name="closeBrowser" time="1.792">
    <skipped/>
  </testcase>
  <testcase classname="com.mkyong.boveda.BovedaTest" name="closeBrowser" time="1.793">
    <skipped/>
  </testcase>
  <testcase classname="com.mkyong.boveda.BovedaTest" name="closeBrowser" time="1.793">
    <skipped/>
  </testcase>
  <testcase classname="com.mkyong.boveda.BovedaTest" name="closeBrowser" time="1.793">
    <skipped/>
  </testcase>
  <testcase classname="com.mkyong.boveda.BovedaTest" name="closeBrowser" time="1.793">
    <skipped/>
  </testcase>
  <testcase classname="com.mkyong.boveda.BovedaTest" name="closeBrowser" time="1.794">
    <skipped/>
  </testcase>
  <testcase classname="com.mkyong.boveda.BovedaTest" name="closeBrowser" time="1.794">
    <skipped/>
  </testcase>
  <testcase classname="com.mkyong.boveda.BovedaTest" name="closeBrowser" time="1.794">
    <skipped/>
  </testcase>
  <testcase classname="com.mkyong.boveda.BovedaTest" name="closeBrowser" time="1.794">
    <skipped/>
  </testcase>
  <testcase classname="com.mkyong.boveda.BovedaTest" name="closeBrowser" time="1.795">
    <skipped/>
  </testcase>
  <testcase classname="com.mkyong.boveda.BovedaTest" name="closeBrowser" time="1.795">
    <skipped/>
  </testcase>
  <testcase classname="com.mkyong.boveda.BovedaTest" name="closeBrowser" time="1.795">
    <skipped/>
  </testcase>
  <testcase classname="com.mkyong.boveda.BovedaTest" name="closeBrowser" time="1.795">
    <skipped/>
  </testcase>
  <testcase classname="com.mkyong.boveda.BovedaTest" name="closeBrowser" time="1.796">
    <skipped/>
  </testcase>
  <testcase classname="com.mkyong.boveda.BovedaTest" name="closeBrowser" time="1.796">
    <skipped/>
  </testcase>
  <testcase classname="com.mkyong.boveda.BovedaTest" name="closeBrowser" time="1.796">
    <skipped/>
  </testcase>
  <testcase classname="com.mkyong.boveda.BovedaTest" name="closeBrowser" time="1.797">
    <skipped/>
  </testcase>
  <testcase classname="com.mkyong.boveda.BovedaTest" name="closeBrowser" time="1.797">
    <skipped/>
  </testcase>
  <testcase classname="com.mkyong.boveda.BovedaTest" name="closeBrowser" time="1.797">
    <skipped/>
  </testcase>
  <testcase classname="com.mkyong.boveda.BovedaTest" name="closeBrowser" time="1.797">
    <skipped/>
  </testcase>
  <testcase classname="com.mkyong.boveda.BovedaTest" name="closeBrowser" time="1.798">
    <skipped/>
  </testcase>
  <testcase classname="com.mkyong.boveda.BovedaTest" name="closeBrowser" time="1.798">
    <skipped/>
  </testcase>
  <testcase classname="com.mkyong.boveda.BovedaTest" name="closeBrowser" time="1.798">
    <skipped/>
  </testcase>
  <testcase classname="com.mkyong.boveda.BovedaTest" name="closeBrowser" time="1.798">
    <skipped/>
  </testcase>
  <testcase classname="com.mkyong.boveda.BovedaTest" name="closeBrowser" time="1.799">
    <skipped/>
  </testcase>
  <testcase classname="com.mkyong.boveda.BovedaTest" name="closeBrowser" time="1.799">
    <skipped/>
  </testcase>
  <testcase classname="com.mkyong.boveda.BovedaTest" name="closeBrowser" time="1.799">
    <skipped/>
  </testcase>
  <testcase classname="com.mkyong.boveda.BovedaTest" name="closeBrowser" time="1.8">
    <skipped/>
  </testcase>
  <testcase classname="com.mkyong.boveda.BovedaTest" name="closeBrowser" time="1.8">
    <skipped/>
  </testcase>
  <testcase classname="com.mkyong.boveda.BovedaTest" name="closeBrowser" time="1.8">
    <skipped/>
  </testcase>
  <testcase classname="com.mkyong.boveda.BovedaTest" name="closeBrowser" time="1.8">
    <skipped/>
  </testcase>
  <testcase classname="com.mkyong.boveda.BovedaTest" name="closeBrowser" time="1.801">
    <skipped/>
  </testcase>
  <testcase classname="com.mkyong.boveda.BovedaTest" name="closeBrowser" time="1.801">
    <skipped/>
  </testcase>
  <testcase classname="com.mkyong.boveda.BovedaTest" name="closeBrowser" time="1.801">
    <skipped/>
  </testcase>
  <testcase classname="com.mkyong.boveda.BovedaTest" name="closeBrowser" time="1.801">
    <skipped/>
  </testcase>
  <testcase classname="com.mkyong.boveda.BovedaTest" name="closeBrowser" time="1.801">
    <skipped/>
  </testcase>
  <testcase classname="com.mkyong.boveda.BovedaTest" name="closeBrowser" time="1.802">
    <skipped/>
  </testcase>
  <testcase classname="com.mkyong.boveda.BovedaTest" name="closeBrowser" time="1.802">
    <skipped/>
  </testcase>
  <testcase classname="com.mkyong.boveda.BovedaTest" name="closeBrowser" time="1.802">
    <skipped/>
  </testcase>
  <testcase classname="com.mkyong.boveda.BovedaTest" name="closeBrowser" time="1.802">
    <skipped/>
  </testcase>
  <testcase classname="com.mkyong.boveda.BovedaTest" name="closeBrowser" time="1.802">
    <skipped/>
  </testcase>
  <testcase classname="com.mkyong.boveda.BovedaTest" name="closeBrowser" time="1.803">
    <skipped/>
  </testcase>
  <testcase classname="com.mkyong.boveda.BovedaTest" name="closeBrowser" time="1.803">
    <skipped/>
  </testcase>
  <testcase classname="com.mkyong.boveda.BovedaTest" name="closeBrowser" time="1.803">
    <skipped/>
  </testcase>
  <testcase classname="com.mkyong.boveda.BovedaTest" name="closeBrowser" time="1.803">
    <skipped/>
  </testcase>
  <testcase classname="com.mkyong.boveda.BovedaTest" name="closeBrowser" time="1.803">
    <skipped/>
  </testcase>
  <testcase classname="com.mkyong.boveda.BovedaTest" name="closeBrowser" time="1.804">
    <skipped/>
  </testcase>
  <testcase classname="com.mkyong.boveda.BovedaTest" name="closeBrowser" time="1.804">
    <skipped/>
  </testcase>
  <testcase classname="com.mkyong.boveda.BovedaTest" name="closeBrowser" time="1.804">
    <skipped/>
  </testcase>
  <testcase classname="com.mkyong.boveda.BovedaTest" name="closeBrowser" time="1.804">
    <skipped/>
  </testcase>
  <testcase classname="com.mkyong.boveda.BovedaTest" name="closeBrowser" time="1.804">
    <skipped/>
  </testcase>
  <testcase classname="com.mkyong.boveda.BovedaTest" name="closeBrowser" time="1.805">
    <skipped/>
  </testcase>
  <testcase classname="com.mkyong.boveda.BovedaTest" name="closeBrowser" time="1.805">
    <skipped/>
  </testcase>
  <testcase classname="com.mkyong.boveda.BovedaTest" name="closeBrowser" time="1.805">
    <skipped/>
  </testcase>
  <testcase classname="com.mkyong.boveda.BovedaTest" name="closeBrowser" time="1.805">
    <skipped/>
  </testcase>
  <testcase classname="com.mkyong.boveda.BovedaTest" name="closeBrowser" time="1.805">
    <skipped/>
  </testcase>
  <testcase classname="com.mkyong.boveda.BovedaTest" name="closeBrowser" time="1.806">
    <skipped/>
  </testcase>
  <testcase classname="com.mkyong.boveda.BovedaTest" name="closeBrowser" time="1.806">
    <skipped/>
  </testcase>
  <testcase classname="com.mkyong.boveda.BovedaTest" name="closeBrowser" time="1.806">
    <skipped/>
  </testcase>
  <testcase classname="com.mkyong.boveda.BovedaTest" name="closeBrowser" time="1.806">
    <skipped/>
  </testcase>
  <testcase classname="com.mkyong.boveda.BovedaTest" name="closeBrowser" time="1.806">
    <skipped/>
  </testcase>
  <testcase classname="com.mkyong.boveda.BovedaTest" name="closeBrowser" time="1.807">
    <skipped/>
  </testcase>
  <testcase classname="com.mkyong.boveda.BovedaTest" name="closeBrowser" time="1.807">
    <skipped/>
  </testcase>
  <testcase classname="com.mkyong.boveda.BovedaTest" name="closeBrowser" time="1.807">
    <skipped/>
  </testcase>
  <testcase classname="com.mkyong.boveda.BovedaTest" name="closeBrowser" time="1.807">
    <skipped/>
  </testcase>
  <testcase classname="com.mkyong.boveda.BovedaTest" name="closeBrowser" time="1.807">
    <skipped/>
  </testcase>
  <testcase classname="com.mkyong.boveda.BovedaTest" name="closeBrowser" time="1.808">
    <skipped/>
  </testcase>
  <testcase classname="com.mkyong.boveda.BovedaTest" name="closeBrowser" time="1.808">
    <skipped/>
  </testcase>
  <testcase classname="com.mkyong.boveda.BovedaTest" name="closeBrowser" time="1.808">
    <skipped/>
  </testcase>
  <testcase classname="com.mkyong.boveda.BovedaTest" name="closeBrowser" time="1.808">
    <skipped/>
  </testcase>
  <testcase classname="com.mkyong.boveda.BovedaTest" name="closeBrowser" time="1.809">
    <skipped/>
  </testcase>
  <testcase classname="com.mkyong.boveda.BovedaTest" name="closeBrowser" time="1.809">
    <skipped/>
  </testcase>
  <testcase classname="com.mkyong.boveda.BovedaTest" name="closeBrowser" time="1.809">
    <skipped/>
  </testcase>
  <testcase classname="com.mkyong.boveda.BovedaTest" name="closeBrowser" time="1.809">
    <skipped/>
  </testcase>
  <testcase classname="com.mkyong.boveda.BovedaTest" name="closeBrowser" time="1.809">
    <skipped/>
  </testcase>
  <testcase classname="com.mkyong.boveda.BovedaTest" name="closeBrowser" time="1.81">
    <skipped/>
  </testcase>
  <testcase classname="com.mkyong.boveda.BovedaTest" name="closeBrowser" time="1.81">
    <skipped/>
  </testcase>
  <testcase classname="com.mkyong.boveda.BovedaTest" name="closeBrowser" time="1.81">
    <skipped/>
  </testcase>
  <testcase classname="com.mkyong.boveda.BovedaTest" name="closeBrowser" time="1.81">
    <skipped/>
  </testcase>
  <testcase classname="com.mkyong.boveda.BovedaTest" name="closeBrowser" time="1.81">
    <skipped/>
  </testcase>
  <testcase classname="com.mkyong.boveda.BovedaTest" name="closeBrowser" time="1.811">
    <skipped/>
  </testcase>
  <testcase classname="com.mkyong.boveda.BovedaTest" name="closeBrowser" time="1.811">
    <skipped/>
  </testcase>
  <testcase classname="com.mkyong.boveda.BovedaTest" name="closeBrowser" time="1.811">
    <skipped/>
  </testcase>
  <testcase classname="com.mkyong.boveda.BovedaTest" name="closeBrowser" time="1.811">
    <skipped/>
  </testcase>
  <testcase classname="com.mkyong.boveda.BovedaTest" name="closeBrowser" time="1.811">
    <skipped/>
  </testcase>
  <testcase classname="com.mkyong.boveda.BovedaTest" name="closeBrowser" time="1.812">
    <skipped/>
  </testcase>
  <testcase classname="com.mkyong.boveda.BovedaTest" name="closeBrowser" time="1.812">
    <skipped/>
  </testcase>
  <testcase classname="com.mkyong.boveda.BovedaTest" name="closeBrowser" time="1.812">
    <skipped/>
  </testcase>
  <testcase classname="com.mkyong.boveda.BovedaTest" name="closeBrowser" time="1.812">
    <skipped/>
  </testcase>
  <testcase classname="com.mkyong.boveda.BovedaTest" name="closeBrowser" time="1.812">
    <skipped/>
  </testcase>
  <testcase classname="com.mkyong.boveda.BovedaTest" name="closeBrowser" time="1.813">
    <skipped/>
  </testcase>
  <testcase classname="com.mkyong.boveda.BovedaTest" name="closeBrowser" time="1.813">
    <skipped/>
  </testcase>
  <testcase classname="com.mkyong.boveda.BovedaTest" name="closeBrowser" time="1.813">
    <skipped/>
  </testcase>
  <testcase classname="com.mkyong.boveda.BovedaTest" name="closeBrowser" time="1.813">
    <skipped/>
  </testcase>
  <testcase classname="com.mkyong.boveda.BovedaTest" name="closeBrowser" time="1.813">
    <skipped/>
  </testcase>
  <testcase classname="com.mkyong.boveda.BovedaTest" name="closeBrowser" time="1.813">
    <skipped/>
  </testcase>
  <testcase classname="com.mkyong.boveda.BovedaTest" name="closeBrowser" time="1.814">
    <skipped/>
  </testcase>
  <testcase classname="com.mkyong.boveda.BovedaTest" name="closeBrowser" time="1.814">
    <skipped/>
  </testcase>
  <testcase classname="com.mkyong.boveda.BovedaTest" name="closeBrowser" time="1.814">
    <skipped/>
  </testcase>
  <testcase classname="com.mkyong.boveda.BovedaTest" name="closeBrowser" time="1.814">
    <skipped/>
  </testcase>
  <testcase classname="com.mkyong.boveda.BovedaTest" name="closeBrowser" time="1.815">
    <skipped/>
  </testcase>
  <testcase classname="com.mkyong.boveda.BovedaTest" name="closeBrowser" time="1.815">
    <skipped/>
  </testcase>
  <testcase classname="com.mkyong.boveda.BovedaTest" name="closeBrowser" time="1.815">
    <skipped/>
  </testcase>
  <testcase classname="com.mkyong.boveda.BovedaTest" name="closeBrowser" time="1.815">
    <skipped/>
  </testcase>
  <testcase classname="com.mkyong.boveda.BovedaTest" name="closeBrowser" time="1.815">
    <skipped/>
  </testcase>
  <testcase classname="com.mkyong.boveda.BovedaTest" name="closeBrowser" time="1.816">
    <skipped/>
  </testcase>
  <testcase classname="com.mkyong.boveda.BovedaTest" name="closeBrowser" time="1.816">
    <skipped/>
  </testcase>
  <testcase classname="com.mkyong.boveda.BovedaTest" name="closeBrowser" time="1.816">
    <skipped/>
  </testcase>
  <testcase classname="com.mkyong.boveda.BovedaTest" name="closeBrowser" time="1.816">
    <skipped/>
  </testcase>
  <testcase classname="com.mkyong.boveda.BovedaTest" name="closeBrowser" time="1.816">
    <skipped/>
  </testcase>
  <testcase classname="com.mkyong.boveda.BovedaTest" name="closeBrowser" time="1.816">
    <skipped/>
  </testcase>
  <testcase classname="com.mkyong.boveda.BovedaTest" name="closeBrowser" time="1.817">
    <skipped/>
  </testcase>
  <testcase classname="com.mkyong.boveda.BovedaTest" name="closeBrowser" time="1.817">
    <skipped/>
  </testcase>
  <testcase classname="com.mkyong.boveda.BovedaTest" name="closeBrowser" time="1.817">
    <skipped/>
  </testcase>
  <testcase classname="com.mkyong.boveda.BovedaTest" name="closeBrowser" time="1.817">
    <skipped/>
  </testcase>
  <testcase classname="com.mkyong.boveda.BovedaTest" name="closeBrowser" time="1.817">
    <skipped/>
  </testcase>
  <testcase classname="com.mkyong.boveda.BovedaTest" name="closeBrowser" time="1.818">
    <skipped/>
  </testcase>
  <testcase classname="com.mkyong.boveda.BovedaTest" name="closeBrowser" time="1.818">
    <skipped/>
  </testcase>
  <testcase classname="com.mkyong.boveda.BovedaTest" name="closeBrowser" time="1.818">
    <skipped/>
  </testcase>
  <testcase classname="com.mkyong.boveda.BovedaTest" name="closeBrowser" time="1.818">
    <skipped/>
  </testcase>
  <testcase classname="com.mkyong.boveda.BovedaTest" name="closeBrowser" time="1.818">
    <skipped/>
  </testcase>
  <testcase classname="com.mkyong.boveda.BovedaTest" name="closeBrowser" time="1.819">
    <skipped/>
  </testcase>
  <testcase classname="com.mkyong.boveda.BovedaTest" name="closeBrowser" time="1.819">
    <skipped/>
  </testcase>
  <testcase classname="com.mkyong.boveda.BovedaTest" name="closeBrowser" time="1.819">
    <skipped/>
  </testcase>
  <testcase classname="com.mkyong.boveda.BovedaTest" name="closeBrowser" time="1.819">
    <skipped/>
  </testcase>
  <testcase classname="com.mkyong.boveda.BovedaTest" name="closeBrowser" time="1.819">
    <skipped/>
  </testcase>
  <testcase classname="com.mkyong.boveda.BovedaTest" name="closeBrowser" time="1.82">
    <skipped/>
  </testcase>
  <testcase classname="com.mkyong.boveda.BovedaTest" name="closeBrowser" time="1.82">
    <skipped/>
  </testcase>
  <testcase classname="com.mkyong.boveda.BovedaTest" name="closeBrowser" time="1.82">
    <skipped/>
  </testcase>
  <testcase classname="com.mkyong.boveda.BovedaTest" name="closeBrowser" time="1.82">
    <skipped/>
  </testcase>
  <testcase classname="com.mkyong.boveda.BovedaTest" name="closeBrowser" time="1.82">
    <skipped/>
  </testcase>
  <testcase classname="com.mkyong.boveda.BovedaTest" name="closeBrowser" time="1.82">
    <skipped/>
  </testcase>
  <testcase classname="com.mkyong.boveda.BovedaTest" name="closeBrowser" time="1.821">
    <skipped/>
  </testcase>
  <testcase classname="com.mkyong.boveda.BovedaTest" name="closeBrowser" time="1.821">
    <skipped/>
  </testcase>
  <testcase classname="com.mkyong.boveda.BovedaTest" name="closeBrowser" time="1.821">
    <skipped/>
  </testcase>
  <testcase classname="com.mkyong.boveda.BovedaTest" name="closeBrowser" time="1.821">
    <skipped/>
  </testcase>
  <testcase classname="com.mkyong.boveda.BovedaTest" name="closeBrowser" time="1.821">
    <skipped/>
  </testcase>
  <testcase classname="com.mkyong.boveda.BovedaTest" name="closeBrowser" time="1.822">
    <skipped/>
  </testcase>
  <testcase classname="com.mkyong.boveda.BovedaTest" name="closeBrowser" time="1.822">
    <skipped/>
  </testcase>
  <testcase classname="com.mkyong.boveda.BovedaTest" name="closeBrowser" time="1.822">
    <skipped/>
  </testcase>
</testsuite>