<?xml version="1.0" encoding="UTF-8"?>
<testsuite xmlns:xsi="http://www.w3.org/2001/XMLSchema-instance" xsi:noNamespaceSchemaLocation="https://maven.apache.org/surefire/maven-surefire-plugin/xsd/surefire-test-report-3.0.xsd" version="3.0" name="TestSuite" time="3,501.003" tests="100" errors="0" skipped="0" failures="11">
  <properties>
    <property name="gopherProxySet" value="false"/>
    <property name="awt.toolkit" value="sun.lwawt.macosx.LWCToolkit"/>
    <property name="java.specification.version" value="1.8"/>
    <property name="file.encoding.pkg" value="sun.io"/>
    <property name="webdriver.chrome.driver" value="/Users/lisandrosilva/Documents/Drivers/chromedriver 6"/>
    <property name="sun.cpu.isalist" value=""/>
    <property name="sun.jnu.encoding" value="UTF-8"/>
    <property name="java.class.path" value="/Users/lisandrosilva/Com.Diverza.project1/target/test-classes:/Users/lisandrosilva/Com.Diverza.project1/target/classes:/Users/lisandrosilva/.m2/repository/junit/junit/4.13/junit-4.13.jar:/Users/lisandrosilva/.m2/repository/org/hamcrest/hamcrest-core/1.3/hamcrest-core-1.3.jar:/Users/lisandrosilva/.m2/repository/com/apple/AppleJavaExtensions/1.4/AppleJavaExtensions-1.4.jar:/Users/lisandrosilva/.m2/repository/org/seleniumhq/selenium/selenium-java/3.141.59/selenium-java-3.141.59.jar:/Users/lisandrosilva/.m2/repository/org/seleniumhq/selenium/selenium-api/3.141.59/selenium-api-3.141.59.jar:/Users/lisandrosilva/.m2/repository/org/seleniumhq/selenium/selenium-chrome-driver/3.141.59/selenium-chrome-driver-3.141.59.jar:/Users/lisandrosilva/.m2/repository/org/seleniumhq/selenium/selenium-edge-driver/3.141.59/selenium-edge-driver-3.141.59.jar:/Users/lisandrosilva/.m2/repository/org/seleniumhq/selenium/selenium-firefox-driver/3.141.59/selenium-firefox-driver-3.141.59.jar:/Users/lisandrosilva/.m2/repository/org/seleniumhq/selenium/selenium-ie-driver/3.141.59/selenium-ie-driver-3.141.59.jar:/Users/lisandrosilva/.m2/repository/org/seleniumhq/selenium/selenium-opera-driver/3.141.59/selenium-opera-driver-3.141.59.jar:/Users/lisandrosilva/.m2/repository/org/seleniumhq/selenium/selenium-remote-driver/3.141.59/selenium-remote-driver-3.141.59.jar:/Users/lisandrosilva/.m2/repository/org/seleniumhq/selenium/selenium-safari-driver/3.141.59/selenium-safari-driver-3.141.59.jar:/Users/lisandrosilva/.m2/repository/org/seleniumhq/selenium/selenium-support/3.141.59/selenium-support-3.141.59.jar:/Users/lisandrosilva/.m2/repository/net/bytebuddy/byte-buddy/1.8.15/byte-buddy-1.8.15.jar:/Users/lisandrosilva/.m2/repository/org/apache/commons/commons-exec/1.3/commons-exec-1.3.jar:/Users/lisandrosilva/.m2/repository/com/google/guava/guava/25.0-jre/guava-25.0-jre.jar:/Users/lisandrosilva/.m2/repository/com/google/code/findbugs/jsr305/1.3.9/jsr305-1.3.9.jar:/Users/lisandrosilva/.m2/repository/org/checkerframework/checker-compat-qual/2.0.0/checker-compat-qual-2.0.0.jar:/Users/lisandrosilva/.m2/repository/com/google/errorprone/error_prone_annotations/2.1.3/error_prone_annotations-2.1.3.jar:/Users/lisandrosilva/.m2/repository/com/google/j2objc/j2objc-annotations/1.1/j2objc-annotations-1.1.jar:/Users/lisandrosilva/.m2/repository/org/codehaus/mojo/animal-sniffer-annotations/1.14/animal-sniffer-annotations-1.14.jar:/Users/lisandrosilva/.m2/repository/com/squareup/okhttp3/okhttp/3.11.0/okhttp-3.11.0.jar:/Users/lisandrosilva/.m2/repository/com/squareup/okio/okio/1.14.0/okio-1.14.0.jar:/Users/lisandrosilva/.m2/repository/com/aventstack/extentreports/4.1.6/extentreports-4.1.6.jar:/Users/lisandrosilva/.m2/repository/org/freemarker/freemarker/2.3.29/freemarker-2.3.29.jar:/Users/lisandrosilva/.m2/repository/org/apache/httpcomponents/httpmime/4.5.2/httpmime-4.5.2.jar:/Users/lisandrosilva/.m2/repository/com/google/code/gson/gson/2.8.6/gson-2.8.6.jar:/Users/lisandrosilva/.m2/repository/org/mongodb/mongodb-driver/3.12.0/mongodb-driver-3.12.0.jar:/Users/lisandrosilva/.m2/repository/org/mongodb/mongodb-driver-core/3.12.0/mongodb-driver-core-3.12.0.jar:/Users/lisandrosilva/.m2/repository/org/mongodb/bson/3.12.0/bson-3.12.0.jar:/Users/lisandrosilva/.m2/repository/org/apache/maven/plugins/maven-surefire-plugin/2.19.1/maven-surefire-plugin-2.19.1.jar:/Users/lisandrosilva/.m2/repository/org/apache/maven/maven-plugin-api/2.2.1/maven-plugin-api-2.2.1.jar:/Users/lisandrosilva/.m2/repository/org/apache/maven/surefire/maven-surefire-common/2.19.1/maven-surefire-common-2.19.1.jar:/Users/lisandrosilva/.m2/repository/org/apache/maven/surefire/surefire-booter/2.19.1/surefire-booter-2.19.1.jar:/Users/lisandrosilva/.m2/repository/org/apache/maven/maven-plugin-descriptor/2.2.1/maven-plugin-descriptor-2.2.1.jar:/Users/lisandrosilva/.m2/repository/org/codehaus/plexus/plexus-container-default/1.0-alpha-9-stable-1/plexus-container-default-1.0-alpha-9-stable-1.jar:/Users/lisandrosilva/.m2/repository/classworlds/classworlds/1.1-alpha-2/classworlds-1.1-alpha-2.jar:/Users/lisandrosilva/.m2/repository/org/apache/maven/maven-project/2.2.1/maven-project-2.2.1.jar:/Users/lisandrosilva/.m2/repository/org/apache/maven/maven-profile/2.2.1/maven-profile-2.2.1.jar:/Users/lisandrosilva/.m2/repository/org/apache/maven/maven-artifact-manager/2.2.1/maven-artifact-manager-2.2.1.jar:/Users/lisandrosilva/.m2/repository/org/apache/maven/wagon/wagon-provider-api/1.0-beta-6/wagon-provider-api-1.0-beta-6.jar:/Users/lisandrosilva/.m2/repository/backport-util-concurrent/backport-util-concurrent/3.1/backport-util-concurrent-3.1.jar:/Users/lisandrosilva/.m2/repository/org/apache/maven/maven-plugin-registry/2.2.1/maven-plugin-registry-2.2.1.jar:/Users/lisandrosilva/.m2/repository/org/apache/maven/maven-model/2.2.1/maven-model-2.2.1.jar:/Users/lisandrosilva/.m2/repository/org/apache/commons/commons-lang3/3.1/commons-lang3-3.1.jar:/Users/lisandrosilva/.m2/repository/org/apache/maven/surefire/surefire-api/2.19.1/surefire-api-2.19.1.jar:/Users/lisandrosilva/.m2/repository/org/apache/maven/maven-toolchain/2.2.1/maven-toolchain-2.2.1.jar:/Users/lisandrosilva/.m2/repository/org/apache/maven/plugin-tools/maven-plugin-annotations/3.3/maven-plugin-annotations-3.3.jar:/Users/lisandrosilva/.m2/repository/org/testng/testng/6.14.3/testng-6.14.3.jar:/Users/lisandrosilva/.m2/repository/com/beust/jcommander/1.72/jcommander-1.72.jar:/Users/lisandrosilva/.m2/repository/org/apache-extras/beanshell/bsh/2.0b6/bsh-2.0b6.jar:/Users/lisandrosilva/.m2/repository/org/apache/logging/log4j/log4j-api/2.13.3/log4j-api-2.13.3.jar:/Users/lisandrosilva/.m2/repository/info/cukes/cucumber-testng/1.2.5/cucumber-testng-1.2.5.jar:/Users/lisandrosilva/.m2/repository/info/cukes/cucumber-core/1.2.5/cucumber-core-1.2.5.jar:/Users/lisandrosilva/.m2/repository/info/cukes/cucumber-html/0.2.3/cucumber-html-0.2.3.jar:/Users/lisandrosilva/.m2/repository/info/cukes/cucumber-junit/1.2.5/cucumber-junit-1.2.5.jar:/Users/lisandrosilva/.m2/repository/info/cukes/cucumber-java/1.2.5/cucumber-java-1.2.5.jar:/Users/lisandrosilva/.m2/repository/info/cukes/cucumber-picocontainer/1.2.5/cucumber-picocontainer-1.2.5.jar:/Users/lisandrosilva/.m2/repository/info/cukes/cucumber-jvm-deps/1.0.5/cucumber-jvm-deps-1.0.5.jar:/Users/lisandrosilva/.m2/repository/info/cukes/gherkin/2.12.2/gherkin-2.12.2.jar:/Users/lisandrosilva/.m2/repository/org/picocontainer/picocontainer/2.15/picocontainer-2.15.jar:/Users/lisandrosilva/.m2/repository/org/apache/logging/log4j/log4j-core/2.13.3/log4j-core-2.13.3.jar:/Users/lisandrosilva/.m2/repository/org/apache/httpcomponents/httpclient/4.3.2/httpclient-4.3.2.jar:/Users/lisandrosilva/.m2/repository/org/apache/httpcomponents/httpcore/4.3.1/httpcore-4.3.1.jar:/Users/lisandrosilva/.m2/repository/commons-logging/commons-logging/1.1.3/commons-logging-1.1.3.jar:/Users/lisandrosilva/.m2/repository/commons-codec/commons-codec/1.6/commons-codec-1.6.jar:/Users/lisandrosilva/.m2/repository/org/apache/maven/plugins/maven-compiler-plugin/3.8.1/maven-compiler-plugin-3.8.1.jar:/Users/lisandrosilva/.m2/repository/org/apache/maven/maven-artifact/3.0/maven-artifact-3.0.jar:/Users/lisandrosilva/.m2/repository/org/codehaus/plexus/plexus-utils/2.0.4/plexus-utils-2.0.4.jar:/Users/lisandrosilva/.m2/repository/org/apache/maven/maven-core/3.0/maven-core-3.0.jar:/Users/lisandrosilva/.m2/repository/org/apache/maven/maven-settings/3.0/maven-settings-3.0.jar:/Users/lisandrosilva/.m2/repository/org/apache/maven/maven-settings-builder/3.0/maven-settings-builder-3.0.jar:/Users/lisandrosilva/.m2/repository/org/apache/maven/maven-repository-metadata/3.0/maven-repository-metadata-3.0.jar:/Users/lisandrosilva/.m2/repository/org/apache/maven/maven-model-builder/3.0/maven-model-builder-3.0.jar:/Users/lisandrosilva/.m2/repository/org/apache/maven/maven-aether-provider/3.0/maven-aether-provider-3.0.jar:/Users/lisandrosilva/.m2/repository/org/sonatype/aether/aether-impl/1.7/aether-impl-1.7.jar:/Users/lisandrosilva/.m2/repository/org/sonatype/aether/aether-spi/1.7/aether-spi-1.7.jar:/Users/lisandrosilva/.m2/repository/org/sonatype/aether/aether-api/1.7/aether-api-1.7.jar:/Users/lisandrosilva/.m2/repository/org/sonatype/aether/aether-util/1.7/aether-util-1.7.jar:/Users/lisandrosilva/.m2/repository/org/sonatype/sisu/sisu-inject-plexus/1.4.2/sisu-inject-plexus-1.4.2.jar:/Users/lisandrosilva/.m2/repository/org/sonatype/sisu/sisu-inject-bean/1.4.2/sisu-inject-bean-1.4.2.jar:/Users/lisandrosilva/.m2/repository/org/sonatype/sisu/sisu-guice/2.1.7/sisu-guice-2.1.7-noaop.jar:/Users/lisandrosilva/.m2/repository/org/codehaus/plexus/plexus-interpolation/1.14/plexus-interpolation-1.14.jar:/Users/lisandrosilva/.m2/repository/org/codehaus/plexus/plexus-classworlds/2.2.3/plexus-classworlds-2.2.3.jar:/Users/lisandrosilva/.m2/repository/org/codehaus/plexus/plexus-component-annotations/1.5.5/plexus-component-annotations-1.5.5.jar:/Users/lisandrosilva/.m2/repository/org/sonatype/plexus/plexus-sec-dispatcher/1.3/plexus-sec-dispatcher-1.3.jar:/Users/lisandrosilva/.m2/repository/org/sonatype/plexus/plexus-cipher/1.4/plexus-cipher-1.4.jar:/Users/lisandrosilva/.m2/repository/org/apache/maven/shared/maven-shared-utils/3.2.1/maven-shared-utils-3.2.1.jar:/Users/lisandrosilva/.m2/repository/commons-io/commons-io/2.5/commons-io-2.5.jar:/Users/lisandrosilva/.m2/repository/org/apache/maven/shared/maven-shared-incremental/1.1/maven-shared-incremental-1.1.jar:/Users/lisandrosilva/.m2/repository/org/codehaus/plexus/plexus-java/0.9.10/plexus-java-0.9.10.jar:/Users/lisandrosilva/.m2/repository/org/ow2/asm/asm/6.2/asm-6.2.jar:/Users/lisandrosilva/.m2/repository/com/thoughtworks/qdox/qdox/2.0-M8/qdox-2.0-M8.jar:/Users/lisandrosilva/.m2/repository/org/codehaus/plexus/plexus-compiler-api/2.8.4/plexus-compiler-api-2.8.4.jar:/Users/lisandrosilva/.m2/repository/org/codehaus/plexus/plexus-compiler-manager/2.8.4/plexus-compiler-manager-2.8.4.jar:/Users/lisandrosilva/.m2/repository/org/codehaus/plexus/plexus-compiler-javac/2.8.4/plexus-compiler-javac-2.8.4.jar:"/>
    <property name="sun.awt.enableExtraMouseButtons" value="true"/>
    <property name="java.vm.vendor" value="Oracle Corporation"/>
    <property name="sun.arch.data.model" value="64"/>
    <property name="sun.font.fontmanager" value="sun.font.CFontManager"/>
    <property name="java.vendor.url" value="http://java.oracle.com/"/>
    <property name="user.timezone" value="America/Monterrey"/>
    <property name="java.vm.specification.version" value="1.8"/>
    <property name="os.name" value="Mac OS X"/>
    <property name="user.country" value="US"/>
    <property name="sun.java.launcher" value="SUN_STANDARD"/>
    <property name="sun.boot.library.path" value="/Library/Java/JavaVirtualMachines/jdk1.8.0_251.jdk/Contents/Home/jre/lib"/>
    <property name="sun.java.command" value="/Users/lisandrosilva/Com.Diverza.project1/target/surefire/surefirebooter859189023017691816.jar /Users/lisandrosilva/Com.Diverza.project1/target/surefire 2020-08-28T12-57-44_164-jvmRun1 surefire6827389544507528060tmp surefire_01976770410389380020tmp"/>
    <property name="http.nonProxyHosts" value="local|*.local|169.254/16|*.169.254/16"/>
    <property name="surefire.test.class.path" value="/Users/lisandrosilva/Com.Diverza.project1/target/test-classes:/Users/lisandrosilva/Com.Diverza.project1/target/classes:/Users/lisandrosilva/.m2/repository/junit/junit/4.13/junit-4.13.jar:/Users/lisandrosilva/.m2/repository/org/hamcrest/hamcrest-core/1.3/hamcrest-core-1.3.jar:/Users/lisandrosilva/.m2/repository/com/apple/AppleJavaExtensions/1.4/AppleJavaExtensions-1.4.jar:/Users/lisandrosilva/.m2/repository/org/seleniumhq/selenium/selenium-java/3.141.59/selenium-java-3.141.59.jar:/Users/lisandrosilva/.m2/repository/org/seleniumhq/selenium/selenium-api/3.141.59/selenium-api-3.141.59.jar:/Users/lisandrosilva/.m2/repository/org/seleniumhq/selenium/selenium-chrome-driver/3.141.59/selenium-chrome-driver-3.141.59.jar:/Users/lisandrosilva/.m2/repository/org/seleniumhq/selenium/selenium-edge-driver/3.141.59/selenium-edge-driver-3.141.59.jar:/Users/lisandrosilva/.m2/repository/org/seleniumhq/selenium/selenium-firefox-driver/3.141.59/selenium-firefox-driver-3.141.59.jar:/Users/lisandrosilva/.m2/repository/org/seleniumhq/selenium/selenium-ie-driver/3.141.59/selenium-ie-driver-3.141.59.jar:/Users/lisandrosilva/.m2/repository/org/seleniumhq/selenium/selenium-opera-driver/3.141.59/selenium-opera-driver-3.141.59.jar:/Users/lisandrosilva/.m2/repository/org/seleniumhq/selenium/selenium-remote-driver/3.141.59/selenium-remote-driver-3.141.59.jar:/Users/lisandrosilva/.m2/repository/org/seleniumhq/selenium/selenium-safari-driver/3.141.59/selenium-safari-driver-3.141.59.jar:/Users/lisandrosilva/.m2/repository/org/seleniumhq/selenium/selenium-support/3.141.59/selenium-support-3.141.59.jar:/Users/lisandrosilva/.m2/repository/net/bytebuddy/byte-buddy/1.8.15/byte-buddy-1.8.15.jar:/Users/lisandrosilva/.m2/repository/org/apache/commons/commons-exec/1.3/commons-exec-1.3.jar:/Users/lisandrosilva/.m2/repository/com/google/guava/guava/25.0-jre/guava-25.0-jre.jar:/Users/lisandrosilva/.m2/repository/com/google/code/findbugs/jsr305/1.3.9/jsr305-1.3.9.jar:/Users/lisandrosilva/.m2/repository/org/checkerframework/checker-compat-qual/2.0.0/checker-compat-qual-2.0.0.jar:/Users/lisandrosilva/.m2/repository/com/google/errorprone/error_prone_annotations/2.1.3/error_prone_annotations-2.1.3.jar:/Users/lisandrosilva/.m2/repository/com/google/j2objc/j2objc-annotations/1.1/j2objc-annotations-1.1.jar:/Users/lisandrosilva/.m2/repository/org/codehaus/mojo/animal-sniffer-annotations/1.14/animal-sniffer-annotations-1.14.jar:/Users/lisandrosilva/.m2/repository/com/squareup/okhttp3/okhttp/3.11.0/okhttp-3.11.0.jar:/Users/lisandrosilva/.m2/repository/com/squareup/okio/okio/1.14.0/okio-1.14.0.jar:/Users/lisandrosilva/.m2/repository/com/aventstack/extentreports/4.1.6/extentreports-4.1.6.jar:/Users/lisandrosilva/.m2/repository/org/freemarker/freemarker/2.3.29/freemarker-2.3.29.jar:/Users/lisandrosilva/.m2/repository/org/apache/httpcomponents/httpmime/4.5.2/httpmime-4.5.2.jar:/Users/lisandrosilva/.m2/repository/com/google/code/gson/gson/2.8.6/gson-2.8.6.jar:/Users/lisandrosilva/.m2/repository/org/mongodb/mongodb-driver/3.12.0/mongodb-driver-3.12.0.jar:/Users/lisandrosilva/.m2/repository/org/mongodb/mongodb-driver-core/3.12.0/mongodb-driver-core-3.12.0.jar:/Users/lisandrosilva/.m2/repository/org/mongodb/bson/3.12.0/bson-3.12.0.jar:/Users/lisandrosilva/.m2/repository/org/apache/maven/plugins/maven-surefire-plugin/2.19.1/maven-surefire-plugin-2.19.1.jar:/Users/lisandrosilva/.m2/repository/org/apache/maven/maven-plugin-api/2.2.1/maven-plugin-api-2.2.1.jar:/Users/lisandrosilva/.m2/repository/org/apache/maven/surefire/maven-surefire-common/2.19.1/maven-surefire-common-2.19.1.jar:/Users/lisandrosilva/.m2/repository/org/apache/maven/surefire/surefire-booter/2.19.1/surefire-booter-2.19.1.jar:/Users/lisandrosilva/.m2/repository/org/apache/maven/maven-plugin-descriptor/2.2.1/maven-plugin-descriptor-2.2.1.jar:/Users/lisandrosilva/.m2/repository/org/codehaus/plexus/plexus-container-default/1.0-alpha-9-stable-1/plexus-container-default-1.0-alpha-9-stable-1.jar:/Users/lisandrosilva/.m2/repository/classworlds/classworlds/1.1-alpha-2/classworlds-1.1-alpha-2.jar:/Users/lisandrosilva/.m2/repository/org/apache/maven/maven-project/2.2.1/maven-project-2.2.1.jar:/Users/lisandrosilva/.m2/repository/org/apache/maven/maven-profile/2.2.1/maven-profile-2.2.1.jar:/Users/lisandrosilva/.m2/repository/org/apache/maven/maven-artifact-manager/2.2.1/maven-artifact-manager-2.2.1.jar:/Users/lisandrosilva/.m2/repository/org/apache/maven/wagon/wagon-provider-api/1.0-beta-6/wagon-provider-api-1.0-beta-6.jar:/Users/lisandrosilva/.m2/repository/backport-util-concurrent/backport-util-concurrent/3.1/backport-util-concurrent-3.1.jar:/Users/lisandrosilva/.m2/repository/org/apache/maven/maven-plugin-registry/2.2.1/maven-plugin-registry-2.2.1.jar:/Users/lisandrosilva/.m2/repository/org/apache/maven/maven-model/2.2.1/maven-model-2.2.1.jar:/Users/lisandrosilva/.m2/repository/org/apache/commons/commons-lang3/3.1/commons-lang3-3.1.jar:/Users/lisandrosilva/.m2/repository/org/apache/maven/surefire/surefire-api/2.19.1/surefire-api-2.19.1.jar:/Users/lisandrosilva/.m2/repository/org/apache/maven/maven-toolchain/2.2.1/maven-toolchain-2.2.1.jar:/Users/lisandrosilva/.m2/repository/org/apache/maven/plugin-tools/maven-plugin-annotations/3.3/maven-plugin-annotations-3.3.jar:/Users/lisandrosilva/.m2/repository/org/testng/testng/6.14.3/testng-6.14.3.jar:/Users/lisandrosilva/.m2/repository/com/beust/jcommander/1.72/jcommander-1.72.jar:/Users/lisandrosilva/.m2/repository/org/apache-extras/beanshell/bsh/2.0b6/bsh-2.0b6.jar:/Users/lisandrosilva/.m2/repository/org/apache/logging/log4j/log4j-api/2.13.3/log4j-api-2.13.3.jar:/Users/lisandrosilva/.m2/repository/info/cukes/cucumber-testng/1.2.5/cucumber-testng-1.2.5.jar:/Users/lisandrosilva/.m2/repository/info/cukes/cucumber-core/1.2.5/cucumber-core-1.2.5.jar:/Users/lisandrosilva/.m2/repository/info/cukes/cucumber-html/0.2.3/cucumber-html-0.2.3.jar:/Users/lisandrosilva/.m2/repository/info/cukes/cucumber-junit/1.2.5/cucumber-junit-1.2.5.jar:/Users/lisandrosilva/.m2/repository/info/cukes/cucumber-java/1.2.5/cucumber-java-1.2.5.jar:/Users/lisandrosilva/.m2/repository/info/cukes/cucumber-picocontainer/1.2.5/cucumber-picocontainer-1.2.5.jar:/Users/lisandrosilva/.m2/repository/info/cukes/cucumber-jvm-deps/1.0.5/cucumber-jvm-deps-1.0.5.jar:/Users/lisandrosilva/.m2/repository/info/cukes/gherkin/2.12.2/gherkin-2.12.2.jar:/Users/lisandrosilva/.m2/repository/org/picocontainer/picocontainer/2.15/picocontainer-2.15.jar:/Users/lisandrosilva/.m2/repository/org/apache/logging/log4j/log4j-core/2.13.3/log4j-core-2.13.3.jar:/Users/lisandrosilva/.m2/repository/org/apache/httpcomponents/httpclient/4.3.2/httpclient-4.3.2.jar:/Users/lisandrosilva/.m2/repository/org/apache/httpcomponents/httpcore/4.3.1/httpcore-4.3.1.jar:/Users/lisandrosilva/.m2/repository/commons-logging/commons-logging/1.1.3/commons-logging-1.1.3.jar:/Users/lisandrosilva/.m2/repository/commons-codec/commons-codec/1.6/commons-codec-1.6.jar:/Users/lisandrosilva/.m2/repository/org/apache/maven/plugins/maven-compiler-plugin/3.8.1/maven-compiler-plugin-3.8.1.jar:/Users/lisandrosilva/.m2/repository/org/apache/maven/maven-artifact/3.0/maven-artifact-3.0.jar:/Users/lisandrosilva/.m2/repository/org/codehaus/plexus/plexus-utils/2.0.4/plexus-utils-2.0.4.jar:/Users/lisandrosilva/.m2/repository/org/apache/maven/maven-core/3.0/maven-core-3.0.jar:/Users/lisandrosilva/.m2/repository/org/apache/maven/maven-settings/3.0/maven-settings-3.0.jar:/Users/lisandrosilva/.m2/repository/org/apache/maven/maven-settings-builder/3.0/maven-settings-builder-3.0.jar:/Users/lisandrosilva/.m2/repository/org/apache/maven/maven-repository-metadata/3.0/maven-repository-metadata-3.0.jar:/Users/lisandrosilva/.m2/repository/org/apache/maven/maven-model-builder/3.0/maven-model-builder-3.0.jar:/Users/lisandrosilva/.m2/repository/org/apache/maven/maven-aether-provider/3.0/maven-aether-provider-3.0.jar:/Users/lisandrosilva/.m2/repository/org/sonatype/aether/aether-impl/1.7/aether-impl-1.7.jar:/Users/lisandrosilva/.m2/repository/org/sonatype/aether/aether-spi/1.7/aether-spi-1.7.jar:/Users/lisandrosilva/.m2/repository/org/sonatype/aether/aether-api/1.7/aether-api-1.7.jar:/Users/lisandrosilva/.m2/repository/org/sonatype/aether/aether-util/1.7/aether-util-1.7.jar:/Users/lisandrosilva/.m2/repository/org/sonatype/sisu/sisu-inject-plexus/1.4.2/sisu-inject-plexus-1.4.2.jar:/Users/lisandrosilva/.m2/repository/org/sonatype/sisu/sisu-inject-bean/1.4.2/sisu-inject-bean-1.4.2.jar:/Users/lisandrosilva/.m2/repository/org/sonatype/sisu/sisu-guice/2.1.7/sisu-guice-2.1.7-noaop.jar:/Users/lisandrosilva/.m2/repository/org/codehaus/plexus/plexus-interpolation/1.14/plexus-interpolation-1.14.jar:/Users/lisandrosilva/.m2/repository/org/codehaus/plexus/plexus-classworlds/2.2.3/plexus-classworlds-2.2.3.jar:/Users/lisandrosilva/.m2/repository/org/codehaus/plexus/plexus-component-annotations/1.5.5/plexus-component-annotations-1.5.5.jar:/Users/lisandrosilva/.m2/repository/org/sonatype/plexus/plexus-sec-dispatcher/1.3/plexus-sec-dispatcher-1.3.jar:/Users/lisandrosilva/.m2/repository/org/sonatype/plexus/plexus-cipher/1.4/plexus-cipher-1.4.jar:/Users/lisandrosilva/.m2/repository/org/apache/maven/shared/maven-shared-utils/3.2.1/maven-shared-utils-3.2.1.jar:/Users/lisandrosilva/.m2/repository/commons-io/commons-io/2.5/commons-io-2.5.jar:/Users/lisandrosilva/.m2/repository/org/apache/maven/shared/maven-shared-incremental/1.1/maven-shared-incremental-1.1.jar:/Users/lisandrosilva/.m2/repository/org/codehaus/plexus/plexus-java/0.9.10/plexus-java-0.9.10.jar:/Users/lisandrosilva/.m2/repository/org/ow2/asm/asm/6.2/asm-6.2.jar:/Users/lisandrosilva/.m2/repository/com/thoughtworks/qdox/qdox/2.0-M8/qdox-2.0-M8.jar:/Users/lisandrosilva/.m2/repository/org/codehaus/plexus/plexus-compiler-api/2.8.4/plexus-compiler-api-2.8.4.jar:/Users/lisandrosilva/.m2/repository/org/codehaus/plexus/plexus-compiler-manager/2.8.4/plexus-compiler-manager-2.8.4.jar:/Users/lisandrosilva/.m2/repository/org/codehaus/plexus/plexus-compiler-javac/2.8.4/plexus-compiler-javac-2.8.4.jar:"/>
    <property name="sun.cpu.endian" value="little"/>
    <property name="user.home" value="/Users/lisandrosilva"/>
    <property name="user.language" value="en"/>
    <property name="java.specification.vendor" value="Oracle Corporation"/>
    <property name="java.home" value="/Library/Java/JavaVirtualMachines/jdk1.8.0_251.jdk/Contents/Home/jre"/>
    <property name="basedir" value="/Users/lisandrosilva/Com.Diverza.project1"/>
    <property name="file.separator" value="/"/>
    <property name="line.separator" value="&#10;"/>
    <property name="java.vm.specification.vendor" value="Oracle Corporation"/>
    <property name="java.specification.name" value="Java Platform API Specification"/>
    <property name="java.awt.graphicsenv" value="sun.awt.CGraphicsEnvironment"/>
    <property name="surefire.real.class.path" value="/Users/lisandrosilva/Com.Diverza.project1/target/surefire/surefirebooter859189023017691816.jar"/>
    <property name="sun.boot.class.path" value="/Library/Java/JavaVirtualMachines/jdk1.8.0_251.jdk/Contents/Home/jre/lib/resources.jar:/Library/Java/JavaVirtualMachines/jdk1.8.0_251.jdk/Contents/Home/jre/lib/rt.jar:/Library/Java/JavaVirtualMachines/jdk1.8.0_251.jdk/Contents/Home/jre/lib/sunrsasign.jar:/Library/Java/JavaVirtualMachines/jdk1.8.0_251.jdk/Contents/Home/jre/lib/jsse.jar:/Library/Java/JavaVirtualMachines/jdk1.8.0_251.jdk/Contents/Home/jre/lib/jce.jar:/Library/Java/JavaVirtualMachines/jdk1.8.0_251.jdk/Contents/Home/jre/lib/charsets.jar:/Library/Java/JavaVirtualMachines/jdk1.8.0_251.jdk/Contents/Home/jre/lib/jfr.jar:/Library/Java/JavaVirtualMachines/jdk1.8.0_251.jdk/Contents/Home/jre/classes"/>
    <property name="sun.management.compiler" value="HotSpot 64-Bit Tiered Compilers"/>
    <property name="ftp.nonProxyHosts" value="local|*.local|169.254/16|*.169.254/16"/>
    <property name="java.runtime.version" value="1.8.0_251-b08"/>
    <property name="user.name" value="lisandrosilva"/>
    <property name="path.separator" value=":"/>
    <property name="os.version" value="10.15.2"/>
    <property name="java.endorsed.dirs" value="/Library/Java/JavaVirtualMachines/jdk1.8.0_251.jdk/Contents/Home/jre/lib/endorsed"/>
    <property name="java.runtime.name" value="Java(TM) SE Runtime Environment"/>
    <property name="file.encoding" value="UTF-8"/>
    <property name="java.vm.name" value="Java HotSpot(TM) 64-Bit Server VM"/>
    <property name="localRepository" value="/Users/lisandrosilva/.m2/repository"/>
    <property name="java.vendor.url.bug" value="http://bugreport.sun.com/bugreport/"/>
    <property name="java.io.tmpdir" value="/var/folders/zd/xs0gg_pd7494tl1x6ptzthxh0000gq/T/"/>
    <property name="java.version" value="1.8.0_251"/>
    <property name="user.dir" value="/Users/lisandrosilva/Com.Diverza.project1"/>
    <property name="os.arch" value="x86_64"/>
    <property name="java.vm.specification.name" value="Java Virtual Machine Specification"/>
    <property name="java.awt.printerjob" value="sun.lwawt.macosx.CPrinterJob"/>
    <property name="sun.os.patch.level" value="unknown"/>
    <property name="java.library.path" value="/Users/lisandrosilva/Library/Java/Extensions:/Library/Java/Extensions:/Network/Library/Java/Extensions:/System/Library/Java/Extensions:/usr/lib/java:."/>
    <property name="java.vm.info" value="mixed mode"/>
    <property name="java.vendor" value="Oracle Corporation"/>
    <property name="java.vm.version" value="25.251-b08"/>
    <property name="java.ext.dirs" value="/Users/lisandrosilva/Library/Java/Extensions:/Library/Java/JavaVirtualMachines/jdk1.8.0_251.jdk/Contents/Home/jre/lib/ext:/Library/Java/Extensions:/Network/Library/Java/Extensions:/System/Library/Java/Extensions:/usr/lib/java"/>
    <property name="sun.io.unicode.encoding" value="UnicodeBig"/>
    <property name="java.class.version" value="52.0"/>
    <property name="socksNonProxyHosts" value="local|*.local|169.254/16|*.169.254/16"/>
  </properties>
  <testcase name="serviciosBuzon" classname="com.mkyong.busonfiscal.HomePageBusonTest" time="87.766"/>
  <testcase name="asignaturaClienteProducto" classname="com.mkyong.busonfiscal.ClientProductoTest" time="45.548"/>
  <testcase name="reportesEmitidos3" classname="com.mkyong.busonfiscal.ReportesEmitidosTest3" time="37.74"/>
  <testcase name="reportesEmitidosCancelacion2" classname="com.mkyong.busonfiscal.ReportesEmitidosCancelacionTest3" time="22.017"/>
  <testcase name="reportesEmitidosCancelacion" classname="com.mkyong.busonfiscal.ReportesEmitidosCancelacionTest4" time="17.128">
    <failure message="no such element: Unable to locate element: {&quot;method&quot;:&quot;xpath&quot;,&quot;selector&quot;:&quot;//button[contains(text(),&apos;Aceptar&apos;)]&quot;}&#10;  (Session info: chrome=84.0.4147.135)&#10;For documentation on this error, please visit: https://www.seleniumhq.org/exceptions/no_such_element.html&#10;Build info: version: &apos;3.141.59&apos;, revision: &apos;e82be7d358&apos;, time: &apos;2018-11-14T08:17:03&apos;&#10;System info: host: &apos;Lisandro-Silva.local&apos;, ip: &apos;127.0.0.1&apos;, os.name: &apos;Mac OS X&apos;, os.arch: &apos;x86_64&apos;, os.version: &apos;10.15.2&apos;, java.version: &apos;1.8.0_251&apos;&#10;Driver info: org.openqa.selenium.chrome.ChromeDriver&#10;Capabilities {acceptInsecureCerts: false, browserName: chrome, browserVersion: 84.0.4147.135, chrome: {chromedriverVersion: 84.0.4147.30 (48b3e868b4cc0..., userDataDir: /var/folders/zd/xs0gg_pd749...}, goog:chromeOptions: {debuggerAddress: localhost:51789}, javascriptEnabled: true, networkConnectionEnabled: false, pageLoadStrategy: normal, platform: MAC, platformName: MAC, proxy: Proxy(), setWindowRect: true, strictFileInteractability: false, timeouts: {implicit: 0, pageLoad: 300000, script: 30000}, unhandledPromptBehavior: dismiss and notify, webauthn:virtualAuthenticators: true}&#10;Session ID: 78fee8cb7a43fd3623da34a677f88025&#10;*** Element info: {Using=xpath, value=//button[contains(text(),&apos;Aceptar&apos;)]}" type="org.openqa.selenium.NoSuchElementException"><![CDATA[org.openqa.selenium.NoSuchElementException: 
no such element: Unable to locate element: {"method":"xpath","selector":"//button[contains(text(),'Aceptar')]"}
  (Session info: chrome=84.0.4147.135)
For documentation on this error, please visit: https://www.seleniumhq.org/exceptions/no_such_element.html
Build info: version: '3.141.59', revision: 'e82be7d358', time: '2018-11-14T08:17:03'
System info: host: 'Lisandro-Silva.local', ip: '127.0.0.1', os.name: 'Mac OS X', os.arch: 'x86_64', os.version: '10.15.2', java.version: '1.8.0_251'
Driver info: org.openqa.selenium.chrome.ChromeDriver
Capabilities {acceptInsecureCerts: false, browserName: chrome, browserVersion: 84.0.4147.135, chrome: {chromedriverVersion: 84.0.4147.30 (48b3e868b4cc0..., userDataDir: /var/folders/zd/xs0gg_pd749...}, goog:chromeOptions: {debuggerAddress: localhost:51789}, javascriptEnabled: true, networkConnectionEnabled: false, pageLoadStrategy: normal, platform: MAC, platformName: MAC, proxy: Proxy(), setWindowRect: true, strictFileInteractability: false, timeouts: {implicit: 0, pageLoad: 300000, script: 30000}, unhandledPromptBehavior: dismiss and notify, webauthn:virtualAuthenticators: true}
Session ID: 78fee8cb7a43fd3623da34a677f88025
*** Element info: {Using=xpath, value=//button[contains(text(),'Aceptar')]}
	at com.mkyong.busonfiscal.ReportesEmitidosCancelacionTest4.reportesEmitidosCancelacion(ReportesEmitidosCancelacionTest4.java:72)
]]></failure>
    <system-out><![CDATA[Chrome
Continue the operation
]]></system-out>
    <system-err><![CDATA[Starting ChromeDriver 84.0.4147.30 (48b3e868b4cc0aa7e8149519690b6f6949e110a8-refs/branch-heads/4147@{#310}) on port 43134
Only local connections are allowed.
Please see https://chromedriver.chromium.org/security-considerations for suggestions on keeping ChromeDriver safe.
ChromeDriver was started successfully.
Aug 28, 2020 1:01:58 PM org.openqa.selenium.remote.ProtocolHandshake createSession
INFO: Detected dialect: W3C
]]></system-err>
  </testcase>
  <testcase name="testPassword" classname="com.mkyong.busonfiscal.PasswordTest" time="1.315"/>
  <testcase name="correoSimples" classname="com.mkyong.busonfiscal.EmailTest" time="0.795"/>
  <testcase name="correoContrasena" classname="com.mkyong.busonfiscal.EmailAndPasswordTest" time="0.779"/>
  <testcase name="correoContrasenaCorreta" classname="com.mkyong.busonfiscal.EmailPasswordCorrectTest" time="7.549"/>
  <testcase name="duplicadoFacturaBasica" classname="com.mkyong.busonfiscal.ReportesEmitidosDuplicarComprobanteTest3" time="30.503"/>
  <testcase name="duplicadoLeyendasFiscalesNotificado" classname="com.mkyong.busonfiscal.ReportesEmitidosDuplicarComplLeyendasFiscalesTest2" time="20.54"/>
  <testcase name="busquedaDeReportes5" classname="com.mkyong.busonfiscal.BusquedaReportesTest5" time="21.924"/>
  <testcase name="busquedaDeReportes4" classname="com.mkyong.busonfiscal.BusquedaReportesTest4" time="33.961"/>
  <testcase name="busquedaDeReportes3" classname="com.mkyong.busonfiscal.BusquedaReportesTest3" time="36.16"/>
  <testcase name="buquedaDeReportes2" classname="com.mkyong.busonfiscal.BusquedaReportesTest2" time="15.843"/>
  <testcase name="busquedaDeReportes6" classname="com.mkyong.busonfiscal.BusquedaReportesTest6" time="30.347"/>
  <testcase name="busquedaDeReportes7" classname="com.mkyong.busonfiscal.BusquedaReportesTest7" time="33.375"/>
  <testcase name="busquedaDeReportes8" classname="com.mkyong.busonfiscal.BusquedaReportesTest8" time="12.358"/>
  <testcase name="busquedaDeReportes9" classname="com.mkyong.busonfiscal.BusquedaReportesTest9" time="12.377"/>
  <testcase name="busquedaDeReportes10" classname="com.mkyong.busonfiscal.BusquedaReportesTest10" time="13.206"/>
  <testcase name="busquedaDereportes11" classname="com.mkyong.busonfiscal.BusquedaReportesTest11" time="23.625"/>
  <testcase name="busquedaDereportes12" classname="com.mkyong.busonfiscal.BusquedaReportesTest12" time="13.05"/>
  <testcase name="busquedaDeReportes14" classname="com.mkyong.busonfiscal.BusquedaReportesTest14" time="29.357"/>
  <testcase name="busquedaDeReportes15" classname="com.mkyong.busonfiscal.BusquedaReportesTest15" time="43.454"/>
  <testcase name="reportesemitidos5" classname="com.mkyong.busonfiscal.ReportesEmitidosTest5" time="24.094"/>
  <testcase name="reportesEmitidos4" classname="com.mkyong.busonfiscal.ReportesEmitidosTest4" time="29.216"/>
  <testcase name="facturaBasica" classname="com.mkyong.busonfiscal.FacturaBasicaTest" time="15.807"/>
  <testcase name="facturaCartaPorte" classname="com.mkyong.busonfiscal.FacturaCartaPorteTest" time="11.656"/>
  <testcase name="facturaPago" classname="com.mkyong.busonfiscal.FacturaPagoTest" time="13.095"/>
  <testcase name="notaDeCredito" classname="com.mkyong.busonfiscal.NotaDeCreditoTest" time="12.47"/>
  <testcase name="facturaDetallista" classname="com.mkyong.busonfiscal.FacturaDetallistaTest" time="18.396"/>
  <testcase name="basePageNavigation" classname="com.mkyong.busonfiscal.ImpuestosLocalesTest" time="17.031"/>
  <testcase name="basePageNavigation" classname="com.mkyong.busonfiscal.INETest" time="18.438"/>
  <testcase name="instituiciones1" classname="com.mkyong.busonfiscal.InstituicionesEducativasTest" time="12.876"/>
  <testcase name="leyendas1" classname="com.mkyong.busonfiscal.LeyendasFiscalesTest" time="12.968"/>
  <testcase name="serviciosParcealesDeConstrucion" classname="com.mkyong.busonfiscal.ServiciosParcealesDeContruccionTest" time="13.87"/>
  <testcase name="turistaPassajeroExtranjero" classname="com.mkyong.busonfiscal.TuristaPasajeroExtranjeroTest" time="13.672"/>
  <testcase name="vehiculosUsados" classname="com.mkyong.busonfiscal.VehiculosUsadosTest" time="15.566"/>
  <testcase name="ventaDeVehiculos" classname="com.mkyong.busonfiscal.VentaDeVehiculosTest" time="15.164"/>
  <testcase name="donativosSimples" classname="com.mkyong.busonfiscal.DonativosTest" time="14.618"/>
  <testcase name="notariosPublicos1" classname="com.mkyong.busonfiscal.NotariosPublicosTest" time="20.346"/>
  <testcase name="obrasArtesAnteguedad1" classname="com.mkyong.busonfiscal.ObrasDeArteYAtenguedadTest" time="20.23"/>
  <testcase name="pagoEnEspecies1" classname="com.mkyong.busonfiscal.PagoEnEspeciesTest" time="14.192"/>
  <testcase name="personasFisicas1" classname="com.mkyong.busonfiscal.PersonasFisicasIntegranteDeCoordinacionTest" time="14.415"/>
  <testcase name="facturaAdendaMultiAssistencia" classname="com.mkyong.busonfiscal.FacturaAdendaMultiAssistenciaTest" time="36.069">
    <failure message="Expected condition failed: waiting for visibility of element located by By.xpath: //div[contains(text(),&apos;Documento emitido correctamente.&apos;)] (tried for 15 second(s) with 500 milliseconds interval)" type="org.openqa.selenium.TimeoutException"><![CDATA[org.openqa.selenium.TimeoutException: Expected condition failed: waiting for visibility of element located by By.xpath: //div[contains(text(),'Documento emitido correctamente.')] (tried for 15 second(s) with 500 milliseconds interval)
	at com.mkyong.busonfiscal.FacturaAdendaMultiAssistenciaTest.facturaAdendaMultiAssistencia(FacturaAdendaMultiAssistenciaTest.java:110)
Caused by: org.openqa.selenium.NoSuchElementException: 
no such element: Unable to locate element: {"method":"xpath","selector":"//div[contains(text(),'Documento emitido correctamente.')]"}
  (Session info: chrome=84.0.4147.135)
For documentation on this error, please visit: https://www.seleniumhq.org/exceptions/no_such_element.html
Build info: version: '3.141.59', revision: 'e82be7d358', time: '2018-11-14T08:17:03'
System info: host: 'Lisandro-Silva.local', ip: '127.0.0.1', os.name: 'Mac OS X', os.arch: 'x86_64', os.version: '10.15.2', java.version: '1.8.0_251'
Driver info: org.openqa.selenium.chrome.ChromeDriver
Capabilities {acceptInsecureCerts: false, browserName: chrome, browserVersion: 84.0.4147.135, chrome: {chromedriverVersion: 84.0.4147.30 (48b3e868b4cc0..., userDataDir: /var/folders/zd/xs0gg_pd749...}, goog:chromeOptions: {debuggerAddress: localhost:53032}, javascriptEnabled: true, networkConnectionEnabled: false, pageLoadStrategy: normal, platform: MAC, platformName: MAC, proxy: Proxy(), setWindowRect: true, strictFileInteractability: false, timeouts: {implicit: 0, pageLoad: 300000, script: 30000}, unhandledPromptBehavior: dismiss and notify, webauthn:virtualAuthenticators: true}
Session ID: 61f31287825f0d30bd0f274fc21e8fd3
*** Element info: {Using=xpath, value=//div[contains(text(),'Documento emitido correctamente.')]}
	at com.mkyong.busonfiscal.FacturaAdendaMultiAssistenciaTest.facturaAdendaMultiAssistencia(FacturaAdendaMultiAssistenciaTest.java:110)
]]></failure>
    <system-out><![CDATA[Chrome
Continue the operation
]]></system-out>
    <system-err><![CDATA[Starting ChromeDriver 84.0.4147.30 (48b3e868b4cc0aa7e8149519690b6f6949e110a8-refs/branch-heads/4147@{#310}) on port 19644
Only local connections are allowed.
Please see https://chromedriver.chromium.org/security-considerations for suggestions on keeping ChromeDriver safe.
ChromeDriver was started successfully.
Aug 28, 2020 1:19:56 PM org.openqa.selenium.remote.ProtocolHandshake createSession
INFO: Detected dialect: W3C
]]></system-err>
  </testcase>
  <testcase name="facturaBasicaDetail" classname="com.mkyong.busonfiscal.detail.FacturaBasicaDetailTest" time="31.601"/>
  <testcase name="facturaBasicaDetail2" classname="com.mkyong.busonfiscal.detail.FacturaBasicaDetailTest2" time="43.139"/>
  <testcase name="facturaCartaPorteDetail" classname="com.mkyong.busonfiscal.detail.FacturaCartaPorteDetailTest" time="23.007"/>
  <testcase name="facturaCartaPorteDetail2" classname="com.mkyong.busonfiscal.detail.FacturaCartaPorteDetailTest2" time="32.667"/>
  <testcase name="facturaDetallistaDetail2" classname="com.mkyong.busonfiscal.detail.FacturaPagoDetailTest2" time="26.608"/>
  <testcase name="nominaFiscalDescarga" classname="com.mkyong.nomina.NominaFiscalDescargaTest" time="30.774"/>
  <testcase name="nominaFiscal" classname="com.mkyong.nomina.NominaFiscalTest" time="59.581"/>
  <testcase name="facturaBasicaGratis2" classname="com.mkyong.busongratis.FacturaBasicaGratisTest2" time="21.874"/>
  <testcase name="cartaPorteGratisSimpl2" classname="com.mkyong.busongratis.FacturaCartaPorteGratisTest2" time="25.743"/>
  <testcase name="pagoGratis2" classname="com.mkyong.busongratis.FacturaPagoGratisTest2" time="20.088"/>
  <testcase name="impressionFiscal3" classname="com.mkyong.impression.fiscal.ImpresionIETFiscalTest3" time="45.744"/>
  <testcase name="impressionFiscal4" classname="com.mkyong.impression.fiscal.ImpresionIETFiscalTest4" time="43.203"/>
  <testcase name="impressionFiscal5" classname="com.mkyong.impression.fiscal.ImpresionIETFiscalTest5" time="43.712"/>
  <testcase name="facturaBasicaJesTest" classname="com.mkyong.buson.jes.FacturaBasicaJesTest" time="19.048"/>
  <testcase name="facturaCartaPorte" classname="com.mkyong.buson.jes.FacturaCartaPorteJesTest" time="14.28"/>
  <testcase name="facturaDetallista" classname="com.mkyong.buson.jes.FacturaDetallistaJesTest" time="19.266"/>
  <testcase name="facturaPagoJes" classname="com.mkyong.buson.jes.FacturaPagoJesTest" time="15.306"/>
  <testcase name="impuestosLocalesJesBuzon" classname="com.mkyong.buson.jes.ImpuestosLocalesJesTest" time="18.246"/>
  <testcase name="ineJes" classname="com.mkyong.buson.jes.INEJesTest" time="16.577"/>
  <testcase name="instituicionesEducativasJes" classname="com.mkyong.buson.jes.InstituicionesEducativasJesTest" time="15.845"/>
  <testcase name="notaDeCreditoJes" classname="com.mkyong.buson.jes.NotaDeCreditoJesTest" time="15.633"/>
  <testcase name="pagoEnEspeciesJes" classname="com.mkyong.buson.jes.PagoEnEspeciesJesTest" time="16.307"/>
  <testcase name="vehiculosUsadosJes" classname="com.mkyong.buson.jes.VehiculosUsadosJesTest" time="7.44">
    <failure message="element click intercepted: Element is not clickable at point (1291, 285)&#10;  (Session info: chrome=84.0.4147.135)&#10;Build info: version: &apos;3.141.59&apos;, revision: &apos;e82be7d358&apos;, time: &apos;2018-11-14T08:17:03&apos;&#10;System info: host: &apos;Lisandro-Silva.local&apos;, ip: &apos;127.0.0.1&apos;, os.name: &apos;Mac OS X&apos;, os.arch: &apos;x86_64&apos;, os.version: &apos;10.15.2&apos;, java.version: &apos;1.8.0_251&apos;&#10;Driver info: org.openqa.selenium.chrome.ChromeDriver&#10;Capabilities {acceptInsecureCerts: false, browserName: chrome, browserVersion: 84.0.4147.135, chrome: {chromedriverVersion: 84.0.4147.30 (48b3e868b4cc0..., userDataDir: /var/folders/zd/xs0gg_pd749...}, goog:chromeOptions: {debuggerAddress: localhost:53848}, javascriptEnabled: true, networkConnectionEnabled: false, pageLoadStrategy: normal, platform: MAC, platformName: MAC, proxy: Proxy(), setWindowRect: true, strictFileInteractability: false, timeouts: {implicit: 0, pageLoad: 300000, script: 30000}, unhandledPromptBehavior: dismiss and notify, webauthn:virtualAuthenticators: true}&#10;Session ID: 597af152d8423f0a33f39faf05084e03" type="org.openqa.selenium.ElementClickInterceptedException"><![CDATA[org.openqa.selenium.ElementClickInterceptedException: 
element click intercepted: Element is not clickable at point (1291, 285)
  (Session info: chrome=84.0.4147.135)
Build info: version: '3.141.59', revision: 'e82be7d358', time: '2018-11-14T08:17:03'
System info: host: 'Lisandro-Silva.local', ip: '127.0.0.1', os.name: 'Mac OS X', os.arch: 'x86_64', os.version: '10.15.2', java.version: '1.8.0_251'
Driver info: org.openqa.selenium.chrome.ChromeDriver
Capabilities {acceptInsecureCerts: false, browserName: chrome, browserVersion: 84.0.4147.135, chrome: {chromedriverVersion: 84.0.4147.30 (48b3e868b4cc0..., userDataDir: /var/folders/zd/xs0gg_pd749...}, goog:chromeOptions: {debuggerAddress: localhost:53848}, javascriptEnabled: true, networkConnectionEnabled: false, pageLoadStrategy: normal, platform: MAC, platformName: MAC, proxy: Proxy(), setWindowRect: true, strictFileInteractability: false, timeouts: {implicit: 0, pageLoad: 300000, script: 30000}, unhandledPromptBehavior: dismiss and notify, webauthn:virtualAuthenticators: true}
Session ID: 597af152d8423f0a33f39faf05084e03
	at com.mkyong.buson.jes.VehiculosUsadosJesTest.vehiculosUsadosJes(VehiculosUsadosJesTest.java:56)
]]></failure>
    <system-out><![CDATA[Chrome
]]></system-out>
    <system-err><![CDATA[Starting ChromeDriver 84.0.4147.30 (48b3e868b4cc0aa7e8149519690b6f6949e110a8-refs/branch-heads/4147@{#310}) on port 23980
Only local connections are allowed.
Please see https://chromedriver.chromium.org/security-considerations for suggestions on keeping ChromeDriver safe.
ChromeDriver was started successfully.
Aug 28, 2020 1:35:00 PM org.openqa.selenium.remote.ProtocolHandshake createSession
INFO: Detected dialect: W3C
]]></system-err>
  </testcase>
  <testcase name="obrasArtesAnteguedadJes" classname="com.mkyong.buson.jes.ObrasDeArteYAtenguedadJesTest" time="16.9"/>
  <testcase name="facturaBasicaDetailJes" classname="com.mkyong.buson.jes.detail.FacturaBasicaJesDetailTest" time="30.914"/>
  <testcase name="facturaBasicaDetailJes" classname="com.mkyong.buson.jes.detail.FacturaBasicaJesDetailTest" time="33.435"/>
  <testcase name="basePageNavigation" classname="com.mkyong.conector.jes.FacturaBasicaJesTest" time="7.903">
    <failure message="element click intercepted: Element is not clickable at point (1291, 285)&#10;  (Session info: chrome=84.0.4147.135)&#10;Build info: version: &apos;3.141.59&apos;, revision: &apos;e82be7d358&apos;, time: &apos;2018-11-14T08:17:03&apos;&#10;System info: host: &apos;Lisandro-Silva.local&apos;, ip: &apos;127.0.0.1&apos;, os.name: &apos;Mac OS X&apos;, os.arch: &apos;x86_64&apos;, os.version: &apos;10.15.2&apos;, java.version: &apos;1.8.0_251&apos;&#10;Driver info: org.openqa.selenium.chrome.ChromeDriver&#10;Capabilities {acceptInsecureCerts: false, browserName: chrome, browserVersion: 84.0.4147.135, chrome: {chromedriverVersion: 84.0.4147.30 (48b3e868b4cc0..., userDataDir: /var/folders/zd/xs0gg_pd749...}, goog:chromeOptions: {debuggerAddress: localhost:53939}, javascriptEnabled: true, networkConnectionEnabled: false, pageLoadStrategy: normal, platform: MAC, platformName: MAC, proxy: Proxy(), setWindowRect: true, strictFileInteractability: false, timeouts: {implicit: 0, pageLoad: 300000, script: 30000}, unhandledPromptBehavior: dismiss and notify, webauthn:virtualAuthenticators: true}&#10;Session ID: b4f92befa1658f42049fc58629da7ff1" type="org.openqa.selenium.ElementClickInterceptedException"><![CDATA[org.openqa.selenium.ElementClickInterceptedException: 
element click intercepted: Element is not clickable at point (1291, 285)
  (Session info: chrome=84.0.4147.135)
Build info: version: '3.141.59', revision: 'e82be7d358', time: '2018-11-14T08:17:03'
System info: host: 'Lisandro-Silva.local', ip: '127.0.0.1', os.name: 'Mac OS X', os.arch: 'x86_64', os.version: '10.15.2', java.version: '1.8.0_251'
Driver info: org.openqa.selenium.chrome.ChromeDriver
Capabilities {acceptInsecureCerts: false, browserName: chrome, browserVersion: 84.0.4147.135, chrome: {chromedriverVersion: 84.0.4147.30 (48b3e868b4cc0..., userDataDir: /var/folders/zd/xs0gg_pd749...}, goog:chromeOptions: {debuggerAddress: localhost:53939}, javascriptEnabled: true, networkConnectionEnabled: false, pageLoadStrategy: normal, platform: MAC, platformName: MAC, proxy: Proxy(), setWindowRect: true, strictFileInteractability: false, timeouts: {implicit: 0, pageLoad: 300000, script: 30000}, unhandledPromptBehavior: dismiss and notify, webauthn:virtualAuthenticators: true}
Session ID: b4f92befa1658f42049fc58629da7ff1
	at com.mkyong.conector.jes.FacturaBasicaJesTest.basePageNavigation(FacturaBasicaJesTest.java:55)
]]></failure>
    <system-out><![CDATA[Chrome
Element is displayed
]]></system-out>
    <system-err><![CDATA[Starting ChromeDriver 84.0.4147.30 (48b3e868b4cc0aa7e8149519690b6f6949e110a8-refs/branch-heads/4147@{#310}) on port 28293
Only local connections are allowed.
Please see https://chromedriver.chromium.org/security-considerations for suggestions on keeping ChromeDriver safe.
ChromeDriver was started successfully.
Aug 28, 2020 1:36:23 PM org.openqa.selenium.remote.ProtocolHandshake createSession
INFO: Detected dialect: W3C
]]></system-err>
  </testcase>
  <testcase name="basePageNavigation" classname="com.mkyong.conector.jes.FacturaCartaPorteJesTest" time="13.908"/>
  <testcase name="basePageNavigation" classname="com.mkyong.conector.jes.FacturaDetallistaJesTest" time="18.069"/>
  <testcase name="basePageNavigation" classname="com.mkyong.conector.jes.TuristaPasajeroExtranjeroJesTest" time="13.902"/>
  <testcase name="basePageNavigation" classname="com.mkyong.conector.jes.PagoEnEspeciesJesTest" time="13.938"/>
  <testcase name="conciliacionFiscal1" classname="com.mkyong.conciliacion.conector.ConciliacionTest10" time="33.977"/>
  <testcase name="conciliacionFiscal1" classname="com.mkyong.conciliacion.conector.ConciliacionTest11" time="34.385"/>
  <testcase name="conciliacionFiscal1" classname="com.mkyong.conciliacion.conector.ConciliacionTest13" time="37.117"/>
  <testcase name="conciliacionFiscal3" classname="com.mkyong.conciliacion.conector.ConciliacionTest3" time="36.116"/>
  <testcase name="conciliacionFiscal1" classname="com.mkyong.conciliacion.conector.ConciliacionTest4" time="36.363"/>
  <testcase name="conciliacionFiscal1" classname="com.mkyong.conciliacion.conector.ConciliacionTest5" time="36.478">
    <failure message="element click intercepted: Element &lt;text stroke=&quot;#000&quot; font-weight=&quot;bold&quot; text-anchor=&quot;middle&quot; alignment-baseline=&quot;central&quot; font-family=&quot;Helvetica, Arial, sans-serif&quot; font-size=&quot;35&quot; y=&quot;30&quot; x=&quot;30&quot; style=&quot;font-size:26px&quot; stroke-width=&quot;0&quot; fill=&quot;#1497e8&quot;&gt;...&lt;/text&gt; is not clickable at point (1139, 43). Other element would receive the click: &lt;div class=&quot;page-loader&quot; style=&quot;opacity: 0.0736799;&quot;&gt;...&lt;/div&gt;&#10;  (Session info: chrome=84.0.4147.135)&#10;Build info: version: &apos;3.141.59&apos;, revision: &apos;e82be7d358&apos;, time: &apos;2018-11-14T08:17:03&apos;&#10;System info: host: &apos;Lisandro-Silva.local&apos;, ip: &apos;127.0.0.1&apos;, os.name: &apos;Mac OS X&apos;, os.arch: &apos;x86_64&apos;, os.version: &apos;10.15.2&apos;, java.version: &apos;1.8.0_251&apos;&#10;Driver info: org.openqa.selenium.chrome.ChromeDriver&#10;Capabilities {acceptInsecureCerts: false, browserName: chrome, browserVersion: 84.0.4147.135, chrome: {chromedriverVersion: 84.0.4147.30 (48b3e868b4cc0..., userDataDir: /var/folders/zd/xs0gg_pd749...}, goog:chromeOptions: {debuggerAddress: localhost:54237}, javascriptEnabled: true, networkConnectionEnabled: false, pageLoadStrategy: normal, platform: MAC, platformName: MAC, proxy: Proxy(), setWindowRect: true, strictFileInteractability: false, timeouts: {implicit: 0, pageLoad: 300000, script: 30000}, unhandledPromptBehavior: dismiss and notify, webauthn:virtualAuthenticators: true}&#10;Session ID: df9ab59e0ee4e6050947e754820c6059" type="org.openqa.selenium.ElementClickInterceptedException"><![CDATA[org.openqa.selenium.ElementClickInterceptedException: 
element click intercepted: Element <text stroke="#000" font-weight="bold" text-anchor="middle" alignment-baseline="central" font-family="Helvetica, Arial, sans-serif" font-size="35" y="30" x="30" style="font-size:26px" stroke-width="0" fill="#1497e8">...</text> is not clickable at point (1139, 43). Other element would receive the click: <div class="page-loader" style="opacity: 0.0736799;">...</div>
  (Session info: chrome=84.0.4147.135)
Build info: version: '3.141.59', revision: 'e82be7d358', time: '2018-11-14T08:17:03'
System info: host: 'Lisandro-Silva.local', ip: '127.0.0.1', os.name: 'Mac OS X', os.arch: 'x86_64', os.version: '10.15.2', java.version: '1.8.0_251'
Driver info: org.openqa.selenium.chrome.ChromeDriver
Capabilities {acceptInsecureCerts: false, browserName: chrome, browserVersion: 84.0.4147.135, chrome: {chromedriverVersion: 84.0.4147.30 (48b3e868b4cc0..., userDataDir: /var/folders/zd/xs0gg_pd749...}, goog:chromeOptions: {debuggerAddress: localhost:54237}, javascriptEnabled: true, networkConnectionEnabled: false, pageLoadStrategy: normal, platform: MAC, platformName: MAC, proxy: Proxy(), setWindowRect: true, strictFileInteractability: false, timeouts: {implicit: 0, pageLoad: 300000, script: 30000}, unhandledPromptBehavior: dismiss and notify, webauthn:virtualAuthenticators: true}
Session ID: df9ab59e0ee4e6050947e754820c6059
	at com.mkyong.conciliacion.conector.ConciliacionTest5.conciliacionFiscal1(ConciliacionTest5.java:100)
]]></failure>
    <system-out><![CDATA[Chrome
8
8
8
8
124
124
124
124
124
124
124
124
124
124
124
]]></system-out>
    <system-err><![CDATA[Starting ChromeDriver 84.0.4147.30 (48b3e868b4cc0aa7e8149519690b6f6949e110a8-refs/branch-heads/4147@{#310}) on port 15859
Only local connections are allowed.
Please see https://chromedriver.chromium.org/security-considerations for suggestions on keeping ChromeDriver safe.
ChromeDriver was started successfully.
Aug 28, 2020 1:41:26 PM org.openqa.selenium.remote.ProtocolHandshake createSession
INFO: Detected dialect: W3C
]]></system-err>
  </testcase>
  <testcase name="conciliacionFiscal1" classname="com.mkyong.conciliacion.conector.ConciliacionTest62" time="49.825">
    <failure message="element not interactable&#10;  (Session info: chrome=84.0.4147.135)&#10;Build info: version: &apos;3.141.59&apos;, revision: &apos;e82be7d358&apos;, time: &apos;2018-11-14T08:17:03&apos;&#10;System info: host: &apos;Lisandro-Silva.local&apos;, ip: &apos;127.0.0.1&apos;, os.name: &apos;Mac OS X&apos;, os.arch: &apos;x86_64&apos;, os.version: &apos;10.15.2&apos;, java.version: &apos;1.8.0_251&apos;&#10;Driver info: org.openqa.selenium.chrome.ChromeDriver&#10;Capabilities {acceptInsecureCerts: false, browserName: chrome, browserVersion: 84.0.4147.135, chrome: {chromedriverVersion: 84.0.4147.30 (48b3e868b4cc0..., userDataDir: /var/folders/zd/xs0gg_pd749...}, goog:chromeOptions: {debuggerAddress: localhost:54271}, javascriptEnabled: true, networkConnectionEnabled: false, pageLoadStrategy: normal, platform: MAC, platformName: MAC, proxy: Proxy(), setWindowRect: true, strictFileInteractability: false, timeouts: {implicit: 0, pageLoad: 300000, script: 30000}, unhandledPromptBehavior: dismiss and notify, webauthn:virtualAuthenticators: true}&#10;Session ID: 0fb50a53179480e435ae0dac0516b4db" type="org.openqa.selenium.ElementNotInteractableException"><![CDATA[org.openqa.selenium.ElementNotInteractableException: 
element not interactable
  (Session info: chrome=84.0.4147.135)
Build info: version: '3.141.59', revision: 'e82be7d358', time: '2018-11-14T08:17:03'
System info: host: 'Lisandro-Silva.local', ip: '127.0.0.1', os.name: 'Mac OS X', os.arch: 'x86_64', os.version: '10.15.2', java.version: '1.8.0_251'
Driver info: org.openqa.selenium.chrome.ChromeDriver
Capabilities {acceptInsecureCerts: false, browserName: chrome, browserVersion: 84.0.4147.135, chrome: {chromedriverVersion: 84.0.4147.30 (48b3e868b4cc0..., userDataDir: /var/folders/zd/xs0gg_pd749...}, goog:chromeOptions: {debuggerAddress: localhost:54271}, javascriptEnabled: true, networkConnectionEnabled: false, pageLoadStrategy: normal, platform: MAC, platformName: MAC, proxy: Proxy(), setWindowRect: true, strictFileInteractability: false, timeouts: {implicit: 0, pageLoad: 300000, script: 30000}, unhandledPromptBehavior: dismiss and notify, webauthn:virtualAuthenticators: true}
Session ID: 0fb50a53179480e435ae0dac0516b4db
	at com.mkyong.conciliacion.conector.ConciliacionTest62.conciliacionFiscal1(ConciliacionTest62.java:103)
]]></failure>
    <system-out><![CDATA[Chrome
8
8
8
8
124
124
124
124
124
124
124
124
124
124
124
124
124
124
124
124
124
124
124
124
124
124
124
124
124
124
124
124
124
124
124
124
124
124
124
124
124
124
124
124
124
124
124
124
124
124
124
124
124
124
124
124
124
124
124
124
124
124
124
124
124
124
124
]]></system-out>
    <system-err><![CDATA[Starting ChromeDriver 84.0.4147.30 (48b3e868b4cc0aa7e8149519690b6f6949e110a8-refs/branch-heads/4147@{#310}) on port 21176
Only local connections are allowed.
Please see https://chromedriver.chromium.org/security-considerations for suggestions on keeping ChromeDriver safe.
ChromeDriver was started successfully.
Aug 28, 2020 1:42:09 PM org.openqa.selenium.remote.ProtocolHandshake createSession
INFO: Detected dialect: W3C
]]></system-err>
  </testcase>
  <testcase name="conciliacionFiscal1" classname="com.mkyong.conciliacion.conector.ConciliacionTest32" time="40.352"/>
  <testcase name="conciliacionFiscal1" classname="com.mkyong.conciliacion.conector.ConciliacionTest33" time="43.021"/>
  <testcase name="conciliacionFiscal1" classname="com.mkyong.conciliacion.conector.ConciliacionTest34" time="39.169"/>
  <testcase name="conciliacionFiscal1" classname="com.mkyong.conciliacion.conector.ConciliacionTest63" time="48.171">
    <failure message="element not interactable&#10;  (Session info: chrome=84.0.4147.135)&#10;Build info: version: &apos;3.141.59&apos;, revision: &apos;e82be7d358&apos;, time: &apos;2018-11-14T08:17:03&apos;&#10;System info: host: &apos;Lisandro-Silva.local&apos;, ip: &apos;127.0.0.1&apos;, os.name: &apos;Mac OS X&apos;, os.arch: &apos;x86_64&apos;, os.version: &apos;10.15.2&apos;, java.version: &apos;1.8.0_251&apos;&#10;Driver info: org.openqa.selenium.chrome.ChromeDriver&#10;Capabilities {acceptInsecureCerts: false, browserName: chrome, browserVersion: 84.0.4147.135, chrome: {chromedriverVersion: 84.0.4147.30 (48b3e868b4cc0..., userDataDir: /var/folders/zd/xs0gg_pd749...}, goog:chromeOptions: {debuggerAddress: localhost:54430}, javascriptEnabled: true, networkConnectionEnabled: false, pageLoadStrategy: normal, platform: MAC, platformName: MAC, proxy: Proxy(), setWindowRect: true, strictFileInteractability: false, timeouts: {implicit: 0, pageLoad: 300000, script: 30000}, unhandledPromptBehavior: dismiss and notify, webauthn:virtualAuthenticators: true}&#10;Session ID: f5f44c670352bac523f6a8b1795fc668" type="org.openqa.selenium.ElementNotInteractableException"><![CDATA[org.openqa.selenium.ElementNotInteractableException: 
element not interactable
  (Session info: chrome=84.0.4147.135)
Build info: version: '3.141.59', revision: 'e82be7d358', time: '2018-11-14T08:17:03'
System info: host: 'Lisandro-Silva.local', ip: '127.0.0.1', os.name: 'Mac OS X', os.arch: 'x86_64', os.version: '10.15.2', java.version: '1.8.0_251'
Driver info: org.openqa.selenium.chrome.ChromeDriver
Capabilities {acceptInsecureCerts: false, browserName: chrome, browserVersion: 84.0.4147.135, chrome: {chromedriverVersion: 84.0.4147.30 (48b3e868b4cc0..., userDataDir: /var/folders/zd/xs0gg_pd749...}, goog:chromeOptions: {debuggerAddress: localhost:54430}, javascriptEnabled: true, networkConnectionEnabled: false, pageLoadStrategy: normal, platform: MAC, platformName: MAC, proxy: Proxy(), setWindowRect: true, strictFileInteractability: false, timeouts: {implicit: 0, pageLoad: 300000, script: 30000}, unhandledPromptBehavior: dismiss and notify, webauthn:virtualAuthenticators: true}
Session ID: f5f44c670352bac523f6a8b1795fc668
	at com.mkyong.conciliacion.conector.ConciliacionTest63.conciliacionFiscal1(ConciliacionTest63.java:103)
]]></failure>
    <system-out><![CDATA[Chrome
8
8
8
8
124
124
124
124
124
124
124
124
124
124
124
124
124
124
124
124
124
124
124
124
124
124
124
124
124
124
124
124
124
124
124
124
124
124
124
124
124
124
124
124
124
124
124
124
124
124
124
124
124
124
124
124
124
124
124
124
124
124
124
124
124
124
124
124
124
124
124
]]></system-out>
    <system-err><![CDATA[Starting ChromeDriver 84.0.4147.30 (48b3e868b4cc0aa7e8149519690b6f6949e110a8-refs/branch-heads/4147@{#310}) on port 8036
Only local connections are allowed.
Please see https://chromedriver.chromium.org/security-considerations for suggestions on keeping ChromeDriver safe.
ChromeDriver was started successfully.
Aug 28, 2020 1:45:31 PM org.openqa.selenium.remote.ProtocolHandshake createSession
INFO: Detected dialect: W3C
]]></system-err>
  </testcase>
  <testcase name="conciliacionFiscal1" classname="com.mkyong.conciliacion.conector.ConciliacionTest64" time="50.102">
    <failure message="element not interactable&#10;  (Session info: chrome=84.0.4147.135)&#10;Build info: version: &apos;3.141.59&apos;, revision: &apos;e82be7d358&apos;, time: &apos;2018-11-14T08:17:03&apos;&#10;System info: host: &apos;Lisandro-Silva.local&apos;, ip: &apos;127.0.0.1&apos;, os.name: &apos;Mac OS X&apos;, os.arch: &apos;x86_64&apos;, os.version: &apos;10.15.2&apos;, java.version: &apos;1.8.0_251&apos;&#10;Driver info: org.openqa.selenium.chrome.ChromeDriver&#10;Capabilities {acceptInsecureCerts: false, browserName: chrome, browserVersion: 84.0.4147.135, chrome: {chromedriverVersion: 84.0.4147.30 (48b3e868b4cc0..., userDataDir: /var/folders/zd/xs0gg_pd749...}, goog:chromeOptions: {debuggerAddress: localhost:54463}, javascriptEnabled: true, networkConnectionEnabled: false, pageLoadStrategy: normal, platform: MAC, platformName: MAC, proxy: Proxy(), setWindowRect: true, strictFileInteractability: false, timeouts: {implicit: 0, pageLoad: 300000, script: 30000}, unhandledPromptBehavior: dismiss and notify, webauthn:virtualAuthenticators: true}&#10;Session ID: ad3f3833d533f62f7fa2289e336f5bc3" type="org.openqa.selenium.ElementNotInteractableException"><![CDATA[org.openqa.selenium.ElementNotInteractableException: 
element not interactable
  (Session info: chrome=84.0.4147.135)
Build info: version: '3.141.59', revision: 'e82be7d358', time: '2018-11-14T08:17:03'
System info: host: 'Lisandro-Silva.local', ip: '127.0.0.1', os.name: 'Mac OS X', os.arch: 'x86_64', os.version: '10.15.2', java.version: '1.8.0_251'
Driver info: org.openqa.selenium.chrome.ChromeDriver
Capabilities {acceptInsecureCerts: false, browserName: chrome, browserVersion: 84.0.4147.135, chrome: {chromedriverVersion: 84.0.4147.30 (48b3e868b4cc0..., userDataDir: /var/folders/zd/xs0gg_pd749...}, goog:chromeOptions: {debuggerAddress: localhost:54463}, javascriptEnabled: true, networkConnectionEnabled: false, pageLoadStrategy: normal, platform: MAC, platformName: MAC, proxy: Proxy(), setWindowRect: true, strictFileInteractability: false, timeouts: {implicit: 0, pageLoad: 300000, script: 30000}, unhandledPromptBehavior: dismiss and notify, webauthn:virtualAuthenticators: true}
Session ID: ad3f3833d533f62f7fa2289e336f5bc3
	at com.mkyong.conciliacion.conector.ConciliacionTest64.conciliacionFiscal1(ConciliacionTest64.java:103)
]]></failure>
    <system-out><![CDATA[Chrome
8
8
8
8
124
124
124
124
124
124
124
124
124
124
124
124
124
124
124
124
124
124
124
124
124
124
124
124
124
124
124
124
124
124
124
124
124
124
124
124
124
124
124
124
124
124
124
124
124
124
124
124
124
124
124
124
124
124
124
124
124
124
124
124
124
124
124
124
124
124
124
]]></system-out>
    <system-err><![CDATA[Starting ChromeDriver 84.0.4147.30 (48b3e868b4cc0aa7e8149519690b6f6949e110a8-refs/branch-heads/4147@{#310}) on port 25064
Only local connections are allowed.
Please see https://chromedriver.chromium.org/security-considerations for suggestions on keeping ChromeDriver safe.
ChromeDriver was started successfully.
Aug 28, 2020 1:46:27 PM org.openqa.selenium.remote.ProtocolHandshake createSession
INFO: Detected dialect: W3C
]]></system-err>
  </testcase>
  <testcase name="conciliacionFiscal1" classname="com.mkyong.conciliacion.conector.ConciliacionTest65" time="36.093">
    <failure message="element click intercepted: Element &lt;text stroke=&quot;#000&quot; font-weight=&quot;bold&quot; text-anchor=&quot;middle&quot; alignment-baseline=&quot;central&quot; font-family=&quot;Helvetica, Arial, sans-serif&quot; font-size=&quot;35&quot; y=&quot;30&quot; x=&quot;30&quot; style=&quot;font-size:26px&quot; stroke-width=&quot;0&quot; fill=&quot;#1497e8&quot;&gt;...&lt;/text&gt; is not clickable at point (1139, 43). Other element would receive the click: &lt;div class=&quot;page-loader&quot; style=&quot;opacity: 0.815676;&quot;&gt;...&lt;/div&gt;&#10;  (Session info: chrome=84.0.4147.135)&#10;Build info: version: &apos;3.141.59&apos;, revision: &apos;e82be7d358&apos;, time: &apos;2018-11-14T08:17:03&apos;&#10;System info: host: &apos;Lisandro-Silva.local&apos;, ip: &apos;127.0.0.1&apos;, os.name: &apos;Mac OS X&apos;, os.arch: &apos;x86_64&apos;, os.version: &apos;10.15.2&apos;, java.version: &apos;1.8.0_251&apos;&#10;Driver info: org.openqa.selenium.chrome.ChromeDriver&#10;Capabilities {acceptInsecureCerts: false, browserName: chrome, browserVersion: 84.0.4147.135, chrome: {chromedriverVersion: 84.0.4147.30 (48b3e868b4cc0..., userDataDir: /var/folders/zd/xs0gg_pd749...}, goog:chromeOptions: {debuggerAddress: localhost:54500}, javascriptEnabled: true, networkConnectionEnabled: false, pageLoadStrategy: normal, platform: MAC, platformName: MAC, proxy: Proxy(), setWindowRect: true, strictFileInteractability: false, timeouts: {implicit: 0, pageLoad: 300000, script: 30000}, unhandledPromptBehavior: dismiss and notify, webauthn:virtualAuthenticators: true}&#10;Session ID: e580cea30028eeabb6697f32b3931145" type="org.openqa.selenium.ElementClickInterceptedException"><![CDATA[org.openqa.selenium.ElementClickInterceptedException: 
element click intercepted: Element <text stroke="#000" font-weight="bold" text-anchor="middle" alignment-baseline="central" font-family="Helvetica, Arial, sans-serif" font-size="35" y="30" x="30" style="font-size:26px" stroke-width="0" fill="#1497e8">...</text> is not clickable at point (1139, 43). Other element would receive the click: <div class="page-loader" style="opacity: 0.815676;">...</div>
  (Session info: chrome=84.0.4147.135)
Build info: version: '3.141.59', revision: 'e82be7d358', time: '2018-11-14T08:17:03'
System info: host: 'Lisandro-Silva.local', ip: '127.0.0.1', os.name: 'Mac OS X', os.arch: 'x86_64', os.version: '10.15.2', java.version: '1.8.0_251'
Driver info: org.openqa.selenium.chrome.ChromeDriver
Capabilities {acceptInsecureCerts: false, browserName: chrome, browserVersion: 84.0.4147.135, chrome: {chromedriverVersion: 84.0.4147.30 (48b3e868b4cc0..., userDataDir: /var/folders/zd/xs0gg_pd749...}, goog:chromeOptions: {debuggerAddress: localhost:54500}, javascriptEnabled: true, networkConnectionEnabled: false, pageLoadStrategy: normal, platform: MAC, platformName: MAC, proxy: Proxy(), setWindowRect: true, strictFileInteractability: false, timeouts: {implicit: 0, pageLoad: 300000, script: 30000}, unhandledPromptBehavior: dismiss and notify, webauthn:virtualAuthenticators: true}
Session ID: e580cea30028eeabb6697f32b3931145
	at com.mkyong.conciliacion.conector.ConciliacionTest65.conciliacionFiscal1(ConciliacionTest65.java:100)
]]></failure>
    <system-out><![CDATA[Chrome
8
8
8
8
8
148
148
148
148
148
148
148
148
148
148
148
148
148
148
148
148
148
148
148
148
148
148
148
148
148
148
148
148
148
148
148
148
148
148
148
148
148
148
148
148
148
148
148
148
148
]]></system-out>
    <system-err><![CDATA[Starting ChromeDriver 84.0.4147.30 (48b3e868b4cc0aa7e8149519690b6f6949e110a8-refs/branch-heads/4147@{#310}) on port 7670
Only local connections are allowed.
Please see https://chromedriver.chromium.org/security-considerations for suggestions on keeping ChromeDriver safe.
ChromeDriver was started successfully.
Aug 28, 2020 1:47:26 PM org.openqa.selenium.remote.ProtocolHandshake createSession
INFO: Detected dialect: W3C
]]></system-err>
  </testcase>
  <testcase name="donativosDetailJes" classname="com.mkyong.buson.jes.detail.DonativosJesDetailTest" time="31.882"/>
  <testcase name="facturaAdendaMultAssistDetailJes" classname="com.mkyong.buson.jes.detail.FacturaAdendaMultiAssistenciaJesDetailTest" time="34.556">
    <failure message="Expected condition failed: waiting for visibility of element located by By.xpath: //div[contains(text(),&apos;Documento emitido correctamente.&apos;)] (tried for 10 second(s) with 500 milliseconds interval)" type="org.openqa.selenium.TimeoutException"><![CDATA[org.openqa.selenium.TimeoutException: Expected condition failed: waiting for visibility of element located by By.xpath: //div[contains(text(),'Documento emitido correctamente.')] (tried for 10 second(s) with 500 milliseconds interval)
	at com.mkyong.buson.jes.detail.FacturaAdendaMultiAssistenciaJesDetailTest.facturaAdendaMultAssistDetailJes(FacturaAdendaMultiAssistenciaJesDetailTest.java:179)
Caused by: org.openqa.selenium.NoSuchElementException: 
no such element: Unable to locate element: {"method":"xpath","selector":"//div[contains(text(),'Documento emitido correctamente.')]"}
  (Session info: chrome=84.0.4147.135)
For documentation on this error, please visit: https://www.seleniumhq.org/exceptions/no_such_element.html
Build info: version: '3.141.59', revision: 'e82be7d358', time: '2018-11-14T08:17:03'
System info: host: 'Lisandro-Silva.local', ip: '127.0.0.1', os.name: 'Mac OS X', os.arch: 'x86_64', os.version: '10.15.2', java.version: '1.8.0_251'
Driver info: org.openqa.selenium.chrome.ChromeDriver
Capabilities {acceptInsecureCerts: false, browserName: chrome, browserVersion: 84.0.4147.135, chrome: {chromedriverVersion: 84.0.4147.30 (48b3e868b4cc0..., userDataDir: /var/folders/zd/xs0gg_pd749...}, goog:chromeOptions: {debuggerAddress: localhost:54579}, javascriptEnabled: true, networkConnectionEnabled: false, pageLoadStrategy: normal, platform: MAC, platformName: MAC, proxy: Proxy(), setWindowRect: true, strictFileInteractability: false, timeouts: {implicit: 0, pageLoad: 300000, script: 30000}, unhandledPromptBehavior: dismiss and notify, webauthn:virtualAuthenticators: true}
Session ID: 8969bea84afc7af5d712136a9b97e269
*** Element info: {Using=xpath, value=//div[contains(text(),'Documento emitido correctamente.')]}
	at com.mkyong.buson.jes.detail.FacturaAdendaMultiAssistenciaJesDetailTest.facturaAdendaMultAssistDetailJes(FacturaAdendaMultiAssistenciaJesDetailTest.java:179)
]]></failure>
    <system-out><![CDATA[Chrome
]]></system-out>
    <system-err><![CDATA[Starting ChromeDriver 84.0.4147.30 (48b3e868b4cc0aa7e8149519690b6f6949e110a8-refs/branch-heads/4147@{#310}) on port 1208
Only local connections are allowed.
Please see https://chromedriver.chromium.org/security-considerations for suggestions on keeping ChromeDriver safe.
ChromeDriver was started successfully.
Aug 28, 2020 1:49:06 PM org.openqa.selenium.remote.ProtocolHandshake createSession
INFO: Detected dialect: W3C
]]></system-err>
  </testcase>
  <testcase name="facturaCartaPorteDetailJes" classname="com.mkyong.buson.jes.detail.FacturaCartaPorteJesDetailTest" time="26.246"/>
  <testcase name="facturaPagoDetailJes" classname="com.mkyong.buson.jes.detail.FacturaPagoJesDetailTest" time="23.487"/>
  <testcase name="impuestosLocalesDetailJes" classname="com.mkyong.buson.jes.detail.ImpuestosLocalesJesDetailTest" time="34.052"/>
  <testcase name="ineDetailJes" classname="com.mkyong.buson.jes.detail.INEJesDetailTest" time="31.292"/>
  <testcase name="instituicionesEducativasDetailJes" classname="com.mkyong.buson.jes.detail.InstituicionesEducativasJesDetailTest" time="25.775"/>
  <testcase name="leyendasFiscalesDetailJes" classname="com.mkyong.buson.jes.detail.LeyendasFiscalesJesDetailTest" time="29.575"/>
  <testcase name="notaDeCreditoDetailJes" classname="com.mkyong.buson.jes.detail.NotaDeCreditoJesDetailTest" time="30.246"/>
  <testcase name="notariosPublicosDetailJes" classname="com.mkyong.buson.jes.detail.NotariosPublicosJesDetailTest" time="39.693"/>
  <testcase name="vehiculosUsadosDetailJes" classname="com.mkyong.buson.jes.detail.VehiculosUsadosJesDetailTest" time="4.835">
    <failure message="element click intercepted: Element is not clickable at point (1386, 272)&#10;  (Session info: chrome=84.0.4147.135)&#10;Build info: version: &apos;3.141.59&apos;, revision: &apos;e82be7d358&apos;, time: &apos;2018-11-14T08:17:03&apos;&#10;System info: host: &apos;Lisandro-Silva.local&apos;, ip: &apos;127.0.0.1&apos;, os.name: &apos;Mac OS X&apos;, os.arch: &apos;x86_64&apos;, os.version: &apos;10.15.2&apos;, java.version: &apos;1.8.0_251&apos;&#10;Driver info: org.openqa.selenium.chrome.ChromeDriver&#10;Capabilities {acceptInsecureCerts: false, browserName: chrome, browserVersion: 84.0.4147.135, chrome: {chromedriverVersion: 84.0.4147.30 (48b3e868b4cc0..., userDataDir: /var/folders/zd/xs0gg_pd749...}, goog:chromeOptions: {debuggerAddress: localhost:54908}, javascriptEnabled: true, networkConnectionEnabled: false, pageLoadStrategy: normal, platform: MAC, platformName: MAC, proxy: Proxy(), setWindowRect: true, strictFileInteractability: false, timeouts: {implicit: 0, pageLoad: 300000, script: 30000}, unhandledPromptBehavior: dismiss and notify, webauthn:virtualAuthenticators: true}&#10;Session ID: 71787d483ebdc3c277ec347f997d50fe" type="org.openqa.selenium.ElementClickInterceptedException"><![CDATA[org.openqa.selenium.ElementClickInterceptedException: 
element click intercepted: Element is not clickable at point (1386, 272)
  (Session info: chrome=84.0.4147.135)
Build info: version: '3.141.59', revision: 'e82be7d358', time: '2018-11-14T08:17:03'
System info: host: 'Lisandro-Silva.local', ip: '127.0.0.1', os.name: 'Mac OS X', os.arch: 'x86_64', os.version: '10.15.2', java.version: '1.8.0_251'
Driver info: org.openqa.selenium.chrome.ChromeDriver
Capabilities {acceptInsecureCerts: false, browserName: chrome, browserVersion: 84.0.4147.135, chrome: {chromedriverVersion: 84.0.4147.30 (48b3e868b4cc0..., userDataDir: /var/folders/zd/xs0gg_pd749...}, goog:chromeOptions: {debuggerAddress: localhost:54908}, javascriptEnabled: true, networkConnectionEnabled: false, pageLoadStrategy: normal, platform: MAC, platformName: MAC, proxy: Proxy(), setWindowRect: true, strictFileInteractability: false, timeouts: {implicit: 0, pageLoad: 300000, script: 30000}, unhandledPromptBehavior: dismiss and notify, webauthn:virtualAuthenticators: true}
Session ID: 71787d483ebdc3c277ec347f997d50fe
	at com.mkyong.buson.jes.detail.VehiculosUsadosJesDetailTest.vehiculosUsadosDetailJes(VehiculosUsadosJesDetailTest.java:61)
]]></failure>
    <system-out><![CDATA[Chrome
]]></system-out>
    <system-err><![CDATA[Starting ChromeDriver 84.0.4147.30 (48b3e868b4cc0aa7e8149519690b6f6949e110a8-refs/branch-heads/4147@{#310}) on port 26704
Only local connections are allowed.
Please see https://chromedriver.chromium.org/security-considerations for suggestions on keeping ChromeDriver safe.
ChromeDriver was started successfully.
Aug 28, 2020 1:55:56 PM org.openqa.selenium.remote.ProtocolHandshake createSession
INFO: Detected dialect: W3C
]]></system-err>
  </testcase>
</testsuite>