<?xml version="1.0" encoding="UTF-8"?>
<!-- Generated by org.testng.reporters.JUnitReportReporter -->
<testsuite skipped="0" hostname="Lisandro-Silva.local" name="com.mkyong.busonfiscal.TestEmailAndPassword" tests="1" failures="0" timestamp="03 Apr 2020 00:20:51 GMT" time="0.773" errors="0">
  <testcase name="basePageNavigation" time="0.773" classname="com.mkyong.busonfiscal.TestEmailAndPassword"/>
</testsuite> <!-- com.mkyong.busonfiscal.TestEmailAndPassword -->
