<?xml version="1.0" encoding="UTF-8"?>
<!-- Generated by org.testng.reporters.JUnitReportReporter -->
<testsuite skipped="0" hostname="Lisandro-Silva.local" name="com.mkyong.impression.fiscal.ImpresionIETFiscal14" tests="1" failures="0" timestamp="27 Mar 2020 19:32:54 GMT" time="46.463" errors="0">
  <testcase name="basePageNavigation" time="46.463" classname="com.mkyong.impression.fiscal.ImpresionIETFiscal14"/>
</testsuite> <!-- com.mkyong.impression.fiscal.ImpresionIETFiscal14 -->
