<?xml version="1.0" encoding="UTF-8"?>
<!-- Generated by org.testng.reporters.JUnitReportReporter -->
<testsuite skipped="0" hostname="Lisandro-Silva.local" name="com.mkyong.busonfiscal.detail.TestFacturaCartaPorteDetail" tests="1" failures="0" timestamp="15 Apr 2020 17:22:52 GMT" time="57.919" errors="0">
  <testcase name="basePageNavigation" time="57.919" classname="com.mkyong.busonfiscal.detail.TestFacturaCartaPorteDetail"/>
</testsuite> <!-- com.mkyong.busonfiscal.detail.TestFacturaCartaPorteDetail -->
