<?xml version="1.0" encoding="UTF-8"?>
<!-- Generated by org.testng.reporters.JUnitReportReporter -->
<testsuite skipped="0" hostname="Lisandro-Silva.local" name="com.mkyong.busongratis.TestBusquedaReportesgratuito6" tests="1" failures="0" timestamp="11 Mar 2020 17:46:29 GMT" time="17.321" errors="0">
  <testcase name="basePageNavigation" time="17.321" classname="com.mkyong.busongratis.TestBusquedaReportesgratuito6"/>
</testsuite> <!-- com.mkyong.busongratis.TestBusquedaReportesgratuito6 -->
