<?xml version="1.0" encoding="UTF-8"?>
<!-- Generated by org.testng.reporters.JUnitReportReporter -->
<testsuite skipped="0" hostname="Lisandro-Silva.local" name="com.mkyong.impression.fiscal.ImpresionIETFiscal13" tests="1" failures="0" timestamp="27 Mar 2020 19:25:01 GMT" time="49.805" errors="0">
  <testcase name="basePageNavigation" time="49.805" classname="com.mkyong.impression.fiscal.ImpresionIETFiscal13"/>
</testsuite> <!-- com.mkyong.impression.fiscal.ImpresionIETFiscal13 -->
