<?xml version="1.0" encoding="UTF-8"?>
<!-- Generated by org.testng.reporters.JUnitReportReporter -->
<testsuite skipped="0" hostname="Lisandro-Silva.local" name="com.mkyong.busongratis.TestFacturaPagoGratisDetail2" tests="1" failures="0" timestamp="12 Mar 2020 16:24:37 GMT" time="40.012" errors="0">
  <testcase name="basePageNavigation" time="40.012" classname="com.mkyong.busongratis.TestFacturaPagoGratisDetail2"/>
</testsuite> <!-- com.mkyong.busongratis.TestFacturaPagoGratisDetail2 -->
