<?xml version="1.0" encoding="UTF-8"?>
<!-- Generated by org.testng.reporters.JUnitReportReporter -->
<testsuite skipped="0" hostname="Lisandro-Silva.local" name="com.mkyong.busonfiscal.HomePageBusonTest" tests="1" failures="0" timestamp="25 Aug 2020 18:18:53 GMT" time="105.571" errors="0">
  <testcase name="serviciosBuzon" time="105.571" classname="com.mkyong.busonfiscal.HomePageBusonTest"/>
</testsuite> <!-- com.mkyong.busonfiscal.HomePageBusonTest -->
