<?xml version="1.0" encoding="UTF-8"?>
<!-- Generated by org.testng.reporters.JUnitReportReporter -->
<testsuite skipped="0" hostname="Lisandro-Silva.local" name="com.mkyong.busongratis.TestFacturaBasicaGratis2" tests="1" failures="0" timestamp="11 Mar 2020 21:19:36 GMT" time="37.541" errors="0">
  <testcase name="basePageNavigation" time="37.541" classname="com.mkyong.busongratis.TestFacturaBasicaGratis2"/>
</testsuite> <!-- com.mkyong.busongratis.TestFacturaBasicaGratis2 -->
