<?xml version="1.0" encoding="UTF-8"?>
<!-- Generated by org.testng.reporters.JUnitReportReporter -->
<testsuite skipped="0" hostname="Lisandro-Silva.local" name="com.mkyong.busongratis.BusquedaReportesgratisTest1" tests="1" failures="0" timestamp="02 Sep 2020 16:36:25 GMT" time="20.747" errors="0">
  <testcase name="busquedaDeReportesGratis1" time="20.747" classname="com.mkyong.busongratis.BusquedaReportesgratisTest1"/>
</testsuite> <!-- com.mkyong.busongratis.BusquedaReportesgratisTest1 -->
