<?xml version="1.0" encoding="UTF-8"?>
<!-- Generated by org.testng.reporters.JUnitReportReporter -->
<testsuite skipped="0" hostname="Lisandro-Silva.local" name="com.mkyong.busonfiscal.TestBusquedaReportes15" tests="1" failures="0" timestamp="03 Apr 2020 00:20:50 GMT" time="415.903" errors="1">
  <testcase name="basePageNavigation" time="415.903" classname="com.mkyong.busonfiscal.TestBusquedaReportes15">
    <error type="org.openqa.selenium.WebDriverException" message="Reached error page: about:neterror?e=dnsNotFound&amp;u=https%3A//portalqa.diverza.com/multiple%3F_utf8%3D%25E2%259C%2593%26document%255Bconfirm_code%255D%3D%26document%255Bend_date%255D%3D%26document%255Binit_date%255D%3D%26document%255Bpayment_method_id%255D%3D%26document%255Breceipt_folio%255D%3D%26document%255Breceipt_serie%255D%3D%26document%255Breceipt_type%255D%3D%26document%255Bref_id%255D%3D%26document%255Brfc_receiver%255D%3D%26document%255Bstatus%255D%3Dsent%26document%255Btotal_page%255D%3D500%26document%255Buuid%255D%3D%26document%255Bversion%255D%3D%26data%255Baction%255D%3Dsend%26receipts%255B1f48b242-ef4c-4433-8701-b64a9d0686f1%255D%3Don%26receipts%255B06bbb5a4-7ce3-4037-a55d-2fc86eb4adcd%255D%3Don%26receipts%255Bf49ebff5-2f6a-46b9-9685-04e1bfbe8f59%255D%3Don%26receipts%255Bc5bbe0f9-28e5-4f47-bd11-677867b2d1fd%255D%3Don%26receipts%255Bb8d2ac9d-2a8e-4005-92a3-598038c2c4c7%255D%3Don%26receipts%255B51145d51-c275-47c6-934d-1ce78e32fe5c%255D%3Don%26receipts%255Bc2562493-8cc8-4205-bc6a-b475b4625cd1%255D%3Don%26receipts%255B36fe1bc9-a5c8-48ed-986e-3b571cb2f8f6%255D%3Don%26receipts%255Bdccfda77-d36c-4f87-8bca-a8975893741f%255D%3Don%26receipts%255B78d7bd70-1431-4791-a297-32e8df187dd9%255D%3Don%26receipts%255Bc6c0e834-b486-4184-b36e-8e923e390d91%255D%3Don%26receipts%255Bcc69148a-5e7d-4cc0-a531-9d2345ca901c%255D%3Don%26receipts%255B4003a2c7-8b15-40fd-a8ae-a60ca4ea0741%255D%3Don%26receipts%255Bbfcc94ee-bffc-4526-b4d5-cca697e03f3a%255D%3Don%26receipts%255B706b1daa-0130-43ee-96a6-162afacb9a0a%255D%3Don%26receipts%255B371da1c0-dfdc-4000-9e6d-f4143a6bbc1b%255D%3Don%26receipts%255B9d60d4fb-19d4-4bf9-8b5f-2b181b10d546%255D%3Don%26receipts%255B382f499f-7ca0-4381-9a96-a6f06ce43e2b%255D%3Don%26receipts%255B8b1be5b2-5c7b-4ed1-9acb-4c2f681b1112%255D%3Don%26receipts%255B88a5c00f-1ecc-4328-bf3f-7b94aed18998%255D%3Don%26data%255Bemails%255D%255B0%255D%3Dlisandro.silva%2540diverza.com&amp;c=UTF-8&amp;f=regular&amp;d=We%20can%E2%80%99t%20connect%20to%20the%20server%20at%20portalqa.diverza.com.
Build info: version: &#039;3.141.59&#039;, revision: &#039;e82be7d358&#039;, time: &#039;2018-11-14T08:17:03&#039;
System info: host: &#039;Lisandro-Silva.local&#039;, ip: &#039;127.0.0.1&#039;, os.name: &#039;Mac OS X&#039;, os.arch: &#039;x86_64&#039;, os.version: &#039;10.15.2&#039;, java.version: &#039;1.8.0_112&#039;
Driver info: org.openqa.selenium.firefox.FirefoxDriver
Capabilities {acceptInsecureCerts: true, browserName: firefox, browserVersion: 73.0.1, javascriptEnabled: true, moz:accessibilityChecks: false, moz:buildID: 20200217142647, moz:geckodriverVersion: 0.26.0, moz:headless: false, moz:processID: 3624, moz:profile: /var/folders/zd/xs0gg_pd749..., moz:shutdownTimeout: 60000, moz:useNonSpecCompliantPointerOrigin: false, moz:webdriverClick: true, pageLoadStrategy: normal, platform: MAC, platformName: MAC, platformVersion: 19.2.0, rotatable: false, setWindowRect: true, strictFileInteractability: false, timeouts: {implicit: 0, pageLoad: 300000, script: 30000}, unhandledPromptBehavior: dismiss and notify}
Session ID: ab793574-0a95-8742-afcf-02aea47acb66">
      <![CDATA[org.openqa.selenium.WebDriverException: Reached error page: about:neterror?e=dnsNotFound&u=https%3A//portalqa.diverza.com/multiple%3F_utf8%3D%25E2%259C%2593%26document%255Bconfirm_code%255D%3D%26document%255Bend_date%255D%3D%26document%255Binit_date%255D%3D%26document%255Bpayment_method_id%255D%3D%26document%255Breceipt_folio%255D%3D%26document%255Breceipt_serie%255D%3D%26document%255Breceipt_type%255D%3D%26document%255Bref_id%255D%3D%26document%255Brfc_receiver%255D%3D%26document%255Bstatus%255D%3Dsent%26document%255Btotal_page%255D%3D500%26document%255Buuid%255D%3D%26document%255Bversion%255D%3D%26data%255Baction%255D%3Dsend%26receipts%255B1f48b242-ef4c-4433-8701-b64a9d0686f1%255D%3Don%26receipts%255B06bbb5a4-7ce3-4037-a55d-2fc86eb4adcd%255D%3Don%26receipts%255Bf49ebff5-2f6a-46b9-9685-04e1bfbe8f59%255D%3Don%26receipts%255Bc5bbe0f9-28e5-4f47-bd11-677867b2d1fd%255D%3Don%26receipts%255Bb8d2ac9d-2a8e-4005-92a3-598038c2c4c7%255D%3Don%26receipts%255B51145d51-c275-47c6-934d-1ce78e32fe5c%255D%3Don%26receipts%255Bc2562493-8cc8-4205-bc6a-b475b4625cd1%255D%3Don%26receipts%255B36fe1bc9-a5c8-48ed-986e-3b571cb2f8f6%255D%3Don%26receipts%255Bdccfda77-d36c-4f87-8bca-a8975893741f%255D%3Don%26receipts%255B78d7bd70-1431-4791-a297-32e8df187dd9%255D%3Don%26receipts%255Bc6c0e834-b486-4184-b36e-8e923e390d91%255D%3Don%26receipts%255Bcc69148a-5e7d-4cc0-a531-9d2345ca901c%255D%3Don%26receipts%255B4003a2c7-8b15-40fd-a8ae-a60ca4ea0741%255D%3Don%26receipts%255Bbfcc94ee-bffc-4526-b4d5-cca697e03f3a%255D%3Don%26receipts%255B706b1daa-0130-43ee-96a6-162afacb9a0a%255D%3Don%26receipts%255B371da1c0-dfdc-4000-9e6d-f4143a6bbc1b%255D%3Don%26receipts%255B9d60d4fb-19d4-4bf9-8b5f-2b181b10d546%255D%3Don%26receipts%255B382f499f-7ca0-4381-9a96-a6f06ce43e2b%255D%3Don%26receipts%255B8b1be5b2-5c7b-4ed1-9acb-4c2f681b1112%255D%3Don%26receipts%255B88a5c00f-1ecc-4328-bf3f-7b94aed18998%255D%3Don%26data%255Bemails%255D%255B0%255D%3Dlisandro.silva%2540diverza.com&c=UTF-8&f=regular&d=We%20can%E2%80%99t%20connect%20to%20the%20server%20at%20portalqa.diverza.com.
Build info: version: '3.141.59', revision: 'e82be7d358', time: '2018-11-14T08:17:03'
System info: host: 'Lisandro-Silva.local', ip: '127.0.0.1', os.name: 'Mac OS X', os.arch: 'x86_64', os.version: '10.15.2', java.version: '1.8.0_112'
Driver info: org.openqa.selenium.firefox.FirefoxDriver
Capabilities {acceptInsecureCerts: true, browserName: firefox, browserVersion: 73.0.1, javascriptEnabled: true, moz:accessibilityChecks: false, moz:buildID: 20200217142647, moz:geckodriverVersion: 0.26.0, moz:headless: false, moz:processID: 3624, moz:profile: /var/folders/zd/xs0gg_pd749..., moz:shutdownTimeout: 60000, moz:useNonSpecCompliantPointerOrigin: false, moz:webdriverClick: true, pageLoadStrategy: normal, platform: MAC, platformName: MAC, platformVersion: 19.2.0, rotatable: false, setWindowRect: true, strictFileInteractability: false, timeouts: {implicit: 0, pageLoad: 300000, script: 30000}, unhandledPromptBehavior: dismiss and notify}
Session ID: ab793574-0a95-8742-afcf-02aea47acb66
at sun.reflect.NativeConstructorAccessorImpl.newInstance0(Native Method)
at sun.reflect.NativeConstructorAccessorImpl.newInstance(NativeConstructorAccessorImpl.java:62)
at sun.reflect.DelegatingConstructorAccessorImpl.newInstance(DelegatingConstructorAccessorImpl.java:45)
at java.lang.reflect.Constructor.newInstance(Constructor.java:423)
at org.openqa.selenium.remote.http.W3CHttpResponseCodec.createException(W3CHttpResponseCodec.java:187)
at org.openqa.selenium.remote.http.W3CHttpResponseCodec.decode(W3CHttpResponseCodec.java:122)
at org.openqa.selenium.remote.http.W3CHttpResponseCodec.decode(W3CHttpResponseCodec.java:49)
at org.openqa.selenium.remote.HttpCommandExecutor.execute(HttpCommandExecutor.java:158)
at org.openqa.selenium.remote.service.DriverCommandExecutor.execute(DriverCommandExecutor.java:83)
at org.openqa.selenium.remote.RemoteWebDriver.execute(RemoteWebDriver.java:552)
at org.openqa.selenium.remote.RemoteWebElement.execute(RemoteWebElement.java:285)
at org.openqa.selenium.remote.RemoteWebElement.click(RemoteWebElement.java:84)
at com.mkyong.busonfiscal.TestBusquedaReportes15.basePageNavigation(TestBusquedaReportes15.java:64)
at sun.reflect.NativeMethodAccessorImpl.invoke0(Native Method)
at sun.reflect.NativeMethodAccessorImpl.invoke(NativeMethodAccessorImpl.java:62)
at sun.reflect.DelegatingMethodAccessorImpl.invoke(DelegatingMethodAccessorImpl.java:43)
at java.lang.reflect.Method.invoke(Method.java:498)
at org.testng.internal.MethodInvocationHelper.invokeMethod(MethodInvocationHelper.java:124)
at org.testng.internal.Invoker.invokeMethod(Invoker.java:583)
at org.testng.internal.Invoker.invokeTestMethod(Invoker.java:719)
at org.testng.internal.Invoker.invokeTestMethods(Invoker.java:989)
at org.testng.internal.TestMethodWorker.invokeTestMethods(TestMethodWorker.java:125)
at org.testng.internal.TestMethodWorker.run(TestMethodWorker.java:109)
at org.testng.TestRunner.privateRun(TestRunner.java:648)
at org.testng.TestRunner.run(TestRunner.java:505)
at org.testng.SuiteRunner.runTest(SuiteRunner.java:455)
at org.testng.SuiteRunner.runSequentially(SuiteRunner.java:450)
at org.testng.SuiteRunner.privateRun(SuiteRunner.java:415)
at org.testng.SuiteRunner.run(SuiteRunner.java:364)
at org.testng.SuiteRunnerWorker.runSuite(SuiteRunnerWorker.java:52)
at org.testng.SuiteRunnerWorker.run(SuiteRunnerWorker.java:84)
at org.testng.TestNG.runSuitesSequentially(TestNG.java:1208)
at org.testng.TestNG.runSuitesLocally(TestNG.java:1137)
at org.testng.TestNG.runSuites(TestNG.java:1049)
at org.testng.TestNG.run(TestNG.java:1017)
at org.testng.remote.AbstractRemoteTestNG.run(AbstractRemoteTestNG.java:115)
at org.testng.remote.RemoteTestNG.initAndRun(RemoteTestNG.java:251)
at org.testng.remote.RemoteTestNG.main(RemoteTestNG.java:77)
]]>
    </error>
  </testcase> <!-- basePageNavigation -->
</testsuite> <!-- com.mkyong.busonfiscal.TestBusquedaReportes15 -->
