<?xml version="1.0" encoding="UTF-8"?>
<!-- Generated by org.testng.reporters.JUnitReportReporter -->
<testsuite skipped="0" hostname="Lisandro-Silva.local" name="com.mkyong.busongratis.TestNotaDeCreditoGratis" tests="1" failures="0" timestamp="02 Apr 2020 22:48:31 GMT" time="32.434" errors="0">
  <testcase name="basePageNavigation" time="32.434" classname="com.mkyong.busongratis.TestNotaDeCreditoGratis"/>
</testsuite> <!-- com.mkyong.busongratis.TestNotaDeCreditoGratis -->
