<?xml version="1.0" encoding="UTF-8"?>
<!-- Generated by org.testng.reporters.JUnitReportReporter -->
<testsuite skipped="0" hostname="Lisandro-Silva.local" name="com.mkyong.impression.fiscal.ImpresionIETFiscal10" tests="1" failures="0" timestamp="27 Mar 2020 19:08:55 GMT" time="46.979" errors="0">
  <testcase name="basePageNavigation" time="46.979" classname="com.mkyong.impression.fiscal.ImpresionIETFiscal10"/>
</testsuite> <!-- com.mkyong.impression.fiscal.ImpresionIETFiscal10 -->
