<?xml version="1.0" encoding="UTF-8"?>
<!-- Generated by org.testng.reporters.JUnitReportReporter -->
<testsuite skipped="0" hostname="Lisandro-Silva.local" name="com.mkyong.impression.fiscal.ImpresionIETFiscal8" tests="1" failures="0" timestamp="27 Mar 2020 18:55:46 GMT" time="44.861" errors="0">
  <testcase name="basePageNavigation" time="44.861" classname="com.mkyong.impression.fiscal.ImpresionIETFiscal8"/>
</testsuite> <!-- com.mkyong.impression.fiscal.ImpresionIETFiscal8 -->
