<?xml version="1.0" encoding="UTF-8"?>
<!-- Generated by org.testng.reporters.JUnitReportReporter -->
<testsuite skipped="0" hostname="Lisandro-Silva.local" name="com.mkyong.busonfiscal.TestServiciosParcealesDeContruccion" tests="1" failures="0" timestamp="03 Apr 2020 00:20:51 GMT" time="36.605" errors="0">
  <testcase name="basePageNavigation" time="36.605" classname="com.mkyong.busonfiscal.TestServiciosParcealesDeContruccion"/>
</testsuite> <!-- com.mkyong.busonfiscal.TestServiciosParcealesDeContruccion -->
