<?xml version="1.0" encoding="UTF-8"?>
<!-- Generated by org.testng.reporters.JUnitReportReporter -->
<testsuite skipped="0" hostname="Lisandro-Silva.local" name="com.mkyong.busonfiscal.TestBusquedaReportes20" tests="1" failures="0" timestamp="09 Mar 2020 16:53:53 GMT" time="37.897" errors="0">
  <testcase name="basePageNavigation" time="37.897" classname="com.mkyong.busonfiscal.TestBusquedaReportes20"/>
</testsuite> <!-- com.mkyong.busonfiscal.TestBusquedaReportes20 -->
