<?xml version="1.0" encoding="UTF-8"?>
<!-- Generated by org.testng.reporters.JUnitReportReporter -->
<testsuite skipped="0" hostname="Lisandro-Silva.local" name="com.mkyong.busonfiscal.TestFacturaBasicaCodig" tests="1" failures="0" timestamp="25 Mar 2020 23:08:05 GMT" time="37.683" errors="0">
  <testcase name="basePageNavigation" time="37.683" classname="com.mkyong.busonfiscal.TestFacturaBasicaCodig"/>
</testsuite> <!-- com.mkyong.busonfiscal.TestFacturaBasicaCodig -->
