<?xml version="1.0" encoding="UTF-8"?>
<!-- Generated by org.testng.reporters.JUnitReportReporter -->
<testsuite skipped="0" hostname="Lisandro-Silva.local" name="com.mkyong.buson.jes.TestServiciosParcealesDeContruccionJes" tests="1" failures="0" timestamp="09 Mar 2020 15:31:43 GMT" time="34.963" errors="0">
  <testcase name="basePageNavigation" time="34.963" classname="com.mkyong.buson.jes.TestServiciosParcealesDeContruccionJes"/>
</testsuite> <!-- com.mkyong.buson.jes.TestServiciosParcealesDeContruccionJes -->
