<?xml version="1.0" encoding="UTF-8"?>
<!-- Generated by org.testng.reporters.JUnitReportReporter -->
<testsuite skipped="0" hostname="Lisandro-Silva.local" name="com.mkyong.impression.fiscal.ImpresionIETFiscal6" tests="1" failures="0" timestamp="27 Mar 2020 18:44:07 GMT" time="43.981" errors="0">
  <testcase name="basePageNavigation" time="43.981" classname="com.mkyong.impression.fiscal.ImpresionIETFiscal6"/>
</testsuite> <!-- com.mkyong.impression.fiscal.ImpresionIETFiscal6 -->
