<?xml version="1.0" encoding="UTF-8"?>
<!-- Generated by org.testng.reporters.JUnitReportReporter -->
<testsuite skipped="0" hostname="Lisandro-Silva.local" name="com.mkyong.impression.fiscal.ImpresionIETFiscal12" tests="1" failures="0" timestamp="27 Mar 2020 19:17:29 GMT" time="49.514" errors="0">
  <testcase name="basePageNavigation" time="49.514" classname="com.mkyong.impression.fiscal.ImpresionIETFiscal12"/>
</testsuite> <!-- com.mkyong.impression.fiscal.ImpresionIETFiscal12 -->
