<?xml version="1.0" encoding="UTF-8"?>
<!-- Generated by org.testng.reporters.JUnitReportReporter -->
<testsuite skipped="0" hostname="Lisandro-Silva.local" name="com.mkyong.busongratis.TestFacturaBasicaGratisDetail2" tests="1" failures="0" timestamp="11 Mar 2020 21:47:56 GMT" time="87.482" errors="0">
  <testcase name="basePageNavigation" time="87.482" classname="com.mkyong.busongratis.TestFacturaBasicaGratisDetail2"/>
</testsuite> <!-- com.mkyong.busongratis.TestFacturaBasicaGratisDetail2 -->
