<?xml version="1.0" encoding="UTF-8"?>
<!-- Generated by org.testng.reporters.JUnitReportReporter -->
<testsuite skipped="0" hostname="Lisandro-Silva.local" name="com.mkyong.busongratis.TestFacturaCartaPorteGratisComImpuesto2" tests="1" failures="0" timestamp="11 Mar 2020 22:30:18 GMT" time="52.694" errors="0">
  <testcase name="basePageNavigation" time="52.694" classname="com.mkyong.busongratis.TestFacturaCartaPorteGratisComImpuesto2"/>
</testsuite> <!-- com.mkyong.busongratis.TestFacturaCartaPorteGratisComImpuesto2 -->
