<?xml version="1.0" encoding="UTF-8"?>
<!-- Generated by org.testng.reporters.JUnitReportReporter -->
<testsuite skipped="0" hostname="Lisandro-Silva.local" name="com.mkyong.busonfiscal.TestBusquedaReportes24" tests="1" failures="0" timestamp="09 Mar 2020 17:16:00 GMT" time="35.812" errors="0">
  <testcase name="basePageNavigation" time="35.812" classname="com.mkyong.busonfiscal.TestBusquedaReportes24"/>
</testsuite> <!-- com.mkyong.busonfiscal.TestBusquedaReportes24 -->
