<?xml version="1.0" encoding="UTF-8"?>
<!-- Generated by org.testng.reporters.JUnitReportReporter -->
<testsuite skipped="0" hostname="Lisandro-Silva.local" name="com.mkyong.busonfiscal.TestBusquedaReportes17" tests="1" failures="0" timestamp="09 Mar 2020 16:21:54 GMT" time="34.100" errors="0">
  <testcase name="basePageNavigation" time="34.100" classname="com.mkyong.busonfiscal.TestBusquedaReportes17"/>
</testsuite> <!-- com.mkyong.busonfiscal.TestBusquedaReportes17 -->
