<?xml version="1.0" encoding="UTF-8"?>
<!-- Generated by org.testng.reporters.JUnitReportReporter -->
<testsuite skipped="0" hostname="Lisandro-Silva.local" name="com.mkyong.busongratis.TestFacturaPagoGratis2" tests="1" failures="0" timestamp="11 Mar 2020 23:07:21 GMT" time="36.531" errors="0">
  <testcase name="basePageNavigation" time="36.531" classname="com.mkyong.busongratis.TestFacturaPagoGratis2"/>
</testsuite> <!-- com.mkyong.busongratis.TestFacturaPagoGratis2 -->
