<?xml version="1.0" encoding="UTF-8"?>
<!-- Generated by org.testng.reporters.JUnitReportReporter -->
<testsuite skipped="0" hostname="Lisandro-Silva.local" name="com.mkyong.busonfiscal.TestBusquedaReportes22" tests="1" failures="0" timestamp="09 Mar 2020 16:59:01 GMT" time="38.800" errors="0">
  <testcase name="basePageNavigation" time="38.800" classname="com.mkyong.busonfiscal.TestBusquedaReportes22"/>
</testsuite> <!-- com.mkyong.busonfiscal.TestBusquedaReportes22 -->
