<?xml version="1.0" encoding="UTF-8"?>
<!-- Generated by org.testng.reporters.JUnitReportReporter -->
<testsuite skipped="0" hostname="Lisandro-Silva.local" name="com.mkyong.busonfiscal.TestEmail" tests="1" failures="0" timestamp="03 Apr 2020 00:20:50 GMT" time="0.892" errors="0">
  <testcase name="basePageNavigation" time="0.892" classname="com.mkyong.busonfiscal.TestEmail"/>
</testsuite> <!-- com.mkyong.busonfiscal.TestEmail -->
