<?xml version="1.0" encoding="UTF-8"?>
<!-- Generated by org.testng.reporters.JUnitReportReporter -->
<testsuite skipped="0" hostname="Lisandro-Silva.local" name="com.mkyong.busonfiscal.detail.TestNotariosPublicosDetail" tests="1" failures="0" timestamp="15 Apr 2020 17:22:53 GMT" time="87.527" errors="0">
  <testcase name="basePageNavigation" time="87.527" classname="com.mkyong.busonfiscal.detail.TestNotariosPublicosDetail"/>
</testsuite> <!-- com.mkyong.busonfiscal.detail.TestNotariosPublicosDetail -->
