<?xml version="1.0" encoding="UTF-8"?>
<!-- Generated by org.testng.reporters.JUnitReportReporter -->
<testsuite skipped="0" hostname="Lisandro-Silva.local" name="com.mkyong.busonfiscal.TestBusquedaReportes6" tests="1" failures="0" timestamp="03 Apr 2020 00:20:50 GMT" time="28.207" errors="0">
  <testcase name="basePageNavigation" time="28.207" classname="com.mkyong.busonfiscal.TestBusquedaReportes6"/>
</testsuite> <!-- com.mkyong.busonfiscal.TestBusquedaReportes6 -->
