<?xml version="1.0" encoding="UTF-8"?>
<!-- Generated by org.testng.reporters.JUnitReportReporter -->
<testsuite skipped="0" hostname="Lisandro-Silva.local" name="com.mkyong.busonfiscal.TestEmailPasswordCorrect2" tests="1" failures="0" timestamp="23 Mar 2020 15:42:40 GMT" time="24.512" errors="0">
  <testcase name="basePageNavigation" time="24.512" classname="com.mkyong.busonfiscal.TestEmailPasswordCorrect2"/>
</testsuite> <!-- com.mkyong.busonfiscal.TestEmailPasswordCorrect2 -->
