<?xml version="1.0" encoding="UTF-8"?>
<!-- Generated by org.testng.reporters.JUnitReportReporter -->
<testsuite skipped="0" hostname="Lisandro-Silva.local" name="com.mkyong.busongratis.TestNotaDeCreditoGratis2" tests="1" failures="0" timestamp="12 Mar 2020 16:38:21 GMT" time="37.247" errors="0">
  <testcase name="basePageNavigation" time="37.247" classname="com.mkyong.busongratis.TestNotaDeCreditoGratis2"/>
</testsuite> <!-- com.mkyong.busongratis.TestNotaDeCreditoGratis2 -->
