<?xml version="1.0" encoding="UTF-8"?>
<!-- Generated by org.testng.reporters.JUnitReportReporter -->
<testsuite skipped="0" hostname="Lisandro-Silva.local" name="com.mkyong.busongratis.TestNotaDeCreditoGratisDetail2" tests="1" failures="0" timestamp="12 Mar 2020 16:46:10 GMT" time="77.883" errors="0">
  <testcase name="basePageNavigation" time="77.883" classname="com.mkyong.busongratis.TestNotaDeCreditoGratisDetail2"/>
</testsuite> <!-- com.mkyong.busongratis.TestNotaDeCreditoGratisDetail2 -->
