<?xml version="1.0" encoding="UTF-8"?>
<!-- Generated by org.testng.reporters.JUnitReportReporter -->
<testsuite skipped="0" hostname="Lisandro-Silva.local" name="com.mkyong.impression.fiscal.ImpresionIETFiscal7" tests="1" failures="0" timestamp="27 Mar 2020 18:51:26 GMT" time="43.209" errors="0">
  <testcase name="basePageNavigation" time="43.209" classname="com.mkyong.impression.fiscal.ImpresionIETFiscal7"/>
</testsuite> <!-- com.mkyong.impression.fiscal.ImpresionIETFiscal7 -->
