<?xml version="1.0" encoding="UTF-8"?>
<!-- Generated by org.testng.reporters.JUnitReportReporter -->
<testsuite skipped="0" hostname="Lisandro-Silva.local" name="com.mkyong.busonfiscal.TestReportesEmitidos4" tests="1" failures="0" timestamp="03 Apr 2020 00:20:50 GMT" time="25.445" errors="0">
  <testcase name="basePageNavigation" time="25.445" classname="com.mkyong.busonfiscal.TestReportesEmitidos4"/>
</testsuite> <!-- com.mkyong.busonfiscal.TestReportesEmitidos4 -->
