<?xml version="1.0" encoding="UTF-8"?>
<!-- Generated by org.testng.reporters.JUnitReportReporter -->
<testsuite skipped="0" hostname="Lisandro-Silva.local" name="com.mkyong.busongratis.TestFacturaCartaPorteGratis2" tests="1" failures="0" timestamp="11 Mar 2020 22:19:57 GMT" time="26.508" errors="0">
  <testcase name="basePageNavigation" time="26.508" classname="com.mkyong.busongratis.TestFacturaCartaPorteGratis2"/>
</testsuite> <!-- com.mkyong.busongratis.TestFacturaCartaPorteGratis2 -->
