<?xml version="1.0" encoding="UTF-8"?>
<!-- Generated by org.testng.reporters.JUnitReportReporter -->
<testsuite skipped="0" hostname="Lisandro-Silva.local" name="com.mkyong.nomina.NominaFiscal" tests="1" failures="0" timestamp="23 Mar 2020 17:25:18 GMT" time="65.530" errors="0">
  <testcase name="basePageNavigation" time="65.530" classname="com.mkyong.nomina.NominaFiscal"/>
</testsuite> <!-- com.mkyong.nomina.NominaFiscal -->
