<?xml version="1.0" encoding="UTF-8"?>
<!-- Generated by org.testng.reporters.JUnitReportReporter -->
<testsuite skipped="0" hostname="Lisandro-Silva.local" name="com.mkyong.impression.fiscal.ImpresionPagoFiscal" tests="1" failures="0" timestamp="25 Mar 2020 22:04:33 GMT" time="44.382" errors="0">
  <testcase name="basePageNavigation" time="44.382" classname="com.mkyong.impression.fiscal.ImpresionPagoFiscal"/>
</testsuite> <!-- com.mkyong.impression.fiscal.ImpresionPagoFiscal -->
