<?xml version="1.0" encoding="UTF-8"?>
<!-- Generated by org.testng.reporters.JUnitReportReporter -->
<testsuite skipped="0" hostname="Lisandro-Silva.local" name="com.mkyong.buson.jes.TestFacturaBasicaJes" tests="1" failures="0" timestamp="03 Apr 2020 20:05:57 GMT" time="33.304" errors="0">
  <testcase name="basePageNavigation" time="33.304" classname="com.mkyong.buson.jes.TestFacturaBasicaJes"/>
</testsuite> <!-- com.mkyong.buson.jes.TestFacturaBasicaJes -->
