<?xml version="1.0" encoding="UTF-8"?>
<!-- Generated by org.testng.reporters.JUnitReportReporter -->
<testsuite skipped="0" hostname="Lisandro-Silva.local" name="com.mkyong.busongratis.TestBusquedaReportesgratuito2" tests="1" failures="0" timestamp="02 Apr 2020 22:48:31 GMT" time="14.041" errors="0">
  <testcase name="basePageNavigation" time="14.041" classname="com.mkyong.busongratis.TestBusquedaReportesgratuito2"/>
</testsuite> <!-- com.mkyong.busongratis.TestBusquedaReportesgratuito2 -->
