<?xml version="1.0" encoding="UTF-8"?>
<!-- Generated by org.testng.reporters.JUnitReportReporter -->
<testsuite skipped="0" hostname="Lisandro-Silva.local" name="com.mkyong.buson.jes.TestDonativosJes" tests="1" failures="0" timestamp="09 Mar 2020 15:31:43 GMT" time="30.671" errors="0">
  <testcase name="basePageNavigation" time="30.671" classname="com.mkyong.buson.jes.TestDonativosJes"/>
</testsuite> <!-- com.mkyong.buson.jes.TestDonativosJes -->
