<?xml version="1.0" encoding="UTF-8"?>
<!-- Generated by org.testng.reporters.JUnitReportReporter -->
<testsuite skipped="0" hostname="Lisandro-Silva.local" name="com.mkyong.busonfiscal.TestBusquedaReportes19" tests="1" failures="0" timestamp="09 Mar 2020 16:49:53 GMT" time="37.893" errors="0">
  <testcase name="basePageNavigation" time="37.893" classname="com.mkyong.busonfiscal.TestBusquedaReportes19"/>
</testsuite> <!-- com.mkyong.busonfiscal.TestBusquedaReportes19 -->
