<?xml version="1.0" encoding="UTF-8"?>
<!-- Generated by org.testng.reporters.JUnitReportReporter -->
<testsuite skipped="0" hostname="Lisandro-Silva.local" name="com.mkyong.busonfiscal.TestFacturaAdendaMultiAssistencia" tests="1" failures="0" timestamp="03 Apr 2020 00:20:51 GMT" time="44.073" errors="0">
  <testcase name="basePageNavigation" time="44.073" classname="com.mkyong.busonfiscal.TestFacturaAdendaMultiAssistencia"/>
</testsuite> <!-- com.mkyong.busonfiscal.TestFacturaAdendaMultiAssistencia -->
