<?xml version="1.0" encoding="UTF-8"?>
<!-- Generated by org.testng.reporters.JUnitReportReporter -->
<testsuite skipped="0" hostname="Lisandro-Silva.local" name="com.mkyong.busongratis.TestReportesEmitidosgratuito5" tests="1" failures="0" timestamp="11 Mar 2020 17:30:57 GMT" time="11.214" errors="0">
  <testcase name="basePageNavigation" time="11.214" classname="com.mkyong.busongratis.TestReportesEmitidosgratuito5"/>
</testsuite> <!-- com.mkyong.busongratis.TestReportesEmitidosgratuito5 -->
