<?xml version="1.0" encoding="UTF-8"?>
<!-- Generated by org.testng.reporters.JUnitReportReporter -->
<testsuite skipped="0" hostname="Lisandro-Silva.local" name="com.mkyong.busongratis.TestReportesEmitidosgratuito4" tests="1" failures="0" timestamp="11 Mar 2020 17:28:20 GMT" time="14.966" errors="0">
  <testcase name="basePageNavigation" time="14.966" classname="com.mkyong.busongratis.TestReportesEmitidosgratuito4"/>
</testsuite> <!-- com.mkyong.busongratis.TestReportesEmitidosgratuito4 -->
