<?xml version="1.0" encoding="UTF-8"?>
<!-- Generated by org.testng.reporters.JUnitReportReporter -->
<testsuite skipped="0" hostname="Lisandro-Silva.local" name="com.mkyong.impression.fiscal.ImpresionFiscal" tests="1" failures="0" timestamp="25 Mar 2020 23:14:04 GMT" time="34.241" errors="0">
  <testcase name="basePageNavigation" time="34.241" classname="com.mkyong.impression.fiscal.ImpresionFiscal"/>
</testsuite> <!-- com.mkyong.impression.fiscal.ImpresionFiscal -->
