<?xml version="1.0" encoding="UTF-8"?>
<!-- Generated by org.testng.reporters.JUnitReportReporter -->
<testsuite skipped="0" hostname="Lisandro-Silva.local" name="com.mkyong.impression.fiscal.ImpresionIETFiscal3" tests="1" failures="0" timestamp="27 Mar 2020 18:28:03 GMT" time="46.614" errors="0">
  <testcase name="basePageNavigation" time="46.614" classname="com.mkyong.impression.fiscal.ImpresionIETFiscal3"/>
</testsuite> <!-- com.mkyong.impression.fiscal.ImpresionIETFiscal3 -->
