<?xml version="1.0" encoding="UTF-8"?>
<!-- Generated by org.testng.reporters.JUnitReportReporter -->
<testsuite skipped="0" hostname="Lisandro-Silva.local" name="com.mkyong.impression.fiscal.ImpresionNominaFiscal" tests="1" failures="0" timestamp="25 Mar 2020 21:52:29 GMT" time="36.715" errors="0">
  <testcase name="basePageNavigation" time="36.715" classname="com.mkyong.impression.fiscal.ImpresionNominaFiscal"/>
</testsuite> <!-- com.mkyong.impression.fiscal.ImpresionNominaFiscal -->
