<?xml version="1.0" encoding="UTF-8"?>
<!-- Generated by org.testng.reporters.JUnitReportReporter -->
<testsuite skipped="0" hostname="Lisandro-Silva.local" name="com.mkyong.busongratis.TestBusquedaReportesgratis2" tests="1" failures="0" timestamp="02 Apr 2020 22:48:31 GMT" time="13.307" errors="0">
  <testcase name="basePageNavigation" time="13.307" classname="com.mkyong.busongratis.TestBusquedaReportesgratis2"/>
</testsuite> <!-- com.mkyong.busongratis.TestBusquedaReportesgratis2 -->
