<?xml version="1.0" encoding="UTF-8"?>
<!-- Generated by org.testng.reporters.JUnitReportReporter -->
<testsuite skipped="0" hostname="Lisandro-Silva.local" name="com.mkyong.busongratis.FacturaBasicaGratisDetailTest2" tests="1" failures="0" timestamp="02 Sep 2020 16:47:36 GMT" time="86.113" errors="0">
  <testcase name="facturaBasicaGratisdetail2" time="86.113" classname="com.mkyong.busongratis.FacturaBasicaGratisDetailTest2"/>
</testsuite> <!-- com.mkyong.busongratis.FacturaBasicaGratisDetailTest2 -->
