<?xml version="1.0" encoding="UTF-8"?>
<!-- Generated by org.testng.reporters.JUnitReportReporter -->
<testsuite skipped="0" hostname="Lisandro-Silva.local" name="com.mkyong.nomina.NominaFiscalRobot" tests="1" failures="0" timestamp="23 Mar 2020 15:01:09 GMT" time="97.066" errors="0">
  <testcase name="basePageNavigation" time="97.066" classname="com.mkyong.nomina.NominaFiscalRobot"/>
</testsuite> <!-- com.mkyong.nomina.NominaFiscalRobot -->
