<?xml version="1.0" encoding="UTF-8"?>
<!-- Generated by org.testng.reporters.JUnitReportReporter -->
<testsuite hostname="Lisandro-Silva.local" name="com.mkyong.busonfiscal.TestBusquedaReportes" tests="1" failures="0" timestamp="15 May 2020 20:23:43 GMT" time="41.855" errors="0">
  <testcase name="basePageNavigation" time="41.855" classname="com.mkyong.busonfiscal.TestBusquedaReportes"/>
</testsuite> <!-- com.mkyong.busonfiscal.TestBusquedaReportes -->
