<?xml version="1.0" encoding="UTF-8"?>
<!-- Generated by org.testng.reporters.JUnitReportReporter -->
<testsuite skipped="1" hostname="Lisandro-Silva.local" name="com.mkyong.buson.jes.FacturaDetallistaJesTest" tests="1" failures="0" timestamp="22 Sep 2020 17:20:44 GMT" time="0.000" errors="0">
  <testcase name="facturaDetallista" time="0.000" classname="com.mkyong.buson.jes.FacturaDetallistaJesTest">
    <skipped/>
  </testcase> <!-- facturaDetallista -->
</testsuite> <!-- com.mkyong.buson.jes.FacturaDetallistaJesTest -->
