<?xml version="1.0" encoding="UTF-8"?>
<!-- Generated by org.testng.reporters.JUnitReportReporter -->
<testsuite skipped="0" hostname="Lisandro-Silva.local" name="com.mkyong.buson.jes.InstituicionesEducativasJesTest" tests="1" failures="0" timestamp="02 Sep 2020 14:46:50 GMT" time="16.674" errors="0">
  <testcase name="instituicionesEducativasJes" time="16.674" classname="com.mkyong.buson.jes.InstituicionesEducativasJesTest"/>
</testsuite> <!-- com.mkyong.buson.jes.InstituicionesEducativasJesTest -->
