<?xml version="1.0" encoding="UTF-8"?>
<!-- Generated by org.testng.reporters.JUnitReportReporter -->
<testsuite skipped="0" hostname="Lisandro-Silva.local" name="com.mkyong.busonfiscal.BusquedaReportesTest15" tests="1" failures="0" timestamp="28 Aug 2020 18:56:05 GMT" time="43.454" errors="0">
  <testcase name="busquedaDeReportes15" time="43.454" classname="com.mkyong.busonfiscal.BusquedaReportesTest15"/>
</testsuite> <!-- com.mkyong.busonfiscal.BusquedaReportesTest15 -->
