<?xml version="1.0" encoding="UTF-8"?>
<!-- Generated by org.testng.reporters.JUnitReportReporter -->
<testsuite skipped="0" hostname="Lisandro-Silva.local" name="com.mkyong.busonfiscal.ReportesEmitidosTest3" tests="1" failures="0" timestamp="02 Sep 2020 14:46:50 GMT" time="39.548" errors="0">
  <testcase name="reportesEmitidos3" time="39.548" classname="com.mkyong.busonfiscal.ReportesEmitidosTest3"/>
</testsuite> <!-- com.mkyong.busonfiscal.ReportesEmitidosTest3 -->
