<?xml version="1.0" encoding="UTF-8"?>
<!-- Generated by org.testng.reporters.JUnitReportReporter -->
<testsuite skipped="0" hostname="Lisandro-Silva.local" name="com.mkyong.busonfiscal.LeyendasFiscalesTest" tests="1" failures="0" timestamp="28 Aug 2020 18:56:05 GMT" time="12.968" errors="0">
  <testcase name="leyendas1" time="12.968" classname="com.mkyong.busonfiscal.LeyendasFiscalesTest"/>
</testsuite> <!-- com.mkyong.busonfiscal.LeyendasFiscalesTest -->
