<?xml version="1.0" encoding="UTF-8"?>
<!-- Generated by org.testng.reporters.JUnitReportReporter -->
<testsuite skipped="0" hostname="Lisandro-Silva.local" name="com.mkyong.buson.jes.PagoEnEspeciesJesTest" tests="1" failures="0" timestamp="28 Aug 2020 18:56:05 GMT" time="16.307" errors="0">
  <testcase name="pagoEnEspeciesJes" time="16.307" classname="com.mkyong.buson.jes.PagoEnEspeciesJesTest"/>
</testsuite> <!-- com.mkyong.buson.jes.PagoEnEspeciesJesTest -->
