<?xml version="1.0" encoding="UTF-8"?>
<!-- Generated by org.testng.reporters.JUnitReportReporter -->
<testsuite skipped="1" hostname="Lisandro-Silva.local" name="CucumberOptions.TestRunner" tests="1" failures="0" timestamp="22 Sep 2020 17:20:44 GMT" time="0.000" errors="0">
  <testcase name="feature" time="0.000" classname="CucumberOptions.TestRunner">
    <skipped/>
  </testcase> <!-- feature -->
</testsuite> <!-- CucumberOptions.TestRunner -->
