<?xml version="1.0" encoding="UTF-8"?>
<!-- Generated by org.testng.reporters.JUnitReportReporter -->
<testsuite skipped="0" hostname="Lisandro-Silva.local" name="com.mkyong.busonfiscal.detail.FacturaPagoDetailTest2" tests="1" failures="0" timestamp="25 Aug 2020 13:27:33 GMT" time="29.756" errors="0">
  <testcase name="facturaDetallistaDetail2" time="29.756" classname="com.mkyong.busonfiscal.detail.FacturaPagoDetailTest2"/>
</testsuite> <!-- com.mkyong.busonfiscal.detail.FacturaPagoDetailTest2 -->
