<?xml version="1.0" encoding="UTF-8"?>
<!-- Generated by org.testng.reporters.JUnitReportReporter -->
<testsuite skipped="0" hostname="Lisandro-Silva.local" name="com.mkyong.busonfiscal.TuristaPasajeroExtranjeroTest" tests="1" failures="0" timestamp="25 Aug 2020 13:27:33 GMT" time="17.231" errors="0">
  <testcase name="turistaPassajeroExtranjero" time="17.231" classname="com.mkyong.busonfiscal.TuristaPasajeroExtranjeroTest"/>
</testsuite> <!-- com.mkyong.busonfiscal.TuristaPasajeroExtranjeroTest -->
