<?xml version="1.0" encoding="UTF-8"?>
<!-- Generated by org.testng.reporters.JUnitReportReporter -->
<testsuite skipped="0" hostname="Lisandro-Silva.local" name="com.mkyong.busonfiscal.NotaDeCreditoTest" tests="1" failures="0" timestamp="25 Aug 2020 13:27:33 GMT" time="12.893" errors="0">
  <testcase name="notaDeCredito" time="12.893" classname="com.mkyong.busonfiscal.NotaDeCreditoTest"/>
</testsuite> <!-- com.mkyong.busonfiscal.NotaDeCreditoTest -->
