<?xml version="1.0" encoding="UTF-8"?>
<!-- Generated by org.testng.reporters.JUnitReportReporter -->
<testsuite skipped="0" hostname="Lisandro-Silva.local" name="com.mkyong.busongratis.FacturaCartaPorteGratisTest2" tests="1" failures="0" timestamp="08 Sep 2020 11:21:03 GMT" time="15.775" errors="0">
  <testcase name="cartaPorteGratisSimpl2" time="15.775" classname="com.mkyong.busongratis.FacturaCartaPorteGratisTest2"/>
</testsuite> <!-- com.mkyong.busongratis.FacturaCartaPorteGratisTest2 -->
