<?xml version="1.0" encoding="UTF-8"?>
<!-- Generated by org.testng.reporters.JUnitReportReporter -->
<testsuite skipped="0" hostname="Lisandro-Silva.local" name="com.mkyong.busonfiscal.PersonasFisicasIntegranteDeCoordinacionTest" tests="1" failures="0" timestamp="28 Aug 2020 18:56:05 GMT" time="14.416" errors="0">
  <testcase name="personasFisicas1" time="14.416" classname="com.mkyong.busonfiscal.PersonasFisicasIntegranteDeCoordinacionTest"/>
</testsuite> <!-- com.mkyong.busonfiscal.PersonasFisicasIntegranteDeCoordinacionTest -->
