<?xml version="1.0" encoding="UTF-8"?>
<!-- Generated by org.testng.reporters.JUnitReportReporter -->
<testsuite skipped="0" hostname="Lisandro-Silva.local" name="com.mkyong.busongratis.FacturaPagoGratisTest2" tests="1" failures="0" timestamp="26 Aug 2020 14:05:38 GMT" time="19.196" errors="0">
  <testcase name="pagoGratis2" time="19.196" classname="com.mkyong.busongratis.FacturaPagoGratisTest2"/>
</testsuite> <!-- com.mkyong.busongratis.FacturaPagoGratisTest2 -->
