<?xml version="1.0" encoding="UTF-8"?>
<!-- Generated by org.testng.reporters.JUnitReportReporter -->
<testsuite skipped="1" hostname="Lisandro-Silva.local" name="com.mkyong.hashing.TestCertificados" tests="1" failures="0" timestamp="22 Sep 2020 17:20:44 GMT" time="0.000" errors="0">
  <testcase name="Detalle" time="0.000" classname="com.mkyong.hashing.TestCertificados">
    <skipped/>
  </testcase> <!-- Detalle -->
</testsuite> <!-- com.mkyong.hashing.TestCertificados -->
