<?xml version="1.0" encoding="UTF-8"?>
<!-- Generated by org.testng.reporters.JUnitReportReporter -->
<testsuite skipped="0" hostname="Lisandro-Silva.local" name="com.mkyong.conciliacion.conector.ConciliacionTest11" tests="1" failures="0" timestamp="25 Aug 2020 13:27:33 GMT" time="37.677" errors="0">
  <testcase name="conciliacionFiscal1" time="37.677" classname="com.mkyong.conciliacion.conector.ConciliacionTest11"/>
</testsuite> <!-- com.mkyong.conciliacion.conector.ConciliacionTest11 -->
