<?xml version="1.0" encoding="UTF-8"?>
<!-- Generated by org.testng.reporters.JUnitReportReporter -->
<testsuite skipped="0" hostname="Lisandro-Silva.local" name="com.mkyong.busonfiscal.NotariosPublicosTest" tests="1" failures="0" timestamp="25 Aug 2020 13:27:33 GMT" time="23.316" errors="0">
  <testcase name="notariosPublicos1" time="23.316" classname="com.mkyong.busonfiscal.NotariosPublicosTest"/>
</testsuite> <!-- com.mkyong.busonfiscal.NotariosPublicosTest -->
