<?xml version="1.0" encoding="UTF-8"?>
<!-- Generated by org.testng.reporters.JUnitReportReporter -->
<testsuite skipped="0" hostname="Lisandro-Silva.local" name="com.mkyong.busonfiscal.PersonasFisicasIntegranteDeCoordinacionTest" tests="1" failures="0" timestamp="01 Sep 2020 17:35:16 GMT" time="21.147" errors="0">
  <testcase name="personasFisicas1" time="21.147" classname="com.mkyong.busonfiscal.PersonasFisicasIntegranteDeCoordinacionTest"/>
</testsuite> <!-- com.mkyong.busonfiscal.PersonasFisicasIntegranteDeCoordinacionTest -->
