<?xml version="1.0" encoding="UTF-8"?>
<!-- Generated by org.testng.reporters.JUnitReportReporter -->
<testsuite skipped="0" hostname="Lisandro-Silva.local" name="com.mkyong.conciliacion.conector.ConciliacionTest34" tests="1" failures="0" timestamp="28 Aug 2020 18:56:05 GMT" time="39.170" errors="0">
  <testcase name="conciliacionFiscal1" time="39.170" classname="com.mkyong.conciliacion.conector.ConciliacionTest34"/>
</testsuite> <!-- com.mkyong.conciliacion.conector.ConciliacionTest34 -->
