<?xml version="1.0" encoding="UTF-8"?>
<!-- Generated by org.testng.reporters.JUnitReportReporter -->
<testsuite skipped="0" hostname="Lisandro-Silva.local" name="com.mkyong.busonfiscal.detail.FacturaBasicaDetailTest" tests="1" failures="0" timestamp="28 Aug 2020 18:56:05 GMT" time="31.602" errors="0">
  <testcase name="facturaBasicaDetail" time="31.602" classname="com.mkyong.busonfiscal.detail.FacturaBasicaDetailTest"/>
</testsuite> <!-- com.mkyong.busonfiscal.detail.FacturaBasicaDetailTest -->
