<?xml version="1.0" encoding="UTF-8"?>
<!-- Generated by org.testng.reporters.JUnitReportReporter -->
<testsuite skipped="0" hostname="Lisandro-Silva.local" name="com.mkyong.conciliacion.conector.ConciliacionTest11" tests="1" failures="0" timestamp="28 Aug 2020 18:56:05 GMT" time="34.385" errors="0">
  <testcase name="conciliacionFiscal1" time="34.385" classname="com.mkyong.conciliacion.conector.ConciliacionTest11"/>
</testsuite> <!-- com.mkyong.conciliacion.conector.ConciliacionTest11 -->
