<?xml version="1.0" encoding="UTF-8"?>
<!-- Generated by org.testng.reporters.JUnitReportReporter -->
<testsuite skipped="0" hostname="Lisandro-Silva.local" name="com.mkyong.buson.jes.detail.FacturaPagoJesDetailTest" tests="1" failures="0" timestamp="01 Sep 2020 17:35:16 GMT" time="23.520" errors="0">
  <testcase name="facturaPagoDetailJes" time="23.520" classname="com.mkyong.buson.jes.detail.FacturaPagoJesDetailTest"/>
</testsuite> <!-- com.mkyong.buson.jes.detail.FacturaPagoJesDetailTest -->
