<?xml version="1.0" encoding="UTF-8"?>
<!-- Generated by org.testng.reporters.JUnitReportReporter -->
<testsuite skipped="0" hostname="Lisandro-Silva.local" name="com.mkyong.busonfiscal.BusquedaReportesTest6" tests="1" failures="0" timestamp="26 Aug 2020 14:05:38 GMT" time="38.942" errors="0">
  <testcase name="busquedaDeReportes6" time="38.942" classname="com.mkyong.busonfiscal.BusquedaReportesTest6"/>
</testsuite> <!-- com.mkyong.busonfiscal.BusquedaReportesTest6 -->
