<?xml version="1.0" encoding="UTF-8"?>
<!-- Generated by org.testng.reporters.JUnitReportReporter -->
<testsuite skipped="0" hostname="Lisandro-Silva.local" name="com.mkyong.conciliacion.conector.ConciliacionTest32" tests="1" failures="0" timestamp="28 Aug 2020 18:56:05 GMT" time="40.351" errors="0">
  <testcase name="conciliacionFiscal1" time="40.351" classname="com.mkyong.conciliacion.conector.ConciliacionTest32"/>
</testsuite> <!-- com.mkyong.conciliacion.conector.ConciliacionTest32 -->
