<?xml version="1.0" encoding="UTF-8"?>
<!-- Generated by org.testng.reporters.JUnitReportReporter -->
<testsuite skipped="0" hostname="Lisandro-Silva.local" name="com.mkyong.busonfiscal.ClientProductoTest" tests="1" failures="0" timestamp="28 Aug 2020 18:56:05 GMT" time="45.548" errors="0">
  <testcase name="asignaturaClienteProducto" time="45.548" classname="com.mkyong.busonfiscal.ClientProductoTest"/>
</testsuite> <!-- com.mkyong.busonfiscal.ClientProductoTest -->
