<?xml version="1.0" encoding="UTF-8"?>
<!-- Generated by org.testng.reporters.JUnitReportReporter -->
<testsuite skipped="0" hostname="Lisandro-Silva.local" name="com.mkyong.buson.jes.FacturaBasicaJesTest" tests="1" failures="0" timestamp="28 Aug 2020 18:56:05 GMT" time="19.048" errors="0">
  <testcase name="facturaBasicaJesTest" time="19.048" classname="com.mkyong.buson.jes.FacturaBasicaJesTest"/>
</testsuite> <!-- com.mkyong.buson.jes.FacturaBasicaJesTest -->
