<?xml version="1.0" encoding="UTF-8"?>
<!-- Generated by org.testng.reporters.JUnitReportReporter -->
<testsuite skipped="0" hostname="Lisandro-Silva.local" name="com.mkyong.conector.jes.TuristaPasajeroExtranjeroJesTest" tests="1" failures="0" timestamp="25 Aug 2020 13:27:33 GMT" time="18.542" errors="0">
  <testcase name="basePageNavigation" time="18.542" classname="com.mkyong.conector.jes.TuristaPasajeroExtranjeroJesTest"/>
</testsuite> <!-- com.mkyong.conector.jes.TuristaPasajeroExtranjeroJesTest -->
