<?xml version="1.0" encoding="UTF-8"?>
<!-- Generated by org.testng.reporters.JUnitReportReporter -->
<testsuite skipped="0" hostname="Lisandro-Silva.local" name="com.mkyong.busongratis.FacturaCartaPorteGratisTest2" tests="1" failures="0" timestamp="01 Sep 2020 17:35:16 GMT" time="18.946" errors="0">
  <testcase name="cartaPorteGratisSimpl2" time="18.946" classname="com.mkyong.busongratis.FacturaCartaPorteGratisTest2"/>
</testsuite> <!-- com.mkyong.busongratis.FacturaCartaPorteGratisTest2 -->
