<?xml version="1.0" encoding="UTF-8"?>
<!-- Generated by org.testng.reporters.JUnitReportReporter -->
<testsuite skipped="0" hostname="Lisandro-Silva.local" name="com.mkyong.busonfiscal.ReportesEmitidosCancelacionTest3" tests="1" failures="0" timestamp="26 Aug 2020 14:05:38 GMT" time="54.390" errors="0">
  <testcase name="reportesEmitidosCancelacion2" time="54.390" classname="com.mkyong.busonfiscal.ReportesEmitidosCancelacionTest3"/>
</testsuite> <!-- com.mkyong.busonfiscal.ReportesEmitidosCancelacionTest3 -->
