<?xml version="1.0" encoding="UTF-8"?>
<!-- Generated by org.testng.reporters.JUnitReportReporter -->
<testsuite skipped="0" hostname="Lisandro-Silva.local" name="com.mkyong.busonfiscal.FacturaBasicaTest" tests="1" failures="0" timestamp="01 Sep 2020 17:35:16 GMT" time="17.211" errors="0">
  <testcase name="facturaBasica" time="17.211" classname="com.mkyong.busonfiscal.FacturaBasicaTest"/>
</testsuite> <!-- com.mkyong.busonfiscal.FacturaBasicaTest -->
