<?xml version="1.0" encoding="UTF-8"?>
<!-- Generated by org.testng.reporters.JUnitReportReporter -->
<testsuite skipped="0" hostname="Lisandro-Silva.local" name="com.mkyong.busonfiscal.EmailPasswordCorrectTest" tests="1" failures="0" timestamp="02 Sep 2020 14:46:50 GMT" time="6.493" errors="0">
  <testcase name="correoContrasenaCorreta" time="6.493" classname="com.mkyong.busonfiscal.EmailPasswordCorrectTest"/>
</testsuite> <!-- com.mkyong.busonfiscal.EmailPasswordCorrectTest -->
