<?xml version="1.0" encoding="UTF-8"?>
<!-- Generated by org.testng.reporters.JUnitReportReporter -->
<testsuite skipped="0" hostname="Lisandro-Silva.local" name="com.mkyong.conector.jes.FacturaCartaPorteJesTest" tests="1" failures="0" timestamp="26 Aug 2020 14:05:38 GMT" time="20.512" errors="0">
  <testcase name="basePageNavigation" time="20.512" classname="com.mkyong.conector.jes.FacturaCartaPorteJesTest"/>
</testsuite> <!-- com.mkyong.conector.jes.FacturaCartaPorteJesTest -->
