<?xml version="1.0" encoding="UTF-8"?>
<!-- Generated by org.testng.reporters.JUnitReportReporter -->
<testsuite skipped="0" hostname="Lisandro-Silva.local" name="com.mkyong.buson.jes.detail.LeyendasFiscalesJesDetailTest" tests="1" failures="0" timestamp="26 Aug 2020 14:05:38 GMT" time="34.836" errors="0">
  <testcase name="leyendasFiscalesDetailJes" time="34.836" classname="com.mkyong.buson.jes.detail.LeyendasFiscalesJesDetailTest"/>
</testsuite> <!-- com.mkyong.buson.jes.detail.LeyendasFiscalesJesDetailTest -->
