<?xml version="1.0" encoding="UTF-8"?>
<!-- Generated by org.testng.reporters.JUnitReportReporter -->
<testsuite skipped="0" hostname="Lisandro-Silva.local" name="com.mkyong.busonfiscal.PasswordTest" tests="1" failures="0" timestamp="01 Sep 2020 17:35:16 GMT" time="0.779" errors="0">
  <testcase name="testPassword" time="0.779" classname="com.mkyong.busonfiscal.PasswordTest"/>
</testsuite> <!-- com.mkyong.busonfiscal.PasswordTest -->
