<?xml version="1.0" encoding="UTF-8"?>
<!-- Generated by org.testng.reporters.JUnitReportReporter -->
<testsuite skipped="0" hostname="Lisandro-Silva.local" name="com.mkyong.buson.jes.detail.VehiculosUsadosJesDetailTest" tests="1" failures="0" timestamp="02 Sep 2020 14:46:50 GMT" time="34.147" errors="0">
  <testcase name="vehiculosUsadosDetailJes" time="34.147" classname="com.mkyong.buson.jes.detail.VehiculosUsadosJesDetailTest"/>
</testsuite> <!-- com.mkyong.buson.jes.detail.VehiculosUsadosJesDetailTest -->
