<?xml version="1.0" encoding="UTF-8"?>
<!-- Generated by org.testng.reporters.JUnitReportReporter -->
<testsuite skipped="0" hostname="Lisandro-Silva.local" name="com.mkyong.busonfiscal.PagoEnEspeciesTest" tests="1" failures="0" timestamp="02 Sep 2020 14:46:50 GMT" time="13.662" errors="0">
  <testcase name="pagoEnEspecies1" time="13.662" classname="com.mkyong.busonfiscal.PagoEnEspeciesTest"/>
</testsuite> <!-- com.mkyong.busonfiscal.PagoEnEspeciesTest -->
