<?xml version="1.0" encoding="UTF-8"?>
<!-- Generated by org.testng.reporters.JUnitReportReporter -->
<testsuite skipped="0" hostname="Lisandro-Silva.local" name="com.mkyong.busonfiscal.ReportesEmitidosTest5" tests="1" failures="0" timestamp="02 Sep 2020 14:46:50 GMT" time="25.032" errors="0">
  <testcase name="reportesemitidos5" time="25.032" classname="com.mkyong.busonfiscal.ReportesEmitidosTest5"/>
</testsuite> <!-- com.mkyong.busonfiscal.ReportesEmitidosTest5 -->
