<?xml version="1.0" encoding="UTF-8"?>
<!-- Generated by org.testng.reporters.JUnitReportReporter -->
<testsuite skipped="0" hostname="Lisandro-Silva.local" name="com.mkyong.busonfiscal.BusquedaReportesTest6" tests="1" failures="0" timestamp="01 Sep 2020 17:35:16 GMT" time="38.550" errors="0">
  <testcase name="busquedaDeReportes6" time="38.550" classname="com.mkyong.busonfiscal.BusquedaReportesTest6"/>
</testsuite> <!-- com.mkyong.busonfiscal.BusquedaReportesTest6 -->
