<?xml version="1.0" encoding="UTF-8"?>
<!-- Generated by org.testng.reporters.JUnitReportReporter -->
<testsuite skipped="0" hostname="Lisandro-Silva.local" name="com.mkyong.busonfiscal.ObrasDeArteYAtenguedadTest" tests="1" failures="0" timestamp="28 Aug 2020 18:56:05 GMT" time="20.230" errors="0">
  <testcase name="obrasArtesAnteguedad1" time="20.230" classname="com.mkyong.busonfiscal.ObrasDeArteYAtenguedadTest"/>
</testsuite> <!-- com.mkyong.busonfiscal.ObrasDeArteYAtenguedadTest -->
