<?xml version="1.0" encoding="UTF-8"?>
<!-- Generated by org.testng.reporters.JUnitReportReporter -->
<testsuite skipped="0" hostname="Lisandro-Silva.local" name="com.mkyong.busonfiscal.NotaDeCreditoTest" tests="1" failures="0" timestamp="02 Sep 2020 14:46:50 GMT" time="14.090" errors="0">
  <testcase name="notaDeCredito" time="14.090" classname="com.mkyong.busonfiscal.NotaDeCreditoTest"/>
</testsuite> <!-- com.mkyong.busonfiscal.NotaDeCreditoTest -->
