<?xml version="1.0" encoding="UTF-8"?>
<!-- Generated by org.testng.reporters.JUnitReportReporter -->
<testsuite skipped="0" hostname="Lisandro-Silva.local" name="com.mkyong.busonfiscal.INETest" tests="1" failures="0" timestamp="26 Aug 2020 14:05:38 GMT" time="21.949" errors="0">
  <testcase name="basePageNavigation" time="21.949" classname="com.mkyong.busonfiscal.INETest"/>
</testsuite> <!-- com.mkyong.busonfiscal.INETest -->
