<?xml version="1.0" encoding="UTF-8"?>
<!-- Generated by org.testng.reporters.JUnitReportReporter -->
<testsuite skipped="0" hostname="Lisandro-Silva.local" name="com.mkyong.busonfiscal.BusquedaReportesTest7" tests="1" failures="0" timestamp="28 Aug 2020 18:56:05 GMT" time="33.374" errors="0">
  <testcase name="busquedaDeReportes7" time="33.374" classname="com.mkyong.busonfiscal.BusquedaReportesTest7"/>
</testsuite> <!-- com.mkyong.busonfiscal.BusquedaReportesTest7 -->
