<?xml version="1.0" encoding="UTF-8"?>
<!-- Generated by org.testng.reporters.JUnitReportReporter -->
<testsuite skipped="0" hostname="Lisandro-Silva.local" name="com.mkyong.buson.jes.detail.FacturaBasicaJesDetailTest" tests="2" failures="0" timestamp="26 Aug 2020 14:05:38 GMT" time="73.044" errors="0">
  <testcase name="facturaBasicaDetailJes" time="35.399" classname="com.mkyong.buson.jes.detail.FacturaBasicaJesDetailTest"/>
  <testcase name="facturaBasicaDetailJes" time="37.645" classname="com.mkyong.buson.jes.detail.FacturaBasicaJesDetailTest"/>
</testsuite> <!-- com.mkyong.buson.jes.detail.FacturaBasicaJesDetailTest -->
