<?xml version="1.0" encoding="UTF-8"?>
<!-- Generated by org.testng.reporters.JUnitReportReporter -->
<testsuite skipped="0" hostname="Lisandro-Silva.local" name="com.mkyong.busonfiscal.ReportesEmitidosTest5" tests="1" failures="0" timestamp="08 Sep 2020 11:21:04 GMT" time="23.286" errors="0">
  <testcase name="reportesemitidos5" time="23.286" classname="com.mkyong.busonfiscal.ReportesEmitidosTest5"/>
</testsuite> <!-- com.mkyong.busonfiscal.ReportesEmitidosTest5 -->
