<?xml version="1.0" encoding="UTF-8"?>
<!-- Generated by org.testng.reporters.JUnitReportReporter -->
<testsuite skipped="0" hostname="Lisandro-Silva.local" name="com.mkyong.busonfiscal.EmailPasswordCorrectTest" tests="1" failures="0" timestamp="25 Aug 2020 13:27:33 GMT" time="7.761" errors="0">
  <testcase name="correoContrasenaCorreta" time="7.761" classname="com.mkyong.busonfiscal.EmailPasswordCorrectTest"/>
</testsuite> <!-- com.mkyong.busonfiscal.EmailPasswordCorrectTest -->
