<?xml version="1.0" encoding="UTF-8"?>
<!-- Generated by org.testng.reporters.JUnitReportReporter -->
<testsuite skipped="0" hostname="Lisandro-Silva.local" name="com.mkyong.impression.fiscal.ImpresionIETFiscalTest4" tests="1" failures="0" timestamp="25 Aug 2020 13:27:33 GMT" time="44.222" errors="0">
  <testcase name="impressionFiscal4" time="44.222" classname="com.mkyong.impression.fiscal.ImpresionIETFiscalTest4"/>
</testsuite> <!-- com.mkyong.impression.fiscal.ImpresionIETFiscalTest4 -->
