<?xml version="1.0" encoding="UTF-8"?>
<!-- Generated by org.testng.reporters.JUnitReportReporter -->
<testsuite skipped="0" hostname="Lisandro-Silva.local" name="com.mkyong.conciliacion.conector.ConciliacionTest10" tests="1" failures="0" timestamp="26 Aug 2020 14:05:38 GMT" time="37.871" errors="0">
  <testcase name="conciliacionFiscal1" time="37.871" classname="com.mkyong.conciliacion.conector.ConciliacionTest10"/>
</testsuite> <!-- com.mkyong.conciliacion.conector.ConciliacionTest10 -->
