<?xml version="1.0" encoding="UTF-8"?>
<!-- Generated by org.testng.reporters.JUnitReportReporter -->
<testsuite skipped="0" hostname="Lisandro-Silva.local" name="com.mkyong.busonfiscal.BusquedaReportesTest4" tests="1" failures="0" timestamp="08 Sep 2020 11:21:03 GMT" time="30.071" errors="0">
  <testcase name="busquedaDeReportes4" time="30.071" classname="com.mkyong.busonfiscal.BusquedaReportesTest4"/>
</testsuite> <!-- com.mkyong.busonfiscal.BusquedaReportesTest4 -->
