<?xml version="1.0" encoding="UTF-8"?>
<!-- Generated by org.testng.reporters.JUnitReportReporter -->
<testsuite skipped="0" hostname="Lisandro-Silva.local" name="com.mkyong.busonfiscal.ReportesEmitidosTest4" tests="1" failures="0" timestamp="25 Aug 2020 13:27:33 GMT" time="40.275" errors="0">
  <testcase name="reportesEmitidos4" time="40.275" classname="com.mkyong.busonfiscal.ReportesEmitidosTest4"/>
</testsuite> <!-- com.mkyong.busonfiscal.ReportesEmitidosTest4 -->
