<?xml version="1.0" encoding="UTF-8"?>
<!-- Generated by org.testng.reporters.JUnitReportReporter -->
<testsuite skipped="0" hostname="Lisandro-Silva.local" name="com.mkyong.buson.jes.InstituicionesEducativasJesTest" tests="1" failures="0" timestamp="28 Aug 2020 18:56:05 GMT" time="15.844" errors="0">
  <testcase name="instituicionesEducativasJes" time="15.844" classname="com.mkyong.buson.jes.InstituicionesEducativasJesTest"/>
</testsuite> <!-- com.mkyong.buson.jes.InstituicionesEducativasJesTest -->
