<?xml version="1.0" encoding="UTF-8"?>
<!-- Generated by org.testng.reporters.JUnitReportReporter -->
<testsuite skipped="0" hostname="Lisandro-Silva.local" name="com.mkyong.busongratis.FacturaBasicaGratisTest2" tests="1" failures="0" timestamp="08 Sep 2020 11:21:03 GMT" time="17.773" errors="0">
  <testcase name="facturaBasicaGratis2" time="17.773" classname="com.mkyong.busongratis.FacturaBasicaGratisTest2"/>
</testsuite> <!-- com.mkyong.busongratis.FacturaBasicaGratisTest2 -->
