<?xml version="1.0" encoding="UTF-8"?>
<!-- Generated by org.testng.reporters.JUnitReportReporter -->
<testsuite skipped="0" hostname="Lisandro-Silva.local" name="com.mkyong.buson.jes.detail.FacturaBasicaJesDetailTest" tests="2" failures="0" timestamp="02 Sep 2020 14:46:50 GMT" time="68.984" errors="0">
  <testcase name="facturaBasicaDetailJes" time="35.281" classname="com.mkyong.buson.jes.detail.FacturaBasicaJesDetailTest"/>
  <testcase name="facturaBasicaDetailJes" time="33.703" classname="com.mkyong.buson.jes.detail.FacturaBasicaJesDetailTest"/>
</testsuite> <!-- com.mkyong.buson.jes.detail.FacturaBasicaJesDetailTest -->
