<?xml version="1.0" encoding="UTF-8"?>
<!-- Generated by org.testng.reporters.JUnitReportReporter -->
<testsuite skipped="0" hostname="Lisandro-Silva.local" name="com.mkyong.buson.jes.detail.NotaDeCreditoJesDetailTest" tests="1" failures="0" timestamp="01 Sep 2020 17:35:16 GMT" time="33.024" errors="0">
  <testcase name="notaDeCreditoDetailJes" time="33.024" classname="com.mkyong.buson.jes.detail.NotaDeCreditoJesDetailTest"/>
</testsuite> <!-- com.mkyong.buson.jes.detail.NotaDeCreditoJesDetailTest -->
