<?xml version="1.0" encoding="UTF-8"?>
<!-- Generated by org.testng.reporters.JUnitReportReporter -->
<testsuite skipped="0" hostname="Lisandro-Silva.local" name="com.mkyong.buson.jes.ObrasDeArteYAtenguedadJesTest" tests="1" failures="0" timestamp="26 Aug 2020 14:05:38 GMT" time="20.397" errors="0">
  <testcase name="obrasArtesAnteguedadJes" time="20.397" classname="com.mkyong.buson.jes.ObrasDeArteYAtenguedadJesTest"/>
</testsuite> <!-- com.mkyong.buson.jes.ObrasDeArteYAtenguedadJesTest -->
