<?xml version="1.0" encoding="UTF-8"?>
<!-- Generated by org.testng.reporters.JUnitReportReporter -->
<testsuite skipped="0" hostname="Lisandro-Silva.local" name="com.mkyong.busonfiscal.BusquedaReportesTest10" tests="1" failures="0" timestamp="02 Sep 2020 14:46:50 GMT" time="12.688" errors="0">
  <testcase name="busquedaDeReportes10" time="12.688" classname="com.mkyong.busonfiscal.BusquedaReportesTest10"/>
</testsuite> <!-- com.mkyong.busonfiscal.BusquedaReportesTest10 -->
