<?xml version="1.0" encoding="UTF-8"?>
<!-- Generated by org.testng.reporters.JUnitReportReporter -->
<testsuite skipped="0" hostname="Lisandro-Silva.local" name="com.mkyong.busonfiscal.ReportesEmitidosCancelacionTest3" tests="1" failures="0" timestamp="02 Sep 2020 14:46:50 GMT" time="50.021" errors="0">
  <testcase name="reportesEmitidosCancelacion2" time="50.021" classname="com.mkyong.busonfiscal.ReportesEmitidosCancelacionTest3"/>
</testsuite> <!-- com.mkyong.busonfiscal.ReportesEmitidosCancelacionTest3 -->
