<?xml version="1.0" encoding="UTF-8"?>
<!-- Generated by org.testng.reporters.JUnitReportReporter -->
<testsuite skipped="0" hostname="Lisandro-Silva.local" name="com.mkyong.busonfiscal.EmailTest" tests="1" failures="0" timestamp="26 Aug 2020 14:05:38 GMT" time="0.793" errors="0">
  <testcase name="correoSimples" time="0.793" classname="com.mkyong.busonfiscal.EmailTest"/>
</testsuite> <!-- com.mkyong.busonfiscal.EmailTest -->
