<?xml version="1.0" encoding="UTF-8"?>
<!-- Generated by org.testng.reporters.JUnitReportReporter -->
<testsuite skipped="0" hostname="Lisandro-Silva.local" name="com.mkyong.buson.jes.detail.NotaDeCreditoJesDetailTest" tests="1" failures="0" timestamp="28 Aug 2020 18:56:05 GMT" time="30.246" errors="0">
  <testcase name="notaDeCreditoDetailJes" time="30.246" classname="com.mkyong.buson.jes.detail.NotaDeCreditoJesDetailTest"/>
</testsuite> <!-- com.mkyong.buson.jes.detail.NotaDeCreditoJesDetailTest -->
