<?xml version="1.0" encoding="UTF-8"?>
<!-- Generated by org.testng.reporters.JUnitReportReporter -->
<testsuite skipped="0" hostname="Lisandro-Silva.local" name="com.mkyong.busongratis.FacturaPagoGratisTest2" tests="1" failures="0" timestamp="01 Sep 2020 17:35:16 GMT" time="26.353" errors="0">
  <testcase name="pagoGratis2" time="26.353" classname="com.mkyong.busongratis.FacturaPagoGratisTest2"/>
</testsuite> <!-- com.mkyong.busongratis.FacturaPagoGratisTest2 -->
