<?xml version="1.0" encoding="UTF-8"?>
<!-- Generated by org.testng.reporters.JUnitReportReporter -->
<testsuite skipped="0" hostname="Lisandro-Silva.local" name="com.mkyong.conciliacion.conector.ConciliacionTest32" tests="1" failures="0" timestamp="08 Sep 2020 11:21:03 GMT" time="42.260" errors="0">
  <testcase name="conciliacionFiscal1" time="42.260" classname="com.mkyong.conciliacion.conector.ConciliacionTest32"/>
</testsuite> <!-- com.mkyong.conciliacion.conector.ConciliacionTest32 -->
