<?xml version="1.0" encoding="UTF-8"?>
<!-- Generated by org.testng.reporters.JUnitReportReporter -->
<testsuite skipped="0" hostname="Lisandro-Silva.local" name="com.mkyong.busonfiscal.BusquedaReportesTest10" tests="1" failures="0" timestamp="01 Sep 2020 17:35:16 GMT" time="18.781" errors="0">
  <testcase name="busquedaDeReportes10" time="18.781" classname="com.mkyong.busonfiscal.BusquedaReportesTest10"/>
</testsuite> <!-- com.mkyong.busonfiscal.BusquedaReportesTest10 -->
