<?xml version="1.0" encoding="UTF-8"?>
<!-- Generated by org.testng.reporters.JUnitReportReporter -->
<testsuite skipped="0" hostname="Lisandro-Silva.local" name="com.mkyong.buson.jes.detail.ImpuestosLocalesJesDetailTest" tests="1" failures="0" timestamp="26 Aug 2020 14:05:38 GMT" time="35.926" errors="0">
  <testcase name="impuestosLocalesDetailJes" time="35.926" classname="com.mkyong.buson.jes.detail.ImpuestosLocalesJesDetailTest"/>
</testsuite> <!-- com.mkyong.buson.jes.detail.ImpuestosLocalesJesDetailTest -->
