<?xml version="1.0" encoding="UTF-8"?>
<!-- Generated by org.testng.reporters.JUnitReportReporter -->
<testsuite skipped="0" hostname="Lisandro-Silva.local" name="com.mkyong.busongratis.FacturaBasicaGratisTest2" tests="1" failures="0" timestamp="28 Aug 2020 18:56:05 GMT" time="21.874" errors="0">
  <testcase name="facturaBasicaGratis2" time="21.874" classname="com.mkyong.busongratis.FacturaBasicaGratisTest2"/>
</testsuite> <!-- com.mkyong.busongratis.FacturaBasicaGratisTest2 -->
