<?xml version="1.0" encoding="UTF-8"?>
<!-- Generated by org.testng.reporters.JUnitReportReporter -->
<testsuite skipped="0" hostname="Lisandro-Silva.local" name="com.mkyong.conector.jes.FacturaCartaPorteJesTest" tests="1" failures="0" timestamp="02 Sep 2020 14:46:50 GMT" time="13.106" errors="0">
  <testcase name="basePageNavigation" time="13.106" classname="com.mkyong.conector.jes.FacturaCartaPorteJesTest"/>
</testsuite> <!-- com.mkyong.conector.jes.FacturaCartaPorteJesTest -->
