<?xml version="1.0" encoding="UTF-8"?>
<!-- Generated by org.testng.reporters.JUnitReportReporter -->
<testsuite skipped="0" hostname="Lisandro-Silva.local" name="com.mkyong.conciliacion.conector.ConciliacionTest34" tests="1" failures="0" timestamp="26 Aug 2020 14:05:38 GMT" time="43.145" errors="0">
  <testcase name="conciliacionFiscal1" time="43.145" classname="com.mkyong.conciliacion.conector.ConciliacionTest34"/>
</testsuite> <!-- com.mkyong.conciliacion.conector.ConciliacionTest34 -->
