<?xml version="1.0" encoding="UTF-8"?>
<!-- Generated by org.testng.reporters.JUnitReportReporter -->
<testsuite skipped="0" hostname="Lisandro-Silva.local" name="com.mkyong.busonfiscal.BusquedaReportesTest11" tests="1" failures="0" timestamp="25 Aug 2020 13:27:33 GMT" time="26.852" errors="0">
  <testcase name="busquedaDereportes11" time="26.852" classname="com.mkyong.busonfiscal.BusquedaReportesTest11"/>
</testsuite> <!-- com.mkyong.busonfiscal.BusquedaReportesTest11 -->
