<?xml version="1.0" encoding="UTF-8"?>
<!-- Generated by org.testng.reporters.JUnitReportReporter -->
<testsuite skipped="0" hostname="Lisandro-Silva.local" name="com.mkyong.busonfiscal.ReportesEmitidosTest4" tests="1" failures="0" timestamp="08 Sep 2020 11:21:03 GMT" time="27.405" errors="0">
  <testcase name="reportesEmitidos4" time="27.405" classname="com.mkyong.busonfiscal.ReportesEmitidosTest4"/>
</testsuite> <!-- com.mkyong.busonfiscal.ReportesEmitidosTest4 -->
