<?xml version="1.0" encoding="UTF-8"?>
<!-- Generated by org.testng.reporters.JUnitReportReporter -->
<testsuite skipped="0" hostname="Lisandro-Silva.local" name="com.mkyong.busonfiscal.INETest" tests="1" failures="0" timestamp="28 Aug 2020 18:56:05 GMT" time="18.438" errors="0">
  <testcase name="basePageNavigation" time="18.438" classname="com.mkyong.busonfiscal.INETest"/>
</testsuite> <!-- com.mkyong.busonfiscal.INETest -->
