<?xml version="1.0" encoding="UTF-8"?>
<!-- Generated by org.testng.reporters.JUnitReportReporter -->
<testsuite skipped="0" hostname="Lisandro-Silva.local" name="com.mkyong.impression.fiscal.ImpresionIETFiscalTest4" tests="1" failures="0" timestamp="02 Sep 2020 14:46:50 GMT" time="46.595" errors="0">
  <testcase name="impressionFiscal4" time="46.595" classname="com.mkyong.impression.fiscal.ImpresionIETFiscalTest4"/>
</testsuite> <!-- com.mkyong.impression.fiscal.ImpresionIETFiscalTest4 -->
