<?xml version="1.0" encoding="UTF-8"?>
<!-- Generated by org.testng.reporters.JUnitReportReporter -->
<testsuite skipped="0" hostname="Lisandro-Silva.local" name="com.mkyong.conector.jes.TuristaPasajeroExtranjeroJesTest" tests="1" failures="0" timestamp="02 Sep 2020 14:46:50 GMT" time="15.870" errors="0">
  <testcase name="basePageNavigation" time="15.870" classname="com.mkyong.conector.jes.TuristaPasajeroExtranjeroJesTest"/>
</testsuite> <!-- com.mkyong.conector.jes.TuristaPasajeroExtranjeroJesTest -->
