<?xml version="1.0" encoding="UTF-8"?>
<!-- Generated by org.testng.reporters.JUnitReportReporter -->
<testsuite skipped="0" hostname="Lisandro-Silva.local" name="com.mkyong.buson.jes.FacturaCartaPorteJesTest" tests="1" failures="0" timestamp="02 Sep 2020 14:46:50 GMT" time="21.076" errors="0">
  <testcase name="facturaCartaPorte" time="21.076" classname="com.mkyong.buson.jes.FacturaCartaPorteJesTest"/>
</testsuite> <!-- com.mkyong.buson.jes.FacturaCartaPorteJesTest -->
