<?xml version="1.0" encoding="UTF-8"?>
<!-- Generated by org.testng.reporters.JUnitReportReporter -->
<testsuite skipped="0" hostname="Lisandro-Silva.local" name="com.mkyong.busonfiscal.TuristaPasajeroExtranjeroTest" tests="1" failures="0" timestamp="01 Sep 2020 17:35:16 GMT" time="18.719" errors="0">
  <testcase name="turistaPassajeroExtranjero" time="18.719" classname="com.mkyong.busonfiscal.TuristaPasajeroExtranjeroTest"/>
</testsuite> <!-- com.mkyong.busonfiscal.TuristaPasajeroExtranjeroTest -->
