<?xml version="1.0" encoding="UTF-8"?>
<!-- Generated by org.testng.reporters.JUnitReportReporter -->
<testsuite skipped="0" hostname="Lisandro-Silva.local" name="com.mkyong.nomina.NominaFiscalTest" tests="1" failures="0" timestamp="25 Aug 2020 13:27:33 GMT" time="58.682" errors="0">
  <testcase name="nominaFiscal" time="58.682" classname="com.mkyong.nomina.NominaFiscalTest"/>
</testsuite> <!-- com.mkyong.nomina.NominaFiscalTest -->
