<?xml version="1.0" encoding="UTF-8"?>
<!-- Generated by org.testng.reporters.JUnitReportReporter -->
<testsuite skipped="0" hostname="Lisandro-Silva.local" name="com.mkyong.busonfiscal.BusquedaReportesTest3" tests="1" failures="0" timestamp="01 Sep 2020 17:35:16 GMT" time="46.340" errors="0">
  <testcase name="busquedaDeReportes3" time="46.340" classname="com.mkyong.busonfiscal.BusquedaReportesTest3"/>
</testsuite> <!-- com.mkyong.busonfiscal.BusquedaReportesTest3 -->
