<?xml version="1.0" encoding="UTF-8"?>
<!-- Generated by org.testng.reporters.JUnitReportReporter -->
<testsuite skipped="0" hostname="Lisandro-Silva.local" name="com.mkyong.busonfiscal.EmailAndPasswordTest" tests="1" failures="0" timestamp="01 Sep 2020 17:35:16 GMT" time="0.750" errors="0">
  <testcase name="correoContrasena" time="0.750" classname="com.mkyong.busonfiscal.EmailAndPasswordTest"/>
</testsuite> <!-- com.mkyong.busonfiscal.EmailAndPasswordTest -->
