<?xml version="1.0" encoding="UTF-8"?>
<!-- Generated by org.testng.reporters.JUnitReportReporter -->
<testsuite skipped="0" hostname="Lisandro-Silva.local" name="com.mkyong.busonfiscal.NotariosPublicosTest" tests="1" failures="0" timestamp="01 Sep 2020 17:35:16 GMT" time="26.642" errors="0">
  <testcase name="notariosPublicos1" time="26.642" classname="com.mkyong.busonfiscal.NotariosPublicosTest"/>
</testsuite> <!-- com.mkyong.busonfiscal.NotariosPublicosTest -->
