<?xml version="1.0" encoding="UTF-8"?>
<!-- Generated by org.testng.reporters.JUnitReportReporter -->
<testsuite skipped="0" hostname="Lisandro-Silva.local" name="com.mkyong.buson.jes.ImpuestosLocalesJesTest" tests="1" failures="0" timestamp="26 Aug 2020 14:05:38 GMT" time="21.880" errors="0">
  <testcase name="impuestosLocalesJesBuzon" time="21.880" classname="com.mkyong.buson.jes.ImpuestosLocalesJesTest"/>
</testsuite> <!-- com.mkyong.buson.jes.ImpuestosLocalesJesTest -->
