<?xml version="1.0" encoding="UTF-8"?>
<!-- Generated by org.testng.reporters.JUnitReportReporter -->
<testsuite skipped="0" hostname="Lisandro-Silva.local" name="com.mkyong.buson.jes.FacturaPagoJesTest" tests="1" failures="0" timestamp="26 Aug 2020 14:05:38 GMT" time="18.734" errors="0">
  <testcase name="facturaPagoJes" time="18.734" classname="com.mkyong.buson.jes.FacturaPagoJesTest"/>
</testsuite> <!-- com.mkyong.buson.jes.FacturaPagoJesTest -->
