<?xml version="1.0" encoding="UTF-8"?>
<!-- Generated by org.testng.reporters.JUnitReportReporter -->
<testsuite skipped="0" hostname="Lisandro-Silva.local" name="com.mkyong.busonfiscal.ReportesEmitidosTest5" tests="1" failures="0" timestamp="26 Aug 2020 14:05:38 GMT" time="24.411" errors="0">
  <testcase name="reportesemitidos5" time="24.411" classname="com.mkyong.busonfiscal.ReportesEmitidosTest5"/>
</testsuite> <!-- com.mkyong.busonfiscal.ReportesEmitidosTest5 -->
