<?xml version="1.0" encoding="UTF-8"?>
<!-- Generated by org.testng.reporters.JUnitReportReporter -->
<testsuite skipped="0" hostname="Lisandro-Silva.local" name="com.mkyong.busonfiscal.BusquedaReportesTest3" tests="1" failures="0" timestamp="25 Aug 2020 13:27:33 GMT" time="37.160" errors="0">
  <testcase name="busquedaDeReportes3" time="37.160" classname="com.mkyong.busonfiscal.BusquedaReportesTest3"/>
</testsuite> <!-- com.mkyong.busonfiscal.BusquedaReportesTest3 -->
