<?xml version="1.0" encoding="UTF-8"?>
<!-- Generated by org.testng.reporters.JUnitReportReporter -->
<testsuite skipped="0" hostname="Lisandro-Silva.local" name="com.mkyong.nomina.NominaFiscalDescargaTest" tests="1" failures="0" timestamp="01 Sep 2020 17:35:16 GMT" time="47.280" errors="0">
  <testcase name="nominaFiscalDescarga" time="47.280" classname="com.mkyong.nomina.NominaFiscalDescargaTest"/>
</testsuite> <!-- com.mkyong.nomina.NominaFiscalDescargaTest -->
