<?xml version="1.0" encoding="UTF-8"?>
<!-- Generated by org.testng.reporters.JUnitReportReporter -->
<testsuite skipped="0" hostname="Lisandro-Silva.local" name="com.mkyong.busonfiscal.BusquedaReportesTest3" tests="1" failures="0" timestamp="02 Sep 2020 14:46:50 GMT" time="35.196" errors="0">
  <testcase name="busquedaDeReportes3" time="35.196" classname="com.mkyong.busonfiscal.BusquedaReportesTest3"/>
</testsuite> <!-- com.mkyong.busonfiscal.BusquedaReportesTest3 -->
