<?xml version="1.0" encoding="UTF-8"?>
<!-- Generated by org.testng.reporters.JUnitReportReporter -->
<testsuite skipped="0" hostname="Lisandro-Silva.local" name="com.mkyong.busonfiscal.PasswordTest" tests="1" failures="0" timestamp="26 Aug 2020 14:05:38 GMT" time="0.973" errors="0">
  <testcase name="testPassword" time="0.973" classname="com.mkyong.busonfiscal.PasswordTest"/>
</testsuite> <!-- com.mkyong.busonfiscal.PasswordTest -->
