<?xml version="1.0" encoding="UTF-8"?>
<!-- Generated by org.testng.reporters.JUnitReportReporter -->
<testsuite skipped="0" hostname="Lisandro-Silva.local" name="com.mkyong.conciliacion.conector.ConciliacionTest4" tests="1" failures="0" timestamp="01 Sep 2020 17:35:16 GMT" time="42.615" errors="0">
  <testcase name="conciliacionFiscal1" time="42.615" classname="com.mkyong.conciliacion.conector.ConciliacionTest4"/>
</testsuite> <!-- com.mkyong.conciliacion.conector.ConciliacionTest4 -->
