<?xml version="1.0" encoding="UTF-8"?>
<!-- Generated by org.testng.reporters.JUnitReportReporter -->
<testsuite skipped="0" hostname="Lisandro-Silva.local" name="com.mkyong.busonfiscal.BusquedaReportesTest2" tests="1" failures="0" timestamp="25 Aug 2020 13:27:33 GMT" time="15.064" errors="0">
  <testcase name="buquedaDeReportes2" time="15.064" classname="com.mkyong.busonfiscal.BusquedaReportesTest2"/>
</testsuite> <!-- com.mkyong.busonfiscal.BusquedaReportesTest2 -->
