<?xml version="1.0" encoding="UTF-8"?>
<!-- Generated by org.testng.reporters.JUnitReportReporter -->
<testsuite skipped="0" hostname="Lisandro-Silva.local" name="com.mkyong.busonfiscal.VehiculosUsadosTest" tests="1" failures="0" timestamp="28 Aug 2020 18:56:05 GMT" time="15.565" errors="0">
  <testcase name="vehiculosUsados" time="15.565" classname="com.mkyong.busonfiscal.VehiculosUsadosTest"/>
</testsuite> <!-- com.mkyong.busonfiscal.VehiculosUsadosTest -->
