<?xml version="1.0" encoding="UTF-8"?>
<!-- Generated by org.testng.reporters.JUnitReportReporter -->
<testsuite skipped="0" hostname="Lisandro-Silva.local" name="com.mkyong.conector.jes.FacturaCartaPorteJesTest" tests="1" failures="0" timestamp="01 Sep 2020 17:35:16 GMT" time="13.778" errors="0">
  <testcase name="basePageNavigation" time="13.778" classname="com.mkyong.conector.jes.FacturaCartaPorteJesTest"/>
</testsuite> <!-- com.mkyong.conector.jes.FacturaCartaPorteJesTest -->
