<?xml version="1.0" encoding="UTF-8"?>
<!-- Generated by org.testng.reporters.JUnitReportReporter -->
<testsuite skipped="0" hostname="Lisandro-Silva.local" name="com.mkyong.busonfiscal.EmailTest" tests="1" failures="0" timestamp="02 Sep 2020 14:46:50 GMT" time="0.800" errors="0">
  <testcase name="correoSimples" time="0.800" classname="com.mkyong.busonfiscal.EmailTest"/>
</testsuite> <!-- com.mkyong.busonfiscal.EmailTest -->
