<?xml version="1.0" encoding="UTF-8"?>
<!-- Generated by org.testng.reporters.JUnitReportReporter -->
<testsuite skipped="0" hostname="Lisandro-Silva.local" name="com.mkyong.conciliacion.conector.ConciliacionTest3" tests="1" failures="0" timestamp="01 Sep 2020 17:35:16 GMT" time="40.384" errors="0">
  <testcase name="conciliacionFiscal3" time="40.384" classname="com.mkyong.conciliacion.conector.ConciliacionTest3"/>
</testsuite> <!-- com.mkyong.conciliacion.conector.ConciliacionTest3 -->
