<?xml version="1.0" encoding="UTF-8"?>
<!-- Generated by org.testng.reporters.JUnitReportReporter -->
<testsuite skipped="0" hostname="Lisandro-Silva.local" name="com.mkyong.conector.jes.FacturaCartaPorteJesTest" tests="1" failures="0" timestamp="25 Aug 2020 13:27:33 GMT" time="14.103" errors="0">
  <testcase name="basePageNavigation" time="14.103" classname="com.mkyong.conector.jes.FacturaCartaPorteJesTest"/>
</testsuite> <!-- com.mkyong.conector.jes.FacturaCartaPorteJesTest -->
