<?xml version="1.0" encoding="UTF-8"?>
<!-- Generated by org.testng.reporters.JUnitReportReporter -->
<testsuite skipped="0" hostname="Lisandro-Silva.local" name="com.mkyong.conciliacion.conector.ConciliacionTest13" tests="1" failures="0" timestamp="26 Aug 2020 14:05:38 GMT" time="41.331" errors="0">
  <testcase name="conciliacionFiscal1" time="41.331" classname="com.mkyong.conciliacion.conector.ConciliacionTest13"/>
</testsuite> <!-- com.mkyong.conciliacion.conector.ConciliacionTest13 -->
