<?xml version="1.0" encoding="UTF-8"?>
<!-- Generated by org.testng.reporters.JUnitReportReporter -->
<testsuite skipped="0" hostname="Lisandro-Silva.local" name="com.mkyong.busonfiscal.ReportesEmitidosTest5" tests="1" failures="0" timestamp="01 Sep 2020 17:35:16 GMT" time="30.154" errors="0">
  <testcase name="reportesemitidos5" time="30.154" classname="com.mkyong.busonfiscal.ReportesEmitidosTest5"/>
</testsuite> <!-- com.mkyong.busonfiscal.ReportesEmitidosTest5 -->
