<?xml version="1.0" encoding="UTF-8"?>
<!-- Generated by org.testng.reporters.JUnitReportReporter -->
<testsuite skipped="0" hostname="Lisandro-Silva.local" name="com.mkyong.busonfiscal.detail.FacturaPagoDetailTest2" tests="1" failures="0" timestamp="01 Sep 2020 17:35:16 GMT" time="39.419" errors="0">
  <testcase name="facturaDetallistaDetail2" time="39.419" classname="com.mkyong.busonfiscal.detail.FacturaPagoDetailTest2"/>
</testsuite> <!-- com.mkyong.busonfiscal.detail.FacturaPagoDetailTest2 -->
