<?xml version="1.0" encoding="UTF-8"?>
<!-- Generated by org.testng.reporters.JUnitReportReporter -->
<testsuite skipped="0" hostname="Lisandro-Silva.local" name="com.mkyong.nomina.NominaFiscalDescargaTest" tests="1" failures="0" timestamp="02 Sep 2020 14:46:50 GMT" time="30.213" errors="0">
  <testcase name="nominaFiscalDescarga" time="30.213" classname="com.mkyong.nomina.NominaFiscalDescargaTest"/>
</testsuite> <!-- com.mkyong.nomina.NominaFiscalDescargaTest -->
