<?xml version="1.0" encoding="UTF-8"?>
<!-- Generated by org.testng.reporters.JUnitReportReporter -->
<testsuite skipped="0" hostname="Lisandro-Silva.local" name="com.mkyong.busonfiscal.detail.FacturaCartaPorteDetailTest" tests="1" failures="0" timestamp="25 Aug 2020 13:27:33 GMT" time="24.699" errors="0">
  <testcase name="facturaCartaPorteDetail" time="24.699" classname="com.mkyong.busonfiscal.detail.FacturaCartaPorteDetailTest"/>
</testsuite> <!-- com.mkyong.busonfiscal.detail.FacturaCartaPorteDetailTest -->
