<?xml version="1.0" encoding="UTF-8"?>
<!-- Generated by org.testng.reporters.JUnitReportReporter -->
<testsuite skipped="0" hostname="Lisandro-Silva.local" name="com.mkyong.conciliacion.conector.ConciliacionTest34" tests="1" failures="0" timestamp="25 Aug 2020 13:27:33 GMT" time="47.932" errors="0">
  <testcase name="conciliacionFiscal1" time="47.932" classname="com.mkyong.conciliacion.conector.ConciliacionTest34"/>
</testsuite> <!-- com.mkyong.conciliacion.conector.ConciliacionTest34 -->
