<?xml version="1.0" encoding="UTF-8"?>
<!-- Generated by org.testng.reporters.JUnitReportReporter -->
<testsuite skipped="0" hostname="Lisandro-Silva.local" name="com.mkyong.busonfiscal.VehiculosUsadosTest" tests="1" failures="0" timestamp="25 Aug 2020 13:27:33 GMT" time="18.185" errors="0">
  <testcase name="vehiculosUsados" time="18.185" classname="com.mkyong.busonfiscal.VehiculosUsadosTest"/>
</testsuite> <!-- com.mkyong.busonfiscal.VehiculosUsadosTest -->
