<?xml version="1.0" encoding="UTF-8"?>
<!-- Generated by org.testng.reporters.JUnitReportReporter -->
<testsuite skipped="0" hostname="Lisandro-Silva.local" name="com.mkyong.busonfiscal.ServiciosParcealesDeContruccionTest" tests="1" failures="0" timestamp="01 Sep 2020 17:35:16 GMT" time="20.114" errors="0">
  <testcase name="serviciosParcealesDeConstrucion" time="20.114" classname="com.mkyong.busonfiscal.ServiciosParcealesDeContruccionTest"/>
</testsuite> <!-- com.mkyong.busonfiscal.ServiciosParcealesDeContruccionTest -->
