<?xml version="1.0" encoding="UTF-8"?>
<!-- Generated by org.testng.reporters.JUnitReportReporter -->
<testsuite skipped="0" hostname="Lisandro-Silva.local" name="com.mkyong.conciliacion.conector.ConciliacionTest4" tests="1" failures="0" timestamp="25 Aug 2020 13:27:33 GMT" time="46.320" errors="0">
  <testcase name="conciliacionFiscal1" time="46.320" classname="com.mkyong.conciliacion.conector.ConciliacionTest4"/>
</testsuite> <!-- com.mkyong.conciliacion.conector.ConciliacionTest4 -->
