<?xml version="1.0" encoding="UTF-8"?>
<!-- Generated by org.testng.reporters.JUnitReportReporter -->
<testsuite skipped="0" hostname="Lisandro-Silva.local" name="com.mkyong.conector.jes.PagoEnEspeciesJesTest" tests="1" failures="0" timestamp="01 Sep 2020 17:35:16 GMT" time="15.544" errors="0">
  <testcase name="basePageNavigation" time="15.544" classname="com.mkyong.conector.jes.PagoEnEspeciesJesTest"/>
</testsuite> <!-- com.mkyong.conector.jes.PagoEnEspeciesJesTest -->
