<?xml version="1.0" encoding="UTF-8"?>
<!-- Generated by org.testng.reporters.JUnitReportReporter -->
<testsuite skipped="0" hostname="Lisandro-Silva.local" name="com.mkyong.busonfiscal.BusquedaReportesTest14" tests="1" failures="0" timestamp="26 Aug 2020 14:05:38 GMT" time="27.450" errors="0">
  <testcase name="busquedaDeReportes14" time="27.450" classname="com.mkyong.busonfiscal.BusquedaReportesTest14"/>
</testsuite> <!-- com.mkyong.busonfiscal.BusquedaReportesTest14 -->
