<?xml version="1.0" encoding="UTF-8"?>
<!-- Generated by org.testng.reporters.JUnitReportReporter -->
<testsuite skipped="0" hostname="Lisandro-Silva.local" name="com.mkyong.busonfiscal.VentaDeVehiculosTest" tests="1" failures="0" timestamp="25 Aug 2020 13:27:33 GMT" time="14.917" errors="0">
  <testcase name="ventaDeVehiculos" time="14.917" classname="com.mkyong.busonfiscal.VentaDeVehiculosTest"/>
</testsuite> <!-- com.mkyong.busonfiscal.VentaDeVehiculosTest -->
