<?xml version="1.0" encoding="UTF-8"?>
<!-- Generated by org.testng.reporters.JUnitReportReporter -->
<testsuite skipped="0" hostname="Lisandro-Silva.local" name="com.mkyong.busongratis.FacturaCartaPorteGratisTest2" tests="1" failures="0" timestamp="02 Sep 2020 14:46:50 GMT" time="16.612" errors="0">
  <testcase name="cartaPorteGratisSimpl2" time="16.612" classname="com.mkyong.busongratis.FacturaCartaPorteGratisTest2"/>
</testsuite> <!-- com.mkyong.busongratis.FacturaCartaPorteGratisTest2 -->
