<?xml version="1.0" encoding="UTF-8"?>
<!-- Generated by org.testng.reporters.JUnitReportReporter -->
<testsuite skipped="0" hostname="Lisandro-Silva.local" name="com.mkyong.busonfiscal.ObrasDeArteYAtenguedadTest" tests="1" failures="0" timestamp="02 Sep 2020 14:46:50 GMT" time="15.463" errors="0">
  <testcase name="obrasArtesAnteguedad1" time="15.463" classname="com.mkyong.busonfiscal.ObrasDeArteYAtenguedadTest"/>
</testsuite> <!-- com.mkyong.busonfiscal.ObrasDeArteYAtenguedadTest -->
