<?xml version="1.0" encoding="UTF-8"?>
<!-- Generated by org.testng.reporters.JUnitReportReporter -->
<testsuite skipped="0" hostname="Lisandro-Silva.local" name="com.mkyong.busonfiscal.detail.FacturaBasicaDetailTest" tests="1" failures="0" timestamp="02 Sep 2020 14:46:50 GMT" time="29.096" errors="0">
  <testcase name="facturaBasicaDetail" time="29.096" classname="com.mkyong.busonfiscal.detail.FacturaBasicaDetailTest"/>
</testsuite> <!-- com.mkyong.busonfiscal.detail.FacturaBasicaDetailTest -->
