<?xml version="1.0" encoding="UTF-8"?>
<!-- Generated by org.testng.reporters.JUnitReportReporter -->
<testsuite skipped="0" hostname="Lisandro-Silva.local" name="com.mkyong.busonfiscal.DonativosTest" tests="1" failures="0" timestamp="25 Aug 2020 13:27:33 GMT" time="18.044" errors="0">
  <testcase name="donativosSimples" time="18.044" classname="com.mkyong.busonfiscal.DonativosTest"/>
</testsuite> <!-- com.mkyong.busonfiscal.DonativosTest -->
