<?xml version="1.0" encoding="UTF-8"?>
<!-- Generated by org.testng.reporters.JUnitReportReporter -->
<testsuite skipped="0" hostname="Lisandro-Silva.local" name="com.mkyong.busonfiscal.BusquedaReportesTest10" tests="1" failures="0" timestamp="26 Aug 2020 14:05:38 GMT" time="12.756" errors="0">
  <testcase name="busquedaDeReportes10" time="12.756" classname="com.mkyong.busonfiscal.BusquedaReportesTest10"/>
</testsuite> <!-- com.mkyong.busonfiscal.BusquedaReportesTest10 -->
