<?xml version="1.0" encoding="UTF-8"?>
<!-- Generated by org.testng.reporters.JUnitReportReporter -->
<testsuite skipped="0" hostname="Lisandro-Silva.local" name="com.mkyong.busonfiscal.ReportesEmitidosTest3" tests="1" failures="0" timestamp="28 Aug 2020 18:56:05 GMT" time="37.740" errors="0">
  <testcase name="reportesEmitidos3" time="37.740" classname="com.mkyong.busonfiscal.ReportesEmitidosTest3"/>
</testsuite> <!-- com.mkyong.busonfiscal.ReportesEmitidosTest3 -->
