<?xml version="1.0" encoding="UTF-8"?>
<!-- Generated by org.testng.reporters.JUnitReportReporter -->
<testsuite skipped="0" hostname="Lisandro-Silva.local" name="com.mkyong.busonfiscal.TuristaPasajeroExtranjeroTest" tests="1" failures="0" timestamp="26 Aug 2020 14:05:38 GMT" time="17.116" errors="0">
  <testcase name="turistaPassajeroExtranjero" time="17.116" classname="com.mkyong.busonfiscal.TuristaPasajeroExtranjeroTest"/>
</testsuite> <!-- com.mkyong.busonfiscal.TuristaPasajeroExtranjeroTest -->
