<?xml version="1.0" encoding="UTF-8"?>
<!-- Generated by org.testng.reporters.JUnitReportReporter -->
<testsuite skipped="0" hostname="Lisandro-Silva.local" name="com.mkyong.busonfiscal.LeyendasFiscalesTest" tests="1" failures="0" timestamp="26 Aug 2020 14:05:38 GMT" time="16.166" errors="0">
  <testcase name="leyendas1" time="16.166" classname="com.mkyong.busonfiscal.LeyendasFiscalesTest"/>
</testsuite> <!-- com.mkyong.busonfiscal.LeyendasFiscalesTest -->
