<?xml version="1.0" encoding="UTF-8"?>
<!-- Generated by org.testng.reporters.JUnitReportReporter -->
<testsuite skipped="0" hostname="Lisandro-Silva.local" name="com.mkyong.buson.jes.INEJesTest" tests="1" failures="0" timestamp="02 Sep 2020 14:46:50 GMT" time="18.316" errors="0">
  <testcase name="ineJes" time="18.316" classname="com.mkyong.buson.jes.INEJesTest"/>
</testsuite> <!-- com.mkyong.buson.jes.INEJesTest -->
