<?xml version="1.0" encoding="UTF-8"?>
<!-- Generated by org.testng.reporters.JUnitReportReporter -->
<testsuite skipped="0" hostname="Lisandro-Silva.local" name="com.mkyong.busonfiscal.ReportesEmitidosDuplicarComprobanteTest3" tests="1" failures="0" timestamp="08 Sep 2020 11:21:03 GMT" time="32.713" errors="0">
  <testcase name="duplicadoFacturaBasica" time="32.713" classname="com.mkyong.busonfiscal.ReportesEmitidosDuplicarComprobanteTest3"/>
</testsuite> <!-- com.mkyong.busonfiscal.ReportesEmitidosDuplicarComprobanteTest3 -->
