<?xml version="1.0" encoding="UTF-8"?>
<!-- Generated by org.testng.reporters.JUnitReportReporter -->
<testsuite skipped="0" hostname="Lisandro-Silva.local" name="com.mkyong.busonfiscal.detail.FacturaBasicaDetailTest2" tests="1" failures="0" timestamp="08 Sep 2020 11:21:03 GMT" time="42.607" errors="0">
  <testcase name="facturaBasicaDetail2" time="42.607" classname="com.mkyong.busonfiscal.detail.FacturaBasicaDetailTest2"/>
</testsuite> <!-- com.mkyong.busonfiscal.detail.FacturaBasicaDetailTest2 -->
