<?xml version="1.0" encoding="UTF-8"?>
<!-- Generated by org.testng.reporters.JUnitReportReporter -->
<testsuite skipped="0" hostname="Lisandro-Silva.local" name="com.mkyong.impression.fiscal.ImpresionIETFiscalTest5" tests="1" failures="0" timestamp="08 Sep 2020 11:21:03 GMT" time="40.017" errors="0">
  <testcase name="impressionFiscal5" time="40.017" classname="com.mkyong.impression.fiscal.ImpresionIETFiscalTest5"/>
</testsuite> <!-- com.mkyong.impression.fiscal.ImpresionIETFiscalTest5 -->
