<?xml version="1.0" encoding="UTF-8"?>
<!-- Generated by org.testng.reporters.JUnitReportReporter -->
<testsuite skipped="0" hostname="Lisandro-Silva.local" name="com.mkyong.busonfiscal.INETest" tests="1" failures="0" timestamp="25 Aug 2020 13:27:33 GMT" time="21.922" errors="0">
  <testcase name="basePageNavigation" time="21.922" classname="com.mkyong.busonfiscal.INETest"/>
</testsuite> <!-- com.mkyong.busonfiscal.INETest -->
