<?xml version="1.0" encoding="UTF-8"?>
<!-- Generated by org.testng.reporters.JUnitReportReporter -->
<testsuite skipped="0" hostname="Lisandro-Silva.local" name="com.mkyong.busonfiscal.ReportesEmitidosTest3" tests="1" failures="0" timestamp="25 Aug 2020 13:27:33 GMT" time="40.860" errors="0">
  <testcase name="reportesEmitidos3" time="40.860" classname="com.mkyong.busonfiscal.ReportesEmitidosTest3"/>
</testsuite> <!-- com.mkyong.busonfiscal.ReportesEmitidosTest3 -->
