<?xml version="1.0" encoding="UTF-8"?>
<!-- Generated by org.testng.reporters.JUnitReportReporter -->
<testsuite skipped="0" hostname="Lisandro-Silva.local" name="com.mkyong.nomina.NominaFiscalTest" tests="1" failures="0" timestamp="28 Aug 2020 18:56:05 GMT" time="59.582" errors="0">
  <testcase name="nominaFiscal" time="59.582" classname="com.mkyong.nomina.NominaFiscalTest"/>
</testsuite> <!-- com.mkyong.nomina.NominaFiscalTest -->
