<?xml version="1.0" encoding="UTF-8"?>
<!-- Generated by org.testng.reporters.JUnitReportReporter -->
<testsuite skipped="0" hostname="Lisandro-Silva.local" name="com.mkyong.busonfiscal.ReportesEmitidosDuplicarComplLeyendasFiscalesTest2" tests="1" failures="0" timestamp="28 Aug 2020 18:56:05 GMT" time="20.541" errors="0">
  <testcase name="duplicadoLeyendasFiscalesNotificado" time="20.541" classname="com.mkyong.busonfiscal.ReportesEmitidosDuplicarComplLeyendasFiscalesTest2"/>
</testsuite> <!-- com.mkyong.busonfiscal.ReportesEmitidosDuplicarComplLeyendasFiscalesTest2 -->
