<?xml version="1.0" encoding="UTF-8"?>
<!-- Generated by org.testng.reporters.JUnitReportReporter -->
<testsuite skipped="0" hostname="Lisandro-Silva.local" name="com.mkyong.busonfiscal.ServiciosParcealesDeContruccionTest" tests="1" failures="0" timestamp="25 Aug 2020 13:27:33 GMT" time="15.706" errors="0">
  <testcase name="serviciosParcealesDeConstrucion" time="15.706" classname="com.mkyong.busonfiscal.ServiciosParcealesDeContruccionTest"/>
</testsuite> <!-- com.mkyong.busonfiscal.ServiciosParcealesDeContruccionTest -->
