<?xml version="1.0" encoding="UTF-8"?>
<!-- Generated by org.testng.reporters.JUnitReportReporter -->
<testsuite skipped="0" hostname="Lisandro-Silva.local" name="com.mkyong.buson.jes.detail.NotariosPublicosJesDetailTest" tests="1" failures="0" timestamp="02 Sep 2020 14:46:50 GMT" time="41.381" errors="0">
  <testcase name="notariosPublicosDetailJes" time="41.381" classname="com.mkyong.buson.jes.detail.NotariosPublicosJesDetailTest"/>
</testsuite> <!-- com.mkyong.buson.jes.detail.NotariosPublicosJesDetailTest -->
