<?xml version="1.0" encoding="UTF-8"?>
<!-- Generated by org.testng.reporters.JUnitReportReporter -->
<testsuite skipped="0" hostname="Lisandro-Silva.local" name="com.mkyong.impression.fiscal.ImpresionIETFiscalTest5" tests="1" failures="0" timestamp="26 Aug 2020 14:05:38 GMT" time="41.613" errors="0">
  <testcase name="impressionFiscal5" time="41.613" classname="com.mkyong.impression.fiscal.ImpresionIETFiscalTest5"/>
</testsuite> <!-- com.mkyong.impression.fiscal.ImpresionIETFiscalTest5 -->
