<?xml version="1.0" encoding="UTF-8"?>
<!-- Generated by org.testng.reporters.JUnitReportReporter -->
<testsuite skipped="0" hostname="Lisandro-Silva.local" name="com.mkyong.buson.jes.NotaDeCreditoJesTest" tests="1" failures="0" timestamp="01 Sep 2020 17:35:16 GMT" time="16.850" errors="0">
  <testcase name="notaDeCreditoJes" time="16.850" classname="com.mkyong.buson.jes.NotaDeCreditoJesTest"/>
</testsuite> <!-- com.mkyong.buson.jes.NotaDeCreditoJesTest -->
