<?xml version="1.0" encoding="UTF-8"?>
<!-- Generated by org.testng.reporters.JUnitReportReporter -->
<testsuite skipped="1" hostname="Lisandro-Silva.local" name="com.mkyong.impression.fiscal.ImpresionIETFiscalTest" tests="1" failures="0" timestamp="22 Sep 2020 17:20:44 GMT" time="0.000" errors="0">
  <testcase name="impressionFiscal1" time="0.000" classname="com.mkyong.impression.fiscal.ImpresionIETFiscalTest">
    <skipped/>
  </testcase> <!-- impressionFiscal1 -->
</testsuite> <!-- com.mkyong.impression.fiscal.ImpresionIETFiscalTest -->
