<?xml version="1.0" encoding="UTF-8"?>
<!-- Generated by org.testng.reporters.JUnitReportReporter -->
<testsuite skipped="0" hostname="Lisandro-Silva.local" name="com.mkyong.busonfiscal.BusquedaReportesTest12" tests="1" failures="0" timestamp="08 Sep 2020 11:21:03 GMT" time="13.419" errors="0">
  <testcase name="busquedaDereportes12" time="13.419" classname="com.mkyong.busonfiscal.BusquedaReportesTest12"/>
</testsuite> <!-- com.mkyong.busonfiscal.BusquedaReportesTest12 -->
