<?xml version="1.0" encoding="UTF-8"?>
<!-- Generated by org.testng.reporters.JUnitReportReporter -->
<testsuite skipped="0" hostname="Lisandro-Silva.local" name="com.mkyong.busonfiscal.BusquedaReportesTest8" tests="1" failures="0" timestamp="08 Sep 2020 11:21:04 GMT" time="12.069" errors="0">
  <testcase name="busquedaDeReportes8" time="12.069" classname="com.mkyong.busonfiscal.BusquedaReportesTest8"/>
</testsuite> <!-- com.mkyong.busonfiscal.BusquedaReportesTest8 -->
