<?xml version="1.0" encoding="UTF-8"?>
<!-- Generated by org.testng.reporters.JUnitReportReporter -->
<testsuite skipped="0" hostname="Lisandro-Silva.local" name="com.mkyong.busonfiscal.ReportesEmitidosCancelacionTest3" tests="1" failures="0" timestamp="25 Aug 2020 13:27:33 GMT" time="23.272" errors="0">
  <testcase name="reportesEmitidosCancelacion2" time="23.272" classname="com.mkyong.busonfiscal.ReportesEmitidosCancelacionTest3"/>
</testsuite> <!-- com.mkyong.busonfiscal.ReportesEmitidosCancelacionTest3 -->
