<?xml version="1.0" encoding="UTF-8"?>
<!-- Generated by org.testng.reporters.JUnitReportReporter -->
<testsuite skipped="0" hostname="Lisandro-Silva.local" name="com.mkyong.busonfiscal.ReportesEmitidosDuplicarComprobanteTest3" tests="1" failures="0" timestamp="01 Sep 2020 17:35:16 GMT" time="37.255" errors="0">
  <testcase name="duplicadoFacturaBasica" time="37.255" classname="com.mkyong.busonfiscal.ReportesEmitidosDuplicarComprobanteTest3"/>
</testsuite> <!-- com.mkyong.busonfiscal.ReportesEmitidosDuplicarComprobanteTest3 -->
