<?xml version="1.0" encoding="UTF-8"?>
<!-- Generated by org.testng.reporters.JUnitReportReporter -->
<testsuite skipped="1" hostname="Lisandro-Silva.local" name="com.mkyong.busongratis.FacturaCartaPorteGratisComImpuestoTest" tests="1" failures="0" timestamp="22 Sep 2020 17:20:44 GMT" time="0.000" errors="0">
  <testcase name="cartaPorteGratisimpuesto1" time="0.000" classname="com.mkyong.busongratis.FacturaCartaPorteGratisComImpuestoTest">
    <skipped/>
  </testcase> <!-- cartaPorteGratisimpuesto1 -->
</testsuite> <!-- com.mkyong.busongratis.FacturaCartaPorteGratisComImpuestoTest -->
