<?xml version="1.0" encoding="UTF-8"?>
<!-- Generated by org.testng.reporters.JUnitReportReporter -->
<testsuite skipped="0" hostname="Lisandro-Silva.local" name="com.mkyong.busonfiscal.ReportesEmitidosTest3" tests="1" failures="0" timestamp="08 Sep 2020 11:21:03 GMT" time="38.389" errors="0">
  <testcase name="reportesEmitidos3" time="38.389" classname="com.mkyong.busonfiscal.ReportesEmitidosTest3"/>
</testsuite> <!-- com.mkyong.busonfiscal.ReportesEmitidosTest3 -->
