<?xml version="1.0" encoding="UTF-8"?>
<!-- Generated by org.testng.reporters.JUnitReportReporter -->
<testsuite skipped="0" hostname="Lisandro-Silva.local" name="com.mkyong.busonfiscal.ServiciosParcealesDeContruccionTest" tests="1" failures="0" timestamp="28 Aug 2020 18:56:05 GMT" time="13.869" errors="0">
  <testcase name="serviciosParcealesDeConstrucion" time="13.869" classname="com.mkyong.busonfiscal.ServiciosParcealesDeContruccionTest"/>
</testsuite> <!-- com.mkyong.busonfiscal.ServiciosParcealesDeContruccionTest -->
