<?xml version="1.0" encoding="UTF-8"?>
<!-- Generated by org.testng.reporters.JUnitReportReporter -->
<testsuite skipped="0" hostname="Lisandro-Silva.local" name="com.mkyong.buson.jes.FacturaCartaPorteJesTest" tests="1" failures="0" timestamp="26 Aug 2020 14:05:38 GMT" time="14.360" errors="0">
  <testcase name="facturaCartaPorte" time="14.360" classname="com.mkyong.buson.jes.FacturaCartaPorteJesTest"/>
</testsuite> <!-- com.mkyong.buson.jes.FacturaCartaPorteJesTest -->
