<?xml version="1.0" encoding="UTF-8"?>
<!-- Generated by org.testng.reporters.JUnitReportReporter -->
<testsuite skipped="0" hostname="Lisandro-Silva.local" name="com.mkyong.buson.jes.detail.InstituicionesEducativasJesDetailTest" tests="1" failures="0" timestamp="02 Sep 2020 14:46:50 GMT" time="28.999" errors="0">
  <testcase name="instituicionesEducativasDetailJes" time="28.999" classname="com.mkyong.buson.jes.detail.InstituicionesEducativasJesDetailTest"/>
</testsuite> <!-- com.mkyong.buson.jes.detail.InstituicionesEducativasJesDetailTest -->
