<?xml version="1.0" encoding="UTF-8"?>
<!-- Generated by org.testng.reporters.JUnitReportReporter -->
<testsuite skipped="0" hostname="Lisandro-Silva.local" name="com.mkyong.conciliacion.conector.ConciliacionTest11" tests="1" failures="0" timestamp="02 Sep 2020 14:46:50 GMT" time="36.280" errors="0">
  <testcase name="conciliacionFiscal1" time="36.280" classname="com.mkyong.conciliacion.conector.ConciliacionTest11"/>
</testsuite> <!-- com.mkyong.conciliacion.conector.ConciliacionTest11 -->
