<?xml version="1.0" encoding="UTF-8"?>
<!-- Generated by org.testng.reporters.JUnitReportReporter -->
<testsuite skipped="0" hostname="Lisandro-Silva.local" name="com.mkyong.busonfiscal.LeyendasFiscalesTest" tests="1" failures="0" timestamp="25 Aug 2020 13:27:33 GMT" time="14.883" errors="0">
  <testcase name="leyendas1" time="14.883" classname="com.mkyong.busonfiscal.LeyendasFiscalesTest"/>
</testsuite> <!-- com.mkyong.busonfiscal.LeyendasFiscalesTest -->
