<?xml version="1.0" encoding="UTF-8"?>
<!-- Generated by org.testng.reporters.JUnitReportReporter -->
<testsuite skipped="0" hostname="Lisandro-Silva.local" name="com.mkyong.busonfiscal.FacturaDetallistaTest" tests="1" failures="0" timestamp="26 Aug 2020 14:05:38 GMT" time="16.926" errors="0">
  <testcase name="facturaDetallista" time="16.926" classname="com.mkyong.busonfiscal.FacturaDetallistaTest"/>
</testsuite> <!-- com.mkyong.busonfiscal.FacturaDetallistaTest -->
