<?xml version="1.0" encoding="UTF-8"?>
<!-- Generated by org.testng.reporters.JUnitReportReporter -->
<testsuite skipped="0" hostname="Lisandro-Silva.local" name="com.mkyong.busonfiscal.FacturaCartaPorteTest" tests="1" failures="0" timestamp="28 Aug 2020 18:56:05 GMT" time="11.657" errors="0">
  <testcase name="facturaCartaPorte" time="11.657" classname="com.mkyong.busonfiscal.FacturaCartaPorteTest"/>
</testsuite> <!-- com.mkyong.busonfiscal.FacturaCartaPorteTest -->
