<?xml version="1.0" encoding="UTF-8"?>
<!-- Generated by org.testng.reporters.JUnitReportReporter -->
<testsuite skipped="0" hostname="Lisandro-Silva.local" name="com.mkyong.conciliacion.conector.ConciliacionTest10" tests="1" failures="0" timestamp="02 Sep 2020 14:46:50 GMT" time="38.723" errors="0">
  <testcase name="conciliacionFiscal1" time="38.723" classname="com.mkyong.conciliacion.conector.ConciliacionTest10"/>
</testsuite> <!-- com.mkyong.conciliacion.conector.ConciliacionTest10 -->
