<?xml version="1.0" encoding="UTF-8"?>
<!-- Generated by org.testng.reporters.JUnitReportReporter -->
<testsuite skipped="0" hostname="Lisandro-Silva.local" name="com.mkyong.busonfiscal.detail.FacturaBasicaDetailTest2" tests="1" failures="0" timestamp="02 Sep 2020 14:46:50 GMT" time="43.731" errors="0">
  <testcase name="facturaBasicaDetail2" time="43.731" classname="com.mkyong.busonfiscal.detail.FacturaBasicaDetailTest2"/>
</testsuite> <!-- com.mkyong.busonfiscal.detail.FacturaBasicaDetailTest2 -->
