<?xml version="1.0" encoding="UTF-8"?>
<!-- Generated by org.testng.reporters.JUnitReportReporter -->
<testsuite skipped="0" hostname="Lisandro-Silva.local" name="com.mkyong.buson.jes.ObrasDeArteYAtenguedadJesTest" tests="1" failures="0" timestamp="01 Sep 2020 17:35:16 GMT" time="20.426" errors="0">
  <testcase name="obrasArtesAnteguedadJes" time="20.426" classname="com.mkyong.buson.jes.ObrasDeArteYAtenguedadJesTest"/>
</testsuite> <!-- com.mkyong.buson.jes.ObrasDeArteYAtenguedadJesTest -->
