<?xml version="1.0" encoding="UTF-8"?>
<!-- Generated by org.testng.reporters.JUnitReportReporter -->
<testsuite skipped="0" hostname="Lisandro-Silva.local" name="com.mkyong.nomina.NominaFiscalTest" tests="1" failures="0" timestamp="02 Sep 2020 14:46:50 GMT" time="58.079" errors="0">
  <testcase name="nominaFiscal" time="58.079" classname="com.mkyong.nomina.NominaFiscalTest"/>
</testsuite> <!-- com.mkyong.nomina.NominaFiscalTest -->
