<?xml version="1.0" encoding="UTF-8"?>
<!-- Generated by org.testng.reporters.JUnitReportReporter -->
<testsuite skipped="0" hostname="Lisandro-Silva.local" name="com.mkyong.busonfiscal.detail.FacturaBasicaDetailTest2" tests="1" failures="0" timestamp="26 Aug 2020 14:05:38 GMT" time="43.448" errors="0">
  <testcase name="facturaBasicaDetail2" time="43.448" classname="com.mkyong.busonfiscal.detail.FacturaBasicaDetailTest2"/>
</testsuite> <!-- com.mkyong.busonfiscal.detail.FacturaBasicaDetailTest2 -->
