<?xml version="1.0" encoding="UTF-8"?>
<!-- Generated by org.testng.reporters.JUnitReportReporter -->
<testsuite skipped="0" hostname="Lisandro-Silva.local" name="com.mkyong.busonfiscal.PagoEnEspeciesTest" tests="1" failures="0" timestamp="25 Aug 2020 13:27:33 GMT" time="19.171" errors="0">
  <testcase name="pagoEnEspecies1" time="19.171" classname="com.mkyong.busonfiscal.PagoEnEspeciesTest"/>
</testsuite> <!-- com.mkyong.busonfiscal.PagoEnEspeciesTest -->
