<?xml version="1.0" encoding="UTF-8"?>
<!-- Generated by org.testng.reporters.JUnitReportReporter -->
<testsuite skipped="0" hostname="Lisandro-Silva.local" name="com.mkyong.busonfiscal.BusquedaReportesTest4" tests="1" failures="0" timestamp="02 Sep 2020 14:46:50 GMT" time="29.674" errors="0">
  <testcase name="busquedaDeReportes4" time="29.674" classname="com.mkyong.busonfiscal.BusquedaReportesTest4"/>
</testsuite> <!-- com.mkyong.busonfiscal.BusquedaReportesTest4 -->
