<?xml version="1.0" encoding="UTF-8"?>
<!-- Generated by org.testng.reporters.JUnitReportReporter -->
<testsuite skipped="0" hostname="Lisandro-Silva.local" name="com.mkyong.buson.jes.detail.FacturaPagoJesDetailTest" tests="1" failures="0" timestamp="25 Aug 2020 13:27:33 GMT" time="27.636" errors="0">
  <testcase name="facturaPagoDetailJes" time="27.636" classname="com.mkyong.buson.jes.detail.FacturaPagoJesDetailTest"/>
</testsuite> <!-- com.mkyong.buson.jes.detail.FacturaPagoJesDetailTest -->
