<?xml version="1.0" encoding="UTF-8"?>
<!-- Generated by org.testng.reporters.JUnitReportReporter -->
<testsuite skipped="0" hostname="Lisandro-Silva.local" name="com.mkyong.impression.fiscal.ImpresionIETFiscalTest3" tests="1" failures="0" timestamp="01 Sep 2020 17:35:16 GMT" time="54.696" errors="0">
  <testcase name="impressionFiscal3" time="54.696" classname="com.mkyong.impression.fiscal.ImpresionIETFiscalTest3"/>
</testsuite> <!-- com.mkyong.impression.fiscal.ImpresionIETFiscalTest3 -->
