<?xml version="1.0" encoding="UTF-8"?>
<!-- Generated by org.testng.reporters.JUnitReportReporter -->
<testsuite skipped="0" hostname="Lisandro-Silva.local" name="com.mkyong.busonfiscal.BusquedaReportesTest2" tests="1" failures="0" timestamp="08 Sep 2020 11:21:03 GMT" time="17.073" errors="0">
  <testcase name="buquedaDeReportes2" time="17.073" classname="com.mkyong.busonfiscal.BusquedaReportesTest2"/>
</testsuite> <!-- com.mkyong.busonfiscal.BusquedaReportesTest2 -->
