<?xml version="1.0" encoding="UTF-8"?>
<!-- Generated by org.testng.reporters.JUnitReportReporter -->
<testsuite skipped="0" hostname="Lisandro-Silva.local" name="com.mkyong.busonfiscal.ObrasDeArteYAtenguedadTest" tests="1" failures="0" timestamp="25 Aug 2020 13:27:33 GMT" time="20.037" errors="0">
  <testcase name="obrasArtesAnteguedad1" time="20.037" classname="com.mkyong.busonfiscal.ObrasDeArteYAtenguedadTest"/>
</testsuite> <!-- com.mkyong.busonfiscal.ObrasDeArteYAtenguedadTest -->
