<?xml version="1.0" encoding="UTF-8"?>
<!-- Generated by org.testng.reporters.JUnitReportReporter -->
<testsuite skipped="0" hostname="Lisandro-Silva.local" name="com.mkyong.conector.jes.PagoEnEspeciesJesTest" tests="1" failures="0" timestamp="28 Aug 2020 18:56:05 GMT" time="13.937" errors="0">
  <testcase name="basePageNavigation" time="13.937" classname="com.mkyong.conector.jes.PagoEnEspeciesJesTest"/>
</testsuite> <!-- com.mkyong.conector.jes.PagoEnEspeciesJesTest -->
