<?xml version="1.0" encoding="UTF-8"?>
<!-- Generated by org.testng.reporters.JUnitReportReporter -->
<testsuite skipped="0" hostname="Lisandro-Silva.local" name="com.mkyong.nomina.NominaFiscalDescargaTest" tests="1" failures="0" timestamp="26 Aug 2020 14:05:38 GMT" time="31.362" errors="0">
  <testcase name="nominaFiscalDescarga" time="31.362" classname="com.mkyong.nomina.NominaFiscalDescargaTest"/>
</testsuite> <!-- com.mkyong.nomina.NominaFiscalDescargaTest -->
