<?xml version="1.0" encoding="UTF-8"?>
<!-- Generated by org.testng.reporters.JUnitReportReporter -->
<testsuite skipped="0" hostname="Lisandro-Silva.local" name="com.mkyong.buson.jes.FacturaBasicaJesTest" tests="1" failures="0" timestamp="01 Sep 2020 17:35:16 GMT" time="17.599" errors="0">
  <testcase name="facturaBasicaJesTest" time="17.599" classname="com.mkyong.buson.jes.FacturaBasicaJesTest"/>
</testsuite> <!-- com.mkyong.buson.jes.FacturaBasicaJesTest -->
