<?xml version="1.0" encoding="UTF-8"?>
<!-- Generated by org.testng.reporters.JUnitReportReporter -->
<testsuite skipped="0" hostname="Lisandro-Silva.local" name="com.mkyong.busongratis.FacturaCartaPorteGratisTest2" tests="1" failures="0" timestamp="25 Aug 2020 13:27:33 GMT" time="14.388" errors="0">
  <testcase name="cartaPorteGratisSimpl2" time="14.388" classname="com.mkyong.busongratis.FacturaCartaPorteGratisTest2"/>
</testsuite> <!-- com.mkyong.busongratis.FacturaCartaPorteGratisTest2 -->
