<?xml version="1.0" encoding="UTF-8"?>
<!-- Generated by org.testng.reporters.JUnitReportReporter -->
<testsuite skipped="0" hostname="Lisandro-Silva.local" name="com.mkyong.buson.jes.detail.FacturaBasicaJesDetailTest" tests="2" failures="0" timestamp="28 Aug 2020 18:56:05 GMT" time="64.349" errors="0">
  <testcase name="facturaBasicaDetailJes" time="33.436" classname="com.mkyong.buson.jes.detail.FacturaBasicaJesDetailTest"/>
  <testcase name="facturaBasicaDetailJes" time="30.913" classname="com.mkyong.buson.jes.detail.FacturaBasicaJesDetailTest"/>
</testsuite> <!-- com.mkyong.buson.jes.detail.FacturaBasicaJesDetailTest -->
