<?xml version="1.0" encoding="UTF-8"?>
<!-- Generated by org.testng.reporters.JUnitReportReporter -->
<testsuite skipped="0" hostname="Lisandro-Silva.local" name="com.mkyong.busonfiscal.InstituicionesEducativasTest" tests="1" failures="0" timestamp="28 Aug 2020 18:56:05 GMT" time="12.873" errors="0">
  <testcase name="instituiciones1" time="12.873" classname="com.mkyong.busonfiscal.InstituicionesEducativasTest"/>
</testsuite> <!-- com.mkyong.busonfiscal.InstituicionesEducativasTest -->
