<?xml version="1.0" encoding="UTF-8"?>
<!-- Generated by org.testng.reporters.JUnitReportReporter -->
<testsuite skipped="0" hostname="Lisandro-Silva.local" name="com.mkyong.conector.jes.FacturaBasicaJesTest" tests="1" failures="0" timestamp="01 Sep 2020 17:35:16 GMT" time="20.198" errors="0">
  <testcase name="basePageNavigation" time="20.198" classname="com.mkyong.conector.jes.FacturaBasicaJesTest"/>
</testsuite> <!-- com.mkyong.conector.jes.FacturaBasicaJesTest -->
